LR = 0.001, batch_size = 512, block_size = 9


number of parameters: 0.41M
Steps = 0, loss = 4.8377861976623535
Steps = 100, loss = 2.5782408714294434
Steps = 200, loss = 0.09934680163860321
Steps = 300, loss = 0.01754864677786827
Steps = 400, loss = 0.010314775630831718
Steps = 500, loss = 0.007158285938203335
Steps = 600, loss = 0.005404078867286444
Steps = 700, loss = 0.00419997563585639
Steps = 800, loss = 0.003409002674743533
Steps = 900, loss = 0.002730385633185506
Steps = 1000, loss = 0.002387589542195201
Steps = 1100, loss = 0.0020028483122587204
Steps = 1200, loss = 0.0017664640909060836
Steps = 1300, loss = 0.001514232950285077
Steps = 1400, loss = 0.0013681835262104869
Steps = 1500, loss = 0.0011988880578428507
Steps = 1600, loss = 0.0010510951979085803
Steps = 1700, loss = 0.000989360734820366
Steps = 1800, loss = 0.0008917530067265034
Steps = 1900, loss = 0.0007737433188594878
Steps = 2000, loss = 0.0007285005412995815
Steps = 2100, loss = 0.0006650611758232117
Steps = 2200, loss = 0.0005948043544776738
Steps = 2300, loss = 0.0005775200552307069
Steps = 2400, loss = 0.0005138691049069166
Steps = 2500, loss = 0.00048735670861788094
Steps = 2600, loss = 0.0004374567070044577
Steps = 2700, loss = 0.0004052503209095448
Steps = 2800, loss = 0.0003803048166446388
Steps = 2900, loss = 0.00036448397440835834
Steps = 3000, loss = 0.0003384278097655624
Steps = 3100, loss = 0.000316960911732167
Steps = 3200, loss = 0.0002963734732475132
Steps = 3300, loss = 0.0002815184707287699
Steps = 3400, loss = 0.00024858038523234427
Steps = 3500, loss = 0.00024239654885604978
Steps = 3600, loss = 0.00022952427389100194
Steps = 3700, loss = 0.0002075614029308781
Steps = 3800, loss = 0.00019721887656487525
Steps = 3900, loss = 0.0001889342674985528
Steps = 4000, loss = 0.0001804769126465544
Steps = 4100, loss = 0.00017180715803988278
Steps = 4200, loss = 0.0001571413449710235
Steps = 4300, loss = 0.000149635729030706
Steps = 4400, loss = 0.00013849895913153887
Steps = 4500, loss = 0.00013104852405376732
Steps = 4600, loss = 0.00012766655709128827
Steps = 4700, loss = 0.00011914474453078583
Steps = 4800, loss = 0.00010955979814752936
Steps = 4900, loss = 0.00010615903738653287
Steps = 5000, loss = 9.672185115050524e-05
Steps = 5100, loss = 9.358594252262264e-05
Steps = 5200, loss = 8.9711305918172e-05
Steps = 5300, loss = 8.558986883144826e-05
Steps = 5400, loss = 7.890615961514413e-05
Steps = 5500, loss = 7.60267794248648e-05
Steps = 5600, loss = 7.148251461330801e-05
Steps = 5700, loss = 6.823429430369288e-05
Steps = 5800, loss = 6.356243829941377e-05
Steps = 5900, loss = 6.146594387246296e-05
Steps = 6000, loss = 5.8365312725072727e-05
Steps = 6100, loss = 5.480855907080695e-05
Steps = 6200, loss = 5.20834255439695e-05
Steps = 6300, loss = 5.0827624363591895e-05
Steps = 6400, loss = 4.690881905844435e-05
Steps = 6500, loss = 4.379392339615151e-05
Steps = 6600, loss = 4.2155577830271795e-05
Steps = 6700, loss = 4.006951712653972e-05
Steps = 6800, loss = 3.7259604141581804e-05
Steps = 6900, loss = 3.610596104408614e-05
Steps = 7000, loss = 3.3994976547546685e-05
Steps = 7100, loss = 3.238477438571863e-05
Steps = 7200, loss = 3.049215411010664e-05
Steps = 7300, loss = 2.9137130695744418e-05
Steps = 7400, loss = 2.785846299957484e-05
Steps = 7500, loss = 2.668852175702341e-05
Steps = 7600, loss = 2.50478205998661e-05
Steps = 7700, loss = 2.3545397198176943e-05
Steps = 7800, loss = 2.174962173739914e-05
Steps = 7900, loss = 2.1227859178907238e-05
Steps = 8000, loss = 1.9891676856786944e-05
Steps = 8100, loss = 1.8953151084133424e-05
Steps = 8200, loss = 1.8064918549498543e-05
Steps = 8300, loss = 1.7148515325970948e-05
Steps = 8400, loss = 1.6406032955273986e-05
Steps = 8500, loss = 1.5261224689311348e-05
Steps = 8600, loss = 1.4756455129827373e-05
Steps = 8700, loss = 1.3895228221372236e-05
Steps = 8800, loss = 1.3321307960723061e-05
Steps = 8900, loss = 1.2429581147443969e-05
Steps = 9000, loss = 1.1998153240710963e-05
Steps = 9100, loss = 1.1459153938631061e-05
Steps = 9200, loss = 1.0789774023578502e-05
Steps = 9300, loss = 1.045008139044512e-05
Steps = 9400, loss = 9.884306564345025e-06
Steps = 9500, loss = 9.313178452430293e-06
Steps = 9600, loss = 8.67802373250015e-06
Steps = 9700, loss = 8.222610631491989e-06
Steps = 9800, loss = 7.937394912005402e-06
Steps = 9900, loss = 7.375578206847422e-06
Steps = 10000, loss = 7.0777923610876314e-06
Steps = 10100, loss = 6.740655408066232e-06
Steps = 10200, loss = 6.413064511434641e-06
Steps = 10300, loss = 6.134600880614016e-06
Steps = 10400, loss = 5.9474068621057086e-06
Steps = 10500, loss = 5.410735866462346e-06
Steps = 10600, loss = 5.061025603936287e-06
Steps = 10700, loss = 4.87639181301347e-06
Steps = 10800, loss = 4.659394562622765e-06
Steps = 10900, loss = 4.4330845412332565e-06
Steps = 11000, loss = 4.223072210152168e-06
Steps = 11100, loss = 4.122722657484701e-06
Steps = 11200, loss = 3.7252830225043e-06
Steps = 11300, loss = 3.550660267137573e-06
Steps = 11400, loss = 3.415851551835658e-06
Steps = 11500, loss = 3.228888772355276e-06
Steps = 11600, loss = 3.123416945527424e-06
Steps = 11700, loss = 2.9702148367505288e-06
Steps = 11800, loss = 2.7972225780104054e-06
Steps = 11900, loss = 2.65030712398584e-06
Steps = 12000, loss = 2.5206209102179855e-06
Steps = 12100, loss = 2.3846482690714765e-06
Steps = 12200, loss = 2.2514693682751385e-06
Steps = 12300, loss = 2.095007630487089e-06
Steps = 12400, loss = 2.0409909211593913e-06
Steps = 12500, loss = 1.8768459995044395e-06
Steps = 12600, loss = 1.7785921500035329e-06
Steps = 12700, loss = 1.7140978343377355e-06
Steps = 12800, loss = 1.6679975942679448e-06
Steps = 12900, loss = 1.5213145161396824e-06
Steps = 13000, loss = 1.4554234439856373e-06
Steps = 13100, loss = 1.398380049977277e-06
Steps = 13200, loss = 1.334584680989792e-06
Steps = 13300, loss = 1.2314407058511279e-06
Steps = 13400, loss = 1.1960506753894151e-06
Steps = 13500, loss = 1.1217777000638307e-06
Steps = 13600, loss = 1.0977962574543199e-06
Steps = 13700, loss = 1.019099499899312e-06
Steps = 13800, loss = 9.58097871261998e-07
Steps = 13900, loss = 9.068751865015656e-07
Steps = 14000, loss = 8.4703776792594e-07
Steps = 14100, loss = 8.137429858834366e-07
Steps = 14200, loss = 7.683410103709321e-07
Steps = 14300, loss = 7.261986638695817e-07
Steps = 14400, loss = 6.693880436614563e-07
Steps = 14500, loss = 6.430781809285691e-07
Steps = 14600, loss = 6.016343263581803e-07
Steps = 14700, loss = 5.73461818476062e-07
Steps = 14800, loss = 5.515757379725983e-07
Steps = 14900, loss = 5.348119316295197e-07
Steps = 15000, loss = 4.963948754266312e-07
Steps = 15100, loss = 4.7450882334487687e-07
Steps = 15200, loss = 4.384200735785271e-07
Steps = 15300, loss = 4.183966382242943e-07
Steps = 15400, loss = 3.8812865454929124e-07
Steps = 15500, loss = 3.660097434021736e-07
Steps = 15600, loss = 3.476161225535179e-07
Steps = 15700, loss = 3.369059129454399e-07
Steps = 15800, loss = 3.17115308234861e-07
Steps = 15900, loss = 3.033783002592827e-07
Steps = 16000, loss = 2.84984679410627e-07
Steps = 16100, loss = 2.803280665375496e-07
Steps = 16200, loss = 2.6472841341274034e-07
Steps = 16300, loss = 2.4167817969100724e-07
Steps = 16400, loss = 2.4097968776004564e-07
Steps = 16500, loss = 2.2398306498416787e-07
Steps = 16600, loss = 2.0209698448070412e-07
Steps = 16700, loss = 1.8882563779243355e-07
Steps = 16800, loss = 1.8184071848281746e-07
Steps = 16900, loss = 1.7439013788589364e-07
Steps = 17000, loss = 1.608859605539692e-07
Steps = 17100, loss = 1.592561460483921e-07
Steps = 17200, loss = 1.5064141223319893e-07
Steps = 17300, loss = 1.448206461418522e-07
Steps = 17400, loss = 1.3993120262512093e-07
Steps = 17500, loss = 1.3434326717742806e-07
Steps = 17600, loss = 1.3224779138454323e-07
Steps = 17700, loss = 1.2363305756935006e-07
Steps = 17800, loss = 1.1269002442304554e-07
Steps = 17900, loss = 1.1338851635400715e-07
Steps = 18000, loss = 1.0710208897535267e-07
Steps = 18100, loss = 9.91858470911211e-08
Steps = 18200, loss = 8.963979070131245e-08
Steps = 18300, loss = 8.917412941400471e-08
Steps = 18400, loss = 8.661299233381214e-08
Steps = 18500, loss = 7.799825851861897e-08
Steps = 18600, loss = 6.798654084150257e-08
Steps = 18700, loss = 6.658955697957936e-08
Steps = 18800, loss = 6.100162153188649e-08
Steps = 18900, loss = 6.123445217554035e-08
Steps = 19000, loss = 5.3551044487676336e-08
Steps = 19100, loss = 4.7264617109021856e-08
Steps = 19200, loss = 5.4249536418637945e-08
Steps = 19300, loss = 4.889443161459894e-08
Steps = 19400, loss = 4.284083487959833e-08
Steps = 19500, loss = 3.23634559151742e-08
Steps = 19600, loss = 2.9569489967684603e-08
Steps = 19700, loss = 3.143213334055872e-08
Steps = 19800, loss = 3.4924592995366766e-08
Steps = 19900, loss = 2.491287709460721e-08
Steps = 20000, loss = 5.3085383200368597e-08
Test accuracy: 1.0 (got 1536 right out of 1536)
