LR = 0.001, batch_size = 512, block_size = 9


number of parameters: 0.21M
Steps = 0, loss = 4.802936553955078
Steps = 100, loss = 2.1234264373779297
Steps = 200, loss = 0.092038094997406
Steps = 300, loss = 0.025607146322727203
Steps = 400, loss = 0.014403476379811764
Steps = 500, loss = 0.00913816038519144
Steps = 600, loss = 0.006626695394515991
Steps = 700, loss = 0.005032944492995739
Steps = 800, loss = 0.003968335222452879
Steps = 900, loss = 0.0032020064536482096
Steps = 1000, loss = 0.0026689632795751095
Steps = 1100, loss = 0.002276492305099964
Steps = 1200, loss = 0.0018988752271980047
Steps = 1300, loss = 0.0017130193300545216
Steps = 1400, loss = 0.0014537964016199112
Steps = 1500, loss = 0.0012916249688714743
Steps = 1600, loss = 0.0011568170739337802
Steps = 1700, loss = 0.0010386917274445295
Steps = 1800, loss = 0.0009196929167956114
Steps = 1900, loss = 0.0008568796329200268
Steps = 2000, loss = 0.0007753808749839664
Steps = 2100, loss = 0.000692848872859031
Steps = 2200, loss = 0.0006374059012159705
Steps = 2300, loss = 0.0005903016426600516
Steps = 2400, loss = 0.0005554722156375647
Steps = 2500, loss = 0.0005060249241068959
Steps = 2600, loss = 0.000463757140096277
Steps = 2700, loss = 0.0004400066682137549
Steps = 2800, loss = 0.0004006998788099736
Steps = 2900, loss = 0.0003752221819013357
Steps = 3000, loss = 0.00034987772232852876
Steps = 3100, loss = 0.0003339566173963249
Steps = 3200, loss = 0.0003116409352514893
Steps = 3300, loss = 0.00027657439932227135
Steps = 3400, loss = 0.00026272734976373613
Steps = 3500, loss = 0.0002486337616574019
Steps = 3600, loss = 0.00022590030857827514
Steps = 3700, loss = 0.00022334571985993534
Steps = 3800, loss = 0.00021041071158833802
Steps = 3900, loss = 0.00019210843311157078
Steps = 4000, loss = 0.00017981752171181142
Steps = 4100, loss = 0.00017228227807208896
Steps = 4200, loss = 0.00015912910748738796
Steps = 4300, loss = 0.00015563174383714795
Steps = 4400, loss = 0.0001451346615795046
Steps = 4500, loss = 0.0001393224811181426
Steps = 4600, loss = 0.00012692157179117203
Steps = 4700, loss = 0.00012186243111500517
Steps = 4800, loss = 0.00011493607598822564
Steps = 4900, loss = 0.00011020888632629067
Steps = 5000, loss = 0.00010434358409838751
Steps = 5100, loss = 9.766766015673056e-05
Steps = 5200, loss = 9.230235446011648e-05
Steps = 5300, loss = 8.50555079523474e-05
Steps = 5400, loss = 8.477985102217644e-05
Steps = 5500, loss = 7.831330731278285e-05
Steps = 5600, loss = 7.522466330556199e-05
Steps = 5700, loss = 6.980294710956514e-05
Steps = 5800, loss = 6.451967055909336e-05
Steps = 5900, loss = 6.269439472816885e-05
Steps = 6000, loss = 5.725636219722219e-05
Steps = 6100, loss = 5.653716289089061e-05
Steps = 6200, loss = 5.380134462029673e-05
Steps = 6300, loss = 5.075771332485601e-05
Steps = 6400, loss = 4.807658842764795e-05
Steps = 6500, loss = 4.657887257053517e-05
Steps = 6600, loss = 4.4036481995135546e-05
Steps = 6700, loss = 4.146382707403973e-05
Steps = 6800, loss = 3.8563128327950835e-05
Steps = 6900, loss = 3.775339064304717e-05
Steps = 7000, loss = 3.5354631108930334e-05
Steps = 7100, loss = 3.413347076275386e-05
Steps = 7200, loss = 3.1169180147117004e-05
Steps = 7300, loss = 3.0795734346611425e-05
Steps = 7400, loss = 2.8474962164182216e-05
Steps = 7500, loss = 2.714181573537644e-05
Steps = 7600, loss = 2.612601383589208e-05
Steps = 7700, loss = 2.464547833369579e-05
Steps = 7800, loss = 2.335027420485858e-05
Steps = 7900, loss = 2.1737503629992716e-05
Steps = 8000, loss = 2.1752401153207757e-05
Steps = 8100, loss = 2.026790753006935e-05
Steps = 8200, loss = 1.898760092444718e-05
Steps = 8300, loss = 1.7832320736488327e-05
Steps = 8400, loss = 1.679181877989322e-05
Steps = 8500, loss = 1.5560399333480746e-05
Steps = 8600, loss = 1.5556439393549226e-05
Steps = 8700, loss = 1.4518270290864166e-05
Steps = 8800, loss = 1.4344813280331437e-05
Steps = 8900, loss = 1.2941329259774648e-05
Steps = 9000, loss = 1.2280567716516089e-05
Steps = 9100, loss = 1.15341217679088e-05
Steps = 9200, loss = 1.0984417713189032e-05
Steps = 9300, loss = 1.0914566701103467e-05
Steps = 9400, loss = 9.752059668244328e-06
Steps = 9500, loss = 9.574641808285378e-06
Steps = 9600, loss = 9.27639030123828e-06
Steps = 9700, loss = 8.59583178680623e-06
Steps = 9800, loss = 8.15951352706179e-06
Steps = 9900, loss = 7.805148015904706e-06
Steps = 10000, loss = 7.269175512192305e-06
Steps = 10100, loss = 6.863588623673422e-06
Steps = 10200, loss = 6.650083832937526e-06
Steps = 10300, loss = 6.539722562592942e-06
Steps = 10400, loss = 6.035182195773814e-06
Steps = 10500, loss = 5.514110853255261e-06
Steps = 10600, loss = 5.439605956780724e-06
Steps = 10700, loss = 5.264052106213057e-06
Steps = 10800, loss = 4.776275090989657e-06
Steps = 10900, loss = 4.717833689937834e-06
Steps = 11000, loss = 4.5471701923816e-06
Steps = 11100, loss = 4.284073384042131e-06
Steps = 11200, loss = 3.881511474901345e-06
Steps = 11300, loss = 3.847285370284226e-06
Steps = 11400, loss = 3.586050297599286e-06
Steps = 11500, loss = 3.408167913221405e-06
Steps = 11600, loss = 3.2375035061704693e-06
Steps = 11700, loss = 3.079412181250518e-06
Steps = 11800, loss = 2.9669552077393746e-06
Steps = 11900, loss = 2.8256279165361775e-06
Steps = 12000, loss = 2.6256275305058807e-06
Steps = 12100, loss = 2.478246187820332e-06
Steps = 12200, loss = 2.421202680125134e-06
Steps = 12300, loss = 2.267534910060931e-06
Steps = 12400, loss = 2.1897694750805385e-06
Steps = 12500, loss = 1.995123284359579e-06
Steps = 12600, loss = 1.915728262247285e-06
Steps = 12700, loss = 1.9106059880868997e-06
Steps = 12800, loss = 1.7217811318914755e-06
Steps = 12900, loss = 1.6216640688071493e-06
Steps = 13000, loss = 1.5629909739800496e-06
Steps = 13100, loss = 1.530860572529491e-06
Steps = 13200, loss = 1.4519309843308292e-06
Steps = 13300, loss = 1.3038510360274813e-06
Steps = 13400, loss = 1.2808006886189105e-06
Steps = 13500, loss = 1.171137796518451e-06
Steps = 13600, loss = 1.1362131999703706e-06
Steps = 13700, loss = 1.0901127325269044e-06
Steps = 13800, loss = 1.0216606369795045e-06
Steps = 13900, loss = 9.790526291908463e-07
Steps = 14000, loss = 9.057109764398774e-07
Steps = 14100, loss = 8.509958888680558e-07
Steps = 14200, loss = 8.235218729168992e-07
Steps = 14300, loss = 7.64848550716124e-07
Steps = 14400, loss = 7.241032449201157e-07
Steps = 14500, loss = 6.908084060341935e-07
Steps = 14600, loss = 6.407498744920304e-07
Steps = 14700, loss = 6.18165302057605e-07
Steps = 14800, loss = 5.995388505652954e-07
Steps = 14900, loss = 5.455221412375977e-07
Steps = 15000, loss = 5.334149477675965e-07
Steps = 15100, loss = 5.243345526650955e-07
Steps = 15200, loss = 4.919710931972077e-07
Steps = 15300, loss = 4.628672911621834e-07
Steps = 15400, loss = 4.4004988808410417e-07
Steps = 15500, loss = 4.0559095282333146e-07
Steps = 15600, loss = 3.785825981594826e-07
Steps = 15700, loss = 3.585591628052498e-07
Steps = 15800, loss = 3.4505498547332536e-07
Steps = 15900, loss = 3.1525266308563005e-07
Steps = 16000, loss = 3.11760203430822e-07
Steps = 16100, loss = 2.856831713415886e-07
Steps = 16200, loss = 2.6891936499851e-07
Steps = 16300, loss = 2.5704500217216264e-07
Steps = 16400, loss = 2.4540346998946916e-07
Steps = 16500, loss = 2.3352912137397652e-07
Steps = 16600, loss = 2.2328457305320626e-07
Steps = 16700, loss = 1.9953584740051156e-07
Steps = 16800, loss = 1.9371508130916482e-07
Steps = 16900, loss = 1.86264500712241e-07
Steps = 17000, loss = 1.7555429110416298e-07
Steps = 17100, loss = 1.7532146046050912e-07
Steps = 17200, loss = 1.6042029926666146e-07
Steps = 17300, loss = 1.585576541174305e-07
Steps = 17400, loss = 1.4761461386569863e-07
Steps = 17500, loss = 1.5040858158954507e-07
Steps = 17600, loss = 1.3737006554492837e-07
Steps = 17700, loss = 1.3434326717742806e-07
Steps = 17800, loss = 1.2689268658050423e-07
Steps = 17900, loss = 1.1618248407785359e-07
Steps = 18000, loss = 1.1036171798650685e-07
Steps = 18100, loss = 1.045409518951601e-07
Steps = 18200, loss = 9.732320194189015e-08
Steps = 18300, loss = 9.546055679265919e-08
Steps = 18400, loss = 8.894129877035084e-08
Steps = 18500, loss = 8.102505688611927e-08
Steps = 18600, loss = 7.916241173688832e-08
Steps = 18700, loss = 7.380730693284931e-08
Steps = 18800, loss = 6.915069405977192e-08
Steps = 18900, loss = 6.402841989938679e-08
Steps = 19000, loss = 6.612389569227162e-08
Steps = 19100, loss = 5.867331864806147e-08
Steps = 19200, loss = 5.867331864806147e-08
Steps = 19300, loss = 5.052424612017603e-08
Steps = 19400, loss = 4.1211020374021246e-08
Steps = 19500, loss = 4.2375173592290594e-08
Steps = 19600, loss = 3.4691762351712896e-08
Steps = 19700, loss = 3.702006878825159e-08
Steps = 19800, loss = 4.353932681055994e-08
Steps = 19900, loss = 3.6321576857289983e-08
Steps = 20000, loss = 3.888271393748255e-08
Test accuracy: 1.0 (got 1536 right out of 1536)
