LR = 0.001, batch_size = 512, block_size = 9


number of parameters: 0.21M
Steps = 0, loss = 4.647385597229004
Steps = 100, loss = 1.5191928148269653
Steps = 200, loss = 0.0521392896771431
Steps = 300, loss = 0.01921641267836094
Steps = 400, loss = 0.01094060204923153
Steps = 500, loss = 0.00736607238650322
Steps = 600, loss = 0.005434639286249876
Steps = 700, loss = 0.004080692306160927
Steps = 800, loss = 0.003320889314636588
Steps = 900, loss = 0.002647972200065851
Steps = 1000, loss = 0.0021870634518563747
Steps = 1100, loss = 0.0018769321031868458
Steps = 1200, loss = 0.0016073212027549744
Steps = 1300, loss = 0.0013891865964978933
Steps = 1400, loss = 0.001221734331920743
Steps = 1500, loss = 0.0011005857959389687
Steps = 1600, loss = 0.0009768198942765594
Steps = 1700, loss = 0.0008796660695225
Steps = 1800, loss = 0.0007990261656232178
Steps = 1900, loss = 0.0007136232452467084
Steps = 2000, loss = 0.0006523501360788941
Steps = 2100, loss = 0.0006040374864824116
Steps = 2200, loss = 0.0005536455428227782
Steps = 2300, loss = 0.000512497965246439
Steps = 2400, loss = 0.0004704500606749207
Steps = 2500, loss = 0.00043070135870948434
Steps = 2600, loss = 0.00040750723564997315
Steps = 2700, loss = 0.0003617263282649219
Steps = 2800, loss = 0.000335597840603441
Steps = 2900, loss = 0.00031626480631530285
Steps = 3000, loss = 0.0002911002666223794
Steps = 3100, loss = 0.00027498186682350934
Steps = 3200, loss = 0.0002600409206934273
Steps = 3300, loss = 0.0002470939652994275
Steps = 3400, loss = 0.00022444398200605065
Steps = 3500, loss = 0.0002183971955673769
Steps = 3600, loss = 0.00019681340199895203
Steps = 3700, loss = 0.00018856977112591267
Steps = 3800, loss = 0.0001708167837932706
Steps = 3900, loss = 0.00016778976714704186
Steps = 4000, loss = 0.00015723543765489012
Steps = 4100, loss = 0.00015191534475889057
Steps = 4200, loss = 0.0001353086408926174
Steps = 4300, loss = 0.0001280712749576196
Steps = 4400, loss = 0.00012375054939184338
Steps = 4500, loss = 0.00011713737330865115
Steps = 4600, loss = 0.00010971711162710562
Steps = 4700, loss = 0.0001034293818520382
Steps = 4800, loss = 0.00010161290992982686
Steps = 4900, loss = 9.213924204232171e-05
Steps = 5000, loss = 8.775610331213102e-05
Steps = 5100, loss = 8.45624745124951e-05
Steps = 5200, loss = 7.893433939898387e-05
Steps = 5300, loss = 7.428482786053792e-05
Steps = 5400, loss = 7.124592229956761e-05
Steps = 5500, loss = 6.753276829840615e-05
Steps = 5600, loss = 6.301949906628579e-05
Steps = 5700, loss = 5.9259746194584295e-05
Steps = 5800, loss = 5.759885607403703e-05
Steps = 5900, loss = 5.427002543001436e-05
Steps = 6000, loss = 5.018827141611837e-05
Steps = 6100, loss = 4.8430047172587365e-05
Steps = 6200, loss = 4.457828981685452e-05
Steps = 6300, loss = 4.484878809307702e-05
Steps = 6400, loss = 4.171879845671356e-05
Steps = 6500, loss = 3.89307715522591e-05
Steps = 6600, loss = 3.702699177665636e-05
Steps = 6700, loss = 3.5373730497667566e-05
Steps = 6800, loss = 3.419144923100248e-05
Steps = 6900, loss = 3.317659502499737e-05
Steps = 7000, loss = 3.0209273973014206e-05
Steps = 7100, loss = 2.7413072530180216e-05
Steps = 7200, loss = 2.6673618776840158e-05
Steps = 7300, loss = 2.6071762476931326e-05
Steps = 7400, loss = 2.4153760023182258e-05
Steps = 7500, loss = 2.3042028260533698e-05
Steps = 7600, loss = 2.1766605641460046e-05
Steps = 7700, loss = 2.0806435713893734e-05
Steps = 7800, loss = 2.020551255554892e-05
Steps = 7900, loss = 1.9035798686672933e-05
Steps = 8000, loss = 1.7985987142310478e-05
Steps = 8100, loss = 1.6897527530090883e-05
Steps = 8200, loss = 1.6215810319408774e-05
Steps = 8300, loss = 1.5542475011898205e-05
Steps = 8400, loss = 1.4723854292242322e-05
Steps = 8500, loss = 1.4117342288955115e-05
Steps = 8600, loss = 1.3224916983745061e-05
Steps = 8700, loss = 1.250827426702017e-05
Steps = 8800, loss = 1.199675170937553e-05
Steps = 8900, loss = 1.1236801583436318e-05
Steps = 9000, loss = 1.0634708814905025e-05
Steps = 9100, loss = 9.89850923360791e-06
Steps = 9200, loss = 9.725281415740028e-06
Steps = 9300, loss = 9.12411996978335e-06
Steps = 9400, loss = 8.559744856029283e-06
Steps = 9500, loss = 8.057534614636097e-06
Steps = 9600, loss = 7.886872481321916e-06
Steps = 9700, loss = 7.366964837274281e-06
Steps = 9800, loss = 7.072667813190492e-06
Steps = 9900, loss = 6.681049853796139e-06
Steps = 10000, loss = 6.385359029081883e-06
Steps = 10100, loss = 5.954857442702632e-06
Steps = 10200, loss = 5.815858003188623e-06
Steps = 10300, loss = 5.5339023674605414e-06
Steps = 10400, loss = 5.109221092425287e-06
Steps = 10500, loss = 4.922259449813282e-06
Steps = 10600, loss = 4.703632839664351e-06
Steps = 10700, loss = 4.4186490413267165e-06
Steps = 10800, loss = 4.238671408529626e-06
Steps = 10900, loss = 4.026098849863047e-06
Steps = 11000, loss = 3.7639324546034914e-06
Steps = 11100, loss = 3.5657938042277237e-06
Steps = 11200, loss = 3.370915237610461e-06
Steps = 11300, loss = 3.1432077776116785e-06
Steps = 11400, loss = 3.0896567295712885e-06
Steps = 11500, loss = 2.8903548354719533e-06
Steps = 11600, loss = 2.728305162236211e-06
Steps = 11700, loss = 2.6568263820081484e-06
Steps = 11800, loss = 2.5578733584552538e-06
Steps = 11900, loss = 2.342506377317477e-06
Steps = 12000, loss = 2.25123676500516e-06
Steps = 12100, loss = 2.1830173864145763e-06
Steps = 12200, loss = 2.030979203482275e-06
Steps = 12300, loss = 1.9320264073030557e-06
Steps = 12400, loss = 1.8612462326927925e-06
Steps = 12500, loss = 1.7099066553782905e-06
Steps = 12600, loss = 1.6379621001760825e-06
Steps = 12700, loss = 1.5960531527525745e-06
Steps = 12800, loss = 1.4747483874089085e-06
Steps = 12900, loss = 1.4265525578593952e-06
Steps = 13000, loss = 1.2852245845351717e-06
Steps = 13100, loss = 1.2996598570680362e-06
Steps = 13200, loss = 1.218169472849695e-06
Steps = 13300, loss = 1.150415755546419e-06
Steps = 13400, loss = 1.1234075145694078e-06
Steps = 13500, loss = 1.0218934676231584e-06
Steps = 13600, loss = 9.387730415255646e-07
Steps = 13700, loss = 9.147914283857972e-07
Steps = 13800, loss = 8.768400903136353e-07
Steps = 13900, loss = 8.286441470772843e-07
Steps = 14000, loss = 7.77421405473433e-07
Steps = 14100, loss = 7.371417041213135e-07
Steps = 14200, loss = 6.721820113853028e-07
Steps = 14300, loss = 6.607733098462631e-07
Steps = 14400, loss = 6.053596166566422e-07
Steps = 14500, loss = 5.87897318382602e-07
Steps = 14600, loss = 5.513429073289444e-07
Steps = 14700, loss = 5.376058993533661e-07
Steps = 14800, loss = 5.157198188499024e-07
Steps = 14900, loss = 4.87780141611438e-07
Steps = 15000, loss = 4.428438558079506e-07
Steps = 15100, loss = 4.337634607054497e-07
Steps = 15200, loss = 3.869645013310219e-07
Steps = 15300, loss = 3.715976788498665e-07
Steps = 15400, loss = 3.67173896620443e-07
Steps = 15500, loss = 3.392342193819786e-07
Steps = 15600, loss = 3.201421066023613e-07
Steps = 15700, loss = 3.0687075991409074e-07
Steps = 15800, loss = 2.919695987202431e-07
Steps = 15900, loss = 2.6472841341274034e-07
Steps = 16000, loss = 2.63564260194471e-07
Steps = 16100, loss = 2.3492610523589974e-07
Steps = 16200, loss = 2.2887250850089913e-07
Steps = 16300, loss = 2.1490266988166695e-07
Steps = 16400, loss = 2.0023433933147317e-07
Steps = 16500, loss = 1.9092111358531838e-07
Steps = 16600, loss = 1.7648561367877846e-07
Steps = 16700, loss = 1.685693717945469e-07
Steps = 16800, loss = 1.6274860570320016e-07
Steps = 16900, loss = 1.5669500896819955e-07
Steps = 17000, loss = 1.5436670253166085e-07
Steps = 17100, loss = 1.4808027515300637e-07
Steps = 17200, loss = 1.4132818648704415e-07
Steps = 17300, loss = 1.3457609782108193e-07
Steps = 17400, loss = 1.3224779138454323e-07
Steps = 17500, loss = 1.2386588821300393e-07
Steps = 17600, loss = 1.1641531472150746e-07
Steps = 17700, loss = 1.1315568571035328e-07
Steps = 17800, loss = 1.145526695722765e-07
Steps = 17900, loss = 1.0011716966573658e-07
Steps = 18000, loss = 9.359791164342823e-08
Steps = 18100, loss = 8.870846812669697e-08
Steps = 18200, loss = 8.149071817342701e-08
Steps = 18300, loss = 7.892958109323445e-08
Steps = 18400, loss = 7.357447628919545e-08
Steps = 18500, loss = 7.194466178361836e-08
Steps = 18600, loss = 6.426125054304066e-08
Steps = 18700, loss = 6.356275861207905e-08
Steps = 18800, loss = 5.9604641222676946e-08
Steps = 18900, loss = 5.122273805113764e-08
Steps = 19000, loss = 5.145556869479151e-08
Steps = 19100, loss = 5.3085383200368597e-08
Steps = 19200, loss = 4.1676681661328985e-08
Steps = 19300, loss = 4.2142342948636724e-08
Steps = 19400, loss = 4.0512528443059637e-08
Steps = 19500, loss = 3.725289943190546e-08
Steps = 19600, loss = 4.1443851017675115e-08
Steps = 19700, loss = 3.189779462786646e-08
Steps = 19800, loss = 3.748573007555933e-08
Steps = 19900, loss = 3.259628655882807e-08
Steps = 20000, loss = 2.7706844818453646e-08
Test accuracy: 1.0 (got 1536 right out of 1536)
