LR = 0.001, batch_size = 8, block_size = 9


number of parameters: 0.41M
Steps = 0, train loss = 4.707329750061035
Steps = 0, test loss = 4.646603584289551
Steps = 100, train loss = 4.718990325927734
Steps = 100, test loss = 4.598831653594971
Steps = 200, train loss = 4.71321964263916
Steps = 200, test loss = 4.546795845031738
Steps = 300, train loss = 4.6139373779296875
Steps = 300, test loss = 4.787452220916748
Steps = 400, train loss = 4.566529273986816
Steps = 400, test loss = 4.55894136428833
Steps = 500, train loss = 4.491748809814453
Steps = 500, test loss = 4.809911251068115
Steps = 600, train loss = 4.6089887619018555
Steps = 600, test loss = 4.635339736938477
Steps = 700, train loss = 4.6404218673706055
Steps = 700, test loss = 4.804938316345215
Steps = 800, train loss = 4.5324625968933105
Steps = 800, test loss = 4.557478904724121
Steps = 900, train loss = 4.646233081817627
Steps = 900, test loss = 4.600662708282471
Steps = 1000, train loss = 4.478638648986816
Steps = 1000, test loss = 4.611207008361816
Steps = 1100, train loss = 4.539915084838867
Steps = 1100, test loss = 4.584159851074219
Steps = 1200, train loss = 4.575946807861328
Steps = 1200, test loss = 4.7195963859558105
Steps = 1300, train loss = 4.461444854736328
Steps = 1300, test loss = 4.445998668670654
Steps = 1400, train loss = 4.025540351867676
Steps = 1400, test loss = 4.553757667541504
Steps = 1500, train loss = 4.656659126281738
Steps = 1500, test loss = 4.5712127685546875
Steps = 1600, train loss = 4.5753374099731445
Steps = 1600, test loss = 4.614203453063965
Steps = 1700, train loss = 4.622838973999023
Steps = 1700, test loss = 4.545802116394043
Steps = 1800, train loss = 4.639411926269531
Steps = 1800, test loss = 4.578993320465088
Steps = 1900, train loss = 4.637612819671631
Steps = 1900, test loss = 4.517544746398926
Steps = 2000, train loss = 4.527606964111328
Steps = 2000, test loss = 4.652967929840088
Steps = 2100, train loss = 3.9934685230255127
Steps = 2100, test loss = 4.603278160095215
Steps = 2200, train loss = 4.592921257019043
Steps = 2200, test loss = 4.599853992462158
Steps = 2300, train loss = 4.571295738220215
Steps = 2300, test loss = 4.63437557220459
Steps = 2400, train loss = 4.555181503295898
Steps = 2400, test loss = 4.597926616668701
Steps = 2500, train loss = 4.623269081115723
Steps = 2500, test loss = 4.009288311004639
Steps = 2600, train loss = 4.497879505157471
Steps = 2600, test loss = 4.631688594818115
Steps = 2700, train loss = 4.57924747467041
Steps = 2700, test loss = 4.634284973144531
Steps = 2800, train loss = 4.560999393463135
Steps = 2800, test loss = 4.652407169342041
Steps = 2900, train loss = 4.565990924835205
Steps = 2900, test loss = 4.050395965576172
Steps = 3000, train loss = 4.551242828369141
Steps = 3000, test loss = 4.591866970062256
Steps = 3100, train loss = 4.5628252029418945
Steps = 3100, test loss = 4.707898139953613
Steps = 3200, train loss = 4.697322845458984
Steps = 3200, test loss = 4.628233432769775
Steps = 3300, train loss = 4.527986526489258
Steps = 3300, test loss = 4.558139324188232
Steps = 3400, train loss = 4.577487945556641
Steps = 3400, test loss = 4.626378536224365
Steps = 3500, train loss = 4.0498576164245605
Steps = 3500, test loss = 4.570921897888184
Steps = 3600, train loss = 4.606542110443115
Steps = 3600, test loss = 4.571385860443115
Steps = 3700, train loss = 4.5483927726745605
Steps = 3700, test loss = 4.603574752807617
Steps = 3800, train loss = 4.595729351043701
Steps = 3800, test loss = 4.58615779876709
Steps = 3900, train loss = 4.6075239181518555
Steps = 3900, test loss = 4.587131977081299
Steps = 4000, train loss = 4.545365810394287
Steps = 4000, test loss = 4.607380390167236
Steps = 4100, train loss = 4.579521179199219
Steps = 4100, test loss = 4.555691242218018
Steps = 4200, train loss = 4.5750651359558105
Steps = 4200, test loss = 4.562582015991211
Steps = 4300, train loss = 4.592658042907715
Steps = 4300, test loss = 4.529631614685059
Steps = 4400, train loss = 4.6208930015563965
Steps = 4400, test loss = 4.584322452545166
Steps = 4500, train loss = 4.554198265075684
Steps = 4500, test loss = 4.673333644866943
Steps = 4600, train loss = 4.619650840759277
Steps = 4600, test loss = 4.013335704803467
Steps = 4700, train loss = 4.530365467071533
Steps = 4700, test loss = 4.6370015144348145
Steps = 4800, train loss = 4.5720672607421875
Steps = 4800, test loss = 4.592708110809326
Steps = 4900, train loss = 4.510324001312256
Steps = 4900, test loss = 4.574680328369141
Steps = 5000, train loss = 4.516768932342529
Steps = 5000, test loss = 4.606632709503174
Steps = 5100, train loss = 4.057149410247803
Steps = 5100, test loss = 4.554162502288818
Steps = 5200, train loss = 4.5805439949035645
Steps = 5200, test loss = 4.573030948638916
Steps = 5300, train loss = 4.521597385406494
Steps = 5300, test loss = 4.527383804321289
Steps = 5400, train loss = 4.605404376983643
Steps = 5400, test loss = 4.594578742980957
Steps = 5500, train loss = 4.482632637023926
Steps = 5500, test loss = 4.616379261016846
Steps = 5600, train loss = 4.024590492248535
Steps = 5600, test loss = 4.008529186248779
Steps = 5700, train loss = 4.546285629272461
Steps = 5700, test loss = 4.6783037185668945
Steps = 5800, train loss = 4.571148872375488
Steps = 5800, test loss = 4.594350814819336
Steps = 5900, train loss = 4.608816623687744
Steps = 5900, test loss = 4.5753350257873535
Steps = 6000, train loss = 4.557194709777832
Steps = 6000, test loss = 4.5565948486328125
Steps = 6100, train loss = 4.531641006469727
Steps = 6100, test loss = 4.589757442474365
Steps = 6200, train loss = 4.553763389587402
Steps = 6200, test loss = 4.513147354125977
Steps = 6300, train loss = 3.390890121459961
Steps = 6300, test loss = 4.663809299468994
Steps = 6400, train loss = 4.561313152313232
Steps = 6400, test loss = 4.603246688842773
Steps = 6500, train loss = 4.580611228942871
Steps = 6500, test loss = 4.567811012268066
Steps = 6600, train loss = 4.524585247039795
Steps = 6600, test loss = 4.567482948303223
Steps = 6700, train loss = 4.650395393371582
Steps = 6700, test loss = 4.594969749450684
Steps = 6800, train loss = 4.623745441436768
Steps = 6800, test loss = 4.610480308532715
Steps = 6900, train loss = 4.554898738861084
Steps = 6900, test loss = 4.589293956756592
Steps = 7000, train loss = 4.646087169647217
Steps = 7000, test loss = 4.616941928863525
Steps = 7100, train loss = 4.623291492462158
Steps = 7100, test loss = 4.636915683746338
Steps = 7200, train loss = 4.592078685760498
Steps = 7200, test loss = 4.6098551750183105
Steps = 7300, train loss = 4.654101848602295
Steps = 7300, test loss = 4.550318717956543
Steps = 7400, train loss = 4.545319080352783
Steps = 7400, test loss = 4.511609077453613
Steps = 7500, train loss = 4.56662654876709
Steps = 7500, test loss = 4.6283955574035645
Steps = 7600, train loss = 4.586879253387451
Steps = 7600, test loss = 4.539367198944092
Steps = 7700, train loss = 4.53010892868042
Steps = 7700, test loss = 4.48423433303833
Steps = 7800, train loss = 4.686573028564453
Steps = 7800, test loss = 4.6198811531066895
Steps = 7900, train loss = 4.569198131561279
Steps = 7900, test loss = 4.567164421081543
Steps = 8000, train loss = 4.550631046295166
Steps = 8000, test loss = 4.614489555358887
Steps = 8100, train loss = 4.577008247375488
Steps = 8100, test loss = 4.529240131378174
Steps = 8200, train loss = 4.601370811462402
Steps = 8200, test loss = 4.590393543243408
Steps = 8300, train loss = 4.559211730957031
Steps = 8300, test loss = 4.6693854331970215
Steps = 8400, train loss = 4.595458507537842
Steps = 8400, test loss = 4.560450077056885
Steps = 8500, train loss = 4.578221321105957
Steps = 8500, test loss = 4.6112895011901855
Steps = 8600, train loss = 4.084710597991943
Steps = 8600, test loss = 4.652613639831543
Steps = 8700, train loss = 4.562453269958496
Steps = 8700, test loss = 4.6169586181640625
Steps = 8800, train loss = 4.581608295440674
Steps = 8800, test loss = 4.879255294799805
Steps = 8900, train loss = 4.510932445526123
Steps = 8900, test loss = 4.579641342163086
Steps = 9000, train loss = 4.507763385772705
Steps = 9000, test loss = 4.49580192565918
Steps = 9100, train loss = 4.58598518371582
Steps = 9100, test loss = 4.519401550292969
Steps = 9200, train loss = 4.57818078994751
Steps = 9200, test loss = 4.557351112365723
Steps = 9300, train loss = 4.566153526306152
Steps = 9300, test loss = 4.6145148277282715
Steps = 9400, train loss = 4.607916355133057
Steps = 9400, test loss = 4.062718391418457
Steps = 9500, train loss = 4.515504360198975
Steps = 9500, test loss = 4.659506320953369
Steps = 9600, train loss = 4.526705741882324
Steps = 9600, test loss = 3.9576871395111084
Steps = 9700, train loss = 4.596068382263184
Steps = 9700, test loss = 4.052090644836426
Steps = 9800, train loss = 4.52154541015625
Steps = 9800, test loss = 4.562768459320068
Steps = 9900, train loss = 4.529667377471924
Steps = 9900, test loss = 4.533573627471924
Steps = 10000, train loss = 4.6424689292907715
Steps = 10000, test loss = 4.607204914093018
Steps = 10100, train loss = 4.473815441131592
Steps = 10100, test loss = 4.669854640960693
Steps = 10200, train loss = 4.557901859283447
Steps = 10200, test loss = 4.655234336853027
Steps = 10300, train loss = 4.611273765563965
Steps = 10300, test loss = 4.666262149810791
Steps = 10400, train loss = 4.501791000366211
Steps = 10400, test loss = 4.053813934326172
Steps = 10500, train loss = 4.526054382324219
Steps = 10500, test loss = 4.1247239112854
Steps = 10600, train loss = 4.5650248527526855
Steps = 10600, test loss = 4.563601970672607
Steps = 10700, train loss = 3.9740171432495117
Steps = 10700, test loss = 4.633541107177734
Steps = 10800, train loss = 4.511120796203613
Steps = 10800, test loss = 4.578812599182129
Steps = 10900, train loss = 4.579418659210205
Steps = 10900, test loss = 3.961303949356079
Steps = 11000, train loss = 4.609513759613037
Steps = 11000, test loss = 4.616354465484619
Steps = 11100, train loss = 4.631834030151367
Steps = 11100, test loss = 4.683106422424316
Steps = 11200, train loss = 4.607184410095215
Steps = 11200, test loss = 4.558229446411133
Steps = 11300, train loss = 4.631855487823486
Steps = 11300, test loss = 4.673331260681152
Steps = 11400, train loss = 4.5670485496521
Steps = 11400, test loss = 4.578845500946045
Steps = 11500, train loss = 4.577669620513916
Steps = 11500, test loss = 4.505122661590576
Steps = 11600, train loss = 4.5494065284729
Steps = 11600, test loss = 4.5464253425598145
Steps = 11700, train loss = 4.580872535705566
Steps = 11700, test loss = 4.520781993865967
Steps = 11800, train loss = 4.575861930847168
Steps = 11800, test loss = 4.620329856872559
Steps = 11900, train loss = 4.587190628051758
Steps = 11900, test loss = 4.59751558303833
Steps = 12000, train loss = 4.526848793029785
Steps = 12000, test loss = 4.61593770980835
Steps = 12100, train loss = 3.958190441131592
Steps = 12100, test loss = 4.630857467651367
Steps = 12200, train loss = 4.543574333190918
Steps = 12200, test loss = 4.609434127807617
Steps = 12300, train loss = 4.5154571533203125
Steps = 12300, test loss = 4.574578285217285
Steps = 12400, train loss = 4.5372724533081055
Steps = 12400, test loss = 4.6267595291137695
Steps = 12500, train loss = 4.105538845062256
Steps = 12500, test loss = 4.625636577606201
Steps = 12600, train loss = 4.6084184646606445
Steps = 12600, test loss = 4.561850547790527
Steps = 12700, train loss = 4.5076212882995605
Steps = 12700, test loss = 4.650034427642822
Steps = 12800, train loss = 4.542550563812256
Steps = 12800, test loss = 4.650517463684082
Steps = 12900, train loss = 4.568455696105957
Steps = 12900, test loss = 4.584376811981201
Steps = 13000, train loss = 3.969210624694824
Steps = 13000, test loss = 4.567049503326416
Steps = 13100, train loss = 4.554537296295166
Steps = 13100, test loss = 4.614327907562256
Steps = 13200, train loss = 4.531312465667725
Steps = 13200, test loss = 4.674774646759033
Steps = 13300, train loss = 4.545756816864014
Steps = 13300, test loss = 4.600350856781006
Steps = 13400, train loss = 4.567743301391602
Steps = 13400, test loss = 4.619484901428223
Steps = 13500, train loss = 4.5000128746032715
Steps = 13500, test loss = 4.6484479904174805
Steps = 13600, train loss = 4.589097499847412
Steps = 13600, test loss = 4.536828517913818
Steps = 13700, train loss = 4.609920024871826
Steps = 13700, test loss = 4.609538555145264
Steps = 13800, train loss = 4.496949195861816
Steps = 13800, test loss = 4.566525936126709
Steps = 13900, train loss = 4.566465377807617
Steps = 13900, test loss = 4.6240339279174805
Steps = 14000, train loss = 4.484485626220703
Steps = 14000, test loss = 4.607343673706055
Steps = 14100, train loss = 4.5293731689453125
Steps = 14100, test loss = 4.601494312286377
Steps = 14200, train loss = 4.455216407775879
Steps = 14200, test loss = 4.522193908691406
Steps = 14300, train loss = 4.601836681365967
Steps = 14300, test loss = 4.5755743980407715
Steps = 14400, train loss = 4.49515962600708
Steps = 14400, test loss = 4.636920928955078
Steps = 14500, train loss = 4.557302474975586
Steps = 14500, test loss = 4.600260257720947
Steps = 14600, train loss = 4.607566833496094
Steps = 14600, test loss = 4.638365745544434
Steps = 14700, train loss = 4.472325325012207
Steps = 14700, test loss = 4.594966888427734
Steps = 14800, train loss = 4.034398078918457
Steps = 14800, test loss = 4.554424285888672
Steps = 14900, train loss = 4.5611467361450195
Steps = 14900, test loss = 4.5395050048828125
Steps = 15000, train loss = 4.622255802154541
Steps = 15000, test loss = 4.604862213134766
Steps = 15100, train loss = 4.552622318267822
Steps = 15100, test loss = 4.599384307861328
Steps = 15200, train loss = 4.532989978790283
Steps = 15200, test loss = 4.653086185455322
Steps = 15300, train loss = 4.576724052429199
Steps = 15300, test loss = 4.586948394775391
Steps = 15400, train loss = 4.554444313049316
Steps = 15400, test loss = 4.583754539489746
Steps = 15500, train loss = 4.619787693023682
Steps = 15500, test loss = 4.689520359039307
Steps = 15600, train loss = 4.667775630950928
Steps = 15600, test loss = 4.590557098388672
Steps = 15700, train loss = 3.9457216262817383
Steps = 15700, test loss = 4.564513683319092
Steps = 15800, train loss = 4.694131851196289
Steps = 15800, test loss = 4.0014801025390625
Steps = 15900, train loss = 4.668824672698975
Steps = 15900, test loss = 3.9993364810943604
Steps = 16000, train loss = 4.551959037780762
Steps = 16000, test loss = 4.5391011238098145
Steps = 16100, train loss = 4.547187805175781
Steps = 16100, test loss = 4.484688758850098
Steps = 16200, train loss = 4.547628879547119
Steps = 16200, test loss = 4.558527946472168
Steps = 16300, train loss = 4.497066497802734
Steps = 16300, test loss = 4.57246208190918
Steps = 16400, train loss = 4.579227924346924
Steps = 16400, test loss = 4.5230560302734375
Steps = 16500, train loss = 4.640689849853516
Steps = 16500, test loss = 4.617434978485107
Steps = 16600, train loss = 4.578482627868652
Steps = 16600, test loss = 4.589024066925049
Steps = 16700, train loss = 4.557257652282715
Steps = 16700, test loss = 3.9937868118286133
Steps = 16800, train loss = 4.564362525939941
Steps = 16800, test loss = 4.584899425506592
Steps = 16900, train loss = 4.710936069488525
Steps = 16900, test loss = 4.474590301513672
Steps = 17000, train loss = 4.577803134918213
Steps = 17000, test loss = 4.6087541580200195
Steps = 17100, train loss = 4.496607303619385
Steps = 17100, test loss = 4.621103286743164
Steps = 17200, train loss = 3.9962334632873535
Steps = 17200, test loss = 4.608928203582764
Steps = 17300, train loss = 4.514395236968994
Steps = 17300, test loss = 4.025251388549805
Steps = 17400, train loss = 4.6293134689331055
Steps = 17400, test loss = 4.581324577331543
Steps = 17500, train loss = 4.552952766418457
Steps = 17500, test loss = 4.5915374755859375
Steps = 17600, train loss = 4.552962303161621
Steps = 17600, test loss = 4.612719535827637
Steps = 17700, train loss = 4.590334892272949
Steps = 17700, test loss = 4.523835182189941
Steps = 17800, train loss = 4.547702789306641
Steps = 17800, test loss = 4.646200656890869
Steps = 17900, train loss = 4.616757869720459
Steps = 17900, test loss = 4.558403491973877
Steps = 18000, train loss = 4.5131754875183105
Steps = 18000, test loss = 4.005539894104004
Steps = 18100, train loss = 4.592230319976807
Steps = 18100, test loss = 4.576543807983398
Steps = 18200, train loss = 4.559146404266357
Steps = 18200, test loss = 4.529130458831787
Steps = 18300, train loss = 4.535192489624023
Steps = 18300, test loss = 4.775728702545166
Steps = 18400, train loss = 4.601751327514648
Steps = 18400, test loss = 4.669656753540039
Steps = 18500, train loss = 4.638038635253906
Steps = 18500, test loss = 4.648751735687256
Steps = 18600, train loss = 4.563632965087891
Steps = 18600, test loss = 4.502880573272705
Steps = 18700, train loss = 3.9561679363250732
Steps = 18700, test loss = 4.601998329162598
Steps = 18800, train loss = 4.589754581451416
Steps = 18800, test loss = 4.604825496673584
Steps = 18900, train loss = 4.045194625854492
Steps = 18900, test loss = 4.60280704498291
Steps = 19000, train loss = 4.586157321929932
Steps = 19000, test loss = 4.562210559844971
Steps = 19100, train loss = 4.671034336090088
Steps = 19100, test loss = 4.531532287597656
Steps = 19200, train loss = 4.608839988708496
Steps = 19200, test loss = 4.616090297698975
Steps = 19300, train loss = 4.5739264488220215
Steps = 19300, test loss = 4.683141708374023
Steps = 19400, train loss = 4.038108825683594
Steps = 19400, test loss = 4.48991584777832
Steps = 19500, train loss = 4.55402946472168
Steps = 19500, test loss = 4.651696681976318
Steps = 19600, train loss = 4.60264778137207
Steps = 19600, test loss = 4.610877513885498
Steps = 19700, train loss = 4.604767799377441
Steps = 19700, test loss = 4.62454891204834
Steps = 19800, train loss = 4.639370918273926
Steps = 19800, test loss = 4.506296157836914
Steps = 19900, train loss = 4.526708602905273
Steps = 19900, test loss = 4.610580921173096
Steps = 20000, train loss = 4.577094554901123
Steps = 20000, test loss = 4.61652135848999
Test accuracy: 0.0 (got 0 right out of 8)
The testing loss never went to almost zero
