LR = 0.001, batch_size = 32, block_size = 9


number of parameters: 0.41M
Steps = 0, train loss = 4.652780532836914
Steps = 0, test loss = 4.723631858825684
Steps = 100, train loss = 4.653553009033203
Steps = 100, test loss = 4.621771812438965
Steps = 200, train loss = 4.52672815322876
Steps = 200, test loss = 4.520435810089111
Steps = 300, train loss = 4.5393829345703125
Steps = 300, test loss = 4.597820281982422
Steps = 400, train loss = 4.576784610748291
Steps = 400, test loss = 4.485630035400391
Steps = 500, train loss = 4.60071325302124
Steps = 500, test loss = 4.449247360229492
Steps = 600, train loss = 4.556506633758545
Steps = 600, test loss = 4.5929999351501465
Steps = 700, train loss = 4.404847145080566
Steps = 700, test loss = 4.4432268142700195
Steps = 800, train loss = 4.568548202514648
Steps = 800, test loss = 4.442542552947998
Steps = 900, train loss = 4.5547709465026855
Steps = 900, test loss = 4.58597469329834
Steps = 1000, train loss = 4.571122169494629
Steps = 1000, test loss = 4.423717021942139
Steps = 1100, train loss = 4.556369781494141
Steps = 1100, test loss = 4.595428466796875
Steps = 1200, train loss = 4.546314716339111
Steps = 1200, test loss = 4.601683616638184
Steps = 1300, train loss = 4.573493480682373
Steps = 1300, test loss = 4.589404106140137
Steps = 1400, train loss = 4.445489883422852
Steps = 1400, test loss = 4.5633769035339355
Steps = 1500, train loss = 4.556821823120117
Steps = 1500, test loss = 4.581676483154297
Steps = 1600, train loss = 4.564206600189209
Steps = 1600, test loss = 4.60491943359375
Steps = 1700, train loss = 4.600581645965576
Steps = 1700, test loss = 4.583734035491943
Steps = 1800, train loss = 4.442205905914307
Steps = 1800, test loss = 4.485632419586182
Steps = 1900, train loss = 4.283384323120117
Steps = 1900, test loss = 4.439432621002197
Steps = 2000, train loss = 4.563748359680176
Steps = 2000, test loss = 4.2965569496154785
Steps = 2100, train loss = 4.5453033447265625
Steps = 2100, test loss = 4.577002048492432
Steps = 2200, train loss = 4.5995354652404785
Steps = 2200, test loss = 4.574502468109131
Steps = 2300, train loss = 4.572659492492676
Steps = 2300, test loss = 4.426072120666504
Steps = 2400, train loss = 4.549141883850098
Steps = 2400, test loss = 4.463024616241455
Steps = 2500, train loss = 4.587754726409912
Steps = 2500, test loss = 4.609142780303955
Steps = 2600, train loss = 4.674408912658691
Steps = 2600, test loss = 4.585424900054932
Steps = 2700, train loss = 4.410961627960205
Steps = 2700, test loss = 4.542541980743408
Steps = 2800, train loss = 4.403670310974121
Steps = 2800, test loss = 4.32243013381958
Steps = 2900, train loss = 4.575904369354248
Steps = 2900, test loss = 4.564199924468994
Steps = 3000, train loss = 4.563771724700928
Steps = 3000, test loss = 4.603670597076416
Steps = 3100, train loss = 4.5604071617126465
Steps = 3100, test loss = 4.613595008850098
Steps = 3200, train loss = 4.533007621765137
Steps = 3200, test loss = 4.592374324798584
Steps = 3300, train loss = 4.599617004394531
Steps = 3300, test loss = 4.614277362823486
Steps = 3400, train loss = 4.567826271057129
Steps = 3400, test loss = 4.603833198547363
Steps = 3500, train loss = 4.507773399353027
Steps = 3500, test loss = 4.636819362640381
Steps = 3600, train loss = 4.430893421173096
Steps = 3600, test loss = 4.648418426513672
Steps = 3700, train loss = 4.439758777618408
Steps = 3700, test loss = 4.628972053527832
Steps = 3800, train loss = 4.5285258293151855
Steps = 3800, test loss = 4.564233303070068
Steps = 3900, train loss = 4.298661708831787
Steps = 3900, test loss = 4.660572528839111
Steps = 4000, train loss = 4.5541486740112305
Steps = 4000, test loss = 4.613518238067627
Steps = 4100, train loss = 4.521407127380371
Steps = 4100, test loss = 4.6432576179504395
Steps = 4200, train loss = 4.547664165496826
Steps = 4200, test loss = 4.49433708190918
Steps = 4300, train loss = 4.604994297027588
Steps = 4300, test loss = 4.5003461837768555
Steps = 4400, train loss = 4.550374507904053
Steps = 4400, test loss = 4.4467854499816895
Steps = 4500, train loss = 4.561368465423584
Steps = 4500, test loss = 4.321579933166504
Steps = 4600, train loss = 4.5024309158325195
Steps = 4600, test loss = 4.632213592529297
Steps = 4700, train loss = 4.355216979980469
Steps = 4700, test loss = 4.664612770080566
Steps = 4800, train loss = 4.335390567779541
Steps = 4800, test loss = 4.555317401885986
Steps = 4900, train loss = 4.483704090118408
Steps = 4900, test loss = 4.480377197265625
Steps = 5000, train loss = 3.177187204360962
Steps = 5000, test loss = 3.2260656356811523
Steps = 5100, train loss = 2.6055614948272705
Steps = 5100, test loss = 2.9815595149993896
Steps = 5200, train loss = 2.6268200874328613
Steps = 5200, test loss = 2.682870864868164
Steps = 5300, train loss = 2.3495426177978516
Steps = 5300, test loss = 2.413789987564087
Steps = 5400, train loss = 2.3667562007904053
Steps = 5400, test loss = 2.3877711296081543
Steps = 5500, train loss = 2.175887107849121
Steps = 5500, test loss = 2.2850465774536133
Steps = 5600, train loss = 2.2491283416748047
Steps = 5600, test loss = 2.207906484603882
Steps = 5700, train loss = 2.2927541732788086
Steps = 5700, test loss = 2.1356165409088135
Steps = 5800, train loss = 2.1770787239074707
Steps = 5800, test loss = 2.411085605621338
Steps = 5900, train loss = 2.262920618057251
Steps = 5900, test loss = 2.3123080730438232
Steps = 6000, train loss = 2.160377025604248
Steps = 6000, test loss = 2.1298391819000244
Steps = 6100, train loss = 2.0668962001800537
Steps = 6100, test loss = 2.225036859512329
Steps = 6200, train loss = 2.1442506313323975
Steps = 6200, test loss = 2.0346179008483887
Steps = 6300, train loss = 2.169424533843994
Steps = 6300, test loss = 2.1869077682495117
Steps = 6400, train loss = 2.158541679382324
Steps = 6400, test loss = 2.3129067420959473
Steps = 6500, train loss = 2.2655794620513916
Steps = 6500, test loss = 2.321815252304077
Steps = 6600, train loss = 2.1750316619873047
Steps = 6600, test loss = 2.121870279312134
Steps = 6700, train loss = 2.050776958465576
Steps = 6700, test loss = 2.2125115394592285
Steps = 6800, train loss = 2.3036859035491943
Steps = 6800, test loss = 2.47652530670166
Steps = 6900, train loss = 2.006547212600708
Steps = 6900, test loss = 2.0675179958343506
Steps = 7000, train loss = 2.1362626552581787
Steps = 7000, test loss = 2.1131927967071533
Steps = 7100, train loss = 2.186356782913208
Steps = 7100, test loss = 2.215165376663208
Steps = 7200, train loss = 2.1252055168151855
Steps = 7200, test loss = 2.1769440174102783
Steps = 7300, train loss = 2.0938923358917236
Steps = 7300, test loss = 2.1096506118774414
Steps = 7400, train loss = 2.0839245319366455
Steps = 7400, test loss = 2.1126868724823
Steps = 7500, train loss = 2.034745931625366
Steps = 7500, test loss = 2.1865508556365967
Steps = 7600, train loss = 1.9441097974777222
Steps = 7600, test loss = 2.1394078731536865
Steps = 7700, train loss = 2.0825345516204834
Steps = 7700, test loss = 2.146700859069824
Steps = 7800, train loss = 2.0535218715667725
Steps = 7800, test loss = 2.1637582778930664
Steps = 7900, train loss = 2.005279302597046
Steps = 7900, test loss = 2.2885076999664307
Steps = 8000, train loss = 2.0364015102386475
Steps = 8000, test loss = 2.2493255138397217
Steps = 8100, train loss = 2.1847424507141113
Steps = 8100, test loss = 2.223970413208008
Steps = 8200, train loss = 2.265317916870117
Steps = 8200, test loss = 2.272977590560913
Steps = 8300, train loss = 2.3425676822662354
Steps = 8300, test loss = 2.3240573406219482
Steps = 8400, train loss = 2.1084790229797363
Steps = 8400, test loss = 2.2034900188446045
Steps = 8500, train loss = 2.0909063816070557
Steps = 8500, test loss = 2.1914305686950684
Steps = 8600, train loss = 2.1030778884887695
Steps = 8600, test loss = 2.1879427433013916
Steps = 8700, train loss = 1.951913833618164
Steps = 8700, test loss = 2.245944023132324
Steps = 8800, train loss = 2.010416030883789
Steps = 8800, test loss = 2.3345398902893066
Steps = 8900, train loss = 2.0049855709075928
Steps = 8900, test loss = 2.1194379329681396
Steps = 9000, train loss = 2.00495982170105
Steps = 9000, test loss = 2.2247984409332275
Steps = 9100, train loss = 2.127464532852173
Steps = 9100, test loss = 2.1544129848480225
Steps = 9200, train loss = 2.2723584175109863
Steps = 9200, test loss = 2.2338037490844727
Steps = 9300, train loss = 1.9739402532577515
Steps = 9300, test loss = 2.18884539604187
Steps = 9400, train loss = 2.2057995796203613
Steps = 9400, test loss = 2.129340648651123
Steps = 9500, train loss = 2.3851125240325928
Steps = 9500, test loss = 2.315399646759033
Steps = 9600, train loss = 2.1080241203308105
Steps = 9600, test loss = 2.14103627204895
Steps = 9700, train loss = 2.1499297618865967
Steps = 9700, test loss = 2.245601177215576
Steps = 9800, train loss = 2.1336703300476074
Steps = 9800, test loss = 2.126164674758911
Steps = 9900, train loss = 2.120586395263672
Steps = 9900, test loss = 2.195406913757324
Steps = 10000, train loss = 2.1482369899749756
Steps = 10000, test loss = 2.089627981185913
Steps = 10100, train loss = 2.088723659515381
Steps = 10100, test loss = 2.1497714519500732
Steps = 10200, train loss = 2.155987501144409
Steps = 10200, test loss = 2.155855178833008
Steps = 10300, train loss = 2.1094954013824463
Steps = 10300, test loss = 2.1647326946258545
Steps = 10400, train loss = 2.1275713443756104
Steps = 10400, test loss = 2.212470054626465
Steps = 10500, train loss = 2.078723192214966
Steps = 10500, test loss = 2.092930793762207
Steps = 10600, train loss = 2.085763692855835
Steps = 10600, test loss = 2.0782968997955322
Steps = 10700, train loss = 2.1835520267486572
Steps = 10700, test loss = 2.20998477935791
Steps = 10800, train loss = 2.0611085891723633
Steps = 10800, test loss = 2.263364791870117
Steps = 10900, train loss = 2.087989330291748
Steps = 10900, test loss = 2.1304502487182617
Steps = 11000, train loss = 2.079172372817993
Steps = 11000, test loss = 2.225914239883423
Steps = 11100, train loss = 2.1560685634613037
Steps = 11100, test loss = 2.0733816623687744
Steps = 11200, train loss = 2.0396535396575928
Steps = 11200, test loss = 2.2120039463043213
Steps = 11300, train loss = 2.099296808242798
Steps = 11300, test loss = 2.166592597961426
Steps = 11400, train loss = 2.120379686355591
Steps = 11400, test loss = 2.078007221221924
Steps = 11500, train loss = 2.171208143234253
Steps = 11500, test loss = 2.1562342643737793
Steps = 11600, train loss = 2.1033122539520264
Steps = 11600, test loss = 2.1639678478240967
Steps = 11700, train loss = 2.144652843475342
Steps = 11700, test loss = 2.2104830741882324
Steps = 11800, train loss = 2.1464383602142334
Steps = 11800, test loss = 2.0691816806793213
Steps = 11900, train loss = 2.0744502544403076
Steps = 11900, test loss = 2.1023566722869873
Steps = 12000, train loss = 2.1748692989349365
Steps = 12000, test loss = 2.240549325942993
Steps = 12100, train loss = 2.0809407234191895
Steps = 12100, test loss = 2.1068615913391113
Steps = 12200, train loss = 2.2326736450195312
Steps = 12200, test loss = 2.1842682361602783
Steps = 12300, train loss = 2.157897710800171
Steps = 12300, test loss = 2.0920488834381104
Steps = 12400, train loss = 2.0976381301879883
Steps = 12400, test loss = 2.2265193462371826
Steps = 12500, train loss = 2.1498639583587646
Steps = 12500, test loss = 2.0764479637145996
Steps = 12600, train loss = 2.104914903640747
Steps = 12600, test loss = 2.002344846725464
Steps = 12700, train loss = 2.0074031352996826
Steps = 12700, test loss = 2.2138266563415527
Steps = 12800, train loss = 2.1857705116271973
Steps = 12800, test loss = 2.3077940940856934
Steps = 12900, train loss = 2.0192818641662598
Steps = 12900, test loss = 2.1180977821350098
Steps = 13000, train loss = 2.104097604751587
Steps = 13000, test loss = 2.1329329013824463
Steps = 13100, train loss = 1.9568437337875366
Steps = 13100, test loss = 2.167346954345703
Steps = 13200, train loss = 2.088250160217285
Steps = 13200, test loss = 2.207941770553589
Steps = 13300, train loss = 2.0202531814575195
Steps = 13300, test loss = 2.224806308746338
Steps = 13400, train loss = 2.0078463554382324
Steps = 13400, test loss = 2.145153760910034
Steps = 13500, train loss = 2.025259494781494
Steps = 13500, test loss = 2.225809335708618
Steps = 13600, train loss = 2.1986031532287598
Steps = 13600, test loss = 2.162376642227173
Steps = 13700, train loss = 2.05517840385437
Steps = 13700, test loss = 2.154977798461914
Steps = 13800, train loss = 1.967577338218689
Steps = 13800, test loss = 2.1100502014160156
Steps = 13900, train loss = 2.398867130279541
Steps = 13900, test loss = 2.6711385250091553
Steps = 14000, train loss = 2.0820469856262207
Steps = 14000, test loss = 2.2129058837890625
Steps = 14100, train loss = 2.1228702068328857
Steps = 14100, test loss = 2.210221290588379
Steps = 14200, train loss = 2.048516273498535
Steps = 14200, test loss = 2.245821952819824
Steps = 14300, train loss = 2.097461462020874
Steps = 14300, test loss = 2.1989386081695557
Steps = 14400, train loss = 2.115612506866455
Steps = 14400, test loss = 2.116955280303955
Steps = 14500, train loss = 2.1946208477020264
Steps = 14500, test loss = 2.200465679168701
Steps = 14600, train loss = 2.0996501445770264
Steps = 14600, test loss = 2.2655797004699707
Steps = 14700, train loss = 2.0673811435699463
Steps = 14700, test loss = 2.0101797580718994
Steps = 14800, train loss = 2.1089417934417725
Steps = 14800, test loss = 2.126980781555176
Steps = 14900, train loss = 2.1248981952667236
Steps = 14900, test loss = 2.0481669902801514
Steps = 15000, train loss = 2.0390355587005615
Steps = 15000, test loss = 2.2953765392303467
Steps = 15100, train loss = 2.1349308490753174
Steps = 15100, test loss = 2.2146358489990234
Steps = 15200, train loss = 1.988418698310852
Steps = 15200, test loss = 2.272037982940674
Steps = 15300, train loss = 2.0971455574035645
Steps = 15300, test loss = 2.3837900161743164
Steps = 15400, train loss = 2.2043185234069824
Steps = 15400, test loss = 2.2541370391845703
Steps = 15500, train loss = 2.0875375270843506
Steps = 15500, test loss = 2.2481558322906494
Steps = 15600, train loss = 2.1738359928131104
Steps = 15600, test loss = 2.1388845443725586
Steps = 15700, train loss = 2.14548921585083
Steps = 15700, test loss = 2.070965051651001
Steps = 15800, train loss = 2.005112886428833
Steps = 15800, test loss = 2.0691258907318115
Steps = 15900, train loss = 2.091005325317383
Steps = 15900, test loss = 2.2616164684295654
Steps = 16000, train loss = 2.052286148071289
Steps = 16000, test loss = 2.201486110687256
Steps = 16100, train loss = 1.9404489994049072
Steps = 16100, test loss = 2.0993776321411133
Steps = 16200, train loss = 2.187887191772461
Steps = 16200, test loss = 2.143381118774414
Steps = 16300, train loss = 2.0823745727539062
Steps = 16300, test loss = 2.180776834487915
Steps = 16400, train loss = 2.057518720626831
Steps = 16400, test loss = 2.1733005046844482
Steps = 16500, train loss = 2.109295606613159
Steps = 16500, test loss = 2.290316104888916
Steps = 16600, train loss = 2.0873470306396484
Steps = 16600, test loss = 2.245074987411499
Steps = 16700, train loss = 2.192720890045166
Steps = 16700, test loss = 2.1316683292388916
Steps = 16800, train loss = 2.0418686866760254
Steps = 16800, test loss = 2.059797525405884
Steps = 16900, train loss = 2.1294939517974854
Steps = 16900, test loss = 2.2641453742980957
Steps = 17000, train loss = 1.997812271118164
Steps = 17000, test loss = 2.137171506881714
Steps = 17100, train loss = 2.091512680053711
Steps = 17100, test loss = 2.1881721019744873
Steps = 17200, train loss = 2.086085557937622
Steps = 17200, test loss = 2.143882989883423
Steps = 17300, train loss = 2.0839970111846924
Steps = 17300, test loss = 2.158626079559326
Steps = 17400, train loss = 2.034862518310547
Steps = 17400, test loss = 2.1512181758880615
Steps = 17500, train loss = 2.063136577606201
Steps = 17500, test loss = 2.1641604900360107
Steps = 17600, train loss = 2.0957720279693604
Steps = 17600, test loss = 2.297632932662964
Steps = 17700, train loss = 2.149747371673584
Steps = 17700, test loss = 2.192312002182007
Steps = 17800, train loss = 2.220590829849243
Steps = 17800, test loss = 2.316683053970337
Steps = 17900, train loss = 2.004490852355957
Steps = 17900, test loss = 2.191970109939575
Steps = 18000, train loss = 2.009089231491089
Steps = 18000, test loss = 2.2796525955200195
Steps = 18100, train loss = 2.1005823612213135
Steps = 18100, test loss = 2.25705623626709
Steps = 18200, train loss = 2.0135791301727295
Steps = 18200, test loss = 2.284404754638672
Steps = 18300, train loss = 2.2330703735351562
Steps = 18300, test loss = 2.0239391326904297
Steps = 18400, train loss = 2.139998197555542
Steps = 18400, test loss = 2.3208603858947754
Steps = 18500, train loss = 2.077484607696533
Steps = 18500, test loss = 2.359633445739746
Steps = 18600, train loss = 2.126939535140991
Steps = 18600, test loss = 2.2825706005096436
Steps = 18700, train loss = 2.1507914066314697
Steps = 18700, test loss = 2.2237348556518555
Steps = 18800, train loss = 2.077998638153076
Steps = 18800, test loss = 2.229210615158081
Steps = 18900, train loss = 2.4837629795074463
Steps = 18900, test loss = 3.0440151691436768
Steps = 19000, train loss = 2.0469632148742676
Steps = 19000, test loss = 2.275130271911621
Steps = 19100, train loss = 2.0288116931915283
Steps = 19100, test loss = 2.258399486541748
Steps = 19200, train loss = 2.038365364074707
Steps = 19200, test loss = 2.3513197898864746
Steps = 19300, train loss = 2.042527914047241
Steps = 19300, test loss = 2.260481595993042
Steps = 19400, train loss = 2.0654077529907227
Steps = 19400, test loss = 2.379190444946289
Steps = 19500, train loss = 2.1754748821258545
Steps = 19500, test loss = 2.28393292427063
Steps = 19600, train loss = 1.9108009338378906
Steps = 19600, test loss = 2.1438210010528564
Steps = 19700, train loss = 1.8634930849075317
Steps = 19700, test loss = 1.9854949712753296
Steps = 19800, train loss = 1.6987251043319702
Steps = 19800, test loss = 2.1215732097625732
Steps = 19900, train loss = 1.7077407836914062
Steps = 19900, test loss = 1.8039308786392212
Steps = 20000, train loss = 1.8341940641403198
Steps = 20000, test loss = 1.8044707775115967
Steps = 20100, train loss = 2.987659215927124
Steps = 20100, test loss = 2.657181978225708
Steps = 20200, train loss = 1.7230634689331055
Steps = 20200, test loss = 1.661676049232483
Steps = 20300, train loss = 1.7812745571136475
Steps = 20300, test loss = 1.6709486246109009
Steps = 20400, train loss = 1.753929615020752
Steps = 20400, test loss = 1.872138500213623
Steps = 20500, train loss = 1.798840045928955
Steps = 20500, test loss = 1.6396081447601318
Steps = 20600, train loss = 1.7020905017852783
Steps = 20600, test loss = 1.7937648296356201
Steps = 20700, train loss = 1.7008339166641235
Steps = 20700, test loss = 1.6213147640228271
Steps = 20800, train loss = 1.4278227090835571
Steps = 20800, test loss = 1.5075204372406006
Steps = 20900, train loss = 1.8959988355636597
Steps = 20900, test loss = 1.8857221603393555
Steps = 21000, train loss = 1.626643180847168
Steps = 21000, test loss = 1.6862186193466187
Steps = 21100, train loss = 1.424381971359253
Steps = 21100, test loss = 1.7193312644958496
Steps = 21200, train loss = 1.5557780265808105
Steps = 21200, test loss = 1.5304205417633057
Steps = 21300, train loss = 1.6249504089355469
Steps = 21300, test loss = 1.7263492345809937
Steps = 21400, train loss = 1.5507712364196777
Steps = 21400, test loss = 1.8228905200958252
Steps = 21500, train loss = 1.704534888267517
Steps = 21500, test loss = 1.648409128189087
Steps = 21600, train loss = 1.4894789457321167
Steps = 21600, test loss = 1.4889540672302246
Steps = 21700, train loss = 1.2558943033218384
Steps = 21700, test loss = 1.6313822269439697
Steps = 21800, train loss = 1.7438125610351562
Steps = 21800, test loss = 1.7274610996246338
Steps = 21900, train loss = 1.1794812679290771
Steps = 21900, test loss = 1.6306862831115723
Steps = 22000, train loss = 1.0739963054656982
Steps = 22000, test loss = 1.077390193939209
Steps = 22100, train loss = 1.3306965827941895
Steps = 22100, test loss = 1.6208391189575195
Steps = 22200, train loss = 1.3148469924926758
Steps = 22200, test loss = 1.246410608291626
Steps = 22300, train loss = 1.1903719902038574
Steps = 22300, test loss = 1.6373437643051147
Steps = 22400, train loss = 1.3587642908096313
Steps = 22400, test loss = 1.4748268127441406
Steps = 22500, train loss = 1.7453835010528564
Steps = 22500, test loss = 1.9660351276397705
Steps = 22600, train loss = 1.1515816450119019
Steps = 22600, test loss = 1.618629813194275
Steps = 22700, train loss = 1.0365897417068481
Steps = 22700, test loss = 1.4986213445663452
Steps = 22800, train loss = 1.3396918773651123
Steps = 22800, test loss = 1.318016529083252
Steps = 22900, train loss = 1.0958298444747925
Steps = 22900, test loss = 1.3973617553710938
Steps = 23000, train loss = 1.1668457984924316
Steps = 23000, test loss = 1.4388256072998047
Steps = 23100, train loss = 1.2145471572875977
Steps = 23100, test loss = 1.5907927751541138
Steps = 23200, train loss = 1.0606662034988403
Steps = 23200, test loss = 1.1904373168945312
Steps = 23300, train loss = 1.0937674045562744
Steps = 23300, test loss = 1.3467645645141602
Steps = 23400, train loss = 1.0690608024597168
Steps = 23400, test loss = 1.3229750394821167
Steps = 23500, train loss = 1.1545989513397217
Steps = 23500, test loss = 1.1281388998031616
Steps = 23600, train loss = 1.066866159439087
Steps = 23600, test loss = 1.2974786758422852
Steps = 23700, train loss = 0.9836463332176208
Steps = 23700, test loss = 1.0870903730392456
Steps = 23800, train loss = 1.215129017829895
Steps = 23800, test loss = 1.6633353233337402
Steps = 23900, train loss = 0.9383951425552368
Steps = 23900, test loss = 1.2158098220825195
Steps = 24000, train loss = 0.998935341835022
Steps = 24000, test loss = 1.106053352355957
Steps = 24100, train loss = 1.0166889429092407
Steps = 24100, test loss = 1.3116475343704224
Steps = 24200, train loss = 0.9742163419723511
Steps = 24200, test loss = 1.30064857006073
Steps = 24300, train loss = 1.0662122964859009
Steps = 24300, test loss = 1.0328782796859741
Steps = 24400, train loss = 0.7349243760108948
Steps = 24400, test loss = 1.0528923273086548
Steps = 24500, train loss = 0.7493321895599365
Steps = 24500, test loss = 0.8099305033683777
Steps = 24600, train loss = 1.02436101436615
Steps = 24600, test loss = 0.9568673372268677
Steps = 24700, train loss = 1.318070888519287
Steps = 24700, test loss = 1.392513394355774
Steps = 24800, train loss = 0.822889506816864
Steps = 24800, test loss = 0.9383801817893982
Steps = 24900, train loss = 0.7847771644592285
Steps = 24900, test loss = 1.3249562978744507
Steps = 25000, train loss = 0.7997596859931946
Steps = 25000, test loss = 1.2512880563735962
Steps = 25100, train loss = 0.772234320640564
Steps = 25100, test loss = 0.9569644331932068
Steps = 25200, train loss = 0.9477933645248413
Steps = 25200, test loss = 0.9294223189353943
Steps = 25300, train loss = 0.586897611618042
Steps = 25300, test loss = 0.9878848195075989
Steps = 25400, train loss = 0.9103520512580872
Steps = 25400, test loss = 0.91365647315979
Steps = 25500, train loss = 0.9209641218185425
Steps = 25500, test loss = 1.0074514150619507
Steps = 25600, train loss = 0.7851548790931702
Steps = 25600, test loss = 1.0668654441833496
Steps = 25700, train loss = 0.8188084363937378
Steps = 25700, test loss = 0.8590062856674194
Steps = 25800, train loss = 0.5426924228668213
Steps = 25800, test loss = 0.9107894897460938
Steps = 25900, train loss = 0.6865257024765015
Steps = 25900, test loss = 1.0054014921188354
Steps = 26000, train loss = 1.0431221723556519
Steps = 26000, test loss = 1.0383750200271606
Steps = 26100, train loss = 0.6189004182815552
Steps = 26100, test loss = 0.9691383838653564
Steps = 26200, train loss = 0.7933903932571411
Steps = 26200, test loss = 0.9538195729255676
Steps = 26300, train loss = 0.6176297068595886
Steps = 26300, test loss = 1.0974868535995483
Steps = 26400, train loss = 0.5328255891799927
Steps = 26400, test loss = 1.1163899898529053
Steps = 26500, train loss = 0.5018540620803833
Steps = 26500, test loss = 0.9692209362983704
Steps = 26600, train loss = 0.696427047252655
Steps = 26600, test loss = 0.8056349158287048
Steps = 26700, train loss = 0.5395560264587402
Steps = 26700, test loss = 1.038026213645935
Steps = 26800, train loss = 0.48135071992874146
Steps = 26800, test loss = 0.4589551091194153
Steps = 26900, train loss = 0.6311342716217041
Steps = 26900, test loss = 0.6792553067207336
Steps = 27000, train loss = 0.5781990885734558
Steps = 27000, test loss = 0.7347562909126282
Steps = 27100, train loss = 0.5039958953857422
Steps = 27100, test loss = 0.6692269444465637
Steps = 27200, train loss = 0.44194385409355164
Steps = 27200, test loss = 0.5467275977134705
Steps = 27300, train loss = 0.5183205604553223
Steps = 27300, test loss = 0.4855690598487854
Steps = 27400, train loss = 0.5296729803085327
Steps = 27400, test loss = 1.03444242477417
Steps = 27500, train loss = 0.6206572651863098
Steps = 27500, test loss = 0.4327656030654907
Steps = 27600, train loss = 0.5582501292228699
Steps = 27600, test loss = 0.6827764511108398
Steps = 27700, train loss = 0.44045212864875793
Steps = 27700, test loss = 0.8778546452522278
Steps = 27800, train loss = 0.49655696749687195
Steps = 27800, test loss = 0.5575882196426392
Steps = 27900, train loss = 0.6171798706054688
Steps = 27900, test loss = 0.6514533162117004
Steps = 28000, train loss = 0.39135006070137024
Steps = 28000, test loss = 0.8323542475700378
Steps = 28100, train loss = 0.40949547290802
Steps = 28100, test loss = 0.570824921131134
Steps = 28200, train loss = 0.39590027928352356
Steps = 28200, test loss = 0.6100637316703796
Steps = 28300, train loss = 0.49508559703826904
Steps = 28300, test loss = 0.5285038352012634
Steps = 28400, train loss = 0.5557786822319031
Steps = 28400, test loss = 0.5235288143157959
Steps = 28500, train loss = 0.4347410798072815
Steps = 28500, test loss = 0.4902206063270569
Steps = 28600, train loss = 0.36108314990997314
Steps = 28600, test loss = 0.39922940731048584
Steps = 28700, train loss = 0.4284956157207489
Steps = 28700, test loss = 0.5657587647438049
Steps = 28800, train loss = 0.25031018257141113
Steps = 28800, test loss = 0.5171101689338684
Steps = 28900, train loss = 0.1963059902191162
Steps = 28900, test loss = 0.5436680912971497
Steps = 29000, train loss = 0.4695627987384796
Steps = 29000, test loss = 0.9112548232078552
Steps = 29100, train loss = 0.4029400050640106
Steps = 29100, test loss = 0.6792194247245789
Steps = 29200, train loss = 0.3874765634536743
Steps = 29200, test loss = 0.6095935702323914
Steps = 29300, train loss = 0.33159613609313965
Steps = 29300, test loss = 0.5484881401062012
Steps = 29400, train loss = 0.2528430223464966
Steps = 29400, test loss = 0.9671829342842102
Steps = 29500, train loss = 0.22306953370571136
Steps = 29500, test loss = 0.46820324659347534
Steps = 29600, train loss = 0.6309146881103516
Steps = 29600, test loss = 0.6940624713897705
Steps = 29700, train loss = 0.38069623708724976
Steps = 29700, test loss = 0.3352009356021881
Steps = 29800, train loss = 0.2645752429962158
Steps = 29800, test loss = 0.687837541103363
Steps = 29900, train loss = 0.41584229469299316
Steps = 29900, test loss = 0.4514601528644562
Steps = 30000, train loss = 0.3385837972164154
Steps = 30000, test loss = 0.45858675241470337
Steps = 30100, train loss = 0.40218833088874817
Steps = 30100, test loss = 0.572175145149231
Steps = 30200, train loss = 0.21433685719966888
Steps = 30200, test loss = 0.419364869594574
Steps = 30300, train loss = 0.2735086977481842
Steps = 30300, test loss = 0.5108758211135864
Steps = 30400, train loss = 0.1633298397064209
Steps = 30400, test loss = 0.5410710573196411
Steps = 30500, train loss = 0.3279000520706177
Steps = 30500, test loss = 0.4302932322025299
Steps = 30600, train loss = 0.1711236834526062
Steps = 30600, test loss = 0.5674804449081421
Steps = 30700, train loss = 0.3425859808921814
Steps = 30700, test loss = 0.4035241901874542
Steps = 30800, train loss = 0.3867831826210022
Steps = 30800, test loss = 0.535322368144989
Steps = 30900, train loss = 0.3995688855648041
Steps = 30900, test loss = 0.35741421580314636
Steps = 31000, train loss = 0.3577280044555664
Steps = 31000, test loss = 0.4209992289543152
Steps = 31100, train loss = 0.3499533534049988
Steps = 31100, test loss = 0.663858950138092
Steps = 31200, train loss = 0.2569260597229004
Steps = 31200, test loss = 0.3760395348072052
Steps = 31300, train loss = 0.24984394013881683
Steps = 31300, test loss = 0.5172393321990967
Steps = 31400, train loss = 0.2105867862701416
Steps = 31400, test loss = 0.39898812770843506
Steps = 31500, train loss = 0.33314359188079834
Steps = 31500, test loss = 0.16624750196933746
Steps = 31600, train loss = 0.3755689263343811
Steps = 31600, test loss = 0.21938443183898926
Steps = 31700, train loss = 0.22730717062950134
Steps = 31700, test loss = 0.15960700809955597
Steps = 31800, train loss = 0.24130718410015106
Steps = 31800, test loss = 0.1698634773492813
Steps = 31900, train loss = 0.2566704750061035
Steps = 31900, test loss = 0.32969677448272705
Steps = 32000, train loss = 0.22735019028186798
Steps = 32000, test loss = 0.5306605696678162
Steps = 32100, train loss = 0.5071679949760437
Steps = 32100, test loss = 0.9749838709831238
Steps = 32200, train loss = 0.38230830430984497
Steps = 32200, test loss = 0.48608121275901794
Steps = 32300, train loss = 0.13056644797325134
Steps = 32300, test loss = 0.5432791113853455
Steps = 32400, train loss = 0.24878087639808655
Steps = 32400, test loss = 0.2917795777320862
Steps = 32500, train loss = 0.10653753578662872
Steps = 32500, test loss = 0.12803079187870026
Steps = 32600, train loss = 0.22288046777248383
Steps = 32600, test loss = 0.3004845380783081
Steps = 32700, train loss = 0.17819148302078247
Steps = 32700, test loss = 0.6688598394393921
Steps = 32800, train loss = 0.3722517192363739
Steps = 32800, test loss = 0.39124584197998047
Steps = 32900, train loss = 0.3066449463367462
Steps = 32900, test loss = 0.3450719714164734
Steps = 33000, train loss = 0.21108350157737732
Steps = 33000, test loss = 0.28824469447135925
Steps = 33100, train loss = 0.40912604331970215
Steps = 33100, test loss = 0.5896211862564087
Steps = 33200, train loss = 0.3816576898097992
Steps = 33200, test loss = 0.30219823122024536
Steps = 33300, train loss = 0.10512019693851471
Steps = 33300, test loss = 0.25250712037086487
Steps = 33400, train loss = 0.0633421540260315
Steps = 33400, test loss = 0.23214052617549896
Steps = 33500, train loss = 0.23006179928779602
Steps = 33500, test loss = 0.26717615127563477
Steps = 33600, train loss = 0.2196430265903473
Steps = 33600, test loss = 0.3923904001712799
Steps = 33700, train loss = 0.2702615261077881
Steps = 33700, test loss = 0.3319951295852661
Steps = 33800, train loss = 0.18635594844818115
Steps = 33800, test loss = 0.3873065114021301
Steps = 33900, train loss = 0.15408866107463837
Steps = 33900, test loss = 0.5353699922561646
Steps = 34000, train loss = 0.17336741089820862
Steps = 34000, test loss = 0.2208019644021988
Steps = 34100, train loss = 0.08271176367998123
Steps = 34100, test loss = 0.14581596851348877
Steps = 34200, train loss = 0.17244331538677216
Steps = 34200, test loss = 0.35120826959609985
Steps = 34300, train loss = 0.21853519976139069
Steps = 34300, test loss = 0.22179941833019257
Steps = 34400, train loss = 0.16447344422340393
Steps = 34400, test loss = 0.5700697898864746
Steps = 34500, train loss = 0.8246663808822632
Steps = 34500, test loss = 0.8260373473167419
Steps = 34600, train loss = 0.36165651679039
Steps = 34600, test loss = 0.40728017687797546
Steps = 34700, train loss = 0.14825841784477234
Steps = 34700, test loss = 0.7236860394477844
Steps = 34800, train loss = 0.1305503100156784
Steps = 34800, test loss = 0.2901892364025116
Steps = 34900, train loss = 0.15947191417217255
Steps = 34900, test loss = 0.3493049740791321
Steps = 35000, train loss = 0.1593330353498459
Steps = 35000, test loss = 0.26905402541160583
Steps = 35100, train loss = 0.16950644552707672
Steps = 35100, test loss = 0.13409096002578735
Steps = 35200, train loss = 0.08932944387197495
Steps = 35200, test loss = 0.13192033767700195
Steps = 35300, train loss = 0.2693406939506531
Steps = 35300, test loss = 0.15683268010616302
Steps = 35400, train loss = 0.2744087874889374
Steps = 35400, test loss = 0.27606067061424255
Steps = 35500, train loss = 0.6053779125213623
Steps = 35500, test loss = 0.4315352737903595
Steps = 35600, train loss = 0.19643698632717133
Steps = 35600, test loss = 0.23364971578121185
Steps = 35700, train loss = 0.11039446294307709
Steps = 35700, test loss = 0.23777566850185394
Steps = 35800, train loss = 0.6529030799865723
Steps = 35800, test loss = 0.5325759649276733
Steps = 35900, train loss = 0.18482129275798798
Steps = 35900, test loss = 0.34426456689834595
Steps = 36000, train loss = 0.24965286254882812
Steps = 36000, test loss = 0.3814694285392761
Steps = 36100, train loss = 0.03547783941030502
Steps = 36100, test loss = 0.19752174615859985
Steps = 36200, train loss = 0.1398913711309433
Steps = 36200, test loss = 0.11944960802793503
Steps = 36300, train loss = 0.11775203794240952
Steps = 36300, test loss = 0.2157389372587204
Steps = 36400, train loss = 0.1623600870370865
Steps = 36400, test loss = 0.1633272022008896
Steps = 36500, train loss = 0.13529957830905914
Steps = 36500, test loss = 0.155654639005661
Steps = 36600, train loss = 0.07404661923646927
Steps = 36600, test loss = 0.14479610323905945
Steps = 36700, train loss = 0.2089562565088272
Steps = 36700, test loss = 0.06257427483797073
Steps = 36800, train loss = 0.029544783756136894
Steps = 36800, test loss = 0.37890756130218506
Steps = 36900, train loss = 0.13826078176498413
Steps = 36900, test loss = 0.44435715675354004
Steps = 37000, train loss = 0.22058573365211487
Steps = 37000, test loss = 0.4594057500362396
Steps = 37100, train loss = 0.2742939889431
Steps = 37100, test loss = 0.22029300034046173
Steps = 37200, train loss = 0.0898708924651146
Steps = 37200, test loss = 0.1756395697593689
Steps = 37300, train loss = 0.020967736840248108
Steps = 37300, test loss = 0.13934306800365448
Steps = 37400, train loss = 0.009876793250441551
Steps = 37400, test loss = 0.023688463494181633
Steps = 37500, train loss = 0.011916529387235641
Steps = 37500, test loss = 0.04090505838394165
Steps = 37600, train loss = 0.00858995970338583
Steps = 37600, test loss = 0.029222767800092697
Steps = 37700, train loss = 0.010333226062357426
Steps = 37700, test loss = 0.036404531449079514
Steps = 37800, train loss = 0.01469770260155201
Steps = 37800, test loss = 0.033813051879405975
Steps = 37900, train loss = 0.013322094455361366
Steps = 37900, test loss = 0.03313587233424187
Steps = 38000, train loss = 0.011801578104496002
Steps = 38000, test loss = 0.023398488759994507
Steps = 38100, train loss = 0.013023902662098408
Steps = 38100, test loss = 0.028726834803819656
Steps = 38200, train loss = 0.008164829574525356
Steps = 38200, test loss = 0.023658858612179756
Steps = 38300, train loss = 0.01239920873194933
Steps = 38300, test loss = 0.04416259005665779
Steps = 38400, train loss = 0.005474674049764872
Steps = 38400, test loss = 0.007712305057793856
Steps = 38500, train loss = 0.008235743269324303
Steps = 38500, test loss = 0.016949571669101715
Steps = 38600, train loss = 0.004086170811206102
Steps = 38600, test loss = 0.008770948275923729
Steps = 38700, train loss = 0.005894710775464773
Steps = 38700, test loss = 0.03849314525723457
Steps = 38800, train loss = 0.009231584146618843
Steps = 38800, test loss = 0.016480708494782448
Steps = 38900, train loss = 0.007112415973097086
Steps = 38900, test loss = 0.011485791765153408
Steps = 39000, train loss = 0.00772091094404459
Steps = 39000, test loss = 0.014492622576653957
Steps = 39100, train loss = 0.009168369695544243
Steps = 39100, test loss = 0.017012542113661766
Steps = 39200, train loss = 0.7973558306694031
Steps = 39200, test loss = 1.256062388420105
Steps = 39300, train loss = 0.2873038649559021
Steps = 39300, test loss = 0.3776521384716034
Steps = 39400, train loss = 0.21723760664463043
Steps = 39400, test loss = 0.2892572283744812
Steps = 39500, train loss = 0.1770990788936615
Steps = 39500, test loss = 0.2416195571422577
Steps = 39600, train loss = 0.25906825065612793
Steps = 39600, test loss = 0.3698892593383789
Steps = 39700, train loss = 0.2304753065109253
Steps = 39700, test loss = 0.3000860810279846
Steps = 39800, train loss = 0.24737414717674255
Steps = 39800, test loss = 0.3279322385787964
Steps = 39900, train loss = 0.3097311854362488
Steps = 39900, test loss = 0.06285765022039413
Steps = 40000, train loss = 0.037426065653562546
Steps = 40000, test loss = 0.2707807719707489
Steps = 40100, train loss = 0.13111713528633118
Steps = 40100, test loss = 0.3380964398384094
Steps = 40200, train loss = 0.09911397099494934
Steps = 40200, test loss = 0.30487504601478577
Steps = 40300, train loss = 0.12162404507398605
Steps = 40300, test loss = 0.19207794964313507
Steps = 40400, train loss = 0.14532169699668884
Steps = 40400, test loss = 0.40110427141189575
Steps = 40500, train loss = 0.08531613647937775
Steps = 40500, test loss = 0.2017139345407486
Steps = 40600, train loss = 0.048432011157274246
Steps = 40600, test loss = 0.3420727849006653
Steps = 40700, train loss = 0.13924162089824677
Steps = 40700, test loss = 0.15741991996765137
Steps = 40800, train loss = 0.1037171259522438
Steps = 40800, test loss = 0.38768458366394043
Steps = 40900, train loss = 0.1732964813709259
Steps = 40900, test loss = 0.16631922125816345
Steps = 41000, train loss = 0.12226533889770508
Steps = 41000, test loss = 0.20703330636024475
Steps = 41100, train loss = 0.091280497610569
Steps = 41100, test loss = 0.1021471843123436
Steps = 41200, train loss = 0.058695100247859955
Steps = 41200, test loss = 0.10485880821943283
Steps = 41300, train loss = 0.019317155703902245
Steps = 41300, test loss = 0.03588709235191345
Steps = 41400, train loss = 0.01425610575824976
Steps = 41400, test loss = 0.027011366561055183
Steps = 41500, train loss = 0.010292823426425457
Steps = 41500, test loss = 0.019073370844125748
Steps = 41600, train loss = 0.016564056277275085
Steps = 41600, test loss = 0.0170319601893425
Steps = 41700, train loss = 0.013560788705945015
Steps = 41700, test loss = 0.030511731281876564
Steps = 41800, train loss = 0.0046691251918673515
Steps = 41800, test loss = 0.014626463875174522
Steps = 41900, train loss = 0.008443621918559074
Steps = 41900, test loss = 0.02441813424229622
Steps = 42000, train loss = 0.006802478339523077
Steps = 42000, test loss = 0.027409303933382034
Steps = 42100, train loss = 0.0058465744368731976
Steps = 42100, test loss = 0.010352198034524918
Steps = 42200, train loss = 0.004989457316696644
Steps = 42200, test loss = 0.008535361848771572
Steps = 42300, train loss = 0.007221310865134001
Steps = 42300, test loss = 0.028129469603300095
Steps = 42400, train loss = 0.005076990462839603
Steps = 42400, test loss = 0.024906571954488754
Steps = 42500, train loss = 0.006143976002931595
Steps = 42500, test loss = 0.01599554717540741
Steps = 42600, train loss = 0.006642324384301901
Steps = 42600, test loss = 0.010980600491166115
Steps = 42700, train loss = 0.004413488786667585
Steps = 42700, test loss = 0.008780126459896564
Steps = 42800, train loss = 0.0066446345299482346
Steps = 42800, test loss = 0.009593150578439236
Steps = 42900, train loss = 0.003445968497544527
Steps = 42900, test loss = 0.007092241197824478
Steps = 43000, train loss = 0.003970256540924311
Steps = 43000, test loss = 0.010857682675123215
Steps = 43100, train loss = 0.004081569612026215
Steps = 43100, test loss = 0.019417786970734596
Steps = 43200, train loss = 0.0027887411415576935
Steps = 43200, test loss = 0.011971239931881428
Steps = 43300, train loss = 0.005427691154181957
Steps = 43300, test loss = 0.007110637612640858
Steps = 43400, train loss = 0.003330298000946641
Steps = 43400, test loss = 0.01837179996073246
Steps = 43500, train loss = 0.0032614145893603563
Steps = 43500, test loss = 0.015841029584407806
Steps = 43600, train loss = 0.0020017644856125116
Steps = 43600, test loss = 0.005229130852967501
Steps = 43700, train loss = 0.002499620197340846
Steps = 43700, test loss = 0.006600319407880306
Steps = 43800, train loss = 0.00221485598012805
Steps = 43800, test loss = 0.018069254234433174
Steps = 43900, train loss = 1.2556216716766357
Steps = 43900, test loss = 0.9881301522254944
Steps = 44000, train loss = 0.42314833402633667
Steps = 44000, test loss = 0.38874387741088867
Steps = 44100, train loss = 0.27395346760749817
Steps = 44100, test loss = 0.25117695331573486
Steps = 44200, train loss = 0.17783355712890625
Steps = 44200, test loss = 0.6594235301017761
Steps = 44300, train loss = 0.17651879787445068
Steps = 44300, test loss = 0.4331362545490265
Steps = 44400, train loss = 0.41309112310409546
Steps = 44400, test loss = 0.23546966910362244
Steps = 44500, train loss = 0.16256184875965118
Steps = 44500, test loss = 0.26365402340888977
Steps = 44600, train loss = 0.15739905834197998
Steps = 44600, test loss = 0.3114258944988251
Steps = 44700, train loss = 0.19070741534233093
Steps = 44700, test loss = 0.2421749383211136
Steps = 44800, train loss = 0.2065700739622116
Steps = 44800, test loss = 0.24978230893611908
Steps = 44900, train loss = 0.10383586585521698
Steps = 44900, test loss = 0.1384924203157425
Steps = 45000, train loss = 0.021171538159251213
Steps = 45000, test loss = 0.07914851605892181
Steps = 45100, train loss = 0.015060622245073318
Steps = 45100, test loss = 0.038974106311798096
Steps = 45200, train loss = 0.011250508017838001
Steps = 45200, test loss = 0.043926868587732315
Steps = 45300, train loss = 0.017249375581741333
Steps = 45300, test loss = 0.01865428499877453
Steps = 45400, train loss = 0.00886410940438509
Steps = 45400, test loss = 0.013610493391752243
Steps = 45500, train loss = 0.004974266979843378
Steps = 45500, test loss = 0.015645276755094528
Steps = 45600, train loss = 0.007251173257827759
Steps = 45600, test loss = 0.03340745344758034
Steps = 45700, train loss = 0.005234422627836466
Steps = 45700, test loss = 0.01696099154651165
Steps = 45800, train loss = 0.0051262048073112965
Steps = 45800, test loss = 0.03473537042737007
Steps = 45900, train loss = 0.004549887962639332
Steps = 45900, test loss = 0.009316030889749527
Steps = 46000, train loss = 0.005281863734126091
Steps = 46000, test loss = 0.014031677506864071
Steps = 46100, train loss = 0.0037095891311764717
Steps = 46100, test loss = 0.008204481564462185
Steps = 46200, train loss = 0.0021958709694445133
Steps = 46200, test loss = 0.024494456127285957
Steps = 46300, train loss = 0.0032068004366010427
Steps = 46300, test loss = 0.026388319209218025
Steps = 46400, train loss = 0.0026787391398102045
Steps = 46400, test loss = 0.013215885497629642
Steps = 46500, train loss = 0.0024372036568820477
Steps = 46500, test loss = 0.017428357154130936
Steps = 46600, train loss = 0.0035412919241935015
Steps = 46600, test loss = 0.01328674703836441
Steps = 46700, train loss = 0.004113773815333843
Steps = 46700, test loss = 0.007352722808718681
Steps = 46800, train loss = 0.0027705037500709295
Steps = 46800, test loss = 0.023878367617726326
Steps = 46900, train loss = 0.004019741900265217
Steps = 46900, test loss = 0.006405470427125692
Steps = 47000, train loss = 0.0019691523630172014
Steps = 47000, test loss = 0.009443754330277443
Steps = 47100, train loss = 0.0027055346872657537
Steps = 47100, test loss = 0.025409307330846786
Steps = 47200, train loss = 0.0034578011836856604
Steps = 47200, test loss = 0.010173178277909756
Steps = 47300, train loss = 0.001965118572115898
Steps = 47300, test loss = 0.010983264073729515
Steps = 47400, train loss = 0.0020347817335277796
Steps = 47400, test loss = 0.005209874827414751
Steps = 47500, train loss = 0.00138321693520993
Steps = 47500, test loss = 0.02317095547914505
Steps = 47600, train loss = 0.001845755148679018
Steps = 47600, test loss = 0.008926576934754848
Steps = 47700, train loss = 0.0021190273109823465
Steps = 47700, test loss = 0.007697995752096176
Steps = 47800, train loss = 0.002735612215474248
Steps = 47800, test loss = 0.0038108695298433304
Steps = 47900, train loss = 0.0011873822659254074
Steps = 47900, test loss = 0.008534600026905537
Steps = 48000, train loss = 0.0029819305054843426
Steps = 48000, test loss = 0.004090418573468924
Steps = 48100, train loss = 0.0012813283829018474
Steps = 48100, test loss = 0.007701867260038853
Steps = 48200, train loss = 0.002412216505035758
Steps = 48200, test loss = 0.006598604377359152
Steps = 48300, train loss = 0.0011548245092853904
Steps = 48300, test loss = 0.004391087219119072
Steps = 48400, train loss = 0.0011538941180333495
Steps = 48400, test loss = 0.0018754046177491546
Steps = 48500, train loss = 0.0012367104645818472
Steps = 48500, test loss = 0.00733755249530077
Steps = 48600, train loss = 0.0012442216975614429
Steps = 48600, test loss = 0.004811071325093508
Steps = 48700, train loss = 0.0010257124667987227
Steps = 48700, test loss = 0.0015368014574050903
Steps = 48800, train loss = 0.0014652734389528632
Steps = 48800, test loss = 0.0023666764609515667
Steps = 48900, train loss = 0.0010017585009336472
Steps = 48900, test loss = 0.0033745982218533754
Steps = 49000, train loss = 0.0008269496029242873
Steps = 49000, test loss = 0.003014701185747981
Steps = 49100, train loss = 0.0007077147020027041
Steps = 49100, test loss = 0.004299471154808998
Steps = 49200, train loss = 0.0005175328115001321
Steps = 49200, test loss = 0.004721592180430889
Steps = 49300, train loss = 0.001096112304367125
Steps = 49300, test loss = 0.0073876273818314075
Steps = 49400, train loss = 1.296357274055481
Steps = 49400, test loss = 1.4185880422592163
Steps = 49500, train loss = 0.3606477677822113
Steps = 49500, test loss = 0.5358975529670715
Steps = 49600, train loss = 0.32060420513153076
Steps = 49600, test loss = 0.3894314765930176
Steps = 49700, train loss = 0.10433885455131531
Steps = 49700, test loss = 0.2617470622062683
Steps = 49800, train loss = 0.16209883987903595
Steps = 49800, test loss = 0.24070867896080017
Steps = 49900, train loss = 0.10554634779691696
Steps = 49900, test loss = 0.18395505845546722
Steps = 50000, train loss = 0.2357812225818634
Steps = 50000, test loss = 0.11714451014995575
Steps = 50100, train loss = 0.04365187883377075
Steps = 50100, test loss = 0.1776939332485199
Steps = 50200, train loss = 0.021033864468336105
Steps = 50200, test loss = 0.1136893630027771
Steps = 50300, train loss = 0.022399429231882095
Steps = 50300, test loss = 0.11599768698215485
Steps = 50400, train loss = 0.10995316505432129
Steps = 50400, test loss = 0.465727299451828
Steps = 50500, train loss = 0.030455300584435463
Steps = 50500, test loss = 0.11886842548847198
Steps = 50600, train loss = 0.11783130466938019
Steps = 50600, test loss = 0.08866915851831436
Steps = 50700, train loss = 0.09080784022808075
Steps = 50700, test loss = 0.027738753706216812
Steps = 50800, train loss = 0.022406939417123795
Steps = 50800, test loss = 0.004766007419675589
Steps = 50900, train loss = 0.009166369214653969
Steps = 50900, test loss = 0.1516072005033493
Steps = 51000, train loss = 0.004455431830137968
Steps = 51000, test loss = 0.01851528510451317
Steps = 51100, train loss = 0.09451889246702194
Steps = 51100, test loss = 0.04117457941174507
Steps = 51200, train loss = 0.10305986553430557
Steps = 51200, test loss = 0.1475798487663269
Steps = 51300, train loss = 0.04927258938550949
Steps = 51300, test loss = 0.018767589703202248
Steps = 51400, train loss = 0.017379552125930786
Steps = 51400, test loss = 0.030097970739006996
Steps = 51500, train loss = 0.021047713235020638
Steps = 51500, test loss = 0.010530785657465458
Steps = 51600, train loss = 0.004319873638451099
Steps = 51600, test loss = 0.007897809147834778
Steps = 51700, train loss = 0.0035356879234313965
Steps = 51700, test loss = 0.04869503900408745
Steps = 51800, train loss = 0.00154353107791394
Steps = 51800, test loss = 0.00343043589964509
Steps = 51900, train loss = 0.029174691066145897
Steps = 51900, test loss = 0.003812997369095683
Steps = 52000, train loss = 0.002012542448937893
Steps = 52000, test loss = 0.003966731019318104
Steps = 52100, train loss = 0.00124168093316257
Steps = 52100, test loss = 0.009183278307318687
Steps = 52200, train loss = 0.0014065502909943461
Steps = 52200, test loss = 0.006659510545432568
Steps = 52300, train loss = 0.001945212483406067
Steps = 52300, test loss = 0.006313819903880358
Steps = 52400, train loss = 0.0014233302790671587
Steps = 52400, test loss = 0.0034160104114562273
Steps = 52500, train loss = 0.0006277930224314332
Steps = 52500, test loss = 0.0032607822213321924
Steps = 52600, train loss = 0.0012511748354882002
Steps = 52600, test loss = 0.0016085144598037004
Steps = 52700, train loss = 0.0009792167693376541
Steps = 52700, test loss = 0.0038231529761105776
Steps = 52800, train loss = 0.0010990978917106986
Steps = 52800, test loss = 0.0024297269992530346
Steps = 52900, train loss = 0.0010211962508037686
Steps = 52900, test loss = 0.0031750155612826347
Steps = 53000, train loss = 0.001617256784811616
Steps = 53000, test loss = 0.0008382874657399952
Steps = 53100, train loss = 0.0007574186893180013
Steps = 53100, test loss = 0.009808002971112728
Steps = 53200, train loss = 0.0006691407761536539
Steps = 53200, test loss = 0.001446377718821168
Steps = 53300, train loss = 0.0005911363987252116
Steps = 53300, test loss = 0.0020532109774649143
Steps = 53400, train loss = 0.0006185108795762062
Steps = 53400, test loss = 0.0011443720431998372
Steps = 53500, train loss = 0.0003659686481114477
Steps = 53500, test loss = 0.0022954402957111597
Steps = 53600, train loss = 0.0006557039450854063
Steps = 53600, test loss = 0.0006878514541313052
Steps = 53700, train loss = 0.0006288078729994595
Steps = 53700, test loss = 0.003077103989198804
Steps = 53800, train loss = 0.0007387818768620491
Steps = 53800, test loss = 0.003045539604499936
Steps = 53900, train loss = 0.000686339451931417
Steps = 53900, test loss = 0.0016552641754969954
Steps = 54000, train loss = 0.0008305361261591315
Steps = 54000, test loss = 0.0010806878563016653
Steps = 54100, train loss = 0.0003949422971345484
Steps = 54100, test loss = 0.0009739852393977344
Steps = 54200, train loss = 0.00035300341551192105
Steps = 54200, test loss = 0.0023233513347804546
Steps = 54300, train loss = 0.000748117861803621
Steps = 54300, test loss = 0.0005879655946046114
Steps = 54400, train loss = 0.0006111465627327561
Steps = 54400, test loss = 0.0006674090982414782
Steps = 54500, train loss = 0.0002908571041189134
Steps = 54500, test loss = 0.0011772208381444216
Steps = 54600, train loss = 0.0005473817582242191
Steps = 54600, test loss = 0.0008800603682175279
Steps = 54700, train loss = 0.00035143885179422796
Steps = 54700, test loss = 0.0014380388893187046
Steps = 54800, train loss = 0.0003831401700153947
Steps = 54800, test loss = 0.0009441722650080919
Steps = 54900, train loss = 0.00033418554812669754
Steps = 54900, test loss = 0.0018773367628455162
Steps = 55000, train loss = 0.00037454956327565014
Steps = 55000, test loss = 0.0010329521028324962
Steps = 55100, train loss = 0.00044561183312907815
Steps = 55100, test loss = 0.0015750466845929623
Steps = 55200, train loss = 0.0004334875848144293
Steps = 55200, test loss = 0.0007935363682918251
Steps = 55300, train loss = 0.00035927497083321214
Steps = 55300, test loss = 0.0007837790180929005
Steps = 55400, train loss = 0.00039334295433945954
Steps = 55400, test loss = 0.0012805714504793286
Steps = 55500, train loss = 0.00026540702674537897
Steps = 55500, test loss = 0.003110351972281933
Steps = 55600, train loss = 0.00019785220501944423
Steps = 55600, test loss = 0.0005948206526227295
Steps = 55700, train loss = 0.0002024890563916415
Steps = 55700, test loss = 0.001585302292369306
Steps = 55800, train loss = 0.00031036706059239805
Steps = 55800, test loss = 0.0005932670901529491
Steps = 55900, train loss = 0.0001670553901931271
Steps = 55900, test loss = 0.0006307102157734334
Steps = 56000, train loss = 0.00018380659457761794
Steps = 56000, test loss = 0.0014170794747769833
Steps = 56100, train loss = 0.00027334687183611095
Steps = 56100, test loss = 0.000663454644382
Steps = 56200, train loss = 0.00015502498717978597
Steps = 56200, test loss = 0.0004283438320271671
Steps = 56300, train loss = 0.00023862451780587435
Steps = 56300, test loss = 0.0009690035367384553
Steps = 56400, train loss = 0.00015613815048709512
Steps = 56400, test loss = 0.0003895956906490028
Steps = 56500, train loss = 0.00016986113041639328
Steps = 56500, test loss = 0.0009788020979613066
Steps = 56600, train loss = 0.00018992822151631117
Steps = 56600, test loss = 0.00023376135504804552
Steps = 56700, train loss = 0.00015790449106134474
Steps = 56700, test loss = 0.000893890333827585
Steps = 56800, train loss = 0.00012750581663567573
Steps = 56800, test loss = 0.0007179812528192997
Steps = 56900, train loss = 0.0002107570180669427
Steps = 56900, test loss = 0.0006652948213741183
Steps = 57000, train loss = 0.00016005334327928722
Steps = 57000, test loss = 0.00042573284008540213
Steps = 57100, train loss = 0.0001138621082645841
Steps = 57100, test loss = 0.0005384119576774538
Steps = 57200, train loss = 0.00011536476813489571
Steps = 57200, test loss = 0.0004119684163015336
Steps = 57300, train loss = 7.921500946395099e-05
Steps = 57300, test loss = 0.0006932175601832569
Steps = 57400, train loss = 0.00011033098417101428
Steps = 57400, test loss = 0.0004187107551842928
Steps = 57500, train loss = 0.00011147273471578956
Steps = 57500, test loss = 0.0002142925950465724
Steps = 57600, train loss = 0.00012781540863215923
Steps = 57600, test loss = 0.00029117491794750094
Steps = 57700, train loss = 0.00012976553989574313
Steps = 57700, test loss = 0.0004397303855512291
Steps = 57800, train loss = 8.005386189324781e-05
Steps = 57800, test loss = 0.00023157914984039962
Steps = 57900, train loss = 0.00012979359598830342
Steps = 57900, test loss = 0.000286231777863577
Steps = 58000, train loss = 7.9957208072301e-05
Steps = 58000, test loss = 0.0002915595250669867
Steps = 58100, train loss = 7.743247988400981e-05
Steps = 58100, test loss = 0.00028029712848365307
Steps = 58200, train loss = 7.750219810986891e-05
Steps = 58200, test loss = 0.00030773886828683317
Steps = 58300, train loss = 7.53170097596012e-05
Steps = 58300, test loss = 0.0004218772519379854
Steps = 58400, train loss = 8.506770973326638e-05
Steps = 58400, test loss = 0.00019196356879547238
Steps = 58500, train loss = 6.950952229090035e-05
Steps = 58500, test loss = 0.00023210544895846397
Steps = 58600, train loss = 8.016980427782983e-05
Steps = 58600, test loss = 0.0002667256339918822
Steps = 58700, train loss = 6.167622632347047e-05
Steps = 58700, test loss = 0.00022262419224716723
Steps = 58800, train loss = 4.5025382860330865e-05
Steps = 58800, test loss = 0.00024042106815613806
Steps = 58900, train loss = 4.8046622396213934e-05
Steps = 58900, test loss = 0.00018390960758551955
Steps = 59000, train loss = 5.477700324263424e-05
Steps = 59000, test loss = 0.00021842666319571435
Steps = 59100, train loss = 6.309441232588142e-05
Steps = 59100, test loss = 9.427623444935307e-05
Steps = 59200, train loss = 4.9849455535877496e-05
Steps = 59200, test loss = 0.00014893620391376317
Steps = 59300, train loss = 4.9682199460221455e-05
Steps = 59300, test loss = 0.00014990354247856885
Steps = 59400, train loss = 4.7737423301441595e-05
Steps = 59400, test loss = 0.00014292614650912583
Steps = 59500, train loss = 5.4483145504491404e-05
Steps = 59500, test loss = 0.00025822719908319414
Steps = 59600, train loss = 3.129515971522778e-05
Steps = 59600, test loss = 6.9025183620397e-05
Steps = 59700, train loss = 4.680601705331355e-05
Steps = 59700, test loss = 0.00020026392303407192
Steps = 59800, train loss = 4.3613104935502633e-05
Steps = 59800, test loss = 0.0002032392076216638
Steps = 59900, train loss = 3.46403248840943e-05
Steps = 59900, test loss = 6.173627480166033e-05
Steps = 60000, train loss = 3.4237815270898864e-05
Steps = 60000, test loss = 0.0008189765503630042
Test accuracy: 1.0 (got 32 right out of 32)
The time it took to go from (almost) zero (1e-4) training loss to almost zero test loss was 1 iterations
