LR = 0.001, batch_size = 256, block_size = 9


number of parameters: 0.41M
Steps = 0, train loss = 4.671126365661621
Steps = 0, test loss = 4.668796062469482
Steps = 100, train loss = 4.553256511688232
Steps = 100, test loss = 4.562664985656738
Steps = 200, train loss = 4.456111431121826
Steps = 200, test loss = 4.48779821395874
Steps = 300, train loss = 4.556915760040283
Steps = 300, test loss = 4.551928520202637
Steps = 400, train loss = 4.467993259429932
Steps = 400, test loss = 4.48509407043457
Steps = 500, train loss = 3.756744146347046
Steps = 500, test loss = 3.6353402137756348
Steps = 600, train loss = 2.530045509338379
Steps = 600, test loss = 2.524235963821411
Steps = 700, train loss = 2.2583770751953125
Steps = 700, test loss = 2.4205126762390137
Steps = 800, train loss = 2.032167673110962
Steps = 800, test loss = 1.9948827028274536
Steps = 900, train loss = 1.8210511207580566
Steps = 900, test loss = 1.9194715023040771
Steps = 1000, train loss = 1.7957878112792969
Steps = 1000, test loss = 1.873826026916504
Steps = 1100, train loss = 1.8736201524734497
Steps = 1100, test loss = 1.7813351154327393
Steps = 1200, train loss = 1.7003803253173828
Steps = 1200, test loss = 1.7168320417404175
Steps = 1300, train loss = 1.5123423337936401
Steps = 1300, test loss = 1.5663174390792847
Steps = 1400, train loss = 1.5108247995376587
Steps = 1400, test loss = 1.5344586372375488
Steps = 1500, train loss = 1.6576114892959595
Steps = 1500, test loss = 1.7073981761932373
Steps = 1600, train loss = 1.5360300540924072
Steps = 1600, test loss = 1.6772087812423706
Steps = 1700, train loss = 1.5026031732559204
Steps = 1700, test loss = 1.552237868309021
Steps = 1800, train loss = 1.3786331415176392
Steps = 1800, test loss = 1.50209641456604
Steps = 1900, train loss = 1.4084079265594482
Steps = 1900, test loss = 1.5140411853790283
Steps = 2000, train loss = 1.380502700805664
Steps = 2000, test loss = 1.5551701784133911
Steps = 2100, train loss = 1.704395055770874
Steps = 2100, test loss = 1.7850443124771118
Steps = 2200, train loss = 1.6653717756271362
Steps = 2200, test loss = 1.6981868743896484
Steps = 2300, train loss = 1.4022055864334106
Steps = 2300, test loss = 1.4990350008010864
Steps = 2400, train loss = 1.3888957500457764
Steps = 2400, test loss = 1.5046859979629517
Steps = 2500, train loss = 1.4223915338516235
Steps = 2500, test loss = 1.5683410167694092
Steps = 2600, train loss = 1.401435136795044
Steps = 2600, test loss = 1.5740525722503662
Steps = 2700, train loss = 1.4314407110214233
Steps = 2700, test loss = 1.6340844631195068
Steps = 2800, train loss = 1.4166489839553833
Steps = 2800, test loss = 1.6588674783706665
Steps = 2900, train loss = 1.4049036502838135
Steps = 2900, test loss = 1.5563530921936035
Steps = 3000, train loss = 1.331171989440918
Steps = 3000, test loss = 1.522801399230957
Steps = 3100, train loss = 1.5768823623657227
Steps = 3100, test loss = 1.6120587587356567
Steps = 3200, train loss = 1.365370273590088
Steps = 3200, test loss = 1.556103229522705
Steps = 3300, train loss = 1.376049280166626
Steps = 3300, test loss = 1.5665395259857178
Steps = 3400, train loss = 1.3145170211791992
Steps = 3400, test loss = 1.5073679685592651
Steps = 3500, train loss = 1.1708049774169922
Steps = 3500, test loss = 1.4123817682266235
Steps = 3600, train loss = 1.4313602447509766
Steps = 3600, test loss = 1.3763842582702637
Steps = 3700, train loss = 1.0122281312942505
Steps = 3700, test loss = 1.280707597732544
Steps = 3800, train loss = 0.8740960359573364
Steps = 3800, test loss = 1.105333924293518
Steps = 3900, train loss = 0.8175226449966431
Steps = 3900, test loss = 1.0950902700424194
Steps = 4000, train loss = 0.7529059648513794
Steps = 4000, test loss = 0.9888244271278381
Steps = 4100, train loss = 0.9501531720161438
Steps = 4100, test loss = 1.1398063898086548
Steps = 4200, train loss = 0.834193229675293
Steps = 4200, test loss = 1.103297472000122
Steps = 4300, train loss = 0.6950476169586182
Steps = 4300, test loss = 1.0030227899551392
Steps = 4400, train loss = 0.7195486426353455
Steps = 4400, test loss = 0.9067026972770691
Steps = 4500, train loss = 1.2050344944000244
Steps = 4500, test loss = 1.5192146301269531
Steps = 4600, train loss = 0.5588589310646057
Steps = 4600, test loss = 0.9976741671562195
Steps = 4700, train loss = 0.6003650426864624
Steps = 4700, test loss = 1.0644465684890747
Steps = 4800, train loss = 0.5167446136474609
Steps = 4800, test loss = 0.818443775177002
Steps = 4900, train loss = 0.4976535141468048
Steps = 4900, test loss = 0.948199987411499
Steps = 5000, train loss = 0.5359722971916199
Steps = 5000, test loss = 0.8961570262908936
Steps = 5100, train loss = 0.49518370628356934
Steps = 5100, test loss = 0.9147228002548218
Steps = 5200, train loss = 0.41913947463035583
Steps = 5200, test loss = 0.9538145661354065
Steps = 5300, train loss = 0.570519208908081
Steps = 5300, test loss = 0.9597761034965515
Steps = 5400, train loss = 0.3411754071712494
Steps = 5400, test loss = 0.8022911548614502
Steps = 5500, train loss = 0.2882049083709717
Steps = 5500, test loss = 0.7717304825782776
Steps = 5600, train loss = 0.3098145127296448
Steps = 5600, test loss = 0.7111852765083313
Steps = 5700, train loss = 0.31612512469291687
Steps = 5700, test loss = 0.9295122027397156
Steps = 5800, train loss = 0.137180894613266
Steps = 5800, test loss = 0.46890801191329956
Steps = 5900, train loss = 0.09387712925672531
Steps = 5900, test loss = 0.33125078678131104
Steps = 6000, train loss = 0.04649697616696358
Steps = 6000, test loss = 0.30683085322380066
Steps = 6100, train loss = 0.028656991198658943
Steps = 6100, test loss = 0.20342883467674255
Steps = 6200, train loss = 0.014724759384989738
Steps = 6200, test loss = 0.2038167268037796
Steps = 6300, train loss = 0.013179799541831017
Steps = 6300, test loss = 0.19215409457683563
Steps = 6400, train loss = 0.009183154441416264
Steps = 6400, test loss = 0.1924496591091156
Steps = 6500, train loss = 0.0061663175001740456
Steps = 6500, test loss = 0.11865593492984772
Steps = 6600, train loss = 0.005397649947553873
Steps = 6600, test loss = 0.0751531794667244
Steps = 6700, train loss = 0.004175596404820681
Steps = 6700, test loss = 0.056336238980293274
Steps = 6800, train loss = 0.002897101454436779
Steps = 6800, test loss = 0.16337455809116364
Steps = 6900, train loss = 0.004148951265960932
Steps = 6900, test loss = 0.09941717237234116
Steps = 7000, train loss = 0.0032231765799224377
Steps = 7000, test loss = 0.09256232529878616
Steps = 7100, train loss = 0.002507951343432069
Steps = 7100, test loss = 0.058516211807727814
Steps = 7200, train loss = 0.002222715876996517
Steps = 7200, test loss = 0.057520925998687744
Steps = 7300, train loss = 0.0019672266207635403
Steps = 7300, test loss = 0.0830104872584343
Steps = 7400, train loss = 0.001682596281170845
Steps = 7400, test loss = 0.06833495944738388
Steps = 7500, train loss = 0.0014535203808918595
Steps = 7500, test loss = 0.14535574615001678
Steps = 7600, train loss = 0.0014395758043974638
Steps = 7600, test loss = 0.05960620194673538
Steps = 7700, train loss = 0.0013886602828279138
Steps = 7700, test loss = 0.04737978056073189
Steps = 7800, train loss = 0.001213863492012024
Steps = 7800, test loss = 0.032342687249183655
Steps = 7900, train loss = 0.001276470604352653
Steps = 7900, test loss = 0.038688141852617264
Steps = 8000, train loss = 0.001100995927117765
Steps = 8000, test loss = 0.05101579427719116
Steps = 8100, train loss = 0.001112890662625432
Steps = 8100, test loss = 0.018734583631157875
Steps = 8200, train loss = 0.0008492150227539241
Steps = 8200, test loss = 0.03888920694589615
Steps = 8300, train loss = 0.0009989457903429866
Steps = 8300, test loss = 0.0653749480843544
Steps = 8400, train loss = 0.0007562938262708485
Steps = 8400, test loss = 0.03191936016082764
Steps = 8500, train loss = 0.0006942952750250697
Steps = 8500, test loss = 0.02287956513464451
Steps = 8600, train loss = 0.0007153328042477369
Steps = 8600, test loss = 0.026564540341496468
Steps = 8700, train loss = 0.0007244766457006335
Steps = 8700, test loss = 0.02481771446764469
Steps = 8800, train loss = 0.0006115247961133718
Steps = 8800, test loss = 0.015113173983991146
Steps = 8900, train loss = 0.0006086446810513735
Steps = 8900, test loss = 0.03284589573740959
Steps = 9000, train loss = 0.0005876420764252543
Steps = 9000, test loss = 0.014259629882872105
Steps = 9100, train loss = 0.000500576919876039
Steps = 9100, test loss = 0.0186359491199255
Steps = 9200, train loss = 0.0005183041212148964
Steps = 9200, test loss = 0.0430527962744236
Steps = 9300, train loss = 0.0004975377232767642
Steps = 9300, test loss = 0.013219640590250492
Steps = 9400, train loss = 0.0004485308309085667
Steps = 9400, test loss = 0.00959576666355133
Steps = 9500, train loss = 0.00039195019053295255
Steps = 9500, test loss = 0.013634424656629562
Steps = 9600, train loss = 0.00041122775292024016
Steps = 9600, test loss = 0.007181817665696144
Steps = 9700, train loss = 0.00041593771311454475
Steps = 9700, test loss = 0.01130441203713417
Steps = 9800, train loss = 0.00039266690146178007
Steps = 9800, test loss = 0.03494729846715927
Steps = 9900, train loss = 0.0003238882636651397
Steps = 9900, test loss = 0.02837231010198593
Steps = 10000, train loss = 0.0003724818234331906
Steps = 10000, test loss = 0.0246860533952713
Steps = 10100, train loss = 0.0003029312356375158
Steps = 10100, test loss = 0.033655207604169846
Steps = 10200, train loss = 0.0002555496175773442
Steps = 10200, test loss = 0.005083846859633923
Steps = 10300, train loss = 0.00030103104654699564
Steps = 10300, test loss = 0.028295576572418213
Steps = 10400, train loss = 0.00028496477170847356
Steps = 10400, test loss = 0.013238304294645786
Steps = 10500, train loss = 0.00023375936143565923
Steps = 10500, test loss = 0.007093451917171478
Steps = 10600, train loss = 0.00022355568944476545
Steps = 10600, test loss = 0.012033229693770409
Steps = 10700, train loss = 0.00019971115398220718
Steps = 10700, test loss = 0.008757133968174458
Steps = 10800, train loss = 0.0002296504972036928
Steps = 10800, test loss = 0.028318511322140694
Steps = 10900, train loss = 0.00019671127665787935
Steps = 10900, test loss = 0.025455858558416367
Steps = 11000, train loss = 0.00021937236306257546
Steps = 11000, test loss = 0.011356551200151443
Steps = 11100, train loss = 0.00018018887203652412
Steps = 11100, test loss = 0.005088502075523138
Steps = 11200, train loss = 0.00018028676277026534
Steps = 11200, test loss = 0.005824726074934006
Steps = 11300, train loss = 0.00014481887046713382
Steps = 11300, test loss = 0.007871866226196289
Steps = 11400, train loss = 0.00015193400031421334
Steps = 11400, test loss = 0.0029348062817007303
Steps = 11500, train loss = 0.00014404499961528927
Steps = 11500, test loss = 0.0014927488518878818
Steps = 11600, train loss = 0.00014320228365249932
Steps = 11600, test loss = 0.004578222054988146
Steps = 11700, train loss = 0.00013892268179915845
Steps = 11700, test loss = 0.003968934528529644
Steps = 11800, train loss = 0.00012049806537106633
Steps = 11800, test loss = 0.006965131498873234
Steps = 11900, train loss = 0.00013405513891484588
Steps = 11900, test loss = 0.006350724492222071
Steps = 12000, train loss = 0.00012932390382047743
Steps = 12000, test loss = 0.004970397334545851
Steps = 12100, train loss = 0.00011424630065448582
Steps = 12100, test loss = 0.002796500688418746
Steps = 12200, train loss = 0.00010269423364661634
Steps = 12200, test loss = 0.0014169159112498164
Steps = 12300, train loss = 0.00011078926036134362
Steps = 12300, test loss = 0.004497035872191191
Steps = 12400, train loss = 9.820581908570603e-05
Steps = 12400, test loss = 0.007729843258857727
Steps = 12500, train loss = 8.569575584260747e-05
Steps = 12500, test loss = 0.04056611284613609
Steps = 12600, train loss = 8.491765765938908e-05
Steps = 12600, test loss = 0.0017964193830266595
Steps = 12700, train loss = 1.1000523567199707
Steps = 12700, test loss = 1.1984668970108032
Steps = 12800, train loss = 0.2865552306175232
Steps = 12800, test loss = 0.2858973443508148
Steps = 12900, train loss = 0.14889223873615265
Steps = 12900, test loss = 0.21711210906505585
Steps = 13000, train loss = 0.06084957346320152
Steps = 13000, test loss = 0.10370320826768875
Steps = 13100, train loss = 0.018088025972247124
Steps = 13100, test loss = 0.03737922012805939
Steps = 13200, train loss = 0.009556950069963932
Steps = 13200, test loss = 0.020514165982604027
Steps = 13300, train loss = 0.05840212106704712
Steps = 13300, test loss = 0.10263641923666
Steps = 13400, train loss = 0.03262794017791748
Steps = 13400, test loss = 0.05545996129512787
Steps = 13500, train loss = 0.009432517923414707
Steps = 13500, test loss = 0.04307437315583229
Steps = 13600, train loss = 0.007233015727251768
Steps = 13600, test loss = 0.02274080365896225
Steps = 13700, train loss = 0.004931895062327385
Steps = 13700, test loss = 0.030663322657346725
Steps = 13800, train loss = 0.0034687365405261517
Steps = 13800, test loss = 0.02080506458878517
Steps = 13900, train loss = 0.002804324496537447
Steps = 13900, test loss = 0.020207207649946213
Steps = 14000, train loss = 0.0026831936556845903
Steps = 14000, test loss = 0.005802505649626255
Steps = 14100, train loss = 0.0021392737980931997
Steps = 14100, test loss = 0.005095785483717918
Steps = 14200, train loss = 0.0020542126148939133
Steps = 14200, test loss = 0.005771183874458075
Steps = 14300, train loss = 0.0014489443274214864
Steps = 14300, test loss = 0.0062544867396354675
Steps = 14400, train loss = 0.0017062482656911016
Steps = 14400, test loss = 0.00693587027490139
Steps = 14500, train loss = 0.0013735998654738069
Steps = 14500, test loss = 0.020488528534770012
Steps = 14600, train loss = 0.0012415036326274276
Steps = 14600, test loss = 0.009283830411732197
Steps = 14700, train loss = 0.0009640378411859274
Steps = 14700, test loss = 0.02248503640294075
Steps = 14800, train loss = 0.0009472029632888734
Steps = 14800, test loss = 0.016177045181393623
Steps = 14900, train loss = 0.0008194684633053839
Steps = 14900, test loss = 0.003714777994900942
Steps = 15000, train loss = 0.0007914495072327554
Steps = 15000, test loss = 0.0025048498064279556
Steps = 15100, train loss = 0.0007208001334220171
Steps = 15100, test loss = 0.008888456039130688
Steps = 15200, train loss = 0.0007125828415155411
Steps = 15200, test loss = 0.0020803858060389757
Steps = 15300, train loss = 0.0006911546806804836
Steps = 15300, test loss = 0.002259222324937582
Steps = 15400, train loss = 0.0005472292541526258
Steps = 15400, test loss = 0.001713318401016295
Steps = 15500, train loss = 0.0005105947493575513
Steps = 15500, test loss = 0.0024852706119418144
Steps = 15600, train loss = 0.000469339604023844
Steps = 15600, test loss = 0.0017345227533951402
Steps = 15700, train loss = 0.0004091852460987866
Steps = 15700, test loss = 0.010536525398492813
Steps = 15800, train loss = 0.00036956032272428274
Steps = 15800, test loss = 0.002927479101344943
Steps = 15900, train loss = 0.0004190889303572476
Steps = 15900, test loss = 0.016222182661294937
Steps = 16000, train loss = 0.0003387877077329904
Steps = 16000, test loss = 0.00342762004584074
Steps = 16100, train loss = 0.0003218413912691176
Steps = 16100, test loss = 0.003793067065998912
Steps = 16200, train loss = 0.0003002143930643797
Steps = 16200, test loss = 0.00702466769143939
Steps = 16300, train loss = 0.0002687069936655462
Steps = 16300, test loss = 0.012240232899785042
Steps = 16400, train loss = 0.00026820090715773404
Steps = 16400, test loss = 0.0009759508538991213
Steps = 16500, train loss = 0.00023051747120916843
Steps = 16500, test loss = 0.0067093027755618095
Steps = 16600, train loss = 0.00023385390522889793
Steps = 16600, test loss = 0.001025224570184946
Steps = 16700, train loss = 0.00018380665278527886
Steps = 16700, test loss = 0.015877768397331238
Steps = 16800, train loss = 0.00018255163740832359
Steps = 16800, test loss = 0.0031278172973543406
Steps = 16900, train loss = 0.0001696567196631804
Steps = 16900, test loss = 0.0093887560069561
Steps = 17000, train loss = 1.4635744094848633
Steps = 17000, test loss = 1.4966450929641724
Steps = 17100, train loss = 0.06760171800851822
Steps = 17100, test loss = 0.09395724534988403
Steps = 17200, train loss = 0.023473922163248062
Steps = 17200, test loss = 0.04115719348192215
Steps = 17300, train loss = 0.013976702466607094
Steps = 17300, test loss = 0.025354819372296333
Steps = 17400, train loss = 0.008616683073341846
Steps = 17400, test loss = 0.014054756611585617
Steps = 17500, train loss = 0.006045629736036062
Steps = 17500, test loss = 0.014011227525770664
Steps = 17600, train loss = 0.004713007248938084
Steps = 17600, test loss = 0.011073879897594452
Steps = 17700, train loss = 0.0037745197769254446
Steps = 17700, test loss = 0.008426433429121971
Steps = 17800, train loss = 0.002761249430477619
Steps = 17800, test loss = 0.009653348475694656
Steps = 17900, train loss = 0.0023865236435085535
Steps = 17900, test loss = 0.00825799535959959
Steps = 18000, train loss = 0.001799212652258575
Steps = 18000, test loss = 0.0044456240721046925
Steps = 18100, train loss = 0.001758213504217565
Steps = 18100, test loss = 0.0049346680752933025
Steps = 18200, train loss = 0.001410763361491263
Steps = 18200, test loss = 0.003893707413226366
Steps = 18300, train loss = 0.0012012063525617123
Steps = 18300, test loss = 0.003059577662497759
Steps = 18400, train loss = 0.0011011110618710518
Steps = 18400, test loss = 0.002777724526822567
Steps = 18500, train loss = 0.0008978168480098248
Steps = 18500, test loss = 0.0018362551927566528
Steps = 18600, train loss = 0.0008741988567635417
Steps = 18600, test loss = 0.0023154609370976686
Steps = 18700, train loss = 0.0007510005962103605
Steps = 18700, test loss = 0.0029674097895622253
Steps = 18800, train loss = 0.0006794969667680562
Steps = 18800, test loss = 0.0023036152124404907
Steps = 18900, train loss = 0.0006530961254611611
Steps = 18900, test loss = 0.001711108023300767
Steps = 19000, train loss = 0.0005493174539878964
Steps = 19000, test loss = 0.0016510081477463245
Steps = 19100, train loss = 0.0005484736757352948
Steps = 19100, test loss = 0.0017612377414479852
Steps = 19200, train loss = 0.0004908358096145093
Steps = 19200, test loss = 0.0012270079459995031
Steps = 19300, train loss = 0.0004463353252504021
Steps = 19300, test loss = 0.0014902128605172038
Steps = 19400, train loss = 0.0003992512938566506
Steps = 19400, test loss = 0.0016577475471422076
Steps = 19500, train loss = 0.00037724702269770205
Steps = 19500, test loss = 0.0013789949007332325
Steps = 19600, train loss = 0.0003423442831262946
Steps = 19600, test loss = 0.000913334428332746
Steps = 19700, train loss = 0.00030889271874912083
Steps = 19700, test loss = 0.001091461512260139
Steps = 19800, train loss = 0.0002902200794778764
Steps = 19800, test loss = 0.0006698351935483515
Steps = 19900, train loss = 0.000281904503935948
Steps = 19900, test loss = 0.0007424788200296462
Steps = 20000, train loss = 0.00023123939172364771
Steps = 20000, test loss = 0.0006771710468456149
Test accuracy: 1.0 (got 256 right out of 256)
The testing loss never went to almost zero
