LR = 0.001, batch_size = 512, block_size = 9


number of parameters: 0.41M
Steps = 0, loss = 4.661948204040527
Steps = 100, loss = 3.8795385360717773
Steps = 200, loss = 1.4058406352996826
Steps = 300, loss = 0.04167477786540985
Steps = 400, loss = 0.012834287248551846
Steps = 500, loss = 0.007409235928207636
Steps = 600, loss = 0.005460694897919893
Steps = 700, loss = 0.003974411636590958
Steps = 800, loss = 0.0031785534229129553
Steps = 900, loss = 0.002610936760902405
Steps = 1000, loss = 0.0022106978576630354
Steps = 1100, loss = 0.0018780354876071215
Steps = 1200, loss = 0.0015884690219536424
Steps = 1300, loss = 0.001396090374328196
Steps = 1400, loss = 0.0012263108510524035
Steps = 1500, loss = 0.001104029011912644
Steps = 1600, loss = 0.0009957666043192148
Steps = 1700, loss = 0.0008753049769438803
Steps = 1800, loss = 0.000813898746855557
Steps = 1900, loss = 0.0007370312232524157
Steps = 2000, loss = 0.00067092728568241
Steps = 2100, loss = 0.0006149972323328257
Steps = 2200, loss = 0.0005573598900809884
Steps = 2300, loss = 0.0005284647922962904
Steps = 2400, loss = 0.00048618006985634565
Steps = 2500, loss = 0.0004459012998268008
Steps = 2600, loss = 0.00041362547199241817
Steps = 2700, loss = 0.00038595308433286846
Steps = 2800, loss = 0.00035251351073384285
Steps = 2900, loss = 0.00033575165434740484
Steps = 3000, loss = 0.0003148947434965521
Steps = 3100, loss = 0.00029724472551606596
Steps = 3200, loss = 0.00027635108563117683
Steps = 3300, loss = 0.0002574411337263882
Steps = 3400, loss = 0.00024180048785638064
Steps = 3500, loss = 0.00022506556706503034
Steps = 3600, loss = 0.00021246750839054585
Steps = 3700, loss = 0.00020207550551276654
Steps = 3800, loss = 0.00019062093633692712
Steps = 3900, loss = 0.00018261723744217306
Steps = 4000, loss = 0.00016912446881178766
Steps = 4100, loss = 0.00016252569912467152
Steps = 4200, loss = 0.00015298290236387402
Steps = 4300, loss = 0.00014568836195394397
Steps = 4400, loss = 0.00013716280227527022
Steps = 4500, loss = 0.00013068094267509878
Steps = 4600, loss = 0.00011875725613208488
Steps = 4700, loss = 0.00011458196968305856
Steps = 4800, loss = 0.00010536667105043307
Steps = 4900, loss = 0.00010324532922822982
Steps = 5000, loss = 9.966016659745947e-05
Steps = 5100, loss = 9.38525699893944e-05
Steps = 5200, loss = 8.65859110490419e-05
Steps = 5300, loss = 8.338712359545752e-05
Steps = 5400, loss = 7.79698311816901e-05
Steps = 5500, loss = 7.489371637348086e-05
Steps = 5600, loss = 7.024633669061586e-05
Steps = 5700, loss = 6.73764297971502e-05
Steps = 5800, loss = 6.293338810792193e-05
Steps = 5900, loss = 5.9002311900258064e-05
Steps = 6000, loss = 5.733044963562861e-05
Steps = 6100, loss = 5.511356357601471e-05
Steps = 6200, loss = 5.134566526976414e-05
Steps = 6300, loss = 4.8854741180548444e-05
Steps = 6400, loss = 4.704341699834913e-05
Steps = 6500, loss = 4.4484255340648815e-05
Steps = 6600, loss = 4.215792796458118e-05
Steps = 6700, loss = 3.989259130321443e-05
Steps = 6800, loss = 3.7970414268784225e-05
Steps = 6900, loss = 3.5936725907959044e-05
Steps = 7000, loss = 3.399149136384949e-05
Steps = 7100, loss = 3.325112265883945e-05
Steps = 7200, loss = 3.125513467239216e-05
Steps = 7300, loss = 2.8436576030799188e-05
Steps = 7400, loss = 2.785311698971782e-05
Steps = 7500, loss = 2.637794204929378e-05
Steps = 7600, loss = 2.4766801288933493e-05
Steps = 7700, loss = 2.3821527065592818e-05
Steps = 7800, loss = 2.2507238099933602e-05
Steps = 7900, loss = 2.1643458239850588e-05
Steps = 8000, loss = 2.024091372732073e-05
Steps = 8100, loss = 1.9185050405212678e-05
Steps = 8200, loss = 1.8361544789513573e-05
Steps = 8300, loss = 1.7315225704805925e-05
Steps = 8400, loss = 1.6453996067866683e-05
Steps = 8500, loss = 1.5759709640406072e-05
Steps = 8600, loss = 1.5357150914496742e-05
Steps = 8700, loss = 1.4395809557754546e-05
Steps = 8800, loss = 1.3802331523038447e-05
Steps = 8900, loss = 1.2653792509809136e-05
Steps = 9000, loss = 1.230804446095135e-05
Steps = 9100, loss = 1.1495711078168824e-05
Steps = 9200, loss = 1.1108517355751246e-05
Steps = 9300, loss = 1.0499205927771982e-05
Steps = 9400, loss = 9.709920050227083e-06
Steps = 9500, loss = 9.585587577021215e-06
Steps = 9600, loss = 9.08523998077726e-06
Steps = 9700, loss = 8.503169738105498e-06
Steps = 9800, loss = 8.216790774895344e-06
Steps = 9900, loss = 7.526686204073485e-06
Steps = 10000, loss = 7.276859832927585e-06
Steps = 10100, loss = 6.872436188132269e-06
Steps = 10200, loss = 6.537861736433115e-06
Steps = 10300, loss = 6.222843239811482e-06
Steps = 10400, loss = 5.790480827272404e-06
Steps = 10500, loss = 5.6479898375982884e-06
Steps = 10600, loss = 5.360910563467769e-06
Steps = 10700, loss = 5.03657838635263e-06
Steps = 10800, loss = 4.822142273042118e-06
Steps = 10900, loss = 4.661721959564602e-06
Steps = 11000, loss = 4.346705281932373e-06
Steps = 11100, loss = 4.070569502800936e-06
Steps = 11200, loss = 3.9066576391633134e-06
Steps = 11300, loss = 3.678484063129872e-06
Steps = 11400, loss = 3.573244612198323e-06
Steps = 11500, loss = 3.3480980619060574e-06
Steps = 11600, loss = 3.156711954943603e-06
Steps = 11700, loss = 3.053568207178614e-06
Steps = 11800, loss = 2.866838713089237e-06
Steps = 11900, loss = 2.6852321752812713e-06
Steps = 12000, loss = 2.6146849450014997e-06
Steps = 12100, loss = 2.4759183361311443e-06
Steps = 12200, loss = 2.345300572414999e-06
Steps = 12300, loss = 2.2149151845951565e-06
Steps = 12400, loss = 2.08336587093072e-06
Steps = 12500, loss = 1.986508550544386e-06
Steps = 12600, loss = 1.909209231598652e-06
Steps = 12700, loss = 1.7937256870936835e-06
Steps = 12800, loss = 1.6819675465740147e-06
Steps = 12900, loss = 1.6177064026123844e-06
Steps = 13000, loss = 1.546460339341138e-06
Steps = 13100, loss = 1.4032694934940082e-06
Steps = 13200, loss = 1.392326566929114e-06
Steps = 13300, loss = 1.3189851415518206e-06
Steps = 13400, loss = 1.226551489708072e-06
Steps = 13500, loss = 1.155072482106334e-06
Steps = 13600, loss = 1.0977961437674821e-06
Steps = 13700, loss = 1.0607760714265169e-06
Steps = 13800, loss = 9.918583145918092e-07
Steps = 13900, loss = 9.487847023592622e-07
Steps = 14000, loss = 8.789355661065201e-07
Steps = 14100, loss = 8.253845180661301e-07
Steps = 14200, loss = 7.937195505292038e-07
Steps = 14300, loss = 7.41332712550502e-07
Steps = 14400, loss = 7.308553335860779e-07
Steps = 14500, loss = 6.745103178218415e-07
Steps = 14600, loss = 6.528570679620316e-07
Steps = 14700, loss = 6.125773666099121e-07
Steps = 14800, loss = 5.727633265451004e-07
Steps = 14900, loss = 5.275941816762497e-07
Steps = 15000, loss = 5.136243430570175e-07
Steps = 15100, loss = 4.910397706225922e-07
Steps = 15200, loss = 4.721805169083382e-07
Steps = 15300, loss = 4.405155493714119e-07
Steps = 15400, loss = 4.1164454955833207e-07
Steps = 15500, loss = 4.0046867866294633e-07
Steps = 15600, loss = 3.6903654176967393e-07
Steps = 15700, loss = 3.485474451281334e-07
Steps = 15800, loss = 3.324821307160164e-07
Steps = 15900, loss = 3.124586953617836e-07
Steps = 16000, loss = 3.06405098626783e-07
Steps = 16100, loss = 2.9057261485831987e-07
Steps = 16200, loss = 2.6682388920562516e-07
Steps = 16300, loss = 2.5541518766658555e-07
Steps = 16400, loss = 2.42143840978315e-07
Steps = 16500, loss = 2.321321375120533e-07
Steps = 16600, loss = 2.230517424095524e-07
Steps = 16700, loss = 1.9813886353858834e-07
Steps = 16800, loss = 1.9813886353858834e-07
Steps = 16900, loss = 1.8090939590820199e-07
Steps = 17000, loss = 1.7718410560974007e-07
Steps = 17100, loss = 1.6996635565647011e-07
Steps = 17200, loss = 1.5669500896819955e-07
Steps = 17300, loss = 1.4668329129108315e-07
Steps = 17400, loss = 1.3574025103935128e-07
Steps = 17500, loss = 1.301523155916584e-07
Steps = 17600, loss = 1.2223607370742684e-07
Steps = 17700, loss = 1.175794679397768e-07
Steps = 17800, loss = 1.1781229858343067e-07
Steps = 17900, loss = 1.0896473412458363e-07
Steps = 18000, loss = 1.0943039541189137e-07
Steps = 18100, loss = 1.0128132288400593e-07
Steps = 18200, loss = 9.429640357438984e-08
Steps = 18300, loss = 9.15024358505434e-08
Steps = 18400, loss = 8.475034718458119e-08
Steps = 18500, loss = 8.102505688611927e-08
Steps = 18600, loss = 7.124616985265675e-08
Steps = 18700, loss = 3.629464626312256
Steps = 18800, loss = 0.3129727244377136
Steps = 18900, loss = 0.022589977830648422
Steps = 19000, loss = 0.005117916967719793
Steps = 19100, loss = 0.0031317032407969236
Steps = 19200, loss = 0.002265605144202709
Steps = 19300, loss = 0.0018382093403488398
Steps = 19400, loss = 0.0014401597436517477
Steps = 19500, loss = 0.0012704256223514676
Steps = 19600, loss = 0.001042402582243085
Steps = 19700, loss = 0.0008528549806214869
Steps = 19800, loss = 0.0007529544527642429
Steps = 19900, loss = 0.000708806561306119
Validation accuracy: 0.9993489583333334 (got 1535 right out of 1536)
