LR = 0.001, batch_size = 16, block_size = 9


number of parameters: 0.41M
Steps = 0, train loss = 4.621695518493652
Steps = 0, test loss = 4.691421985626221
Steps = 100, train loss = 4.591821193695068
Steps = 100, test loss = 4.614448547363281
Steps = 200, train loss = 4.46090030670166
Steps = 200, test loss = 4.671204090118408
Steps = 300, train loss = 4.591548919677734
Steps = 300, test loss = 4.575960159301758
Steps = 400, train loss = 4.573117256164551
Steps = 400, test loss = 4.641585826873779
Steps = 500, train loss = 4.577505588531494
Steps = 500, test loss = 4.56073522567749
Steps = 600, train loss = 4.5469584465026855
Steps = 600, test loss = 4.567636489868164
Steps = 700, train loss = 4.528313159942627
Steps = 700, test loss = 4.627788066864014
Steps = 800, train loss = 4.545405387878418
Steps = 800, test loss = 4.382635116577148
Steps = 900, train loss = 4.321261405944824
Steps = 900, test loss = 4.521700859069824
Steps = 1000, train loss = 4.577035903930664
Steps = 1000, test loss = 4.637760162353516
Steps = 1100, train loss = 4.552267551422119
Steps = 1100, test loss = 4.574616432189941
Steps = 1200, train loss = 4.273552417755127
Steps = 1200, test loss = 4.59355354309082
Steps = 1300, train loss = 4.586246013641357
Steps = 1300, test loss = 4.584401607513428
Steps = 1400, train loss = 4.546935081481934
Steps = 1400, test loss = 4.5597310066223145
Steps = 1500, train loss = 4.338829517364502
Steps = 1500, test loss = 4.582575798034668
Steps = 1600, train loss = 4.609286785125732
Steps = 1600, test loss = 4.623793601989746
Steps = 1700, train loss = 4.60501766204834
Steps = 1700, test loss = 4.270350456237793
Steps = 1800, train loss = 4.5630035400390625
Steps = 1800, test loss = 4.570542812347412
Steps = 1900, train loss = 4.636274337768555
Steps = 1900, test loss = 4.555507659912109
Steps = 2000, train loss = 4.586714267730713
Steps = 2000, test loss = 4.610101222991943
Steps = 2100, train loss = 4.586331844329834
Steps = 2100, test loss = 4.536696434020996
Steps = 2200, train loss = 4.574584484100342
Steps = 2200, test loss = 4.627458095550537
Steps = 2300, train loss = 4.595458030700684
Steps = 2300, test loss = 4.334519386291504
Steps = 2400, train loss = 4.607147693634033
Steps = 2400, test loss = 4.279002666473389
Steps = 2500, train loss = 4.571083068847656
Steps = 2500, test loss = 4.589908123016357
Steps = 2600, train loss = 4.513930797576904
Steps = 2600, test loss = 4.5257649421691895
Steps = 2700, train loss = 4.52596378326416
Steps = 2700, test loss = 4.656466484069824
Steps = 2800, train loss = 4.596211910247803
Steps = 2800, test loss = 4.577695369720459
Steps = 2900, train loss = 4.530397415161133
Steps = 2900, test loss = 4.330237865447998
Steps = 3000, train loss = 4.592696189880371
Steps = 3000, test loss = 4.59760046005249
Steps = 3100, train loss = 4.295417308807373
Steps = 3100, test loss = 4.587979793548584
Steps = 3200, train loss = 4.607232570648193
Steps = 3200, test loss = 4.582242012023926
Steps = 3300, train loss = 4.2835693359375
Steps = 3300, test loss = 4.529260158538818
Steps = 3400, train loss = 4.530462265014648
Steps = 3400, test loss = 4.582603454589844
Steps = 3500, train loss = 4.559752941131592
Steps = 3500, test loss = 4.26432466506958
Steps = 3600, train loss = 4.551246643066406
Steps = 3600, test loss = 4.610918998718262
Steps = 3700, train loss = 4.613290309906006
Steps = 3700, test loss = 4.515057563781738
Steps = 3800, train loss = 4.548816680908203
Steps = 3800, test loss = 4.565544128417969
Steps = 3900, train loss = 4.5345354080200195
Steps = 3900, test loss = 4.584251403808594
Steps = 4000, train loss = 4.331684112548828
Steps = 4000, test loss = 4.3253173828125
Steps = 4100, train loss = 4.553630352020264
Steps = 4100, test loss = 4.586026191711426
Steps = 4200, train loss = 4.5889668464660645
Steps = 4200, test loss = 4.282498359680176
Steps = 4300, train loss = 4.190792560577393
Steps = 4300, test loss = 4.613890171051025
Steps = 4400, train loss = 4.578999996185303
Steps = 4400, test loss = 4.498572826385498
Steps = 4500, train loss = 4.524868488311768
Steps = 4500, test loss = 4.298361778259277
Steps = 4600, train loss = 4.664332389831543
Steps = 4600, test loss = 4.588264465332031
Steps = 4700, train loss = 4.557560920715332
Steps = 4700, test loss = 4.537339210510254
Steps = 4800, train loss = 4.524302959442139
Steps = 4800, test loss = 4.590431213378906
Steps = 4900, train loss = 4.435884952545166
Steps = 4900, test loss = 4.312833786010742
Steps = 5000, train loss = 4.528584957122803
Steps = 5000, test loss = 4.578180313110352
Steps = 5100, train loss = 4.531500816345215
Steps = 5100, test loss = 4.603384494781494
Steps = 5200, train loss = 4.54758358001709
Steps = 5200, test loss = 4.566945552825928
Steps = 5300, train loss = 4.5374674797058105
Steps = 5300, test loss = 4.597346782684326
Steps = 5400, train loss = 4.254157066345215
Steps = 5400, test loss = 4.6581621170043945
Steps = 5500, train loss = 4.547247409820557
Steps = 5500, test loss = 4.6243815422058105
Steps = 5600, train loss = 4.295938014984131
Steps = 5600, test loss = 4.695967197418213
Steps = 5700, train loss = 4.614441394805908
Steps = 5700, test loss = 4.588593006134033
Steps = 5800, train loss = 4.595240592956543
Steps = 5800, test loss = 4.34667444229126
Steps = 5900, train loss = 4.612229347229004
Steps = 5900, test loss = 4.595520973205566
Steps = 6000, train loss = 4.469703197479248
Steps = 6000, test loss = 4.299765586853027
Steps = 6100, train loss = 4.368959903717041
Steps = 6100, test loss = 4.552928924560547
Steps = 6200, train loss = 4.635069847106934
Steps = 6200, test loss = 4.728224754333496
Steps = 6300, train loss = 4.57291316986084
Steps = 6300, test loss = 4.611421585083008
Steps = 6400, train loss = 4.541721343994141
Steps = 6400, test loss = 4.638354778289795
Steps = 6500, train loss = 4.286839962005615
Steps = 6500, test loss = 4.630173206329346
Steps = 6600, train loss = 4.284321308135986
Steps = 6600, test loss = 4.307975769042969
Steps = 6700, train loss = 4.597508907318115
Steps = 6700, test loss = 4.522930145263672
Steps = 6800, train loss = 4.554657459259033
Steps = 6800, test loss = 4.558123588562012
Steps = 6900, train loss = 4.621213436126709
Steps = 6900, test loss = 4.2921648025512695
Steps = 7000, train loss = 4.561845779418945
Steps = 7000, test loss = 4.574331760406494
Steps = 7100, train loss = 4.534512519836426
Steps = 7100, test loss = 4.5980224609375
Steps = 7200, train loss = 4.525636672973633
Steps = 7200, test loss = 4.6247477531433105
Steps = 7300, train loss = 4.5122761726379395
Steps = 7300, test loss = 4.3693389892578125
Steps = 7400, train loss = 4.480102062225342
Steps = 7400, test loss = 4.640043258666992
Steps = 7500, train loss = 4.565763473510742
Steps = 7500, test loss = 4.627059459686279
Steps = 7600, train loss = 4.5972580909729
Steps = 7600, test loss = 4.5776801109313965
Steps = 7700, train loss = 4.560434341430664
Steps = 7700, test loss = 4.541448593139648
Steps = 7800, train loss = 4.5142621994018555
Steps = 7800, test loss = 4.647337913513184
Steps = 7900, train loss = 4.487260818481445
Steps = 7900, test loss = 4.558357238769531
Steps = 8000, train loss = 4.544863700866699
Steps = 8000, test loss = 4.612295150756836
Steps = 8100, train loss = 4.553680419921875
Steps = 8100, test loss = 4.350100994110107
Steps = 8200, train loss = 4.601781845092773
Steps = 8200, test loss = 4.647308349609375
Steps = 8300, train loss = 4.574261665344238
Steps = 8300, test loss = 4.629805088043213
Steps = 8400, train loss = 4.527346134185791
Steps = 8400, test loss = 4.382226467132568
Steps = 8500, train loss = 4.195578098297119
Steps = 8500, test loss = 4.689850330352783
Steps = 8600, train loss = 4.5632004737854
Steps = 8600, test loss = 4.587604522705078
Steps = 8700, train loss = 4.567478179931641
Steps = 8700, test loss = 4.612857341766357
Steps = 8800, train loss = 4.501333713531494
Steps = 8800, test loss = 4.6440510749816895
Steps = 8900, train loss = 4.280327796936035
Steps = 8900, test loss = 4.658118724822998
Steps = 9000, train loss = 4.537867069244385
Steps = 9000, test loss = 4.593859672546387
Steps = 9100, train loss = 4.254552364349365
Steps = 9100, test loss = 4.697504997253418
Steps = 9200, train loss = 4.533383369445801
Steps = 9200, test loss = 4.649357318878174
Steps = 9300, train loss = 4.477820873260498
Steps = 9300, test loss = 4.635228633880615
Steps = 9400, train loss = 4.550832271575928
Steps = 9400, test loss = 4.614467144012451
Steps = 9500, train loss = 4.569241046905518
Steps = 9500, test loss = 4.366960525512695
Steps = 9600, train loss = 4.5845255851745605
Steps = 9600, test loss = 4.686763286590576
Steps = 9700, train loss = 4.520566940307617
Steps = 9700, test loss = 4.618929862976074
Steps = 9800, train loss = 4.570781230926514
Steps = 9800, test loss = 4.683625221252441
Steps = 9900, train loss = 4.494830131530762
Steps = 9900, test loss = 4.64117956161499
Steps = 10000, train loss = 4.27825927734375
Steps = 10000, test loss = 4.516295909881592
Steps = 10100, train loss = 4.601396560668945
Steps = 10100, test loss = 4.654427528381348
Steps = 10200, train loss = 4.279601573944092
Steps = 10200, test loss = 4.659388065338135
Steps = 10300, train loss = 4.495846748352051
Steps = 10300, test loss = 4.351962089538574
Steps = 10400, train loss = 4.257200241088867
Steps = 10400, test loss = 4.619681358337402
Steps = 10500, train loss = 4.556645393371582
Steps = 10500, test loss = 4.585735321044922
Steps = 10600, train loss = 4.616342067718506
Steps = 10600, test loss = 4.617818355560303
Steps = 10700, train loss = 4.502021312713623
Steps = 10700, test loss = 4.319508075714111
Steps = 10800, train loss = 4.458413600921631
Steps = 10800, test loss = 4.64076566696167
Steps = 10900, train loss = 4.553719997406006
Steps = 10900, test loss = 4.622496128082275
Steps = 11000, train loss = 4.456596374511719
Steps = 11000, test loss = 4.542733669281006
Steps = 11100, train loss = 4.4995574951171875
Steps = 11100, test loss = 4.669070243835449
Steps = 11200, train loss = 4.626758098602295
Steps = 11200, test loss = 4.753199577331543
Steps = 11300, train loss = 4.546576976776123
Steps = 11300, test loss = 4.6819000244140625
Steps = 11400, train loss = 4.519216537475586
Steps = 11400, test loss = 4.758277416229248
Steps = 11500, train loss = 4.51433801651001
Steps = 11500, test loss = 4.6541337966918945
Steps = 11600, train loss = 4.5226874351501465
Steps = 11600, test loss = 4.642729759216309
Steps = 11700, train loss = 4.628079891204834
Steps = 11700, test loss = 4.685500144958496
Steps = 11800, train loss = 4.532566070556641
Steps = 11800, test loss = 4.3509345054626465
Steps = 11900, train loss = 3.9637975692749023
Steps = 11900, test loss = 4.6324462890625
Steps = 12000, train loss = 4.5707011222839355
Steps = 12000, test loss = 4.691320419311523
Steps = 12100, train loss = 4.5089287757873535
Steps = 12100, test loss = 4.618318557739258
Steps = 12200, train loss = 4.604763031005859
Steps = 12200, test loss = 4.739246845245361
Steps = 12300, train loss = 4.5842108726501465
Steps = 12300, test loss = 4.676054954528809
Steps = 12400, train loss = 4.580062389373779
Steps = 12400, test loss = 4.626410961151123
Steps = 12500, train loss = 4.56113338470459
Steps = 12500, test loss = 4.63222599029541
Steps = 12600, train loss = 4.534708023071289
Steps = 12600, test loss = 4.69518518447876
Steps = 12700, train loss = 4.245810031890869
Steps = 12700, test loss = 4.69539213180542
Steps = 12800, train loss = 4.557368278503418
Steps = 12800, test loss = 4.620213031768799
Steps = 12900, train loss = 4.559838771820068
Steps = 12900, test loss = 4.501203536987305
Steps = 13000, train loss = 4.515101909637451
Steps = 13000, test loss = 4.693691730499268
Steps = 13100, train loss = 4.203024864196777
Steps = 13100, test loss = 4.770299434661865
Steps = 13200, train loss = 4.154627799987793
Steps = 13200, test loss = 4.738518714904785
Steps = 13300, train loss = 3.717346429824829
Steps = 13300, test loss = 4.66567850112915
Steps = 13400, train loss = 4.610085964202881
Steps = 13400, test loss = 4.679494380950928
Steps = 13500, train loss = 4.602226257324219
Steps = 13500, test loss = 4.63210916519165
Steps = 13600, train loss = 4.490841388702393
Steps = 13600, test loss = 4.698391914367676
Steps = 13700, train loss = 4.497339725494385
Steps = 13700, test loss = 4.6661906242370605
Steps = 13800, train loss = 4.553857803344727
Steps = 13800, test loss = 4.670573711395264
Steps = 13900, train loss = 4.526010036468506
Steps = 13900, test loss = 4.756224155426025
Steps = 14000, train loss = 4.5554375648498535
Steps = 14000, test loss = 4.599687576293945
Steps = 14100, train loss = 4.496667861938477
Steps = 14100, test loss = 4.441919803619385
Steps = 14200, train loss = 4.48114013671875
Steps = 14200, test loss = 4.671751976013184
Steps = 14300, train loss = 4.482084274291992
Steps = 14300, test loss = 4.788205623626709
Steps = 14400, train loss = 4.587374687194824
Steps = 14400, test loss = 4.481228828430176
Steps = 14500, train loss = 4.519407749176025
Steps = 14500, test loss = 4.414618492126465
Steps = 14600, train loss = 4.5320515632629395
Steps = 14600, test loss = 4.688764572143555
Steps = 14700, train loss = 4.541238307952881
Steps = 14700, test loss = 4.656540870666504
Steps = 14800, train loss = 4.541778087615967
Steps = 14800, test loss = 4.277609825134277
Steps = 14900, train loss = 4.6232991218566895
Steps = 14900, test loss = 4.593843460083008
Steps = 15000, train loss = 4.616567134857178
Steps = 15000, test loss = 4.104432582855225
Steps = 15100, train loss = 4.4846391677856445
Steps = 15100, test loss = 4.693729400634766
Steps = 15200, train loss = 4.542956352233887
Steps = 15200, test loss = 4.654714107513428
Steps = 15300, train loss = 4.510013580322266
Steps = 15300, test loss = 4.6672844886779785
Steps = 15400, train loss = 4.614067077636719
Steps = 15400, test loss = 4.78081750869751
Steps = 15500, train loss = 4.485483169555664
Steps = 15500, test loss = 4.726531982421875
Steps = 15600, train loss = 4.484594345092773
Steps = 15600, test loss = 4.695291519165039
Steps = 15700, train loss = 4.269760608673096
Steps = 15700, test loss = 4.616715908050537
Steps = 15800, train loss = 4.572227954864502
Steps = 15800, test loss = 4.706638813018799
Steps = 15900, train loss = 4.59114933013916
Steps = 15900, test loss = 4.378620147705078
Steps = 16000, train loss = 4.592562198638916
Steps = 16000, test loss = 4.7267937660217285
Steps = 16100, train loss = 4.30807638168335
Steps = 16100, test loss = 4.344676494598389
Steps = 16200, train loss = 4.489102363586426
Steps = 16200, test loss = 4.739975929260254
Steps = 16300, train loss = 4.519840240478516
Steps = 16300, test loss = 4.702964782714844
Steps = 16400, train loss = 4.549490928649902
Steps = 16400, test loss = 4.7585248947143555
Steps = 16500, train loss = 4.58118200302124
Steps = 16500, test loss = 4.379456043243408
Steps = 16600, train loss = 4.317286014556885
Steps = 16600, test loss = 4.703024864196777
Steps = 16700, train loss = 4.517573356628418
Steps = 16700, test loss = 4.780559062957764
Steps = 16800, train loss = 4.287760257720947
Steps = 16800, test loss = 4.372271537780762
Steps = 16900, train loss = 4.451346397399902
Steps = 16900, test loss = 4.826034069061279
Steps = 17000, train loss = 4.534127235412598
Steps = 17000, test loss = 4.739192008972168
Steps = 17100, train loss = 4.5200276374816895
Steps = 17100, test loss = 4.731834888458252
Steps = 17200, train loss = 4.137734413146973
Steps = 17200, test loss = 4.695922374725342
Steps = 17300, train loss = 4.557950019836426
Steps = 17300, test loss = 4.690982341766357
Steps = 17400, train loss = 4.498741626739502
Steps = 17400, test loss = 4.735204219818115
Steps = 17500, train loss = 4.562129974365234
Steps = 17500, test loss = 4.715579032897949
Steps = 17600, train loss = 4.5293660163879395
Steps = 17600, test loss = 4.869129657745361
Steps = 17700, train loss = 4.578126907348633
Steps = 17700, test loss = 4.8015289306640625
Steps = 17800, train loss = 4.446632385253906
Steps = 17800, test loss = 4.765079975128174
Steps = 17900, train loss = 4.656839847564697
Steps = 17900, test loss = 4.657958984375
Steps = 18000, train loss = 4.215002059936523
Steps = 18000, test loss = 4.8322672843933105
Steps = 18100, train loss = 4.679648399353027
Steps = 18100, test loss = 4.8098225593566895
Steps = 18200, train loss = 3.9139485359191895
Steps = 18200, test loss = 4.681027412414551
Steps = 18300, train loss = 4.220171928405762
Steps = 18300, test loss = 4.682834625244141
Steps = 18400, train loss = 4.238705635070801
Steps = 18400, test loss = 4.779128551483154
Steps = 18500, train loss = 4.557496070861816
Steps = 18500, test loss = 4.166513442993164
Steps = 18600, train loss = 4.515984535217285
Steps = 18600, test loss = 4.803365230560303
Steps = 18700, train loss = 4.465744495391846
Steps = 18700, test loss = 4.858674049377441
Steps = 18800, train loss = 4.414449691772461
Steps = 18800, test loss = 4.3530707359313965
Steps = 18900, train loss = 4.546134948730469
Steps = 18900, test loss = 4.710261344909668
Steps = 19000, train loss = 4.573851585388184
Steps = 19000, test loss = 4.692448616027832
Steps = 19100, train loss = 4.568006992340088
Steps = 19100, test loss = 4.80811882019043
Steps = 19200, train loss = 4.584768295288086
Steps = 19200, test loss = 5.094244480133057
Steps = 19300, train loss = 4.496194839477539
Steps = 19300, test loss = 4.886800289154053
Steps = 19400, train loss = 4.458810329437256
Steps = 19400, test loss = 4.67624044418335
Steps = 19500, train loss = 4.458645343780518
Steps = 19500, test loss = 4.690073490142822
Steps = 19600, train loss = 4.451223373413086
Steps = 19600, test loss = 4.640733242034912
Steps = 19700, train loss = 4.492210865020752
Steps = 19700, test loss = 4.7475361824035645
Steps = 19800, train loss = 4.259736061096191
Steps = 19800, test loss = 4.566906452178955
Steps = 19900, train loss = 4.460407733917236
Steps = 19900, test loss = 4.656649112701416
Steps = 20000, train loss = 4.496124267578125
Steps = 20000, test loss = 4.798762798309326
Test accuracy: 0.0 (got 0 right out of 16)
The testing loss never went to almost zero
