LR = 0.001, batch_size = 192, block_size = 9


number of parameters: 0.41M
Steps = 0, train loss = 4.611945152282715
Steps = 0, test loss = 4.665335655212402
Steps = 100, train loss = 4.544856548309326
Steps = 100, test loss = 4.523961544036865
Steps = 200, train loss = 4.496114253997803
Steps = 200, test loss = 4.572244167327881
Steps = 300, train loss = 4.560203552246094
Steps = 300, test loss = 4.5447211265563965
Steps = 400, train loss = 4.548908710479736
Steps = 400, test loss = 4.584953784942627
Steps = 500, train loss = 4.496067047119141
Steps = 500, test loss = 4.537614345550537
Steps = 600, train loss = 4.043741226196289
Steps = 600, test loss = 3.995124578475952
Steps = 700, train loss = 2.7264816761016846
Steps = 700, test loss = 2.740980863571167
Steps = 800, train loss = 1.9127222299575806
Steps = 800, test loss = 1.9271539449691772
Steps = 900, train loss = 1.8378032445907593
Steps = 900, test loss = 1.9114161729812622
Steps = 1000, train loss = 1.8112391233444214
Steps = 1000, test loss = 1.9066587686538696
Steps = 1100, train loss = 1.7859996557235718
Steps = 1100, test loss = 1.9336601495742798
Steps = 1200, train loss = 1.8767200708389282
Steps = 1200, test loss = 2.1160309314727783
Steps = 1300, train loss = 1.7931984663009644
Steps = 1300, test loss = 1.9050265550613403
Steps = 1400, train loss = 1.7889161109924316
Steps = 1400, test loss = 1.913823127746582
Steps = 1500, train loss = 1.8097561597824097
Steps = 1500, test loss = 1.886033535003662
Steps = 1600, train loss = 1.8159197568893433
Steps = 1600, test loss = 1.9946666955947876
Steps = 1700, train loss = 1.7692309617996216
Steps = 1700, test loss = 1.9429551362991333
Steps = 1800, train loss = 1.7492817640304565
Steps = 1800, test loss = 2.0853965282440186
Steps = 1900, train loss = 1.785219669342041
Steps = 1900, test loss = 1.9809468984603882
Steps = 2000, train loss = 1.80256187915802
Steps = 2000, test loss = 1.9908839464187622
Steps = 2100, train loss = 1.7917762994766235
Steps = 2100, test loss = 2.056856632232666
Steps = 2200, train loss = 1.8238521814346313
Steps = 2200, test loss = 1.9707332849502563
Steps = 2300, train loss = 1.789756417274475
Steps = 2300, test loss = 2.0739033222198486
Steps = 2400, train loss = 1.7808367013931274
Steps = 2400, test loss = 2.0372087955474854
Steps = 2500, train loss = 1.7652873992919922
Steps = 2500, test loss = 2.073049306869507
Steps = 2600, train loss = 1.7230502367019653
Steps = 2600, test loss = 1.9882521629333496
Steps = 2700, train loss = 1.8002971410751343
Steps = 2700, test loss = 2.063213586807251
Steps = 2800, train loss = 1.7334914207458496
Steps = 2800, test loss = 2.1004669666290283
Steps = 2900, train loss = 1.7061659097671509
Steps = 2900, test loss = 2.0484464168548584
Steps = 3000, train loss = 1.7210906744003296
Steps = 3000, test loss = 2.093102216720581
Steps = 3100, train loss = 1.7497693300247192
Steps = 3100, test loss = 2.1203830242156982
Steps = 3200, train loss = 1.6718559265136719
Steps = 3200, test loss = 2.1120035648345947
Steps = 3300, train loss = 1.697385311126709
Steps = 3300, test loss = 2.1390559673309326
Steps = 3400, train loss = 1.6617069244384766
Steps = 3400, test loss = 2.1866209506988525
Steps = 3500, train loss = 1.6641631126403809
Steps = 3500, test loss = 2.146488666534424
Steps = 3600, train loss = 1.6260590553283691
Steps = 3600, test loss = 2.2227489948272705
Steps = 3700, train loss = 1.5726546049118042
Steps = 3700, test loss = 2.194267988204956
Steps = 3800, train loss = 1.435071587562561
Steps = 3800, test loss = 1.9782495498657227
Steps = 3900, train loss = 1.2019532918930054
Steps = 3900, test loss = 1.651150107383728
Steps = 4000, train loss = 1.1580671072006226
Steps = 4000, test loss = 1.63605535030365
Steps = 4100, train loss = 1.061576008796692
Steps = 4100, test loss = 1.6398156881332397
Steps = 4200, train loss = 1.1001464128494263
Steps = 4200, test loss = 1.6734037399291992
Steps = 4300, train loss = 1.0770248174667358
Steps = 4300, test loss = 1.6362141370773315
Steps = 4400, train loss = 1.0130521059036255
Steps = 4400, test loss = 1.6708683967590332
Steps = 4500, train loss = 1.09628164768219
Steps = 4500, test loss = 1.7665486335754395
Steps = 4600, train loss = 0.9988398551940918
Steps = 4600, test loss = 1.856171727180481
Steps = 4700, train loss = 1.0505447387695312
Steps = 4700, test loss = 1.7762612104415894
Steps = 4800, train loss = 0.9687685966491699
Steps = 4800, test loss = 1.9194283485412598
Steps = 4900, train loss = 1.0230339765548706
Steps = 4900, test loss = 2.03592848777771
Steps = 5000, train loss = 1.0124057531356812
Steps = 5000, test loss = 2.215697765350342
Steps = 5100, train loss = 0.8971232771873474
Steps = 5100, test loss = 2.027266263961792
Steps = 5200, train loss = 0.9095844626426697
Steps = 5200, test loss = 2.5160679817199707
Steps = 5300, train loss = 0.8467840552330017
Steps = 5300, test loss = 2.4525363445281982
Steps = 5400, train loss = 0.875110924243927
Steps = 5400, test loss = 2.558850049972534
Steps = 5500, train loss = 0.7420980334281921
Steps = 5500, test loss = 2.8120315074920654
Steps = 5600, train loss = 0.8128836750984192
Steps = 5600, test loss = 2.905484914779663
Steps = 5700, train loss = 0.740877091884613
Steps = 5700, test loss = 3.2713568210601807
Steps = 5800, train loss = 0.6330867409706116
Steps = 5800, test loss = 3.48686146736145
Steps = 5900, train loss = 0.7133942246437073
Steps = 5900, test loss = 3.605929136276245
Steps = 6000, train loss = 0.48489153385162354
Steps = 6000, test loss = 3.8491275310516357
Steps = 6100, train loss = 0.4865824282169342
Steps = 6100, test loss = 4.203205585479736
Steps = 6200, train loss = 0.39104047417640686
Steps = 6200, test loss = 4.827155590057373
Steps = 6300, train loss = 0.33504486083984375
Steps = 6300, test loss = 4.65216588973999
Steps = 6400, train loss = 0.30429980158805847
Steps = 6400, test loss = 5.049597263336182
Steps = 6500, train loss = 0.2874282896518707
Steps = 6500, test loss = 5.489083766937256
Steps = 6600, train loss = 0.239859476685524
Steps = 6600, test loss = 5.787876605987549
Steps = 6700, train loss = 0.12500494718551636
Steps = 6700, test loss = 6.058477401733398
Steps = 6800, train loss = 0.09088223427534103
Steps = 6800, test loss = 6.117849826812744
Steps = 6900, train loss = 0.03597693517804146
Steps = 6900, test loss = 6.604356288909912
Steps = 7000, train loss = 0.02167787402868271
Steps = 7000, test loss = 6.878557205200195
Steps = 7100, train loss = 0.014540123753249645
Steps = 7100, test loss = 7.615291118621826
Steps = 7200, train loss = 0.01348129753023386
Steps = 7200, test loss = 7.860856533050537
Steps = 7300, train loss = 0.01170932874083519
Steps = 7300, test loss = 7.554919719696045
Steps = 7400, train loss = 0.007982526905834675
Steps = 7400, test loss = 7.20214319229126
Steps = 7500, train loss = 0.006800452247262001
Steps = 7500, test loss = 7.355530261993408
Steps = 7600, train loss = 0.0062059140764176846
Steps = 7600, test loss = 7.60818338394165
Steps = 7700, train loss = 0.005796175450086594
Steps = 7700, test loss = 8.30151081085205
Steps = 7800, train loss = 0.005430981051176786
Steps = 7800, test loss = 7.879646301269531
Steps = 7900, train loss = 0.004694483708590269
Steps = 7900, test loss = 8.287615776062012
Steps = 8000, train loss = 0.004597864579409361
Steps = 8000, test loss = 7.984529495239258
Steps = 8100, train loss = 0.0035614361986517906
Steps = 8100, test loss = 8.042844772338867
Steps = 8200, train loss = 0.0035815646406263113
Steps = 8200, test loss = 7.846192836761475
Steps = 8300, train loss = 0.002729671774432063
Steps = 8300, test loss = 8.509232521057129
Steps = 8400, train loss = 0.002894087927415967
Steps = 8400, test loss = 8.400795936584473
Steps = 8500, train loss = 0.002735907444730401
Steps = 8500, test loss = 8.196160316467285
Steps = 8600, train loss = 0.0025620944797992706
Steps = 8600, test loss = 7.719040393829346
Steps = 8700, train loss = 0.0027027239557355642
Steps = 8700, test loss = 8.10669994354248
Steps = 8800, train loss = 0.0018089028308168054
Steps = 8800, test loss = 8.466019630432129
Steps = 8900, train loss = 0.001844018348492682
Steps = 8900, test loss = 8.958806037902832
Steps = 9000, train loss = 0.0017224544426426291
Steps = 9000, test loss = 8.253206253051758
Steps = 9100, train loss = 0.0016280789859592915
Steps = 9100, test loss = 8.461445808410645
Steps = 9200, train loss = 0.0013742047594860196
Steps = 9200, test loss = 8.606863975524902
Steps = 9300, train loss = 0.0014195749536156654
Steps = 9300, test loss = 8.274230003356934
Steps = 9400, train loss = 0.0013199816457927227
Steps = 9400, test loss = 8.291177749633789
Steps = 9500, train loss = 0.0011977917747572064
Steps = 9500, test loss = 8.874813079833984
Steps = 9600, train loss = 0.0011165981413796544
Steps = 9600, test loss = 8.506856918334961
Steps = 9700, train loss = 0.0010599953820928931
Steps = 9700, test loss = 8.885823249816895
Steps = 9800, train loss = 0.001038018730469048
Steps = 9800, test loss = 8.86070728302002
Steps = 9900, train loss = 0.0009131566039286554
Steps = 9900, test loss = 9.035907745361328
Steps = 10000, train loss = 0.0008530973573215306
Steps = 10000, test loss = 9.555206298828125
Steps = 10100, train loss = 0.0008350759162567556
Steps = 10100, test loss = 8.377969741821289
Steps = 10200, train loss = 0.0008022221736609936
Steps = 10200, test loss = 8.80875015258789
Steps = 10300, train loss = 0.0007777202408760786
Steps = 10300, test loss = 9.461268424987793
Steps = 10400, train loss = 0.0006944976630620658
Steps = 10400, test loss = 9.690441131591797
Steps = 10500, train loss = 0.0006686569540761411
Steps = 10500, test loss = 9.884705543518066
Steps = 10600, train loss = 0.0006289534503594041
Steps = 10600, test loss = 9.074308395385742
Steps = 10700, train loss = 0.0005462998524308205
Steps = 10700, test loss = 8.735607147216797
Steps = 10800, train loss = 0.0004999290104024112
Steps = 10800, test loss = 9.087164878845215
Steps = 10900, train loss = 0.0005265243235044181
Steps = 10900, test loss = 9.114863395690918
Steps = 11000, train loss = 0.00048364303074777126
Steps = 11000, test loss = 9.181872367858887
Steps = 11100, train loss = 0.000462029711343348
Steps = 11100, test loss = 9.117989540100098
Steps = 11200, train loss = 0.0004151625034864992
Steps = 11200, test loss = 9.067436218261719
Steps = 11300, train loss = 0.00039751766598783433
Steps = 11300, test loss = 9.06840705871582
Steps = 11400, train loss = 0.0003919882874470204
Steps = 11400, test loss = 9.410329818725586
Steps = 11500, train loss = 0.000350282178260386
Steps = 11500, test loss = 8.97415828704834
Steps = 11600, train loss = 0.0003488270740490407
Steps = 11600, test loss = 9.9130277633667
Steps = 11700, train loss = 0.0003035932604689151
Steps = 11700, test loss = 8.959504127502441
Steps = 11800, train loss = 0.00029787581297568977
Steps = 11800, test loss = 8.990488052368164
Steps = 11900, train loss = 0.0002947688626591116
Steps = 11900, test loss = 9.935294151306152
Steps = 12000, train loss = 0.00023981301637832075
Steps = 12000, test loss = 9.350005149841309
Steps = 12100, train loss = 0.00024645746452733874
Steps = 12100, test loss = 8.78020191192627
Steps = 12200, train loss = 0.00022161357628647238
Steps = 12200, test loss = 9.633698463439941
Steps = 12300, train loss = 0.00022080745839048177
Steps = 12300, test loss = 9.595527648925781
Steps = 12400, train loss = 0.00021662817744072527
Steps = 12400, test loss = 9.549281120300293
Steps = 12500, train loss = 0.00020982323621865362
Steps = 12500, test loss = 9.718092918395996
Steps = 12600, train loss = 0.0001853300054790452
Steps = 12600, test loss = 10.155980110168457
Steps = 12700, train loss = 0.00018014467786997557
Steps = 12700, test loss = 10.098274230957031
Steps = 12800, train loss = 0.00016986217815428972
Steps = 12800, test loss = 10.224609375
Steps = 12900, train loss = 0.00014801516954321414
Steps = 12900, test loss = 9.9351167678833
Steps = 13000, train loss = 0.00014497211668640375
Steps = 13000, test loss = 9.951325416564941
Steps = 13100, train loss = 0.00013425390352495015
Steps = 13100, test loss = 9.471304893493652
Steps = 13200, train loss = 0.00013293871597852558
Steps = 13200, test loss = 10.624432563781738
Steps = 13300, train loss = 0.0001226291642524302
Steps = 13300, test loss = 9.923008918762207
Steps = 13400, train loss = 0.00012076379061909392
Steps = 13400, test loss = 10.15108871459961
Steps = 13500, train loss = 0.00010768733773147687
Steps = 13500, test loss = 10.001646041870117
Steps = 13600, train loss = 0.00010465626110089943
Steps = 13600, test loss = 10.021552085876465
Steps = 13700, train loss = 9.950767707778141e-05
Steps = 13700, test loss = 9.756783485412598
Steps = 13800, train loss = 9.824067819863558e-05
Steps = 13800, test loss = 10.262164115905762
Steps = 13900, train loss = 8.200394950108603e-05
Steps = 13900, test loss = 10.24843692779541
Steps = 14000, train loss = 7.988385914359242e-05
Steps = 14000, test loss = 10.032004356384277
Steps = 14100, train loss = 7.656148954993114e-05
Steps = 14100, test loss = 10.00034236907959
Steps = 14200, train loss = 7.177361112553626e-05
Steps = 14200, test loss = 10.478058815002441
Steps = 14300, train loss = 6.493514956673607e-05
Steps = 14300, test loss = 10.810494422912598
Steps = 14400, train loss = 6.881207082187757e-05
Steps = 14400, test loss = 10.001114845275879
Steps = 14500, train loss = 6.091968680266291e-05
Steps = 14500, test loss = 10.409151077270508
Steps = 14600, train loss = 5.6678123655728996e-05
Steps = 14600, test loss = 10.185521125793457
Steps = 14700, train loss = 5.009107189835049e-05
Steps = 14700, test loss = 10.250612258911133
Steps = 14800, train loss = 4.890522177447565e-05
Steps = 14800, test loss = 10.12585735321045
Steps = 14900, train loss = 5.141661313246004e-05
Steps = 14900, test loss = 10.571505546569824
Steps = 15000, train loss = 4.642996282200329e-05
Steps = 15000, test loss = 10.449417114257812
Steps = 15100, train loss = 4.6264874981716275e-05
Steps = 15100, test loss = 10.640814781188965
Steps = 15200, train loss = 4.0513285057386383e-05
Steps = 15200, test loss = 10.510687828063965
Steps = 15300, train loss = 4.068156340508722e-05
Steps = 15300, test loss = 10.660782814025879
Steps = 15400, train loss = 3.745067442650907e-05
Steps = 15400, test loss = 10.567221641540527
Steps = 15500, train loss = 3.450537769822404e-05
Steps = 15500, test loss = 10.885311126708984
Steps = 15600, train loss = 3.3166728826472536e-05
Steps = 15600, test loss = 10.930763244628906
Steps = 15700, train loss = 3.0240682463045232e-05
Steps = 15700, test loss = 10.926582336425781
Steps = 15800, train loss = 3.117254891549237e-05
Steps = 15800, test loss = 10.39315414428711
Steps = 15900, train loss = 2.6295148927601986e-05
Steps = 15900, test loss = 10.953923225402832
Steps = 16000, train loss = 2.3555885491077788e-05
Steps = 16000, test loss = 11.27129077911377
Steps = 16100, train loss = 2.5140978323179297e-05
Steps = 16100, test loss = 10.778541564941406
Steps = 16200, train loss = 2.2840658857603557e-05
Steps = 16200, test loss = 10.527112007141113
Steps = 16300, train loss = 2.2530222850036807e-05
Steps = 16300, test loss = 11.09997844696045
Steps = 16400, train loss = 3.2493104934692383
Steps = 16400, test loss = 5.373510360717773
Steps = 16500, train loss = 1.1289564371109009
Steps = 16500, test loss = 2.3357913494110107
Steps = 16600, train loss = 0.8931009769439697
Steps = 16600, test loss = 3.148808479309082
Steps = 16700, train loss = 0.44112876057624817
Steps = 16700, test loss = 4.303136825561523
Steps = 16800, train loss = 0.33782365918159485
Steps = 16800, test loss = 4.988895893096924
Steps = 16900, train loss = 0.18991367518901825
Steps = 16900, test loss = 5.792782306671143
Steps = 17000, train loss = 0.0689757838845253
Steps = 17000, test loss = 6.829402446746826
Steps = 17100, train loss = 0.15458329021930695
Steps = 17100, test loss = 6.536590576171875
Steps = 17200, train loss = 0.0729764774441719
Steps = 17200, test loss = 6.705949783325195
Steps = 17300, train loss = 0.0895439088344574
Steps = 17300, test loss = 6.626980304718018
Steps = 17400, train loss = 0.02458909898996353
Steps = 17400, test loss = 6.892696857452393
Steps = 17500, train loss = 0.02413380891084671
Steps = 17500, test loss = 7.13001012802124
Steps = 17600, train loss = 0.011493797414004803
Steps = 17600, test loss = 7.173733234405518
Steps = 17700, train loss = 0.01195670384913683
Steps = 17700, test loss = 7.2835822105407715
Steps = 17800, train loss = 0.003728963667526841
Steps = 17800, test loss = 7.55936861038208
Steps = 17900, train loss = 0.002783900825306773
Steps = 17900, test loss = 7.130456447601318
Steps = 18000, train loss = 0.0020868752617388964
Steps = 18000, test loss = 8.223498344421387
Steps = 18100, train loss = 0.0019172999309375882
Steps = 18100, test loss = 8.144745826721191
Steps = 18200, train loss = 0.0018086843192577362
Steps = 18200, test loss = 6.716638565063477
Steps = 18300, train loss = 0.0015727452700957656
Steps = 18300, test loss = 7.972561359405518
Steps = 18400, train loss = 0.001403042464517057
Steps = 18400, test loss = 7.625936031341553
Steps = 18500, train loss = 0.0014593455707654357
Steps = 18500, test loss = 8.071163177490234
Steps = 18600, train loss = 0.001375398482196033
Steps = 18600, test loss = 8.106319427490234
Steps = 18700, train loss = 0.001108235097490251
Steps = 18700, test loss = 7.323110103607178
Steps = 18800, train loss = 0.001175718498416245
Steps = 18800, test loss = 8.027182579040527
Steps = 18900, train loss = 0.0011224686168134212
Steps = 18900, test loss = 7.419566631317139
Steps = 19000, train loss = 0.0009947401704266667
Steps = 19000, test loss = 7.720563888549805
Steps = 19100, train loss = 0.000957361189648509
Steps = 19100, test loss = 8.122440338134766
Steps = 19200, train loss = 0.0008087274618446827
Steps = 19200, test loss = 8.604386329650879
Steps = 19300, train loss = 0.000751183892134577
Steps = 19300, test loss = 8.57406997680664
Steps = 19400, train loss = 0.0008327139657922089
Steps = 19400, test loss = 8.373133659362793
Steps = 19500, train loss = 0.0007061217329464853
Steps = 19500, test loss = 8.437456130981445
Steps = 19600, train loss = 0.0007221701089292765
Steps = 19600, test loss = 8.792360305786133
Steps = 19700, train loss = 0.0007140901288948953
Steps = 19700, test loss = 8.44382095336914
Steps = 19800, train loss = 0.0006384403677657247
Steps = 19800, test loss = 8.490495681762695
Steps = 19900, train loss = 0.0005994249950163066
Steps = 19900, test loss = 8.14013385772705
Steps = 20000, train loss = 0.0005407996941357851
Steps = 20000, test loss = 8.181793212890625
Steps = 20100, train loss = 0.000571512442547828
Steps = 20100, test loss = 8.499100685119629
Steps = 20200, train loss = 0.0005025148275308311
Steps = 20200, test loss = 8.280213356018066
Steps = 20300, train loss = 0.0004640353436116129
Steps = 20300, test loss = 8.478219032287598
Steps = 20400, train loss = 0.0005082149873487651
Steps = 20400, test loss = 8.478263854980469
Steps = 20500, train loss = 0.000511702208314091
Steps = 20500, test loss = 8.333839416503906
Steps = 20600, train loss = 0.0004387997614685446
Steps = 20600, test loss = 8.574381828308105
Steps = 20700, train loss = 0.00038011232390999794
Steps = 20700, test loss = 8.025487899780273
Steps = 20800, train loss = 0.0003744420828297734
Steps = 20800, test loss = 8.22966480255127
Steps = 20900, train loss = 0.00036282159271650016
Steps = 20900, test loss = 9.194161415100098
Steps = 21000, train loss = 0.0003569968102965504
Steps = 21000, test loss = 8.649263381958008
Steps = 21100, train loss = 0.0003423879388719797
Steps = 21100, test loss = 8.224780082702637
Steps = 21200, train loss = 0.0003207005502190441
Steps = 21200, test loss = 8.789443969726562
Steps = 21300, train loss = 0.00031714816577732563
Steps = 21300, test loss = 8.226826667785645
Steps = 21400, train loss = 0.0002915163349825889
Steps = 21400, test loss = 8.048359870910645
Steps = 21500, train loss = 0.00027167386724613607
Steps = 21500, test loss = 8.01186752319336
Steps = 21600, train loss = 0.0002913956413976848
Steps = 21600, test loss = 8.51401424407959
Steps = 21700, train loss = 0.00026287062792107463
Steps = 21700, test loss = 8.426133155822754
Steps = 21800, train loss = 0.0002543412847444415
Steps = 21800, test loss = 8.255606651306152
Steps = 21900, train loss = 0.00023300980683416128
Steps = 21900, test loss = 8.707162857055664
Steps = 22000, train loss = 0.00021714855392929167
Steps = 22000, test loss = 8.444899559020996
Steps = 22100, train loss = 0.00019473493739496917
Steps = 22100, test loss = 8.91063404083252
Steps = 22200, train loss = 0.00021627552632708102
Steps = 22200, test loss = 8.282000541687012
Steps = 22300, train loss = 0.00018275727052241564
Steps = 22300, test loss = 8.420496940612793
Steps = 22400, train loss = 0.0001817214215407148
Steps = 22400, test loss = 8.355923652648926
Steps = 22500, train loss = 0.00016337342094630003
Steps = 22500, test loss = 8.820860862731934
Steps = 22600, train loss = 0.00015114143025130033
Steps = 22600, test loss = 9.003756523132324
Steps = 22700, train loss = 0.00016079162014648318
Steps = 22700, test loss = 9.016289710998535
Steps = 22800, train loss = 0.00015559901657979935
Steps = 22800, test loss = 9.457039833068848
Steps = 22900, train loss = 0.00014849733270239085
Steps = 22900, test loss = 8.03882122039795
Steps = 23000, train loss = 0.00013424163626041263
Steps = 23000, test loss = 8.637048721313477
Steps = 23100, train loss = 0.0001276055263588205
Steps = 23100, test loss = 9.104952812194824
Steps = 23200, train loss = 0.00011942326091229916
Steps = 23200, test loss = 8.846575736999512
Steps = 23300, train loss = 0.00012223853264003992
Steps = 23300, test loss = 8.750553131103516
Steps = 23400, train loss = 0.00011323730723233894
Steps = 23400, test loss = 9.194535255432129
Steps = 23500, train loss = 0.00012301851529628038
Steps = 23500, test loss = 9.158394813537598
Steps = 23600, train loss = 0.00010714203381212428
Steps = 23600, test loss = 8.64789867401123
Steps = 23700, train loss = 9.797987877391279e-05
Steps = 23700, test loss = 8.346846580505371
Steps = 23800, train loss = 9.276283526560292e-05
Steps = 23800, test loss = 8.496586799621582
Steps = 23900, train loss = 8.929140312829986e-05
Steps = 23900, test loss = 9.201754570007324
Steps = 24000, train loss = 8.496529335388914e-05
Steps = 24000, test loss = 8.452526092529297
Steps = 24100, train loss = 8.066906593739986e-05
Steps = 24100, test loss = 8.734994888305664
Steps = 24200, train loss = 7.540673686889932e-05
Steps = 24200, test loss = 8.479811668395996
Steps = 24300, train loss = 7.223403372336179e-05
Steps = 24300, test loss = 8.675436973571777
Steps = 24400, train loss = 6.814396328991279e-05
Steps = 24400, test loss = 9.461795806884766
Steps = 24500, train loss = 6.2124032410793e-05
Steps = 24500, test loss = 9.527772903442383
Steps = 24600, train loss = 5.941155177424662e-05
Steps = 24600, test loss = 9.17160415649414
Steps = 24700, train loss = 5.720145782106556e-05
Steps = 24700, test loss = 9.126880645751953
Steps = 24800, train loss = 5.915077417739667e-05
Steps = 24800, test loss = 9.379648208618164
Steps = 24900, train loss = 5.302764839143492e-05
Steps = 24900, test loss = 9.008086204528809
Steps = 25000, train loss = 5.340701318345964e-05
Steps = 25000, test loss = 9.074702262878418
Steps = 25100, train loss = 5.130354475113563e-05
Steps = 25100, test loss = 9.276087760925293
Steps = 25200, train loss = 4.7798992454772815e-05
Steps = 25200, test loss = 8.652342796325684
Steps = 25300, train loss = 4.281042856746353e-05
Steps = 25300, test loss = 9.667189598083496
Steps = 25400, train loss = 4.0651182644069195e-05
Steps = 25400, test loss = 9.575111389160156
Steps = 25500, train loss = 3.993714926764369e-05
Steps = 25500, test loss = 9.047451972961426
Steps = 25600, train loss = 3.839312194031663e-05
Steps = 25600, test loss = 8.759421348571777
Steps = 25700, train loss = 3.55930496880319e-05
Steps = 25700, test loss = 9.462857246398926
Steps = 25800, train loss = 3.379880217835307e-05
Steps = 25800, test loss = 8.396845817565918
Steps = 25900, train loss = 3.419491258682683e-05
Steps = 25900, test loss = 9.746166229248047
Steps = 26000, train loss = 3.113529601250775e-05
Steps = 26000, test loss = 8.769682884216309
Steps = 26100, train loss = 2.8106769605074078e-05
Steps = 26100, test loss = 9.579999923706055
Steps = 26200, train loss = 2.801488881232217e-05
Steps = 26200, test loss = 9.812874794006348
Steps = 26300, train loss = 2.6601805075188167e-05
Steps = 26300, test loss = 9.87949275970459
Steps = 26400, train loss = 2.501739072613418e-05
Steps = 26400, test loss = 9.555407524108887
Steps = 26500, train loss = 2.341122308280319e-05
Steps = 26500, test loss = 9.271869659423828
Steps = 26600, train loss = 2.0778759790118784e-05
Steps = 26600, test loss = 8.599580764770508
Steps = 26700, train loss = 2.1828016542713158e-05
Steps = 26700, test loss = 9.337445259094238
Steps = 26800, train loss = 1.9001859982381575e-05
Steps = 26800, test loss = 9.863873481750488
Steps = 26900, train loss = 1.9751225408981554e-05
Steps = 26900, test loss = 8.459037780761719
Steps = 27000, train loss = 1.7963759091799147e-05
Steps = 27000, test loss = 9.820086479187012
Steps = 27100, train loss = 1.7249769371119328e-05
Steps = 27100, test loss = 9.964696884155273
Steps = 27200, train loss = 1.4743317478860263e-05
Steps = 27200, test loss = 9.9019136428833
Steps = 27300, train loss = 1.5279119907063432e-05
Steps = 27300, test loss = 9.635882377624512
Steps = 27400, train loss = 1.5551684555248357e-05
Steps = 27400, test loss = 9.664093017578125
Steps = 27500, train loss = 1.4722826563229319e-05
Steps = 27500, test loss = 9.89159870147705
Steps = 27600, train loss = 1.3171268619771581e-05
Steps = 27600, test loss = 10.039280891418457
Steps = 27700, train loss = 1.3491641766449902e-05
Steps = 27700, test loss = 9.720489501953125
Steps = 27800, train loss = 1.2716794117295649e-05
Steps = 27800, test loss = 9.856669425964355
Steps = 27900, train loss = 1.165820867754519e-05
Steps = 27900, test loss = 9.552481651306152
Steps = 28000, train loss = 1.1373228517186362e-05
Steps = 28000, test loss = 9.821799278259277
Steps = 28100, train loss = 1.0270556231262162e-05
Steps = 28100, test loss = 10.718802452087402
Steps = 28200, train loss = 9.714866791910026e-06
Steps = 28200, test loss = 9.708256721496582
Steps = 28300, train loss = 9.681346455181483e-06
Steps = 28300, test loss = 9.810145378112793
Steps = 28400, train loss = 8.979760423244443e-06
Steps = 28400, test loss = 10.164031028747559
Steps = 28500, train loss = 8.463807716907468e-06
Steps = 28500, test loss = 10.448235511779785
Steps = 28600, train loss = 7.746081791992765e-06
Steps = 28600, test loss = 10.481890678405762
Steps = 28700, train loss = 7.1786016633268446e-06
Steps = 28700, test loss = 10.42612361907959
Steps = 28800, train loss = 6.8992067099316046e-06
Steps = 28800, test loss = 10.052936553955078
Steps = 28900, train loss = 7.267386081366567e-06
Steps = 28900, test loss = 10.022138595581055
Steps = 29000, train loss = 6.634093097090954e-06
Steps = 29000, test loss = 9.679972648620605
Steps = 29100, train loss = 5.906425485591171e-06
Steps = 29100, test loss = 9.347280502319336
Steps = 29200, train loss = 6.203203156474046e-06
Steps = 29200, test loss = 10.517003059387207
Steps = 29300, train loss = 5.6611788750160486e-06
Steps = 29300, test loss = 10.306489944458008
Steps = 29400, train loss = 5.243327905191109e-06
Steps = 29400, test loss = 9.31616497039795
Steps = 29500, train loss = 4.554154202196514e-06
Steps = 29500, test loss = 9.63119888305664
Steps = 29600, train loss = 4.672740487876581e-06
Steps = 29600, test loss = 10.433012008666992
Steps = 29700, train loss = 4.427495696290862e-06
Steps = 29700, test loss = 10.399771690368652
Steps = 29800, train loss = 4.246198386681499e-06
Steps = 29800, test loss = 9.821022987365723
Steps = 29900, train loss = 4.051863925269572e-06
Steps = 29900, test loss = 9.106183052062988
Steps = 30000, train loss = 3.75384115613997e-06
Steps = 30000, test loss = 10.542787551879883
Steps = 30100, train loss = 3.7538413835136453e-06
Steps = 30100, test loss = 10.093565940856934
Steps = 30200, train loss = 3.7259014789015055e-06
Steps = 30200, test loss = 10.10618782043457
Steps = 30300, train loss = 3.329781065986026e-06
Steps = 30300, test loss = 10.672890663146973
Steps = 30400, train loss = 3.064044904022012e-06
Steps = 30400, test loss = 10.939221382141113
Steps = 30500, train loss = 2.8392869353410788e-06
Steps = 30500, test loss = 10.636914253234863
Steps = 30600, train loss = 2.939248815891915e-06
Steps = 30600, test loss = 9.907177925109863
Steps = 30700, train loss = 2.6492978122405475e-06
Steps = 30700, test loss = 10.057639122009277
Steps = 30800, train loss = 2.6163916118093766e-06
Steps = 30800, test loss = 9.807625770568848
Steps = 30900, train loss = 2.3220941329782363e-06
Steps = 30900, test loss = 9.929577827453613
Steps = 31000, train loss = 2.199160007876344e-06
Steps = 31000, test loss = 9.746504783630371
Steps = 31100, train loss = 2.1929511149210157e-06
Steps = 31100, test loss = 10.675715446472168
Steps = 31200, train loss = 1.8340824681217782e-06
Steps = 31200, test loss = 9.82950496673584
Steps = 31300, train loss = 1.9582585082389414e-06
Steps = 31300, test loss = 9.219574928283691
Steps = 31400, train loss = 1.9303186036268016e-06
Steps = 31400, test loss = 10.72940731048584
Steps = 31500, train loss = 1.7719944480631966e-06
Steps = 31500, test loss = 9.763712882995605
Steps = 31600, train loss = 1.5633786460966803e-06
Steps = 31600, test loss = 10.67599105834961
Steps = 31700, train loss = 1.526746927993372e-06
Steps = 31700, test loss = 10.011479377746582
Steps = 31800, train loss = 1.4205762681740453e-06
Steps = 31800, test loss = 10.420501708984375
Steps = 31900, train loss = 1.408779439771024e-06
Steps = 31900, test loss = 10.747936248779297
Steps = 32000, train loss = 1.2504550568337436e-06
Steps = 32000, test loss = 10.417452812194824
Steps = 32100, train loss = 1.345449732070847e-06
Steps = 32100, test loss = 10.474984169006348
Steps = 32200, train loss = 1.1418010217312258e-06
Steps = 32200, test loss = 10.03780746459961
Steps = 32300, train loss = 1.0865425110750948e-06
Steps = 32300, test loss = 10.649932861328125
Steps = 32400, train loss = 1.0455643177920138e-06
Steps = 32400, test loss = 9.887833595275879
Steps = 32500, train loss = 1.0548775435381685e-06
Steps = 32500, test loss = 10.991608619689941
Steps = 32600, train loss = 9.288386877415178e-07
Steps = 32600, test loss = 10.484881401062012
Steps = 32700, train loss = 8.735802907722245e-07
Steps = 32700, test loss = 10.387455940246582
Steps = 32800, train loss = 8.33223054996779e-07
Steps = 32800, test loss = 10.448399543762207
Steps = 32900, train loss = 8.468823580187745e-07
Steps = 32900, test loss = 10.644721031188965
Steps = 33000, train loss = 7.438161446771119e-07
Steps = 33000, test loss = 10.800285339355469
Steps = 33100, train loss = 7.146346092667955e-07
Steps = 33100, test loss = 10.250032424926758
Steps = 33200, train loss = 6.829697554167069e-07
Steps = 33200, test loss = 10.724556922912598
Steps = 33300, train loss = 6.593763259843399e-07
Steps = 33300, test loss = 9.847335815429688
Steps = 33400, train loss = 6.295740035966446e-07
Steps = 33400, test loss = 9.788490295410156
Steps = 33500, train loss = 5.867331083209137e-07
Steps = 33500, test loss = 10.198415756225586
Steps = 33600, train loss = 5.761781380897446e-07
Steps = 33600, test loss = 11.089981079101562
Steps = 33700, train loss = 5.215405849412491e-07
Steps = 33700, test loss = 10.16494083404541
Steps = 33800, train loss = 4.923591632177704e-07
Steps = 33800, test loss = 11.031922340393066
Steps = 33900, train loss = 4.4082594286010135e-07
Steps = 33900, test loss = 10.64528751373291
Steps = 34000, train loss = 4.6069419568084413e-07
Steps = 34000, test loss = 11.180634498596191
Steps = 34100, train loss = 4.3213358935645374e-07
Steps = 34100, test loss = 10.666142463684082
Steps = 34200, train loss = 4.091610037448845e-07
Steps = 34200, test loss = 11.355109214782715
Steps = 34300, train loss = 3.837048723198677e-07
Steps = 34300, test loss = 10.84067153930664
Steps = 34400, train loss = 3.756333910587273e-07
Steps = 34400, test loss = 9.7042875289917
Steps = 34500, train loss = 3.321716803839081e-07
Steps = 34500, test loss = 10.451762199401855
Steps = 34600, train loss = 3.191331643392914e-07
Steps = 34600, test loss = 11.49838924407959
Steps = 34700, train loss = 3.0857819410812226e-07
Steps = 34700, test loss = 11.080463409423828
Steps = 34800, train loss = 2.887099697090889e-07
Steps = 34800, test loss = 10.683226585388184
Steps = 34900, train loss = 2.7070441888099595e-07
Steps = 34900, test loss = 10.705233573913574
Steps = 35000, train loss = 2.713252911235031e-07
Steps = 35000, test loss = 10.59630298614502
Steps = 35100, train loss = 2.5269883963119355e-07
Steps = 35100, test loss = 12.120548248291016
Steps = 35200, train loss = 2.3220974298965302e-07
Steps = 35200, test loss = 10.35060977935791
Steps = 35300, train loss = 2.3655591974147683e-07
Steps = 35300, test loss = 10.769713401794434
Steps = 35400, train loss = 2.284844526911911e-07
Steps = 35400, test loss = 10.438794136047363
Steps = 35500, train loss = 2.3469327459224587e-07
Steps = 35500, test loss = 11.741588592529297
Steps = 35600, train loss = 1.7074245306503144e-07
Steps = 35600, test loss = 10.773913383483887
Steps = 35700, train loss = 1.9495684000503388e-07
Steps = 35700, test loss = 10.267565727233887
Steps = 35800, train loss = 1.7819303366195527e-07
Steps = 35800, test loss = 11.350326538085938
Steps = 35900, train loss = 1.5894570992713852e-07
Steps = 35900, test loss = 12.441555976867676
Steps = 36000, train loss = 1.5273688802608376e-07
Steps = 36000, test loss = 11.499237060546875
Steps = 36100, train loss = 1.514951293302147e-07
Steps = 36100, test loss = 10.927567481994629
Steps = 36200, train loss = 1.6142922731887666e-07
Steps = 36200, test loss = 10.533411979675293
Steps = 36300, train loss = 1.3659396813636704e-07
Steps = 36300, test loss = 11.682914733886719
Steps = 36400, train loss = 1.3286867783790512e-07
Steps = 36400, test loss = 10.595973014831543
Steps = 36500, train loss = 1.2728074239021225e-07
Steps = 36500, test loss = 11.660979270935059
Steps = 36600, train loss = 1.2355545209175034e-07
Steps = 36600, test loss = 10.881607055664062
Steps = 36700, train loss = 1.1424222634559555e-07
Steps = 36700, test loss = 11.269774436950684
Steps = 36800, train loss = 1.2045104824665032e-07
Steps = 36800, test loss = 11.187092781066895
Steps = 36900, train loss = 9.25113639027586e-08
Steps = 36900, test loss = 11.560837745666504
Steps = 37000, train loss = 9.809929935045147e-08
Steps = 37000, test loss = 11.438804626464844
Steps = 37100, train loss = 1.0617076640073719e-07
Steps = 37100, test loss = 10.627015113830566
Steps = 37200, train loss = 9.375312970405503e-08
Steps = 37200, test loss = 11.78000259399414
Steps = 37300, train loss = 8.754431490842762e-08
Steps = 37300, test loss = 11.590660095214844
Steps = 37400, train loss = 8.195637946073475e-08
Steps = 37400, test loss = 10.799323081970215
Steps = 37500, train loss = 8.00937343115038e-08
Steps = 37500, test loss = 11.622300148010254
Steps = 37600, train loss = 8.63025491071312e-08
Steps = 37600, test loss = 11.250061988830566
Steps = 37700, train loss = 7.202227436664543e-08
Steps = 37700, test loss = 11.233528137207031
Steps = 37800, train loss = 7.078050856534901e-08
Steps = 37800, test loss = 11.823884010314941
Steps = 37900, train loss = 6.643433891895256e-08
Steps = 37900, test loss = 10.911988258361816
Steps = 38000, train loss = 7.636844401304188e-08
Steps = 38000, test loss = 11.3909273147583
Steps = 38100, train loss = 6.146728281919422e-08
Steps = 38100, test loss = 11.291783332824707
Steps = 38200, train loss = 6.70552182668871e-08
Steps = 38200, test loss = 10.950716972351074
Steps = 38300, train loss = 6.332992796842518e-08
Steps = 38300, test loss = 11.315024375915527
Steps = 38400, train loss = 6.519257311765614e-08
Steps = 38400, test loss = 11.012112617492676
Steps = 38500, train loss = 6.208816927255612e-08
Steps = 38500, test loss = 11.859400749206543
Steps = 38600, train loss = 6.084640347125969e-08
Steps = 38600, test loss = 11.411155700683594
Steps = 38700, train loss = 2.3561184406280518
Steps = 38700, test loss = 3.3760805130004883
Steps = 38800, train loss = 1.0236761569976807
Steps = 38800, test loss = 2.5459930896759033
Steps = 38900, train loss = 0.4908252954483032
Steps = 38900, test loss = 4.142014026641846
Steps = 39000, train loss = 0.19676949083805084
Steps = 39000, test loss = 4.533027648925781
Steps = 39100, train loss = 0.09650533646345139
Steps = 39100, test loss = 5.2191338539123535
Steps = 39200, train loss = 0.046455174684524536
Steps = 39200, test loss = 5.556337833404541
Steps = 39300, train loss = 0.014753947965800762
Steps = 39300, test loss = 6.154116153717041
Steps = 39400, train loss = 0.006756035145372152
Steps = 39400, test loss = 5.856800556182861
Steps = 39500, train loss = 0.004160938318818808
Steps = 39500, test loss = 5.943887233734131
Steps = 39600, train loss = 0.002728812163695693
Steps = 39600, test loss = 5.793179035186768
Steps = 39700, train loss = 0.0019787366036325693
Steps = 39700, test loss = 6.860593318939209
Steps = 39800, train loss = 0.0015215618768706918
Steps = 39800, test loss = 6.498849868774414
Steps = 39900, train loss = 0.0015101031167432666
Steps = 39900, test loss = 6.4535746574401855
Steps = 40000, train loss = 0.0012369452742859721
Steps = 40000, test loss = 6.349669933319092
Steps = 40100, train loss = 0.0012989506358280778
Steps = 40100, test loss = 6.417232990264893
Steps = 40200, train loss = 0.0011037904769182205
Steps = 40200, test loss = 6.175615310668945
Steps = 40300, train loss = 0.0009947005892172456
Steps = 40300, test loss = 6.762292385101318
Steps = 40400, train loss = 0.0009090376552194357
Steps = 40400, test loss = 6.972175598144531
Steps = 40500, train loss = 0.0008311516721732914
Steps = 40500, test loss = 6.978513717651367
Steps = 40600, train loss = 0.0008258724119514227
Steps = 40600, test loss = 7.089933395385742
Steps = 40700, train loss = 0.0007657677051611245
Steps = 40700, test loss = 6.979091644287109
Steps = 40800, train loss = 0.0006177040631882846
Steps = 40800, test loss = 7.398643493652344
Steps = 40900, train loss = 0.0005420302622951567
Steps = 40900, test loss = 6.211902141571045
Steps = 41000, train loss = 0.0006203362718224525
Steps = 41000, test loss = 6.828901290893555
Steps = 41100, train loss = 0.00048132662777788937
Steps = 41100, test loss = 6.665375232696533
Steps = 41200, train loss = 0.0005222235922701657
Steps = 41200, test loss = 6.79144287109375
Steps = 41300, train loss = 0.0004486133111640811
Steps = 41300, test loss = 7.606988430023193
Steps = 41400, train loss = 0.0005283963400870562
Steps = 41400, test loss = 6.7307281494140625
Steps = 41500, train loss = 0.00041761904140003026
Steps = 41500, test loss = 6.628795623779297
Steps = 41600, train loss = 0.0003932977851945907
Steps = 41600, test loss = 6.6930108070373535
Steps = 41700, train loss = 0.00038999435491859913
Steps = 41700, test loss = 7.00764799118042
Steps = 41800, train loss = 0.00034812712692655623
Steps = 41800, test loss = 6.765609264373779
Steps = 41900, train loss = 0.0003400213608983904
Steps = 41900, test loss = 5.9805684089660645
Steps = 42000, train loss = 0.00029334513237699866
Steps = 42000, test loss = 6.374305248260498
Steps = 42100, train loss = 0.0002697473391890526
Steps = 42100, test loss = 6.696102619171143
Steps = 42200, train loss = 0.0002867179282475263
Steps = 42200, test loss = 6.6739349365234375
Steps = 42300, train loss = 0.00029102820553816855
Steps = 42300, test loss = 7.348352909088135
Steps = 42400, train loss = 0.00023632630473002791
Steps = 42400, test loss = 6.703746318817139
Steps = 42500, train loss = 0.0002466741716489196
Steps = 42500, test loss = 7.170217514038086
Steps = 42600, train loss = 0.00022503211221192032
Steps = 42600, test loss = 6.945418834686279
Steps = 42700, train loss = 0.0002183459437219426
Steps = 42700, test loss = 7.003079891204834
Steps = 42800, train loss = 0.00022662582341581583
Steps = 42800, test loss = 7.000846862792969
Steps = 42900, train loss = 0.00019490210979711264
Steps = 42900, test loss = 6.70906400680542
Steps = 43000, train loss = 0.00018863037985283881
Steps = 43000, test loss = 7.052366733551025
Steps = 43100, train loss = 0.00020655967819038779
Steps = 43100, test loss = 7.502628803253174
Steps = 43200, train loss = 0.00016134096949826926
Steps = 43200, test loss = 7.1184468269348145
Steps = 43300, train loss = 0.00016518596385139972
Steps = 43300, test loss = 7.798224925994873
Steps = 43400, train loss = 0.00016466918168589473
Steps = 43400, test loss = 7.322284698486328
Steps = 43500, train loss = 0.0001437624596292153
Steps = 43500, test loss = 7.054193019866943
Steps = 43600, train loss = 0.0001345461350865662
Steps = 43600, test loss = 7.625701904296875
Steps = 43700, train loss = 0.00013472004502546042
Steps = 43700, test loss = 7.026480197906494
Steps = 43800, train loss = 0.00012484345643315464
Steps = 43800, test loss = 6.856298446655273
Steps = 43900, train loss = 0.00012731704919133335
Steps = 43900, test loss = 7.342282772064209
Steps = 44000, train loss = 0.00011684958008117974
Steps = 44000, test loss = 7.566643238067627
Steps = 44100, train loss = 0.00010932812438113615
Steps = 44100, test loss = 7.259119033813477
Steps = 44200, train loss = 0.00010950992145808414
Steps = 44200, test loss = 7.2143235206604
Steps = 44300, train loss = 0.00010716227552620694
Steps = 44300, test loss = 7.411747455596924
Steps = 44400, train loss = 0.00010328878852305934
Steps = 44400, test loss = 7.116557598114014
Steps = 44500, train loss = 9.294552000937983e-05
Steps = 44500, test loss = 6.992037296295166
Steps = 44600, train loss = 9.242633677786216e-05
Steps = 44600, test loss = 7.845849514007568
Steps = 44700, train loss = 8.380142389796674e-05
Steps = 44700, test loss = 7.005385875701904
Steps = 44800, train loss = 8.706672815605998e-05
Steps = 44800, test loss = 6.8288702964782715
Steps = 44900, train loss = 8.367680857190862e-05
Steps = 44900, test loss = 8.00968074798584
Steps = 45000, train loss = 7.099171489244327e-05
Steps = 45000, test loss = 7.632455825805664
Steps = 45100, train loss = 7.162852125475183e-05
Steps = 45100, test loss = 7.261876583099365
Steps = 45200, train loss = 6.453325477195904e-05
Steps = 45200, test loss = 7.956929683685303
Steps = 45300, train loss = 6.355649384204298e-05
Steps = 45300, test loss = 7.235859394073486
Steps = 45400, train loss = 6.537514127558097e-05
Steps = 45400, test loss = 7.338263034820557
Steps = 45500, train loss = 5.5487242207163945e-05
Steps = 45500, test loss = 8.11458683013916
Steps = 45600, train loss = 5.4292817367240787e-05
Steps = 45600, test loss = 7.650242328643799
Steps = 45700, train loss = 5.1745508244493976e-05
Steps = 45700, test loss = 7.343163967132568
Steps = 45800, train loss = 5.362843512557447e-05
Steps = 45800, test loss = 7.000277042388916
Steps = 45900, train loss = 5.169457654119469e-05
Steps = 45900, test loss = 6.812294006347656
Steps = 46000, train loss = 4.5930097257951275e-05
Steps = 46000, test loss = 7.355501174926758
Steps = 46100, train loss = 4.366533175925724e-05
Steps = 46100, test loss = 7.194827556610107
Steps = 46200, train loss = 4.062187144882046e-05
Steps = 46200, test loss = 7.569036960601807
Steps = 46300, train loss = 4.0999944758368656e-05
Steps = 46300, test loss = 7.589054584503174
Steps = 46400, train loss = 3.9997943531489e-05
Steps = 46400, test loss = 8.26000690460205
Steps = 46500, train loss = 3.544091305229813e-05
Steps = 46500, test loss = 7.279358386993408
Steps = 46600, train loss = 3.532412301865406e-05
Steps = 46600, test loss = 7.573720932006836
Steps = 46700, train loss = 3.322817065054551e-05
Steps = 46700, test loss = 7.257762908935547
Steps = 46800, train loss = 3.247511631343514e-05
Steps = 46800, test loss = 7.457891941070557
Steps = 46900, train loss = 3.086272408836521e-05
Steps = 46900, test loss = 7.019233703613281
Steps = 47000, train loss = 3.162330176564865e-05
Steps = 47000, test loss = 8.423669815063477
Steps = 47100, train loss = 2.73176483460702e-05
Steps = 47100, test loss = 7.100925445556641
Steps = 47200, train loss = 2.7982567189610563e-05
Steps = 47200, test loss = 8.221810340881348
Steps = 47300, train loss = 2.6359040930401534e-05
Steps = 47300, test loss = 7.023705959320068
Steps = 47400, train loss = 2.4157472580554895e-05
Steps = 47400, test loss = 7.737504959106445
Steps = 47500, train loss = 2.2147134586703032e-05
Steps = 47500, test loss = 6.520130157470703
Steps = 47600, train loss = 2.2345826437231153e-05
Steps = 47600, test loss = 7.655612468719482
Steps = 47700, train loss = 2.0895482521154918e-05
Steps = 47700, test loss = 6.713665008544922
Steps = 47800, train loss = 1.9158287614118308e-05
Steps = 47800, test loss = 7.417941570281982
Steps = 47900, train loss = 1.958048414962832e-05
Steps = 47900, test loss = 7.255410671234131
Steps = 48000, train loss = 1.745401823427528e-05
Steps = 48000, test loss = 8.337973594665527
Steps = 48100, train loss = 1.8386564988759346e-05
Steps = 48100, test loss = 7.4663543701171875
Steps = 48200, train loss = 1.6484224033774808e-05
Steps = 48200, test loss = 7.829970836639404
Steps = 48300, train loss = 1.4566988284059335e-05
Steps = 48300, test loss = 7.172309398651123
Steps = 48400, train loss = 1.443473229301162e-05
Steps = 48400, test loss = 8.032259941101074
Steps = 48500, train loss = 1.4791735338803846e-05
Steps = 48500, test loss = 7.573083400726318
Steps = 48600, train loss = 1.4907841432432178e-05
Steps = 48600, test loss = 8.32422924041748
Steps = 48700, train loss = 1.2243683158885688e-05
Steps = 48700, test loss = 7.456718921661377
Steps = 48800, train loss = 1.3304751519171987e-05
Steps = 48800, test loss = 7.851833820343018
Steps = 48900, train loss = 1.1520987754920498e-05
Steps = 48900, test loss = 7.902003765106201
Steps = 49000, train loss = 1.119875469157705e-05
Steps = 49000, test loss = 8.300224304199219
Steps = 49100, train loss = 9.6887933977996e-06
Steps = 49100, test loss = 7.582695007324219
Steps = 49200, train loss = 9.485769624006934e-06
Steps = 49200, test loss = 7.677120685577393
Steps = 49300, train loss = 9.725426934892312e-06
Steps = 49300, test loss = 7.3047871589660645
Steps = 49400, train loss = 9.579524885339197e-06
Steps = 49400, test loss = 8.208358764648438
Steps = 49500, train loss = 9.368424798594788e-06
Steps = 49500, test loss = 8.52761173248291
Steps = 49600, train loss = 8.481815712002572e-06
Steps = 49600, test loss = 7.757148265838623
Steps = 49700, train loss = 8.350190000783186e-06
Steps = 49700, test loss = 7.212655544281006
Steps = 49800, train loss = 7.991321581357624e-06
Steps = 49800, test loss = 9.159903526306152
Steps = 49900, train loss = 7.432538495777408e-06
Steps = 49900, test loss = 7.194190979003906
Steps = 50000, train loss = 6.734052931278711e-06
Steps = 50000, test loss = 7.908660411834717
Steps = 50100, train loss = 6.238594778551487e-06
Steps = 50100, test loss = 8.460753440856934
Steps = 50200, train loss = 6.644644599873573e-06
Steps = 50200, test loss = 8.000239372253418
Steps = 50300, train loss = 5.777903879788937e-06
Steps = 50300, test loss = 7.781968593597412
Steps = 50400, train loss = 5.417175543698249e-06
Steps = 50400, test loss = 7.866816997528076
Steps = 50500, train loss = 5.726370090997079e-06
Steps = 50500, test loss = 6.980101108551025
Steps = 50600, train loss = 5.506578872882528e-06
Steps = 50600, test loss = 8.288403511047363
Steps = 50700, train loss = 4.810576683667023e-06
Steps = 50700, test loss = 8.802515983581543
Steps = 50800, train loss = 4.624312623491278e-06
Steps = 50800, test loss = 8.7628755569458
Steps = 50900, train loss = 4.745384103443939e-06
Steps = 50900, test loss = 7.514076232910156
Steps = 51000, train loss = 4.102776529180119e-06
Steps = 51000, test loss = 8.107929229736328
Steps = 51100, train loss = 4.045654350193217e-06
Steps = 51100, test loss = 7.721373081207275
Steps = 51200, train loss = 3.7147265175008215e-06
Steps = 51200, test loss = 7.555795192718506
Steps = 51300, train loss = 3.6451876894716406e-06
Steps = 51300, test loss = 8.294013023376465
Steps = 51400, train loss = 3.2832151646289276e-06
Steps = 51400, test loss = 8.345161437988281
Steps = 51500, train loss = 3.2937698506430024e-06
Steps = 51500, test loss = 8.225592613220215
Steps = 51600, train loss = 2.984572574860067e-06
Steps = 51600, test loss = 7.464102268218994
Steps = 51700, train loss = 2.913792741310317e-06
Steps = 51700, test loss = 7.8174729347229
Steps = 51800, train loss = 2.859775804608944e-06
Steps = 51800, test loss = 8.325615882873535
Steps = 51900, train loss = 2.9144136988179525e-06
Steps = 51900, test loss = 8.110817909240723
Steps = 52000, train loss = 2.518292149034096e-06
Steps = 52000, test loss = 8.292081832885742
Steps = 52100, train loss = 2.3674183466937393e-06
Steps = 52100, test loss = 8.791352272033691
Steps = 52200, train loss = 2.439440550006111e-06
Steps = 52200, test loss = 8.332924842834473
Steps = 52300, train loss = 2.26062707042729e-06
Steps = 52300, test loss = 7.581873416900635
Steps = 52400, train loss = 2.039593937297468e-06
Steps = 52400, test loss = 7.573994159698486
Steps = 52500, train loss = 2.0718796349683544e-06
Steps = 52500, test loss = 8.726876258850098
Steps = 52600, train loss = 1.993648538700654e-06
Steps = 52600, test loss = 8.4141263961792
Steps = 52700, train loss = 1.7738574342729407e-06
Steps = 52700, test loss = 8.0846586227417
Steps = 52800, train loss = 1.5900764083198737e-06
Steps = 52800, test loss = 7.876701831817627
Steps = 52900, train loss = 1.6801042193037574e-06
Steps = 52900, test loss = 8.319939613342285
Steps = 53000, train loss = 1.4870105360387242e-06
Steps = 53000, test loss = 8.170523643493652
Steps = 53100, train loss = 1.5286092320820899e-06
Steps = 53100, test loss = 8.321768760681152
Steps = 53200, train loss = 1.3907738320995122e-06
Steps = 53200, test loss = 8.3265380859375
Steps = 53300, train loss = 1.3454495046971715e-06
Steps = 53300, test loss = 8.24951457977295
Steps = 53400, train loss = 1.2361745120870182e-06
Steps = 53400, test loss = 7.973872661590576
Steps = 53500, train loss = 1.2343120943114627e-06
Steps = 53500, test loss = 8.695149421691895
Steps = 53600, train loss = 1.111377741835895e-06
Steps = 53600, test loss = 8.597094535827637
Steps = 53700, train loss = 1.014520307762723e-06
Steps = 53700, test loss = 8.001477241516113
Steps = 53800, train loss = 1.0256961786581087e-06
Steps = 53800, test loss = 7.728034973144531
Steps = 53900, train loss = 9.67954179031949e-07
Steps = 53900, test loss = 8.271166801452637
Steps = 54000, train loss = 9.431190051145677e-07
Steps = 54000, test loss = 8.838017463684082
Steps = 54100, train loss = 8.108713132060075e-07
Steps = 54100, test loss = 7.582238674163818
Steps = 54200, train loss = 8.518493359588319e-07
Steps = 54200, test loss = 8.51314640045166
Steps = 54300, train loss = 8.015580874598527e-07
Steps = 54300, test loss = 9.986166954040527
Steps = 54400, train loss = 7.798271894898789e-07
Steps = 54400, test loss = 9.765340805053711
Steps = 54500, train loss = 7.115302196325501e-07
Steps = 54500, test loss = 9.119194030761719
Steps = 54600, train loss = 6.966292289689591e-07
Steps = 54600, test loss = 9.306425094604492
Steps = 54700, train loss = 7.034587383714097e-07
Steps = 54700, test loss = 8.781000137329102
Steps = 54800, train loss = 6.376453711709473e-07
Steps = 54800, test loss = 8.377483367919922
Steps = 54900, train loss = 5.991507805447327e-07
Steps = 54900, test loss = 7.740102291107178
Steps = 55000, train loss = 5.395461357693421e-07
Steps = 55000, test loss = 7.916738986968994
Steps = 55100, train loss = 5.066394237474015e-07
Steps = 55100, test loss = 7.716669082641602
Steps = 55200, train loss = 5.234031732470612e-07
Steps = 55200, test loss = 8.577866554260254
Steps = 55300, train loss = 5.035349772697373e-07
Steps = 55300, test loss = 8.436005592346191
Steps = 55400, train loss = 4.898756174043228e-07
Steps = 55400, test loss = 8.890524864196777
Steps = 55500, train loss = 4.2654565390876087e-07
Steps = 55500, test loss = 8.386548042297363
Steps = 55600, train loss = 3.8991368001006776e-07
Steps = 55600, test loss = 8.863725662231445
Steps = 55700, train loss = 3.619740027716034e-07
Steps = 55700, test loss = 7.705753326416016
Steps = 55800, train loss = 3.6880371112602006e-07
Steps = 55800, test loss = 8.12802791595459
Steps = 55900, train loss = 3.445893241860176e-07
Steps = 55900, test loss = 7.972888469696045
Steps = 56000, train loss = 3.265837449362152e-07
Steps = 56000, test loss = 8.798563957214355
Steps = 56100, train loss = 2.936770329142746e-07
Steps = 56100, test loss = 8.603170394897461
Steps = 56200, train loss = 3.27825517842939e-07
Steps = 56200, test loss = 8.197081565856934
Steps = 56300, train loss = 2.949188058209984e-07
Steps = 56300, test loss = 8.377948760986328
Steps = 56400, train loss = 2.8250116201888886e-07
Steps = 56400, test loss = 9.438555717468262
Steps = 56500, train loss = 2.7008351821677934e-07
Steps = 56500, test loss = 8.577815055847168
Steps = 56600, train loss = 2.4897354933273164e-07
Steps = 56600, test loss = 8.961812973022461
Steps = 56700, train loss = 2.495944215752388e-07
Steps = 56700, test loss = 8.098288536071777
Steps = 56800, train loss = 2.4462738679176255e-07
Steps = 56800, test loss = 9.002307891845703
Steps = 56900, train loss = 2.1979211339839821e-07
Steps = 56900, test loss = 9.074421882629395
Steps = 57000, train loss = 2.1047888765224343e-07
Steps = 57000, test loss = 8.3385591506958
Steps = 57100, train loss = 1.899897910107029e-07
Steps = 57100, test loss = 8.706525802612305
Steps = 57200, train loss = 1.8316008265628625e-07
Steps = 57200, test loss = 8.251845359802246
Steps = 57300, train loss = 1.8874801810397912e-07
Steps = 57300, test loss = 8.189101219177246
Steps = 57400, train loss = 1.6267098601474572e-07
Steps = 57400, test loss = 8.79621410369873
Steps = 57500, train loss = 1.639127589214695e-07
Steps = 57500, test loss = 8.892267227172852
Steps = 57600, train loss = 1.508742428768528e-07
Steps = 57600, test loss = 8.245406150817871
Steps = 57700, train loss = 1.4466543518665276e-07
Steps = 57700, test loss = 8.469464302062988
Steps = 57800, train loss = 1.4901159772762185e-07
Steps = 57800, test loss = 8.448744773864746
Steps = 57900, train loss = 1.2790162884357414e-07
Steps = 57900, test loss = 8.19454288482666
Steps = 58000, train loss = 1.2293456563838845e-07
Steps = 58000, test loss = 7.74452543258667
Steps = 58100, train loss = 1.1362134699766102e-07
Steps = 58100, test loss = 9.270907402038574
Steps = 58200, train loss = 1.1051693604713364e-07
Steps = 58200, test loss = 8.709178924560547
Steps = 58300, train loss = 1.254180972409813e-07
Steps = 58300, test loss = 9.392996788024902
Steps = 58400, train loss = 9.25113639027586e-08
Steps = 58400, test loss = 9.120442390441895
Steps = 58500, train loss = 9.064871875352765e-08
Steps = 58500, test loss = 8.849342346191406
Steps = 58600, train loss = 1.0430812125150624e-07
Steps = 58600, test loss = 9.39099407196045
Steps = 58700, train loss = 9.499489550535145e-08
Steps = 58700, test loss = 8.324501991271973
Steps = 58800, train loss = 9.25113639027586e-08
Steps = 58800, test loss = 9.009132385253906
Steps = 58900, train loss = 8.443990395790024e-08
Steps = 58900, test loss = 8.252680778503418
Steps = 59000, train loss = 7.14013950187109e-08
Steps = 59000, test loss = 8.694217681884766
Steps = 59100, train loss = 8.195637946073475e-08
Steps = 59100, test loss = 9.23760986328125
Steps = 59200, train loss = 7.202227436664543e-08
Steps = 59200, test loss = 8.831293106079102
Steps = 59300, train loss = 7.202227436664543e-08
Steps = 59300, test loss = 8.828556060791016
Steps = 59400, train loss = 5.836287542138052e-08
Steps = 59400, test loss = 9.900080680847168
Steps = 59500, train loss = 6.208816927255612e-08
Steps = 59500, test loss = 8.803059577941895
Steps = 59600, train loss = 5.4016705774984075e-08
Steps = 59600, test loss = 8.990971565246582
Steps = 59700, train loss = 6.146728281919422e-08
Steps = 59700, test loss = 8.601977348327637
Steps = 59800, train loss = 6.519257311765614e-08
Steps = 59800, test loss = 9.042533874511719
Steps = 59900, train loss = 6.208816927255612e-08
Steps = 59900, test loss = 9.848929405212402
Steps = 60000, train loss = 5.525846802356682e-08
Steps = 60000, test loss = 8.943987846374512
Steps = 60100, train loss = 5.525846802356682e-08
Steps = 60100, test loss = 8.282634735107422
Steps = 60200, train loss = 6.45716937697216e-08
Steps = 60200, test loss = 8.80006217956543
Steps = 60300, train loss = 6.45716937697216e-08
Steps = 60300, test loss = 9.280509948730469
Steps = 60400, train loss = 4.718700452599478e-08
Steps = 60400, test loss = 9.142434120178223
Steps = 60500, train loss = 6.022552412332516e-08
Steps = 60500, test loss = 8.197224617004395
Steps = 60600, train loss = 5.8983758322028734e-08
Steps = 60600, test loss = 10.109051704406738
Steps = 60700, train loss = 5.4016705774984075e-08
Steps = 60700, test loss = 9.111055374145508
Steps = 60800, train loss = 6.084640347125969e-08
Steps = 60800, test loss = 8.693815231323242
Steps = 60900, train loss = 4.904964967522574e-08
Steps = 60900, test loss = 9.080718994140625
Steps = 61000, train loss = 5.339582287433586e-08
Steps = 61000, test loss = 8.938287734985352
Steps = 61100, train loss = 5.215406062575312e-08
Steps = 61100, test loss = 8.651622772216797
Steps = 61200, train loss = 5.836287542138052e-08
Steps = 61200, test loss = 9.301400184631348
Steps = 61300, train loss = 5.0912294824456694e-08
Steps = 61300, test loss = 8.480378150939941
Steps = 61400, train loss = 5.339582287433586e-08
Steps = 61400, test loss = 8.745787620544434
Steps = 61500, train loss = 4.8428770327291204e-08
Steps = 61500, test loss = 8.856919288635254
Steps = 61600, train loss = 5.774199607344599e-08
Steps = 61600, test loss = 8.943914413452148
Steps = 61700, train loss = 5.4016705774984075e-08
Steps = 61700, test loss = 8.536436080932617
Steps = 61800, train loss = 5.525846802356682e-08
Steps = 61800, test loss = 7.584025859832764
Steps = 61900, train loss = 1.5505162477493286
Steps = 61900, test loss = 2.215833902359009
Steps = 62000, train loss = 0.8086534142494202
Steps = 62000, test loss = 2.663898229598999
Steps = 62100, train loss = 0.32088446617126465
Steps = 62100, test loss = 3.281635284423828
Steps = 62200, train loss = 0.12279530614614487
Steps = 62200, test loss = 3.1795578002929688
Steps = 62300, train loss = 0.04037957265973091
Steps = 62300, test loss = 3.9679410457611084
Steps = 62400, train loss = 0.02883019484579563
Steps = 62400, test loss = 3.8614585399627686
Steps = 62500, train loss = 0.006545817945152521
Steps = 62500, test loss = 3.8635337352752686
Steps = 62600, train loss = 0.0045970831997692585
Steps = 62600, test loss = 3.931401491165161
Steps = 62700, train loss = 0.0027100658044219017
Steps = 62700, test loss = 3.5250723361968994
Steps = 62800, train loss = 0.0017429961590096354
Steps = 62800, test loss = 4.145263195037842
Steps = 62900, train loss = 0.001282488345168531
Steps = 62900, test loss = 4.780816555023193
Steps = 63000, train loss = 0.0013070008717477322
Steps = 63000, test loss = 4.551382541656494
Steps = 63100, train loss = 0.0011421173112466931
Steps = 63100, test loss = 4.5465168952941895
Steps = 63200, train loss = 0.0010397633304819465
Steps = 63200, test loss = 4.220652103424072
Steps = 63300, train loss = 0.0007911613793112338
Steps = 63300, test loss = 4.728810787200928
Steps = 63400, train loss = 0.0008424159605056047
Steps = 63400, test loss = 4.017924785614014
Steps = 63500, train loss = 0.0008152686059474945
Steps = 63500, test loss = 4.452940940856934
Steps = 63600, train loss = 0.0006750665488652885
Steps = 63600, test loss = 4.3524932861328125
Steps = 63700, train loss = 0.0006036748527549207
Steps = 63700, test loss = 4.559292793273926
Steps = 63800, train loss = 0.0005168349598534405
Steps = 63800, test loss = 4.4572319984436035
Steps = 63900, train loss = 0.0005595317925326526
Steps = 63900, test loss = 4.7109375
Steps = 64000, train loss = 0.0005262941704131663
Steps = 64000, test loss = 4.637190818786621
Steps = 64100, train loss = 0.00042679498437792063
Steps = 64100, test loss = 4.449469089508057
Steps = 64200, train loss = 0.00045678552123717964
Steps = 64200, test loss = 4.412727355957031
Steps = 64300, train loss = 0.00042261360795237124
Steps = 64300, test loss = 4.781215667724609
Steps = 64400, train loss = 0.0004490708524826914
Steps = 64400, test loss = 4.461109161376953
Steps = 64500, train loss = 0.00043008162174373865
Steps = 64500, test loss = 4.573005199432373
Steps = 64600, train loss = 0.0003511937102302909
Steps = 64600, test loss = 5.485675811767578
Steps = 64700, train loss = 0.000311460520606488
Steps = 64700, test loss = 4.394166469573975
Steps = 64800, train loss = 0.000369013607269153
Steps = 64800, test loss = 4.485067367553711
Steps = 64900, train loss = 0.00030249092378653586
Steps = 64900, test loss = 4.631887912750244
Steps = 65000, train loss = 0.00030099236755631864
Steps = 65000, test loss = 4.994595527648926
Steps = 65100, train loss = 0.0002848210569936782
Steps = 65100, test loss = 4.499934196472168
Steps = 65200, train loss = 0.0002566667681094259
Steps = 65200, test loss = 3.889190912246704
Steps = 65300, train loss = 0.00024118978762999177
Steps = 65300, test loss = 4.594912052154541
Steps = 65400, train loss = 0.00021884888701606542
Steps = 65400, test loss = 4.749149799346924
Steps = 65500, train loss = 0.00022257427917793393
Steps = 65500, test loss = 4.1638312339782715
Steps = 65600, train loss = 0.00022931816056370735
Steps = 65600, test loss = 4.3791608810424805
Steps = 65700, train loss = 0.00017377400945406407
Steps = 65700, test loss = 4.957010746002197
Steps = 65800, train loss = 0.00018794240895658731
Steps = 65800, test loss = 3.724339246749878
Steps = 65900, train loss = 0.00018154030840378255
Steps = 65900, test loss = 4.688897609710693
Steps = 66000, train loss = 0.00017471080354880542
Steps = 66000, test loss = 4.058282375335693
Steps = 66100, train loss = 0.00017733445565681905
Steps = 66100, test loss = 4.582187652587891
Steps = 66200, train loss = 0.000162366617587395
Steps = 66200, test loss = 4.357121467590332
Steps = 66300, train loss = 0.00014317741442937404
Steps = 66300, test loss = 4.250896453857422
Steps = 66400, train loss = 0.00014785172243136913
Steps = 66400, test loss = 4.16126823425293
Steps = 66500, train loss = 0.00013337218842934817
Steps = 66500, test loss = 4.962611198425293
Steps = 66600, train loss = 0.00013552638120017946
Steps = 66600, test loss = 4.80244779586792
Steps = 66700, train loss = 0.00011899907985934988
Steps = 66700, test loss = 4.290733814239502
Steps = 66800, train loss = 9.743271948536858e-05
Steps = 66800, test loss = 4.341995716094971
Steps = 66900, train loss = 0.00010813073458848521
Steps = 66900, test loss = 4.513002395629883
Steps = 67000, train loss = 0.00010103615932166576
Steps = 67000, test loss = 4.189406394958496
Steps = 67100, train loss = 0.00010286094038747251
Steps = 67100, test loss = 4.640522480010986
Steps = 67200, train loss = 0.00011741607886506245
Steps = 67200, test loss = 4.274320125579834
Steps = 67300, train loss = 9.36148499022238e-05
Steps = 67300, test loss = 4.750446796417236
Steps = 67400, train loss = 9.676465560914949e-05
Steps = 67400, test loss = 4.056436061859131
Steps = 67500, train loss = 8.975162199931219e-05
Steps = 67500, test loss = 3.9587364196777344
Steps = 67600, train loss = 8.091881318250671e-05
Steps = 67600, test loss = 4.724053859710693
Steps = 67700, train loss = 8.458553929813206e-05
Steps = 67700, test loss = 5.183642864227295
Steps = 67800, train loss = 7.234608347062021e-05
Steps = 67800, test loss = 5.002010822296143
Steps = 67900, train loss = 7.07973085809499e-05
Steps = 67900, test loss = 4.936483860015869
Steps = 68000, train loss = 6.591060810023919e-05
Steps = 68000, test loss = 4.5327277183532715
Steps = 68100, train loss = 5.609725121757947e-05
Steps = 68100, test loss = 4.9110283851623535
Steps = 68200, train loss = 6.369291077135131e-05
Steps = 68200, test loss = 4.733285427093506
Steps = 68300, train loss = 5.9440102631924674e-05
Steps = 68300, test loss = 4.469933986663818
Steps = 68400, train loss = 5.827685527037829e-05
Steps = 68400, test loss = 5.581379413604736
Steps = 68500, train loss = 5.244997737463564e-05
Steps = 68500, test loss = 4.365358829498291
Steps = 68600, train loss = 4.732993329525925e-05
Steps = 68600, test loss = 4.318499565124512
Steps = 68700, train loss = 4.533637911663391e-05
Steps = 68700, test loss = 4.771390438079834
Steps = 68800, train loss = 5.11805119458586e-05
Steps = 68800, test loss = 4.7434515953063965
Steps = 68900, train loss = 4.28817184001673e-05
Steps = 68900, test loss = 4.915832042694092
Steps = 69000, train loss = 4.4255051761865616e-05
Steps = 69000, test loss = 5.460142135620117
Steps = 69100, train loss = 4.046294998261146e-05
Steps = 69100, test loss = 5.1280951499938965
Steps = 69200, train loss = 4.028906914754771e-05
Steps = 69200, test loss = 4.724861145019531
Steps = 69300, train loss = 3.6131215892964974e-05
Steps = 69300, test loss = 4.636495113372803
Steps = 69400, train loss = 3.793359064729884e-05
Steps = 69400, test loss = 4.558652400970459
Steps = 69500, train loss = 3.648766505648382e-05
Steps = 69500, test loss = 4.376821994781494
Steps = 69600, train loss = 3.0211385819711722e-05
Steps = 69600, test loss = 4.042240619659424
Steps = 69700, train loss = 3.162391294608824e-05
Steps = 69700, test loss = 5.0321879386901855
Steps = 69800, train loss = 2.897035847126972e-05
Steps = 69800, test loss = 4.954418659210205
Steps = 69900, train loss = 2.904113171098288e-05
Steps = 69900, test loss = 4.92002534866333
Steps = 70000, train loss = 2.708108331717085e-05
Steps = 70000, test loss = 4.245884418487549
Steps = 70100, train loss = 2.5319093765574507e-05
Steps = 70100, test loss = 4.926821708679199
Steps = 70200, train loss = 2.2820133381173946e-05
Steps = 70200, test loss = 4.957095623016357
Steps = 70300, train loss = 2.124810816894751e-05
Steps = 70300, test loss = 5.460529327392578
Steps = 70400, train loss = 2.2378670109901577e-05
Steps = 70400, test loss = 4.88898229598999
Steps = 70500, train loss = 2.1172376364120282e-05
Steps = 70500, test loss = 4.689510822296143
Steps = 70600, train loss = 1.8915519831352867e-05
Steps = 70600, test loss = 4.5627641677856445
Steps = 70700, train loss = 1.820959550968837e-05
Steps = 70700, test loss = 5.095776081085205
Steps = 70800, train loss = 1.850635999289807e-05
Steps = 70800, test loss = 4.530289649963379
Steps = 70900, train loss = 1.829094071581494e-05
Steps = 70900, test loss = 5.2122931480407715
Steps = 71000, train loss = 1.626567063794937e-05
Steps = 71000, test loss = 4.326850891113281
Steps = 71100, train loss = 1.4555794223269913e-05
Steps = 71100, test loss = 4.856299877166748
Steps = 71200, train loss = 1.386912481393665e-05
Steps = 71200, test loss = 4.952820777893066
Steps = 71300, train loss = 1.3233347999630496e-05
Steps = 71300, test loss = 4.519782543182373
Steps = 71400, train loss = 1.3614567251352128e-05
Steps = 71400, test loss = 5.7032694816589355
Steps = 71500, train loss = 1.2797495401173364e-05
Steps = 71500, test loss = 4.336620807647705
Steps = 71600, train loss = 1.3070674867776688e-05
Steps = 71600, test loss = 4.815560340881348
Steps = 71700, train loss = 1.1278228157607373e-05
Steps = 71700, test loss = 4.6236066818237305
Steps = 71800, train loss = 1.1286301742075011e-05
Steps = 71800, test loss = 4.365718841552734
Steps = 71900, train loss = 1.077904653357109e-05
Steps = 71900, test loss = 4.293419361114502
Steps = 72000, train loss = 9.989912541641388e-06
Steps = 72000, test loss = 4.869322299957275
Steps = 72100, train loss = 8.18565513327485e-06
Steps = 72100, test loss = 4.706843852996826
Steps = 72200, train loss = 9.072269676835276e-06
Steps = 72200, test loss = 5.315781116485596
Steps = 72300, train loss = 7.93730669101933e-06
Steps = 72300, test loss = 5.060381889343262
Steps = 72400, train loss = 8.72085274750134e-06
Steps = 72400, test loss = 5.278977870941162
Steps = 72500, train loss = 7.549259407824138e-06
Steps = 72500, test loss = 4.79433012008667
Steps = 72600, train loss = 7.699511115788482e-06
Steps = 72600, test loss = 5.2552385330200195
Steps = 72700, train loss = 7.559195637441007e-06
Steps = 72700, test loss = 4.502254009246826
Steps = 72800, train loss = 6.892996225360548e-06
Steps = 72800, test loss = 5.02241849899292
Steps = 72900, train loss = 6.597460014745593e-06
Steps = 72900, test loss = 4.749295711517334
Steps = 73000, train loss = 6.3956740632420406e-06
Steps = 73000, test loss = 4.484323978424072
Steps = 73100, train loss = 5.9672693168977275e-06
Steps = 73100, test loss = 5.24893045425415
Steps = 73200, train loss = 5.299827989801997e-06
Steps = 73200, test loss = 4.371907711029053
Steps = 73300, train loss = 5.045887974119978e-06
Steps = 73300, test loss = 5.774595737457275
Steps = 73400, train loss = 4.750971584144281e-06
Steps = 73400, test loss = 5.0255327224731445
Steps = 73500, train loss = 4.844103841605829e-06
Steps = 73500, test loss = 4.346534252166748
Steps = 73600, train loss = 4.521246864896966e-06
Steps = 73600, test loss = 5.160284042358398
Steps = 73700, train loss = 4.623069344233954e-06
Steps = 73700, test loss = 4.580470561981201
Steps = 73800, train loss = 4.217016794427764e-06
Steps = 73800, test loss = 4.480714321136475
Steps = 73900, train loss = 3.9332749111054e-06
Steps = 73900, test loss = 4.879587650299072
Steps = 74000, train loss = 3.877395556628471e-06
Steps = 74000, test loss = 4.86867094039917
Steps = 74100, train loss = 3.5998627936351113e-06
Steps = 74100, test loss = 4.247522830963135
Steps = 74200, train loss = 3.5694399684871314e-06
Steps = 74200, test loss = 4.8385396003723145
Steps = 74300, train loss = 3.1335839594248682e-06
Steps = 74300, test loss = 4.753878116607666
Steps = 74400, train loss = 2.9367645311140222e-06
Steps = 74400, test loss = 5.050315856933594
Steps = 74500, train loss = 2.6710276870289817e-06
Steps = 74500, test loss = 5.111034393310547
Steps = 74600, train loss = 2.7200776457902975e-06
Steps = 74600, test loss = 4.552534580230713
Steps = 74700, train loss = 2.446890675855684e-06
Steps = 74700, test loss = 5.428163051605225
Steps = 74800, train loss = 2.5735496365086874e-06
Steps = 74800, test loss = 4.294300556182861
Steps = 74900, train loss = 2.4711055175430374e-06
Steps = 74900, test loss = 4.545511722564697
Steps = 75000, train loss = 2.1768082660855725e-06
Steps = 75000, test loss = 4.667510509490967
Steps = 75100, train loss = 2.1674948129657423e-06
Steps = 75100, test loss = 4.46000337600708
Steps = 75200, train loss = 2.1476269012055127e-06
Steps = 75200, test loss = 4.9684553146362305
Steps = 75300, train loss = 1.960741656148457e-06
Steps = 75300, test loss = 4.70827579498291
Steps = 75400, train loss = 1.8452582253303262e-06
Steps = 75400, test loss = 5.4121928215026855
Steps = 75500, train loss = 1.7465386008552741e-06
Steps = 75500, test loss = 4.7594075202941895
Steps = 75600, train loss = 1.657131747379026e-06
Steps = 75600, test loss = 4.658951282501221
Steps = 75700, train loss = 1.588214104231156e-06
Steps = 75700, test loss = 4.538353443145752
Steps = 75800, train loss = 1.5497190588575904e-06
Steps = 75800, test loss = 4.797241687774658
Steps = 75900, train loss = 1.4764555089641362e-06
Steps = 75900, test loss = 4.327130317687988
Steps = 76000, train loss = 1.4398233361134771e-06
Steps = 76000, test loss = 4.764247417449951
Steps = 76100, train loss = 1.3547625030696508e-06
Steps = 76100, test loss = 4.721373558044434
Steps = 76200, train loss = 1.2436252063707798e-06
Steps = 76200, test loss = 4.308536529541016
Steps = 76300, train loss = 1.1604271321630222e-06
Steps = 76300, test loss = 5.089949607849121
Steps = 76400, train loss = 1.1256579455221072e-06
Steps = 76400, test loss = 5.007560729980469
Steps = 76500, train loss = 1.016382952911954e-06
Steps = 76500, test loss = 5.090052604675293
Steps = 76600, train loss = 1.0244543773296755e-06
Steps = 76600, test loss = 5.37586784362793
Steps = 76700, train loss = 9.046243008015153e-07
Steps = 76700, test loss = 3.911179542541504
Steps = 76800, train loss = 8.518495064890885e-07
Steps = 76800, test loss = 5.104330062866211
Steps = 76900, train loss = 8.835144740260148e-07
Steps = 76900, test loss = 4.7830071449279785
Steps = 77000, train loss = 7.711348644079408e-07
Steps = 77000, test loss = 4.886236667633057
Steps = 77100, train loss = 8.009371867956361e-07
Steps = 77100, test loss = 4.804673671722412
Steps = 77200, train loss = 7.77964544340648e-07
Steps = 77200, test loss = 4.837688446044922
Steps = 77300, train loss = 7.313984156098741e-07
Steps = 77300, test loss = 4.761111736297607
Steps = 77400, train loss = 6.854532443867356e-07
Steps = 77400, test loss = 4.588805198669434
Steps = 77500, train loss = 5.892166541343613e-07
Steps = 77500, test loss = 5.2452168464660645
Steps = 77600, train loss = 5.767990387539612e-07
Steps = 77600, test loss = 5.3695831298828125
Steps = 77700, train loss = 5.830078180224518e-07
Steps = 77700, test loss = 4.248406410217285
Steps = 77800, train loss = 5.358208454708802e-07
Steps = 77800, test loss = 4.337810516357422
Steps = 77900, train loss = 4.917382625535538e-07
Steps = 77900, test loss = 4.369114398956299
Steps = 78000, train loss = 5.265076197247254e-07
Steps = 78000, test loss = 4.848770618438721
Steps = 78100, train loss = 4.495183247854584e-07
Steps = 78100, test loss = 5.025451183319092
Steps = 78200, train loss = 4.2902922814391786e-07
Steps = 78200, test loss = 5.643399715423584
Steps = 78300, train loss = 4.15369839856794e-07
Steps = 78300, test loss = 4.985307216644287
Steps = 78400, train loss = 3.880510348608368e-07
Steps = 78400, test loss = 4.518503189086914
Steps = 78500, train loss = 3.656992930700653e-07
Steps = 78500, test loss = 5.422382831573486
Steps = 78600, train loss = 3.3279255262641527e-07
Steps = 78600, test loss = 5.534183502197266
Steps = 78700, train loss = 3.5886958471564867e-07
Steps = 78700, test loss = 4.870015621185303
Steps = 78800, train loss = 3.321716803839081e-07
Steps = 78800, test loss = 5.051341533660889
Steps = 78900, train loss = 3.1416612955581513e-07
Steps = 78900, test loss = 5.416568756103516
Steps = 79000, train loss = 2.856055800748436e-07
Steps = 79000, test loss = 5.405086994171143
Steps = 79100, train loss = 3.0050674126869126e-07
Steps = 79100, test loss = 4.525010108947754
Steps = 79200, train loss = 2.5704500217216264e-07
Steps = 79200, test loss = 5.674994945526123
Steps = 79300, train loss = 2.458691312767769e-07
Steps = 79300, test loss = 5.026636600494385
Steps = 79400, train loss = 2.452482590342697e-07
Steps = 79400, test loss = 5.468577861785889
Steps = 79500, train loss = 2.2786356623782922e-07
Steps = 79500, test loss = 5.331385135650635
Steps = 79600, train loss = 2.241382759393673e-07
Steps = 79600, test loss = 4.885152339935303
Steps = 79700, train loss = 2.1979211339839821e-07
Steps = 79700, test loss = 5.779825687408447
Steps = 79800, train loss = 2.154459366465744e-07
Steps = 79800, test loss = 5.2615509033203125
Steps = 79900, train loss = 1.769512749660862e-07
Steps = 79900, test loss = 5.753363132476807
Steps = 80000, train loss = 1.7384685691013146e-07
Steps = 80000, test loss = 4.820246696472168
Test accuracy: 0.4583333333333333 (got 88 right out of 192)
The testing loss never went to almost zero
