LR = 0.001, batch_size = 512, block_size = 9


number of parameters: 0.41M
Steps = 0, train loss = 4.656937599182129
Steps = 0, test loss = 4.628774642944336
Steps = 100, train loss = 4.494115829467773
Steps = 100, test loss = 4.544170379638672
Steps = 200, train loss = 4.525347709655762
Steps = 200, test loss = 4.5514936447143555
Steps = 300, train loss = 4.505893707275391
Steps = 300, test loss = 4.5007171630859375
Steps = 400, train loss = 4.5135393142700195
Steps = 400, test loss = 4.5185866355896
Steps = 500, train loss = 4.535191059112549
Steps = 500, test loss = 4.538369178771973
Steps = 600, train loss = 3.455730676651001
Steps = 600, test loss = 3.52211856842041
Steps = 700, train loss = 3.171421766281128
Steps = 700, test loss = 3.192653179168701
Steps = 800, train loss = 3.188922882080078
Steps = 800, test loss = 3.2138993740081787
Steps = 900, train loss = 3.1398916244506836
Steps = 900, test loss = 3.2637979984283447
Steps = 1000, train loss = 3.166290521621704
Steps = 1000, test loss = 3.1980292797088623
Steps = 1100, train loss = 3.160294771194458
Steps = 1100, test loss = 3.23191499710083
Steps = 1200, train loss = 3.170114278793335
Steps = 1200, test loss = 3.169316530227661
Steps = 1300, train loss = 3.146113157272339
Steps = 1300, test loss = 3.2412970066070557
Steps = 1400, train loss = 3.1239616870880127
Steps = 1400, test loss = 3.2199230194091797
Steps = 1500, train loss = 3.1417388916015625
Steps = 1500, test loss = 3.2319376468658447
Steps = 1600, train loss = 3.1511621475219727
Steps = 1600, test loss = 3.2388179302215576
Steps = 1700, train loss = 3.122249126434326
Steps = 1700, test loss = 3.18615984916687
Steps = 1800, train loss = 2.7792110443115234
Steps = 1800, test loss = 2.863361120223999
Steps = 1900, train loss = 2.546782970428467
Steps = 1900, test loss = 2.6079225540161133
Steps = 2000, train loss = 2.4905242919921875
Steps = 2000, test loss = 2.6234941482543945
Steps = 2100, train loss = 2.4861459732055664
Steps = 2100, test loss = 2.6391987800598145
Steps = 2200, train loss = 2.6052849292755127
Steps = 2200, test loss = 2.6828668117523193
Steps = 2300, train loss = 2.4474120140075684
Steps = 2300, test loss = 2.5868563652038574
Steps = 2400, train loss = 2.4766857624053955
Steps = 2400, test loss = 2.621943235397339
Steps = 2500, train loss = 2.4113316535949707
Steps = 2500, test loss = 2.628420114517212
Steps = 2600, train loss = 2.412092447280884
Steps = 2600, test loss = 2.650851011276245
Steps = 2700, train loss = 2.418628215789795
Steps = 2700, test loss = 2.7204864025115967
Steps = 2800, train loss = 2.407416343688965
Steps = 2800, test loss = 2.742050886154175
Steps = 2900, train loss = 2.392979621887207
Steps = 2900, test loss = 2.7556331157684326
Steps = 3000, train loss = 2.356180191040039
Steps = 3000, test loss = 2.8634867668151855
Steps = 3100, train loss = 2.353867530822754
Steps = 3100, test loss = 2.917055368423462
Steps = 3200, train loss = 2.381460428237915
Steps = 3200, test loss = 3.008033275604248
Steps = 3300, train loss = 2.245408773422241
Steps = 3300, test loss = 2.9762306213378906
Steps = 3400, train loss = 2.155210018157959
Steps = 3400, test loss = 2.894756317138672
Steps = 3500, train loss = 1.9688831567764282
Steps = 3500, test loss = 2.8378896713256836
Steps = 3600, train loss = 1.7424300909042358
Steps = 3600, test loss = 2.564859628677368
Steps = 3700, train loss = 1.2748059034347534
Steps = 3700, test loss = 2.182884454727173
Steps = 3800, train loss = 0.9537954330444336
Steps = 3800, test loss = 1.8108634948730469
Steps = 3900, train loss = 0.7298681735992432
Steps = 3900, test loss = 1.5373221635818481
Steps = 4000, train loss = 0.6357069611549377
Steps = 4000, test loss = 1.3854827880859375
Steps = 4100, train loss = 0.4632667303085327
Steps = 4100, test loss = 1.2554206848144531
Steps = 4200, train loss = 0.37245699763298035
Steps = 4200, test loss = 1.3337664604187012
Steps = 4300, train loss = 0.3296383023262024
Steps = 4300, test loss = 1.1663285493850708
Steps = 4400, train loss = 0.22833645343780518
Steps = 4400, test loss = 1.057823657989502
Steps = 4500, train loss = 0.14885470271110535
Steps = 4500, test loss = 1.0449743270874023
Steps = 4600, train loss = 0.207708939909935
Steps = 4600, test loss = 1.1320922374725342
Steps = 4700, train loss = 0.2707400619983673
Steps = 4700, test loss = 1.30379056930542
Steps = 4800, train loss = 0.08720409870147705
Steps = 4800, test loss = 0.8950884342193604
Steps = 4900, train loss = 0.05246179550886154
Steps = 4900, test loss = 0.9277278780937195
Steps = 5000, train loss = 0.04232397302985191
Steps = 5000, test loss = 0.9321331977844238
Steps = 5100, train loss = 0.03294619545340538
Steps = 5100, test loss = 0.9609016180038452
Steps = 5200, train loss = 0.03129579499363899
Steps = 5200, test loss = 1.0767041444778442
Steps = 5300, train loss = 0.14261537790298462
Steps = 5300, test loss = 1.1991052627563477
Steps = 5400, train loss = 0.3797193169593811
Steps = 5400, test loss = 1.516236424446106
Steps = 5500, train loss = 0.05138770118355751
Steps = 5500, test loss = 0.7190852761268616
Steps = 5600, train loss = 0.034059152007102966
Steps = 5600, test loss = 0.695553183555603
Steps = 5700, train loss = 0.023571990430355072
Steps = 5700, test loss = 0.6459712982177734
Steps = 5800, train loss = 0.01980397291481495
Steps = 5800, test loss = 0.7993410229682922
Steps = 5900, train loss = 0.01737845316529274
Steps = 5900, test loss = 0.739043116569519
Steps = 6000, train loss = 0.015773940831422806
Steps = 6000, test loss = 0.7221841812133789
Steps = 6100, train loss = 0.013770811259746552
Steps = 6100, test loss = 0.8361389636993408
Steps = 6200, train loss = 0.01238067913800478
Steps = 6200, test loss = 0.8403134942054749
Steps = 6300, train loss = 0.010965583845973015
Steps = 6300, test loss = 0.7027145028114319
Steps = 6400, train loss = 0.010083220899105072
Steps = 6400, test loss = 0.7219815850257874
Steps = 6500, train loss = 0.009064055047929287
Steps = 6500, test loss = 0.8331325650215149
Steps = 6600, train loss = 0.007962816394865513
Steps = 6600, test loss = 0.7110973596572876
Steps = 6700, train loss = 0.007566971704363823
Steps = 6700, test loss = 0.7024189829826355
Steps = 6800, train loss = 0.006816565059125423
Steps = 6800, test loss = 0.7070645689964294
Steps = 6900, train loss = 0.006339685060083866
Steps = 6900, test loss = 0.989302933216095
Steps = 7000, train loss = 0.005653209984302521
Steps = 7000, test loss = 0.7535722851753235
Steps = 7100, train loss = 0.005509212147444487
Steps = 7100, test loss = 0.8148209452629089
Steps = 7200, train loss = 0.005135757382959127
Steps = 7200, test loss = 0.8782439827919006
Steps = 7300, train loss = 0.004554849583655596
Steps = 7300, test loss = 0.9802359342575073
Steps = 7400, train loss = 0.004023533780127764
Steps = 7400, test loss = 0.8717172145843506
Steps = 7500, train loss = 0.003950181417167187
Steps = 7500, test loss = 0.8849796056747437
Steps = 7600, train loss = 0.0035680655855685472
Steps = 7600, test loss = 0.8153313994407654
Steps = 7700, train loss = 0.003287562169134617
Steps = 7700, test loss = 0.9345234036445618
Steps = 7800, train loss = 0.0030627555679529905
Steps = 7800, test loss = 0.9610610604286194
Steps = 7900, train loss = 0.0028284878935664892
Steps = 7900, test loss = 1.0583263635635376
Steps = 8000, train loss = 0.0024999361485242844
Steps = 8000, test loss = 0.9630496501922607
Steps = 8100, train loss = 0.002329267794266343
Steps = 8100, test loss = 0.9264059066772461
Steps = 8200, train loss = 0.0022570639848709106
Steps = 8200, test loss = 0.9975658655166626
Steps = 8300, train loss = 0.0021197337191551924
Steps = 8300, test loss = 1.0634965896606445
Steps = 8400, train loss = 0.001941958093084395
Steps = 8400, test loss = 1.1289951801300049
Steps = 8500, train loss = 0.0018509883666411042
Steps = 8500, test loss = 1.135912537574768
Steps = 8600, train loss = 0.001673513324931264
Steps = 8600, test loss = 0.9647055864334106
Steps = 8700, train loss = 0.0015321337850764394
Steps = 8700, test loss = 1.2357805967330933
Steps = 8800, train loss = 0.0014500361867249012
Steps = 8800, test loss = 1.1868891716003418
Steps = 8900, train loss = 0.0013898127945140004
Steps = 8900, test loss = 1.2427008152008057
Steps = 9000, train loss = 0.001346652046777308
Steps = 9000, test loss = 1.2687026262283325
Steps = 9100, train loss = 0.0012809140607714653
Steps = 9100, test loss = 1.2035832405090332
Steps = 9200, train loss = 0.0011679703602567315
Steps = 9200, test loss = 1.3690307140350342
Steps = 9300, train loss = 0.0010861096670851111
Steps = 9300, test loss = 1.3532311916351318
Steps = 9400, train loss = 0.0010406336514279246
Steps = 9400, test loss = 1.3835738897323608
Steps = 9500, train loss = 0.0009541623876430094
Steps = 9500, test loss = 1.211044430732727
Steps = 9600, train loss = 0.0008725231164135039
Steps = 9600, test loss = 1.2715613842010498
Steps = 9700, train loss = 0.0007626095903106034
Steps = 9700, test loss = 1.2295321226119995
Steps = 9800, train loss = 0.0008007079595699906
Steps = 9800, test loss = 1.3471134901046753
Steps = 9900, train loss = 0.0007168257725425065
Steps = 9900, test loss = 1.55028235912323
Steps = 10000, train loss = 0.0006599602056667209
Steps = 10000, test loss = 1.4602532386779785
Steps = 10100, train loss = 0.0006279810331761837
Steps = 10100, test loss = 1.4999054670333862
Steps = 10200, train loss = 0.0005871228640899062
Steps = 10200, test loss = 1.3448151350021362
Steps = 10300, train loss = 0.0005431214813143015
Steps = 10300, test loss = 1.3616721630096436
Steps = 10400, train loss = 0.0005224234191700816
Steps = 10400, test loss = 1.5026320219039917
Steps = 10500, train loss = 0.0004777344292961061
Steps = 10500, test loss = 1.6541128158569336
Steps = 10600, train loss = 0.0004298949788790196
Steps = 10600, test loss = 1.5044742822647095
Steps = 10700, train loss = 0.0004103754472453147
Steps = 10700, test loss = 1.4125984907150269
Steps = 10800, train loss = 0.0003957330482080579
Steps = 10800, test loss = 1.6282827854156494
Steps = 10900, train loss = 0.00038000851054675877
Steps = 10900, test loss = 1.6404203176498413
Steps = 11000, train loss = 0.00034125978709198534
Steps = 11000, test loss = 1.7015470266342163
Steps = 11100, train loss = 0.0003290053573437035
Steps = 11100, test loss = 1.825998067855835
Steps = 11200, train loss = 0.000322444160701707
Steps = 11200, test loss = 1.755258321762085
Steps = 11300, train loss = 0.00028445289353840053
Steps = 11300, test loss = 1.6199522018432617
Steps = 11400, train loss = 0.0002690950350370258
Steps = 11400, test loss = 2.0487799644470215
Steps = 11500, train loss = 0.0002528077457100153
Steps = 11500, test loss = 1.687391996383667
Steps = 11600, train loss = 0.00023656176927033812
Steps = 11600, test loss = 1.8963184356689453
Steps = 11700, train loss = 0.00023372459691017866
Steps = 11700, test loss = 1.80719792842865
Steps = 11800, train loss = 0.00021123883198015392
Steps = 11800, test loss = 1.923399567604065
Steps = 11900, train loss = 0.00018976989667862654
Steps = 11900, test loss = 1.8130009174346924
Steps = 12000, train loss = 0.00018242774240206927
Steps = 12000, test loss = 1.831679344177246
Steps = 12100, train loss = 0.00017466988356318325
Steps = 12100, test loss = 1.9935176372528076
Steps = 12200, train loss = 0.00015775613428559154
Steps = 12200, test loss = 2.136030912399292
Steps = 12300, train loss = 0.000151111715240404
Steps = 12300, test loss = 2.100172281265259
Steps = 12400, train loss = 0.0001428398536518216
Steps = 12400, test loss = 1.943122386932373
Steps = 12500, train loss = 0.0001285680045839399
Steps = 12500, test loss = 2.097994089126587
Steps = 12600, train loss = 0.00012765894643962383
Steps = 12600, test loss = 2.177407741546631
Steps = 12700, train loss = 0.00011012172035407275
Steps = 12700, test loss = 2.185621738433838
Steps = 12800, train loss = 0.8197796940803528
Steps = 12800, test loss = 1.4002050161361694
Steps = 12900, train loss = 0.113654226064682
Steps = 12900, test loss = 0.7971651554107666
Steps = 13000, train loss = 0.037520017474889755
Steps = 13000, test loss = 0.6205729842185974
Steps = 13100, train loss = 0.01726699061691761
Steps = 13100, test loss = 0.5332226753234863
Steps = 13200, train loss = 0.011677592992782593
Steps = 13200, test loss = 0.5150098204612732
Steps = 13300, train loss = 0.009536519646644592
Steps = 13300, test loss = 0.5003234148025513
Steps = 13400, train loss = 0.007038320880383253
Steps = 13400, test loss = 0.5286576747894287
Steps = 13500, train loss = 0.005765269044786692
Steps = 13500, test loss = 0.44109460711479187
Steps = 13600, train loss = 0.005115094128996134
Steps = 13600, test loss = 0.49392014741897583
Steps = 13700, train loss = 0.004837969318032265
Steps = 13700, test loss = 0.48015645146369934
Steps = 13800, train loss = 0.003874552669003606
Steps = 13800, test loss = 0.49656084179878235
Steps = 13900, train loss = 0.0036315475590527058
Steps = 13900, test loss = 0.45287594199180603
Steps = 14000, train loss = 0.0033732294104993343
Steps = 14000, test loss = 0.48474639654159546
Steps = 14100, train loss = 0.002938168589025736
Steps = 14100, test loss = 0.4599178433418274
Steps = 14200, train loss = 0.0027283215895295143
Steps = 14200, test loss = 0.4716837704181671
Steps = 14300, train loss = 0.0024696914479136467
Steps = 14300, test loss = 0.5044834613800049
Steps = 14400, train loss = 0.002400770550593734
Steps = 14400, test loss = 0.4482244849205017
Steps = 14500, train loss = 0.0022656547371298075
Steps = 14500, test loss = 0.4042452573776245
Steps = 14600, train loss = 0.0020558475516736507
Steps = 14600, test loss = 0.41402003169059753
Steps = 14700, train loss = 0.0019112051231786609
Steps = 14700, test loss = 0.37838903069496155
Steps = 14800, train loss = 0.0019145088735967875
Steps = 14800, test loss = 0.4564337134361267
Steps = 14900, train loss = 0.0016835997812449932
Steps = 14900, test loss = 0.46778786182403564
Steps = 15000, train loss = 0.0016159024089574814
Steps = 15000, test loss = 0.3750438988208771
Steps = 15100, train loss = 0.0015624164370819926
Steps = 15100, test loss = 0.453479140996933
Steps = 15200, train loss = 0.0013730278005823493
Steps = 15200, test loss = 0.42826560139656067
Steps = 15300, train loss = 0.0014127055183053017
Steps = 15300, test loss = 0.37645092606544495
Steps = 15400, train loss = 0.0012968056835234165
Steps = 15400, test loss = 0.4155101776123047
Steps = 15500, train loss = 0.0012336811050772667
Steps = 15500, test loss = 0.4408819377422333
Steps = 15600, train loss = 0.0011466257274150848
Steps = 15600, test loss = 0.4680805206298828
Steps = 15700, train loss = 0.0010656416416168213
Steps = 15700, test loss = 0.49524667859077454
Steps = 15800, train loss = 0.0010353297693654895
Steps = 15800, test loss = 0.42356565594673157
Steps = 15900, train loss = 0.0009710149606689811
Steps = 15900, test loss = 0.3762918710708618
Steps = 16000, train loss = 0.0009191228891722858
Steps = 16000, test loss = 0.48041269183158875
Steps = 16100, train loss = 0.000868006784003228
Steps = 16100, test loss = 0.43495088815689087
Steps = 16200, train loss = 0.0008879566448740661
Steps = 16200, test loss = 0.4240865409374237
Steps = 16300, train loss = 0.0008097624522633851
Steps = 16300, test loss = 0.3812042474746704
Steps = 16400, train loss = 0.0007765377522446215
Steps = 16400, test loss = 0.41596242785453796
Steps = 16500, train loss = 0.000719682255294174
Steps = 16500, test loss = 0.5071538686752319
Steps = 16600, train loss = 0.0007199986721388996
Steps = 16600, test loss = 0.4041277766227722
Steps = 16700, train loss = 0.0006614229641854763
Steps = 16700, test loss = 0.357871949672699
Steps = 16800, train loss = 0.0006315908394753933
Steps = 16800, test loss = 0.4346558749675751
Steps = 16900, train loss = 0.0005883858539164066
Steps = 16900, test loss = 0.4219920039176941
Steps = 17000, train loss = 0.0005296317976899445
Steps = 17000, test loss = 0.4936043918132782
Steps = 17100, train loss = 0.0005196542479097843
Steps = 17100, test loss = 0.38027915358543396
Steps = 17200, train loss = 0.0005070330807939172
Steps = 17200, test loss = 0.4335988163948059
Steps = 17300, train loss = 0.0004730145155917853
Steps = 17300, test loss = 0.4723317325115204
Steps = 17400, train loss = 0.00044648454058915377
Steps = 17400, test loss = 0.4798595905303955
Steps = 17500, train loss = 0.00045560492435470223
Steps = 17500, test loss = 0.508216917514801
Steps = 17600, train loss = 0.0004061324871145189
Steps = 17600, test loss = 0.3635416626930237
Steps = 17700, train loss = 0.0003958742890972644
Steps = 17700, test loss = 0.4435495138168335
Steps = 17800, train loss = 0.00037290260661393404
Steps = 17800, test loss = 0.6182323694229126
Steps = 17900, train loss = 0.000360562204150483
Steps = 17900, test loss = 0.5525428056716919
Steps = 18000, train loss = 0.00034284338471479714
Steps = 18000, test loss = 0.49764490127563477
Steps = 18100, train loss = 0.0003117971064057201
Steps = 18100, test loss = 0.4354548752307892
Steps = 18200, train loss = 0.00029429403366521
Steps = 18200, test loss = 0.4382111728191376
Steps = 18300, train loss = 0.0002868615847546607
Steps = 18300, test loss = 0.4673554599285126
Steps = 18400, train loss = 0.0002751682186499238
Steps = 18400, test loss = 0.49383020401000977
Steps = 18500, train loss = 0.00026227484340779483
Steps = 18500, test loss = 0.5360961556434631
Steps = 18600, train loss = 0.00024357654911000282
Steps = 18600, test loss = 0.5164923667907715
Steps = 18700, train loss = 0.00025429457309655845
Steps = 18700, test loss = 0.567875862121582
Steps = 18800, train loss = 0.00023342366330325603
Steps = 18800, test loss = 0.510927140712738
Steps = 18900, train loss = 0.0002187789068557322
Steps = 18900, test loss = 0.5434409976005554
Steps = 19000, train loss = 0.00020149866759311408
Steps = 19000, test loss = 0.5021517872810364
Steps = 19100, train loss = 0.00018383491260465235
Steps = 19100, test loss = 0.5862834453582764
Steps = 19200, train loss = 0.0001866463280748576
Steps = 19200, test loss = 0.5215072631835938
Steps = 19300, train loss = 0.00017247491632588208
Steps = 19300, test loss = 0.46733543276786804
Steps = 19400, train loss = 0.00016685733862686902
Steps = 19400, test loss = 0.5775342583656311
Steps = 19500, train loss = 0.00016070675337687135
Steps = 19500, test loss = 0.5496253967285156
Steps = 19600, train loss = 0.00014173181261867285
Steps = 19600, test loss = 0.6308515667915344
Steps = 19700, train loss = 0.00014821314834989607
Steps = 19700, test loss = 0.6277255415916443
Steps = 19800, train loss = 0.00013156383647583425
Steps = 19800, test loss = 0.5689784288406372
Steps = 19900, train loss = 0.00013114040484651923
Steps = 19900, test loss = 0.4622112810611725
Steps = 20000, train loss = 0.00012075222184648737
Steps = 20000, test loss = 0.5374736189842224
Test accuracy: 0.7734375 (got 396 right out of 512)
The testing loss never went to almost zero
