LR = 0.001, batch_size = 64, block_size = 9


number of parameters: 0.41M
Steps = 0, train loss = 4.643701076507568
Steps = 0, test loss = 4.680124759674072
Steps = 100, train loss = 4.6186370849609375
Steps = 100, test loss = 4.654760837554932
Steps = 200, train loss = 4.6106648445129395
Steps = 200, test loss = 4.6372785568237305
Steps = 300, train loss = 4.533787727355957
Steps = 300, test loss = 4.451213836669922
Steps = 400, train loss = 4.485375881195068
Steps = 400, test loss = 4.513486385345459
Steps = 500, train loss = 4.5737714767456055
Steps = 500, test loss = 4.5952348709106445
Steps = 600, train loss = 4.507241249084473
Steps = 600, test loss = 4.507448673248291
Steps = 700, train loss = 4.598918437957764
Steps = 700, test loss = 4.4357194900512695
Steps = 800, train loss = 4.56424617767334
Steps = 800, test loss = 4.438507080078125
Steps = 900, train loss = 4.44111442565918
Steps = 900, test loss = 4.544198989868164
Steps = 1000, train loss = 4.592978477478027
Steps = 1000, test loss = 4.447288990020752
Steps = 1100, train loss = 4.520133018493652
Steps = 1100, test loss = 4.532918453216553
Steps = 1200, train loss = 4.590950965881348
Steps = 1200, test loss = 4.613567352294922
Steps = 1300, train loss = 4.563881874084473
Steps = 1300, test loss = 4.456693649291992
Steps = 1400, train loss = 4.582361221313477
Steps = 1400, test loss = 4.60141134262085
Steps = 1500, train loss = 4.608693599700928
Steps = 1500, test loss = 4.538682460784912
Steps = 1600, train loss = 4.485058307647705
Steps = 1600, test loss = 4.584373474121094
Steps = 1700, train loss = 4.490163803100586
Steps = 1700, test loss = 4.584733963012695
Steps = 1800, train loss = 4.5641093254089355
Steps = 1800, test loss = 4.680211544036865
Steps = 1900, train loss = 4.473884105682373
Steps = 1900, test loss = 4.6567277908325195
Steps = 2000, train loss = 4.479716777801514
Steps = 2000, test loss = 4.548764228820801
Steps = 2100, train loss = 4.558546543121338
Steps = 2100, test loss = 4.68743371963501
Steps = 2200, train loss = 4.4474921226501465
Steps = 2200, test loss = 4.715001106262207
Steps = 2300, train loss = 4.518138408660889
Steps = 2300, test loss = 4.718429088592529
Steps = 2400, train loss = 4.557500839233398
Steps = 2400, test loss = 4.53813362121582
Steps = 2500, train loss = 4.457019329071045
Steps = 2500, test loss = 4.742084503173828
Steps = 2600, train loss = 4.433453559875488
Steps = 2600, test loss = 4.735000133514404
Steps = 2700, train loss = 4.447933673858643
Steps = 2700, test loss = 4.703568458557129
Steps = 2800, train loss = 4.532533645629883
Steps = 2800, test loss = 4.7959208488464355
Steps = 2900, train loss = 4.5194621086120605
Steps = 2900, test loss = 4.661041736602783
Steps = 3000, train loss = 4.4631805419921875
Steps = 3000, test loss = 4.795708656311035
Steps = 3100, train loss = 4.5262956619262695
Steps = 3100, test loss = 4.765671253204346
Steps = 3200, train loss = 4.479549407958984
Steps = 3200, test loss = 4.6939215660095215
Steps = 3300, train loss = 4.480921745300293
Steps = 3300, test loss = 4.733693599700928
Steps = 3400, train loss = 4.2394561767578125
Steps = 3400, test loss = 4.841759204864502
Steps = 3500, train loss = 4.557695388793945
Steps = 3500, test loss = 4.748249530792236
Steps = 3600, train loss = 4.5594282150268555
Steps = 3600, test loss = 4.810227394104004
Steps = 3700, train loss = 4.534040927886963
Steps = 3700, test loss = 4.859521389007568
Steps = 3800, train loss = 4.512576580047607
Steps = 3800, test loss = 4.719472885131836
Steps = 3900, train loss = 4.525126934051514
Steps = 3900, test loss = 4.7831926345825195
Steps = 4000, train loss = 4.327116966247559
Steps = 4000, test loss = 4.911909103393555
Steps = 4100, train loss = 4.456675052642822
Steps = 4100, test loss = 4.615417957305908
Steps = 4200, train loss = 4.4983320236206055
Steps = 4200, test loss = 4.957724094390869
Steps = 4300, train loss = 4.46083927154541
Steps = 4300, test loss = 4.945754528045654
Steps = 4400, train loss = 4.448548316955566
Steps = 4400, test loss = 4.89290714263916
Steps = 4500, train loss = 4.48063850402832
Steps = 4500, test loss = 4.903111457824707
Steps = 4600, train loss = 4.469699859619141
Steps = 4600, test loss = 4.922018051147461
Steps = 4700, train loss = 4.475312232971191
Steps = 4700, test loss = 4.933165550231934
Steps = 4800, train loss = 4.46195125579834
Steps = 4800, test loss = 4.98349142074585
Steps = 4900, train loss = 4.321731090545654
Steps = 4900, test loss = 5.0399088859558105
Steps = 5000, train loss = 4.507649898529053
Steps = 5000, test loss = 4.863207817077637
Steps = 5100, train loss = 4.478283882141113
Steps = 5100, test loss = 4.820018768310547
Steps = 5200, train loss = 4.56959342956543
Steps = 5200, test loss = 5.013096332550049
Steps = 5300, train loss = 4.404858112335205
Steps = 5300, test loss = 4.953295707702637
Steps = 5400, train loss = 4.410477161407471
Steps = 5400, test loss = 4.905013084411621
Steps = 5500, train loss = 4.385570526123047
Steps = 5500, test loss = 4.790722846984863
Steps = 5600, train loss = 4.300549030303955
Steps = 5600, test loss = 4.5479736328125
Steps = 5700, train loss = 4.167020797729492
Steps = 5700, test loss = 4.508603572845459
Steps = 5800, train loss = 4.2151923179626465
Steps = 5800, test loss = 4.311093330383301
Steps = 5900, train loss = 3.7808594703674316
Steps = 5900, test loss = 3.909559965133667
Steps = 6000, train loss = 2.991305351257324
Steps = 6000, test loss = 3.262216329574585
Steps = 6100, train loss = 2.790912389755249
Steps = 6100, test loss = 2.8437936305999756
Steps = 6200, train loss = 2.5257139205932617
Steps = 6200, test loss = 2.627593755722046
Steps = 6300, train loss = 2.385897159576416
Steps = 6300, test loss = 2.581127882003784
Steps = 6400, train loss = 2.240273952484131
Steps = 6400, test loss = 2.3068277835845947
Steps = 6500, train loss = 2.202796697616577
Steps = 6500, test loss = 2.2753257751464844
Steps = 6600, train loss = 2.047258138656616
Steps = 6600, test loss = 2.071767568588257
Steps = 6700, train loss = 1.8375056982040405
Steps = 6700, test loss = 2.0596227645874023
Steps = 6800, train loss = 1.8364189863204956
Steps = 6800, test loss = 1.9801117181777954
Steps = 6900, train loss = 1.7682621479034424
Steps = 6900, test loss = 1.9259049892425537
Steps = 7000, train loss = 1.7120038270950317
Steps = 7000, test loss = 1.8709957599639893
Steps = 7100, train loss = 1.6589369773864746
Steps = 7100, test loss = 1.8518664836883545
Steps = 7200, train loss = 1.720285177230835
Steps = 7200, test loss = 1.8649706840515137
Steps = 7300, train loss = 1.6588054895401
Steps = 7300, test loss = 1.782162070274353
Steps = 7400, train loss = 1.5980145931243896
Steps = 7400, test loss = 1.833901047706604
Steps = 7500, train loss = 1.4742324352264404
Steps = 7500, test loss = 1.8032939434051514
Steps = 7600, train loss = 1.4965145587921143
Steps = 7600, test loss = 1.8324295282363892
Steps = 7700, train loss = 1.4047430753707886
Steps = 7700, test loss = 1.6106890439987183
Steps = 7800, train loss = 1.4518592357635498
Steps = 7800, test loss = 1.7446703910827637
Steps = 7900, train loss = 1.4578269720077515
Steps = 7900, test loss = 1.697182297706604
Steps = 8000, train loss = 1.4530150890350342
Steps = 8000, test loss = 1.558764934539795
Steps = 8100, train loss = 1.3952540159225464
Steps = 8100, test loss = 1.539496898651123
Steps = 8200, train loss = 1.4020881652832031
Steps = 8200, test loss = 1.4604305028915405
Steps = 8300, train loss = 1.3694677352905273
Steps = 8300, test loss = 1.5805286169052124
Steps = 8400, train loss = 1.2933744192123413
Steps = 8400, test loss = 1.5503861904144287
Steps = 8500, train loss = 1.2334986925125122
Steps = 8500, test loss = 1.4452604055404663
Steps = 8600, train loss = 1.2186939716339111
Steps = 8600, test loss = 1.4207180738449097
Steps = 8700, train loss = 1.0356777906417847
Steps = 8700, test loss = 1.4547189474105835
Steps = 8800, train loss = 1.1769334077835083
Steps = 8800, test loss = 1.4200224876403809
Steps = 8900, train loss = 1.1775403022766113
Steps = 8900, test loss = 1.5905725955963135
Steps = 9000, train loss = 1.191750168800354
Steps = 9000, test loss = 1.1914350986480713
Steps = 9100, train loss = 1.0551971197128296
Steps = 9100, test loss = 1.2963637113571167
Steps = 9200, train loss = 1.1745927333831787
Steps = 9200, test loss = 1.4560370445251465
Steps = 9300, train loss = 1.0277280807495117
Steps = 9300, test loss = 1.2512809038162231
Steps = 9400, train loss = 1.0097951889038086
Steps = 9400, test loss = 1.3048369884490967
Steps = 9500, train loss = 0.9324662089347839
Steps = 9500, test loss = 1.4685077667236328
Steps = 9600, train loss = 0.8865154981613159
Steps = 9600, test loss = 1.1795625686645508
Steps = 9700, train loss = 0.8638338446617126
Steps = 9700, test loss = 1.280629277229309
Steps = 9800, train loss = 0.9416113495826721
Steps = 9800, test loss = 1.151210904121399
Steps = 9900, train loss = 0.9550348520278931
Steps = 9900, test loss = 1.3009613752365112
Steps = 10000, train loss = 1.1456921100616455
Steps = 10000, test loss = 1.2972215414047241
Steps = 10100, train loss = 0.8082011342048645
Steps = 10100, test loss = 1.0973517894744873
Steps = 10200, train loss = 1.0387637615203857
Steps = 10200, test loss = 1.1026641130447388
Steps = 10300, train loss = 0.8305876851081848
Steps = 10300, test loss = 0.9073613286018372
Steps = 10400, train loss = 0.9432041049003601
Steps = 10400, test loss = 1.1202507019042969
Steps = 10500, train loss = 0.8218544721603394
Steps = 10500, test loss = 1.0150902271270752
Steps = 10600, train loss = 0.840729832649231
Steps = 10600, test loss = 1.097145915031433
Steps = 10700, train loss = 0.7916567325592041
Steps = 10700, test loss = 0.9922371506690979
Steps = 10800, train loss = 0.8969907760620117
Steps = 10800, test loss = 0.9549544453620911
Steps = 10900, train loss = 1.2444945573806763
Steps = 10900, test loss = 1.0932773351669312
Steps = 11000, train loss = 0.9642580151557922
Steps = 11000, test loss = 1.0324926376342773
Steps = 11100, train loss = 0.8741347193717957
Steps = 11100, test loss = 0.9497743844985962
Steps = 11200, train loss = 0.7976720929145813
Steps = 11200, test loss = 1.1974972486495972
Steps = 11300, train loss = 0.7204635739326477
Steps = 11300, test loss = 0.8046965599060059
Steps = 11400, train loss = 0.6346491575241089
Steps = 11400, test loss = 0.878696858882904
Steps = 11500, train loss = 0.7028200626373291
Steps = 11500, test loss = 0.8712457418441772
Steps = 11600, train loss = 0.7380200028419495
Steps = 11600, test loss = 0.9520565867424011
Steps = 11700, train loss = 0.657320499420166
Steps = 11700, test loss = 0.877324104309082
Steps = 11800, train loss = 0.7609876394271851
Steps = 11800, test loss = 0.8957158327102661
Steps = 11900, train loss = 0.8275464773178101
Steps = 11900, test loss = 1.074981927871704
Steps = 12000, train loss = 0.7668644785881042
Steps = 12000, test loss = 0.8657222986221313
Steps = 12100, train loss = 0.6840919852256775
Steps = 12100, test loss = 0.8095276951789856
Steps = 12200, train loss = 0.8844702839851379
Steps = 12200, test loss = 0.9056520462036133
Steps = 12300, train loss = 0.7311407327651978
Steps = 12300, test loss = 0.7847722172737122
Steps = 12400, train loss = 0.8130781054496765
Steps = 12400, test loss = 1.0240533351898193
Steps = 12500, train loss = 0.6540866494178772
Steps = 12500, test loss = 0.8720534443855286
Steps = 12600, train loss = 0.7777750492095947
Steps = 12600, test loss = 0.8932540416717529
Steps = 12700, train loss = 0.6601897478103638
Steps = 12700, test loss = 0.8381165862083435
Steps = 12800, train loss = 0.5511470437049866
Steps = 12800, test loss = 0.7180661559104919
Steps = 12900, train loss = 0.6672641038894653
Steps = 12900, test loss = 0.774090588092804
Steps = 13000, train loss = 0.6243318319320679
Steps = 13000, test loss = 0.8397253155708313
Steps = 13100, train loss = 0.7091577649116516
Steps = 13100, test loss = 0.9170838594436646
Steps = 13200, train loss = 0.5934015512466431
Steps = 13200, test loss = 0.7569419145584106
Steps = 13300, train loss = 0.6282936930656433
Steps = 13300, test loss = 0.7469720840454102
Steps = 13400, train loss = 0.6150902509689331
Steps = 13400, test loss = 0.7397003769874573
Steps = 13500, train loss = 0.5332629680633545
Steps = 13500, test loss = 0.6821792125701904
Steps = 13600, train loss = 0.5884115695953369
Steps = 13600, test loss = 0.6756078004837036
Steps = 13700, train loss = 0.49181848764419556
Steps = 13700, test loss = 0.7878953218460083
Steps = 13800, train loss = 0.5591506361961365
Steps = 13800, test loss = 0.8734780550003052
Steps = 13900, train loss = 0.5828158855438232
Steps = 13900, test loss = 0.7815894484519958
Steps = 14000, train loss = 0.48527607321739197
Steps = 14000, test loss = 0.6548448801040649
Steps = 14100, train loss = 0.6875800490379333
Steps = 14100, test loss = 0.9118373990058899
Steps = 14200, train loss = 0.5531983971595764
Steps = 14200, test loss = 0.8155872225761414
Steps = 14300, train loss = 0.40993618965148926
Steps = 14300, test loss = 0.5980862975120544
Steps = 14400, train loss = 0.5098447203636169
Steps = 14400, test loss = 0.7059454917907715
Steps = 14500, train loss = 0.5166128277778625
Steps = 14500, test loss = 0.9890556335449219
Steps = 14600, train loss = 0.6041011214256287
Steps = 14600, test loss = 0.8179922103881836
Steps = 14700, train loss = 0.4788929224014282
Steps = 14700, test loss = 0.7074820399284363
Steps = 14800, train loss = 0.34849613904953003
Steps = 14800, test loss = 0.5014457702636719
Steps = 14900, train loss = 0.36134132742881775
Steps = 14900, test loss = 0.5492686033248901
Steps = 15000, train loss = 0.63763427734375
Steps = 15000, test loss = 0.9060733318328857
Steps = 15100, train loss = 0.514268159866333
Steps = 15100, test loss = 0.6579526662826538
Steps = 15200, train loss = 0.5370457768440247
Steps = 15200, test loss = 0.4918389320373535
Steps = 15300, train loss = 0.45068588852882385
Steps = 15300, test loss = 0.5084641575813293
Steps = 15400, train loss = 0.4229501783847809
Steps = 15400, test loss = 0.7374279499053955
Steps = 15500, train loss = 0.5074653625488281
Steps = 15500, test loss = 0.7092393040657043
Steps = 15600, train loss = 0.4441278278827667
Steps = 15600, test loss = 0.632468581199646
Steps = 15700, train loss = 0.3971724808216095
Steps = 15700, test loss = 0.4375041723251343
Steps = 15800, train loss = 0.41145291924476624
Steps = 15800, test loss = 0.5529324412345886
Steps = 15900, train loss = 0.7576758861541748
Steps = 15900, test loss = 0.8631647825241089
Steps = 16000, train loss = 0.4001169204711914
Steps = 16000, test loss = 0.5738265514373779
Steps = 16100, train loss = 0.5046530961990356
Steps = 16100, test loss = 0.6241504549980164
Steps = 16200, train loss = 0.48210278153419495
Steps = 16200, test loss = 0.5791170597076416
Steps = 16300, train loss = 0.4395798146724701
Steps = 16300, test loss = 0.4403616189956665
Steps = 16400, train loss = 0.5735665559768677
Steps = 16400, test loss = 0.6557491421699524
Steps = 16500, train loss = 0.5892449617385864
Steps = 16500, test loss = 0.718716561794281
Steps = 16600, train loss = 0.4811674654483795
Steps = 16600, test loss = 0.8159873485565186
Steps = 16700, train loss = 0.32838505506515503
Steps = 16700, test loss = 0.47135335206985474
Steps = 16800, train loss = 0.3493972420692444
Steps = 16800, test loss = 0.3444000780582428
Steps = 16900, train loss = 0.46951067447662354
Steps = 16900, test loss = 0.5550018548965454
Steps = 17000, train loss = 0.9872344732284546
Steps = 17000, test loss = 0.8279557824134827
Steps = 17100, train loss = 0.40165814757347107
Steps = 17100, test loss = 0.468370646238327
Steps = 17200, train loss = 0.24385090172290802
Steps = 17200, test loss = 0.29433873295783997
Steps = 17300, train loss = 0.24639184772968292
Steps = 17300, test loss = 0.3380882740020752
Steps = 17400, train loss = 0.2758569121360779
Steps = 17400, test loss = 0.3209628164768219
Steps = 17500, train loss = 0.4328947961330414
Steps = 17500, test loss = 0.8407819867134094
Steps = 17600, train loss = 0.3637863099575043
Steps = 17600, test loss = 0.5436378717422485
Steps = 17700, train loss = 0.5938879251480103
Steps = 17700, test loss = 0.5374926328659058
Steps = 17800, train loss = 0.3187077045440674
Steps = 17800, test loss = 0.4548669457435608
Steps = 17900, train loss = 0.6088337302207947
Steps = 17900, test loss = 0.5242359638214111
Steps = 18000, train loss = 0.30260169506073
Steps = 18000, test loss = 0.35229408740997314
Steps = 18100, train loss = 0.3668150305747986
Steps = 18100, test loss = 0.39259862899780273
Steps = 18200, train loss = 0.3844103217124939
Steps = 18200, test loss = 0.325694739818573
Steps = 18300, train loss = 0.6602708697319031
Steps = 18300, test loss = 0.7665398120880127
Steps = 18400, train loss = 0.5194748640060425
Steps = 18400, test loss = 0.4032963514328003
Steps = 18500, train loss = 0.7216920852661133
Steps = 18500, test loss = 0.9108169078826904
Steps = 18600, train loss = 0.33599117398262024
Steps = 18600, test loss = 0.4223918616771698
Steps = 18700, train loss = 0.2054879516363144
Steps = 18700, test loss = 0.2580746114253998
Steps = 18800, train loss = 0.2663991451263428
Steps = 18800, test loss = 0.4226756691932678
Steps = 18900, train loss = 0.18958932161331177
Steps = 18900, test loss = 0.2046576291322708
Steps = 19000, train loss = 0.1287798136472702
Steps = 19000, test loss = 0.1690119057893753
Steps = 19100, train loss = 0.13716058433055878
Steps = 19100, test loss = 0.2462622970342636
Steps = 19200, train loss = 1.1648447513580322
Steps = 19200, test loss = 1.3034849166870117
Steps = 19300, train loss = 0.8049111366271973
Steps = 19300, test loss = 0.7282313108444214
Steps = 19400, train loss = 0.42332011461257935
Steps = 19400, test loss = 0.37613898515701294
Steps = 19500, train loss = 0.41077369451522827
Steps = 19500, test loss = 0.5978876948356628
Steps = 19600, train loss = 0.6544438600540161
Steps = 19600, test loss = 0.8463063836097717
Steps = 19700, train loss = 0.21032153069972992
Steps = 19700, test loss = 0.4035741090774536
Steps = 19800, train loss = 0.49029237031936646
Steps = 19800, test loss = 0.574347972869873
Steps = 19900, train loss = 0.40873876214027405
Steps = 19900, test loss = 0.38719886541366577
Steps = 20000, train loss = 0.3897668123245239
Steps = 20000, test loss = 0.468817800283432
Steps = 20100, train loss = 0.18097886443138123
Steps = 20100, test loss = 0.2660762369632721
Steps = 20200, train loss = 0.12744826078414917
Steps = 20200, test loss = 0.16467168927192688
Steps = 20300, train loss = 0.09115393459796906
Steps = 20300, test loss = 0.11805639415979385
Steps = 20400, train loss = 0.08228854835033417
Steps = 20400, test loss = 0.09984200447797775
Steps = 20500, train loss = 0.08223743736743927
Steps = 20500, test loss = 0.10416753590106964
Steps = 20600, train loss = 0.0760110467672348
Steps = 20600, test loss = 0.08930782228708267
Steps = 20700, train loss = 0.05935274437069893
Steps = 20700, test loss = 0.08810348063707352
Steps = 20800, train loss = 0.06894588470458984
Steps = 20800, test loss = 0.09175504744052887
Steps = 20900, train loss = 0.5189298391342163
Steps = 20900, test loss = 0.5402730703353882
Steps = 21000, train loss = 0.28825733065605164
Steps = 21000, test loss = 0.2711177468299866
Steps = 21100, train loss = 1.1844936609268188
Steps = 21100, test loss = 1.078575849533081
Steps = 21200, train loss = 0.1305389702320099
Steps = 21200, test loss = 0.20556174218654633
Steps = 21300, train loss = 0.5995813608169556
Steps = 21300, test loss = 1.4379470348358154
Steps = 21400, train loss = 0.2994541525840759
Steps = 21400, test loss = 0.33022168278694153
Steps = 21500, train loss = 0.1624257117509842
Steps = 21500, test loss = 0.20232458412647247
Steps = 21600, train loss = 0.6800532937049866
Steps = 21600, test loss = 0.8634623289108276
Steps = 21700, train loss = 0.38191914558410645
Steps = 21700, test loss = 0.45897412300109863
Steps = 21800, train loss = 0.33954641222953796
Steps = 21800, test loss = 0.4177514314651489
Steps = 21900, train loss = 0.4826219975948334
Steps = 21900, test loss = 0.33367499709129333
Steps = 22000, train loss = 0.27183008193969727
Steps = 22000, test loss = 0.29448795318603516
Steps = 22100, train loss = 0.11137185245752335
Steps = 22100, test loss = 0.243313729763031
Steps = 22200, train loss = 0.11286464333534241
Steps = 22200, test loss = 0.1391482949256897
Steps = 22300, train loss = 0.06572841107845306
Steps = 22300, test loss = 0.08539532870054245
Steps = 22400, train loss = 0.04870091751217842
Steps = 22400, test loss = 0.06972941011190414
Steps = 22500, train loss = 0.054157186299562454
Steps = 22500, test loss = 0.06746294349431992
Steps = 22600, train loss = 0.04837386682629585
Steps = 22600, test loss = 0.06194473057985306
Steps = 22700, train loss = 0.042636871337890625
Steps = 22700, test loss = 0.06529642641544342
Steps = 22800, train loss = 0.046304307878017426
Steps = 22800, test loss = 0.061071284115314484
Steps = 22900, train loss = 0.04374479502439499
Steps = 22900, test loss = 0.06039229407906532
Steps = 23000, train loss = 0.05032513290643692
Steps = 23000, test loss = 0.059029750525951385
Steps = 23100, train loss = 1.561418056488037
Steps = 23100, test loss = 1.8262369632720947
Steps = 23200, train loss = 0.345605731010437
Steps = 23200, test loss = 0.4336552321910858
Steps = 23300, train loss = 1.0885506868362427
Steps = 23300, test loss = 1.5054643154144287
Steps = 23400, train loss = 0.283706933259964
Steps = 23400, test loss = 0.3275277614593506
Steps = 23500, train loss = 0.6473656296730042
Steps = 23500, test loss = 0.5485029220581055
Steps = 23600, train loss = 0.670583188533783
Steps = 23600, test loss = 0.6233093738555908
Steps = 23700, train loss = 0.30476078391075134
Steps = 23700, test loss = 0.6686719655990601
Steps = 23800, train loss = 0.3044586181640625
Steps = 23800, test loss = 0.36214566230773926
Steps = 23900, train loss = 0.20907822251319885
Steps = 23900, test loss = 0.4610825777053833
Steps = 24000, train loss = 0.7617197632789612
Steps = 24000, test loss = 0.9272742867469788
Steps = 24100, train loss = 0.19906044006347656
Steps = 24100, test loss = 0.270904004573822
Steps = 24200, train loss = 0.2473359853029251
Steps = 24200, test loss = 0.3562438488006592
Steps = 24300, train loss = 0.42258691787719727
Steps = 24300, test loss = 0.28849509358406067
Steps = 24400, train loss = 0.5732558369636536
Steps = 24400, test loss = 0.4777992069721222
Steps = 24500, train loss = 0.12338577955961227
Steps = 24500, test loss = 0.1002853661775589
Steps = 24600, train loss = 0.043292127549648285
Steps = 24600, test loss = 0.061373867094516754
Steps = 24700, train loss = 0.038590606302022934
Steps = 24700, test loss = 0.05473581328988075
Steps = 24800, train loss = 0.035204723477363586
Steps = 24800, test loss = 0.04687942937016487
Steps = 24900, train loss = 0.03805985301733017
Steps = 24900, test loss = 0.05063571780920029
Steps = 25000, train loss = 0.03854105621576309
Steps = 25000, test loss = 0.049770861864089966
Steps = 25100, train loss = 0.03449875861406326
Steps = 25100, test loss = 0.04782312735915184
Steps = 25200, train loss = 0.035325754433870316
Steps = 25200, test loss = 0.03683573007583618
Steps = 25300, train loss = 0.03146844729781151
Steps = 25300, test loss = 0.04218532517552376
Steps = 25400, train loss = 0.030394084751605988
Steps = 25400, test loss = 0.04388083517551422
Steps = 25500, train loss = 0.02942105568945408
Steps = 25500, test loss = 0.036980193108320236
Steps = 25600, train loss = 0.025867588818073273
Steps = 25600, test loss = 0.03371164947748184
Steps = 25700, train loss = 0.024883205071091652
Steps = 25700, test loss = 0.03222237899899483
Steps = 25800, train loss = 0.022447757422924042
Steps = 25800, test loss = 0.03214390203356743
Steps = 25900, train loss = 0.023903928697109222
Steps = 25900, test loss = 0.034007757902145386
Steps = 26000, train loss = 0.02624593861401081
Steps = 26000, test loss = 0.033338483422994614
Steps = 26100, train loss = 0.021406719461083412
Steps = 26100, test loss = 0.029282446950674057
Steps = 26200, train loss = 0.021634874865412712
Steps = 26200, test loss = 0.02996787615120411
Steps = 26300, train loss = 0.023492231965065002
Steps = 26300, test loss = 0.04082325100898743
Steps = 26400, train loss = 0.8031289577484131
Steps = 26400, test loss = 0.8672358989715576
Steps = 26500, train loss = 0.3492627441883087
Steps = 26500, test loss = 0.5691958069801331
Steps = 26600, train loss = 0.6208992004394531
Steps = 26600, test loss = 0.6531072854995728
Steps = 26700, train loss = 0.8848320841789246
Steps = 26700, test loss = 1.0034109354019165
Steps = 26800, train loss = 0.268571674823761
Steps = 26800, test loss = 0.35589882731437683
Steps = 26900, train loss = 1.109281301498413
Steps = 26900, test loss = 1.1267738342285156
Steps = 27000, train loss = 0.17407043278217316
Steps = 27000, test loss = 0.20291845500469208
Steps = 27100, train loss = 1.28477144241333
Steps = 27100, test loss = 1.5409801006317139
Steps = 27200, train loss = 0.2409154772758484
Steps = 27200, test loss = 0.19268658757209778
Steps = 27300, train loss = 1.3697710037231445
Steps = 27300, test loss = 0.7309798002243042
Steps = 27400, train loss = 0.09097373485565186
Steps = 27400, test loss = 0.15625564754009247
Steps = 27500, train loss = 0.03734559565782547
Steps = 27500, test loss = 0.050991810858249664
Steps = 27600, train loss = 0.03283797577023506
Steps = 27600, test loss = 0.040415193885564804
Steps = 27700, train loss = 0.02681618742644787
Steps = 27700, test loss = 0.030774220824241638
Steps = 27800, train loss = 0.02777666412293911
Steps = 27800, test loss = 0.032145459204912186
Steps = 27900, train loss = 0.02302388846874237
Steps = 27900, test loss = 0.031380005180835724
Steps = 28000, train loss = 0.020767759531736374
Steps = 28000, test loss = 0.03537270054221153
Steps = 28100, train loss = 0.021510522812604904
Steps = 28100, test loss = 0.024895697832107544
Steps = 28200, train loss = 0.01834246888756752
Steps = 28200, test loss = 0.024034399539232254
Steps = 28300, train loss = 0.01745729148387909
Steps = 28300, test loss = 0.02252190001308918
Steps = 28400, train loss = 0.016259850934147835
Steps = 28400, test loss = 0.022074518725275993
Steps = 28500, train loss = 0.01869281753897667
Steps = 28500, test loss = 0.022032832726836205
Steps = 28600, train loss = 0.01748581789433956
Steps = 28600, test loss = 0.02313690446317196
Steps = 28700, train loss = 0.02013174071907997
Steps = 28700, test loss = 0.022481292486190796
Steps = 28800, train loss = 0.015874357894062996
Steps = 28800, test loss = 0.02410752698779106
Steps = 28900, train loss = 0.01587986759841442
Steps = 28900, test loss = 0.016818685457110405
Steps = 29000, train loss = 0.014699218794703484
Steps = 29000, test loss = 0.016030948609113693
Steps = 29100, train loss = 0.01268007792532444
Steps = 29100, test loss = 0.01599501445889473
Steps = 29200, train loss = 0.012022743001580238
Steps = 29200, test loss = 0.017644764855504036
Steps = 29300, train loss = 0.011980758979916573
Steps = 29300, test loss = 0.016158442944288254
Steps = 29400, train loss = 0.011771969497203827
Steps = 29400, test loss = 0.01809578761458397
Steps = 29500, train loss = 0.011836224235594273
Steps = 29500, test loss = 0.014914203435182571
Steps = 29600, train loss = 0.01585615798830986
Steps = 29600, test loss = 0.017599035054445267
Steps = 29700, train loss = 0.8951888084411621
Steps = 29700, test loss = 0.8560888767242432
Steps = 29800, train loss = 0.7710475921630859
Steps = 29800, test loss = 0.8582506775856018
Steps = 29900, train loss = 0.35985666513442993
Steps = 29900, test loss = 0.40607917308807373
Steps = 30000, train loss = 0.620918333530426
Steps = 30000, test loss = 0.8399372696876526
Steps = 30100, train loss = 0.26148247718811035
Steps = 30100, test loss = 0.24944601953029633
Steps = 30200, train loss = 0.5817107558250427
Steps = 30200, test loss = 0.6858353614807129
Steps = 30300, train loss = 0.16359692811965942
Steps = 30300, test loss = 0.21564428508281708
Steps = 30400, train loss = 0.45116788148880005
Steps = 30400, test loss = 0.5037742853164673
Steps = 30500, train loss = 0.0581088624894619
Steps = 30500, test loss = 0.07779446244239807
Steps = 30600, train loss = 0.028347663581371307
Steps = 30600, test loss = 0.03457370027899742
Steps = 30700, train loss = 0.02123739942908287
Steps = 30700, test loss = 0.029825761914253235
Steps = 30800, train loss = 0.01705842651426792
Steps = 30800, test loss = 0.02568121813237667
Steps = 30900, train loss = 0.014740480110049248
Steps = 30900, test loss = 0.018924588337540627
Steps = 31000, train loss = 0.012991421855986118
Steps = 31000, test loss = 0.019003434106707573
Steps = 31100, train loss = 0.012634500861167908
Steps = 31100, test loss = 0.019790995866060257
Steps = 31200, train loss = 0.015052695758640766
Steps = 31200, test loss = 0.018324345350265503
Steps = 31300, train loss = 0.012654389254748821
Steps = 31300, test loss = 0.016200948506593704
Steps = 31400, train loss = 0.01323377713561058
Steps = 31400, test loss = 0.01666712760925293
Steps = 31500, train loss = 0.011140573769807816
Steps = 31500, test loss = 0.016586923971772194
Steps = 31600, train loss = 0.011166960000991821
Steps = 31600, test loss = 0.013718048110604286
Steps = 31700, train loss = 0.009880583733320236
Steps = 31700, test loss = 0.015210043638944626
Steps = 31800, train loss = 0.011094316840171814
Steps = 31800, test loss = 0.013701122254133224
Steps = 31900, train loss = 0.01031146664172411
Steps = 31900, test loss = 0.012595352716743946
Steps = 32000, train loss = 0.009171458892524242
Steps = 32000, test loss = 0.012376229278743267
Steps = 32100, train loss = 0.010804800316691399
Steps = 32100, test loss = 0.011412085965275764
Steps = 32200, train loss = 0.009259393438696861
Steps = 32200, test loss = 0.01110926829278469
Steps = 32300, train loss = 0.00894030649214983
Steps = 32300, test loss = 0.010899139568209648
Steps = 32400, train loss = 0.007802456617355347
Steps = 32400, test loss = 0.009775464423000813
Steps = 32500, train loss = 0.008205835707485676
Steps = 32500, test loss = 0.009993722662329674
Steps = 32600, train loss = 0.007697656750679016
Steps = 32600, test loss = 0.010363173671066761
Steps = 32700, train loss = 0.007377622649073601
Steps = 32700, test loss = 0.008724074810743332
Steps = 32800, train loss = 0.008028805255889893
Steps = 32800, test loss = 0.008799377828836441
Steps = 32900, train loss = 0.006984614301472902
Steps = 32900, test loss = 0.008869027718901634
Steps = 33000, train loss = 0.007407148834317923
Steps = 33000, test loss = 0.00809965655207634
Steps = 33100, train loss = 0.006926022469997406
Steps = 33100, test loss = 0.009651358239352703
Steps = 33200, train loss = 0.005643730983138084
Steps = 33200, test loss = 0.008516266010701656
Steps = 33300, train loss = 0.006388093810528517
Steps = 33300, test loss = 0.007239272352308035
Steps = 33400, train loss = 1.077039361000061
Steps = 33400, test loss = 1.1950381994247437
Steps = 33500, train loss = 0.6013928651809692
Steps = 33500, test loss = 0.6700701117515564
Steps = 33600, train loss = 0.6150161623954773
Steps = 33600, test loss = 0.6822723150253296
Steps = 33700, train loss = 0.7523648738861084
Steps = 33700, test loss = 0.7669245600700378
Steps = 33800, train loss = 1.5072301626205444
Steps = 33800, test loss = 1.032304048538208
Steps = 33900, train loss = 0.2220788598060608
Steps = 33900, test loss = 0.2364477664232254
Steps = 34000, train loss = 0.7852013111114502
Steps = 34000, test loss = 0.6510508060455322
Steps = 34100, train loss = 0.09390292316675186
Steps = 34100, test loss = 0.1027277335524559
Steps = 34200, train loss = 0.8718111515045166
Steps = 34200, test loss = 0.9216474294662476
Steps = 34300, train loss = 0.07529528439044952
Steps = 34300, test loss = 0.07451646775007248
Steps = 34400, train loss = 0.01956760697066784
Steps = 34400, test loss = 0.02790617011487484
Steps = 34500, train loss = 0.015525424852967262
Steps = 34500, test loss = 0.021715961396694183
Steps = 34600, train loss = 0.01353552844375372
Steps = 34600, test loss = 0.016356047242879868
Steps = 34700, train loss = 0.011861775070428848
Steps = 34700, test loss = 0.014577129855751991
Steps = 34800, train loss = 0.010696270503103733
Steps = 34800, test loss = 0.015243582427501678
Steps = 34900, train loss = 0.010441374033689499
Steps = 34900, test loss = 0.014824490062892437
Steps = 35000, train loss = 0.011636178940534592
Steps = 35000, test loss = 0.01322832889854908
Steps = 35100, train loss = 0.009328584186732769
Steps = 35100, test loss = 0.01198107935488224
Steps = 35200, train loss = 0.00895821861922741
Steps = 35200, test loss = 0.010700751096010208
Steps = 35300, train loss = 0.009164218790829182
Steps = 35300, test loss = 0.011147395707666874
Steps = 35400, train loss = 0.008276456035673618
Steps = 35400, test loss = 0.010854220017790794
Steps = 35500, train loss = 0.008147893473505974
Steps = 35500, test loss = 0.008654896169900894
Steps = 35600, train loss = 0.00748419901356101
Steps = 35600, test loss = 0.010190758854150772
Steps = 35700, train loss = 0.0074676708318293095
Steps = 35700, test loss = 0.0088038370013237
Steps = 35800, train loss = 0.007744523696601391
Steps = 35800, test loss = 0.010006711818277836
Steps = 35900, train loss = 0.006999002303928137
Steps = 35900, test loss = 0.008768774569034576
Steps = 36000, train loss = 0.006639827974140644
Steps = 36000, test loss = 0.007723456248641014
Steps = 36100, train loss = 0.0058341906405985355
Steps = 36100, test loss = 0.008207145147025585
Steps = 36200, train loss = 0.005621734075248241
Steps = 36200, test loss = 0.008949588052928448
Steps = 36300, train loss = 0.005918802693486214
Steps = 36300, test loss = 0.008611862547695637
Steps = 36400, train loss = 0.005943993106484413
Steps = 36400, test loss = 0.007998916320502758
Steps = 36500, train loss = 0.005111954174935818
Steps = 36500, test loss = 0.0066615138202905655
Steps = 36600, train loss = 0.005375897046178579
Steps = 36600, test loss = 0.006523557938635349
Steps = 36700, train loss = 0.005125046242028475
Steps = 36700, test loss = 0.006245735101401806
Steps = 36800, train loss = 0.005285470746457577
Steps = 36800, test loss = 0.006047705188393593
Steps = 36900, train loss = 0.004804910160601139
Steps = 36900, test loss = 0.005353388376533985
Steps = 37000, train loss = 0.004652902018278837
Steps = 37000, test loss = 0.005549525376409292
Steps = 37100, train loss = 0.005271140486001968
Steps = 37100, test loss = 0.00556108308956027
Steps = 37200, train loss = 0.004449848551303148
Steps = 37200, test loss = 0.005024460144340992
Steps = 37300, train loss = 0.004049816634505987
Steps = 37300, test loss = 0.00633622333407402
Steps = 37400, train loss = 0.0039761802181601524
Steps = 37400, test loss = 0.0044435299932956696
Steps = 37500, train loss = 0.004223444499075413
Steps = 37500, test loss = 0.004740350879728794
Steps = 37600, train loss = 0.003569431370124221
Steps = 37600, test loss = 0.005961107090115547
Steps = 37700, train loss = 0.004036975558847189
Steps = 37700, test loss = 0.004608149640262127
Steps = 37800, train loss = 0.0038179808761924505
Steps = 37800, test loss = 0.005232707131654024
Steps = 37900, train loss = 0.003353055566549301
Steps = 37900, test loss = 0.004254891071468592
Steps = 38000, train loss = 0.003146995324641466
Steps = 38000, test loss = 0.004315882455557585
Steps = 38100, train loss = 8.51260757446289
Steps = 38100, test loss = 16.67763328552246
Steps = 38200, train loss = 1.0159778594970703
Steps = 38200, test loss = 1.034166693687439
Steps = 38300, train loss = 0.6056923270225525
Steps = 38300, test loss = 0.7059325575828552
Steps = 38400, train loss = 0.5522728562355042
Steps = 38400, test loss = 0.6805866956710815
Steps = 38500, train loss = 0.6502600908279419
Steps = 38500, test loss = 0.815805196762085
Steps = 38600, train loss = 0.42443403601646423
Steps = 38600, test loss = 0.7236971259117126
Steps = 38700, train loss = 0.5313917398452759
Steps = 38700, test loss = 0.8204666376113892
Steps = 38800, train loss = 0.27700337767601013
Steps = 38800, test loss = 0.33931678533554077
Steps = 38900, train loss = 0.5506777167320251
Steps = 38900, test loss = 0.6409573554992676
Steps = 39000, train loss = 0.31507980823516846
Steps = 39000, test loss = 0.21029525995254517
Steps = 39100, train loss = 0.2574805021286011
Steps = 39100, test loss = 0.2202235460281372
Steps = 39200, train loss = 0.424895316362381
Steps = 39200, test loss = 0.4366387724876404
Steps = 39300, train loss = 0.21464680135250092
Steps = 39300, test loss = 0.15085992217063904
Steps = 39400, train loss = 0.022503098472952843
Steps = 39400, test loss = 0.02433864027261734
Steps = 39500, train loss = 0.013586992397904396
Steps = 39500, test loss = 0.02103610523045063
Steps = 39600, train loss = 0.010783294215798378
Steps = 39600, test loss = 0.01709691993892193
Steps = 39700, train loss = 0.010565521195530891
Steps = 39700, test loss = 0.011490529403090477
Steps = 39800, train loss = 0.009847410023212433
Steps = 39800, test loss = 0.010974769480526447
Steps = 39900, train loss = 0.009427438490092754
Steps = 39900, test loss = 0.011477561667561531
Steps = 40000, train loss = 0.008493027649819851
Steps = 40000, test loss = 0.012385250069200993
Steps = 40100, train loss = 0.007540299091488123
Steps = 40100, test loss = 0.009444672614336014
Steps = 40200, train loss = 0.006703782361000776
Steps = 40200, test loss = 0.012262631207704544
Steps = 40300, train loss = 0.007354019675403833
Steps = 40300, test loss = 0.008909274823963642
Steps = 40400, train loss = 0.007379082031548023
Steps = 40400, test loss = 0.008904020301997662
Steps = 40500, train loss = 0.006712785456329584
Steps = 40500, test loss = 0.009302725084125996
Steps = 40600, train loss = 0.006673007737845182
Steps = 40600, test loss = 0.008354823105037212
Steps = 40700, train loss = 0.00627082260325551
Steps = 40700, test loss = 0.008228958584368229
Steps = 40800, train loss = 0.006262854672968388
Steps = 40800, test loss = 0.007404305040836334
Steps = 40900, train loss = 0.005480441264808178
Steps = 40900, test loss = 0.006691207177937031
Steps = 41000, train loss = 0.004904239904135466
Steps = 41000, test loss = 0.006849511060863733
Steps = 41100, train loss = 0.005302217788994312
Steps = 41100, test loss = 0.006423681043088436
Steps = 41200, train loss = 0.005194878671318293
Steps = 41200, test loss = 0.006753509398549795
Steps = 41300, train loss = 0.005222980864346027
Steps = 41300, test loss = 0.005924568977206945
Steps = 41400, train loss = 0.005124606192111969
Steps = 41400, test loss = 0.00727644469588995
Steps = 41500, train loss = 0.004800863564014435
Steps = 41500, test loss = 0.00548155652359128
Steps = 41600, train loss = 0.004421163350343704
Steps = 41600, test loss = 0.006126069463789463
Steps = 41700, train loss = 0.004444072023034096
Steps = 41700, test loss = 0.006066665984690189
Steps = 41800, train loss = 0.004138702526688576
Steps = 41800, test loss = 0.004849481396377087
Steps = 41900, train loss = 0.0039962478913366795
Steps = 41900, test loss = 0.004304773639887571
Steps = 42000, train loss = 0.003956030122935772
Steps = 42000, test loss = 0.006064451765269041
Steps = 42100, train loss = 0.0034555685706436634
Steps = 42100, test loss = 0.004689355380833149
Steps = 42200, train loss = 0.003832686459645629
Steps = 42200, test loss = 0.004226637072861195
Steps = 42300, train loss = 0.003368535777553916
Steps = 42300, test loss = 0.004190473817288876
Steps = 42400, train loss = 0.003293557558208704
Steps = 42400, test loss = 0.004758008290082216
Steps = 42500, train loss = 0.0030669451225548983
Steps = 42500, test loss = 0.003871467662975192
Steps = 42600, train loss = 0.0032985112629830837
Steps = 42600, test loss = 0.003551119938492775
Steps = 42700, train loss = 0.0028011524118483067
Steps = 42700, test loss = 0.0038904771208763123
Steps = 42800, train loss = 0.0033668489195406437
Steps = 42800, test loss = 0.003928339574486017
Steps = 42900, train loss = 0.002711818553507328
Steps = 42900, test loss = 0.004591444972902536
Steps = 43000, train loss = 0.0026881310623139143
Steps = 43000, test loss = 0.0034416434355080128
Steps = 43100, train loss = 0.002549054566770792
Steps = 43100, test loss = 0.003804366337135434
Steps = 43200, train loss = 0.002557563129812479
Steps = 43200, test loss = 0.002909362083300948
Steps = 43300, train loss = 0.002360003534704447
Steps = 43300, test loss = 0.0032464386895298958
Steps = 43400, train loss = 0.0025680940598249435
Steps = 43400, test loss = 0.0029846164397895336
Steps = 43500, train loss = 0.002141716191545129
Steps = 43500, test loss = 0.002578939311206341
Steps = 43600, train loss = 0.0021426358725875616
Steps = 43600, test loss = 0.0026373579166829586
Steps = 43700, train loss = 0.0023094380740076303
Steps = 43700, test loss = 0.0028936462476849556
Steps = 43800, train loss = 0.002035087440162897
Steps = 43800, test loss = 0.0028880368918180466
Steps = 43900, train loss = 0.0018990430980920792
Steps = 43900, test loss = 0.002922290237620473
Steps = 44000, train loss = 1.5267668962478638
Steps = 44000, test loss = 1.5565834045410156
Steps = 44100, train loss = 0.9193118214607239
Steps = 44100, test loss = 0.9007059335708618
Steps = 44200, train loss = 0.8265912532806396
Steps = 44200, test loss = 1.0763514041900635
Steps = 44300, train loss = 0.4823468327522278
Steps = 44300, test loss = 0.5160545706748962
Steps = 44400, train loss = 0.6943572163581848
Steps = 44400, test loss = 0.7816880941390991
Steps = 44500, train loss = 0.7208544015884399
Steps = 44500, test loss = 0.6885997653007507
Steps = 44600, train loss = 0.3810046315193176
Steps = 44600, test loss = 0.43196117877960205
Steps = 44700, train loss = 0.8963959813117981
Steps = 44700, test loss = 0.5359899997711182
Steps = 44800, train loss = 0.1335616558790207
Steps = 44800, test loss = 0.12824097275733948
Steps = 44900, train loss = 0.807064950466156
Steps = 44900, test loss = 1.0621997117996216
Steps = 45000, train loss = 0.06984726339578629
Steps = 45000, test loss = 0.09383031725883484
Steps = 45100, train loss = 0.01517751906067133
Steps = 45100, test loss = 0.019212370738387108
Steps = 45200, train loss = 0.00962125975638628
Steps = 45200, test loss = 0.013505774550139904
Steps = 45300, train loss = 0.007890842854976654
Steps = 45300, test loss = 0.010841701179742813
Steps = 45400, train loss = 0.007467581890523434
Steps = 45400, test loss = 0.009392659179866314
Steps = 45500, train loss = 0.006893663667142391
Steps = 45500, test loss = 0.008770862594246864
Steps = 45600, train loss = 0.0059680393896996975
Steps = 45600, test loss = 0.008345920592546463
Steps = 45700, train loss = 0.005568969063460827
Steps = 45700, test loss = 0.006541848182678223
Steps = 45800, train loss = 0.00562201626598835
Steps = 45800, test loss = 0.006380862556397915
Steps = 45900, train loss = 0.004492137115448713
Steps = 45900, test loss = 0.005888449028134346
Steps = 46000, train loss = 0.004506166558712721
Steps = 46000, test loss = 0.005820768419653177
Steps = 46100, train loss = 0.004456863272935152
Steps = 46100, test loss = 0.007501875050365925
Steps = 46200, train loss = 0.0042931027710437775
Steps = 46200, test loss = 0.005393813829869032
Steps = 46300, train loss = 0.0038014152087271214
Steps = 46300, test loss = 0.004868796095252037
Steps = 46400, train loss = 0.003967448603361845
Steps = 46400, test loss = 0.00522567005828023
Steps = 46500, train loss = 0.0038612147327512503
Steps = 46500, test loss = 0.004369378089904785
Steps = 46600, train loss = 0.003638478694483638
Steps = 46600, test loss = 0.003972463775426149
Steps = 46700, train loss = 0.0036553535610437393
Steps = 46700, test loss = 0.004085817839950323
Steps = 46800, train loss = 0.0033847466111183167
Steps = 46800, test loss = 0.00451621925458312
Steps = 46900, train loss = 0.0031754483934491873
Steps = 46900, test loss = 0.004421045072376728
Steps = 47000, train loss = 0.0032835265155881643
Steps = 47000, test loss = 0.004373326897621155
Steps = 47100, train loss = 0.00328294700011611
Steps = 47100, test loss = 0.004033152479678392
Steps = 47200, train loss = 0.003103233641013503
Steps = 47200, test loss = 0.0035286559723317623
Steps = 47300, train loss = 0.0027485191822052
Steps = 47300, test loss = 0.003733826568350196
Steps = 47400, train loss = 0.0028437478467822075
Steps = 47400, test loss = 0.003437040839344263
Steps = 47500, train loss = 0.002915498334914446
Steps = 47500, test loss = 0.0033891124185174704
Steps = 47600, train loss = 0.0028754461091011763
Steps = 47600, test loss = 0.0036090253852307796
Steps = 47700, train loss = 0.0025606355629861355
Steps = 47700, test loss = 0.003379346104338765
Steps = 47800, train loss = 0.002637735102325678
Steps = 47800, test loss = 0.0031219650991261005
Steps = 47900, train loss = 0.002465927042067051
Steps = 47900, test loss = 0.0032354602590203285
Steps = 48000, train loss = 0.002366607543081045
Steps = 48000, test loss = 0.002992891240864992
Steps = 48100, train loss = 0.002116542775183916
Steps = 48100, test loss = 0.002596644451841712
Steps = 48200, train loss = 0.002273940946906805
Steps = 48200, test loss = 0.0032217062544077635
Steps = 48300, train loss = 0.002079250756651163
Steps = 48300, test loss = 0.0027421340346336365
Steps = 48400, train loss = 0.002098910976201296
Steps = 48400, test loss = 0.002615886740386486
Steps = 48500, train loss = 0.002075554570183158
Steps = 48500, test loss = 0.0024069733917713165
Steps = 48600, train loss = 0.0020713962148875
Steps = 48600, test loss = 0.0023165650200098753
Steps = 48700, train loss = 0.001873664208687842
Steps = 48700, test loss = 0.002253528917208314
Steps = 48800, train loss = 0.0017920378595590591
Steps = 48800, test loss = 0.0023262063041329384
Steps = 48900, train loss = 0.001758990460075438
Steps = 48900, test loss = 0.002333597280085087
Steps = 49000, train loss = 0.0016113459132611752
Steps = 49000, test loss = 0.0022095940075814724
Steps = 49100, train loss = 0.001674111234024167
Steps = 49100, test loss = 0.002041972940787673
Steps = 49200, train loss = 0.0015491173835471272
Steps = 49200, test loss = 0.0019947485998272896
Steps = 49300, train loss = 0.001516403746791184
Steps = 49300, test loss = 0.0018913686508312821
Steps = 49400, train loss = 0.0014340494526550174
Steps = 49400, test loss = 0.0018471353687345982
Steps = 49500, train loss = 0.0016351464437320828
Steps = 49500, test loss = 0.0018403802532702684
Steps = 49600, train loss = 0.001296653994359076
Steps = 49600, test loss = 0.0017066763248294592
Steps = 49700, train loss = 0.0012272230815142393
Steps = 49700, test loss = 0.0017230533994734287
Steps = 49800, train loss = 0.0012446868931874633
Steps = 49800, test loss = 0.0013947176048532128
Steps = 49900, train loss = 0.0011657536961138248
Steps = 49900, test loss = 0.0015166528755798936
Steps = 50000, train loss = 0.0010227571474388242
Steps = 50000, test loss = 0.0014975987141951919
Steps = 50100, train loss = 0.0010889251716434956
Steps = 50100, test loss = 0.0013624102575704455
Steps = 50200, train loss = 0.003149291966110468
Steps = 50200, test loss = 0.006197393871843815
Steps = 50300, train loss = 1.1147786378860474
Steps = 50300, test loss = 1.2515747547149658
Steps = 50400, train loss = 0.8202542066574097
Steps = 50400, test loss = 0.9492071866989136
Steps = 50500, train loss = 0.7114917039871216
Steps = 50500, test loss = 0.6693110466003418
Steps = 50600, train loss = 0.9927920699119568
Steps = 50600, test loss = 1.0117579698562622
Steps = 50700, train loss = 0.38765937089920044
Steps = 50700, test loss = 0.5890747904777527
Steps = 50800, train loss = 0.5453829169273376
Steps = 50800, test loss = 0.6772392988204956
Steps = 50900, train loss = 0.8790574073791504
Steps = 50900, test loss = 0.9817665219306946
Steps = 51000, train loss = 0.2700522840023041
Steps = 51000, test loss = 0.5350843667984009
Steps = 51100, train loss = 0.3648267686367035
Steps = 51100, test loss = 0.3674677610397339
Steps = 51200, train loss = 1.2121950387954712
Steps = 51200, test loss = 1.4755867719650269
Steps = 51300, train loss = 0.1407526433467865
Steps = 51300, test loss = 0.17733599245548248
Steps = 51400, train loss = 0.02351907640695572
Steps = 51400, test loss = 0.0245660413056612
Steps = 51500, train loss = 0.011936253868043423
Steps = 51500, test loss = 0.01571297086775303
Steps = 51600, train loss = 0.009667720645666122
Steps = 51600, test loss = 0.010641642846167088
Steps = 51700, train loss = 0.007584284525364637
Steps = 51700, test loss = 0.010627354495227337
Steps = 51800, train loss = 0.00756289204582572
Steps = 51800, test loss = 0.009040601551532745
Steps = 51900, train loss = 0.005833748262375593
Steps = 51900, test loss = 0.00912645272910595
Steps = 52000, train loss = 0.005571672227233648
Steps = 52000, test loss = 0.008084463886916637
Steps = 52100, train loss = 0.0050118654035031796
Steps = 52100, test loss = 0.005985857453197241
Steps = 52200, train loss = 0.005509465001523495
Steps = 52200, test loss = 0.005254183895885944
Steps = 52300, train loss = 0.0048246560618281364
Steps = 52300, test loss = 0.005072074942290783
Steps = 52400, train loss = 0.004392934963107109
Steps = 52400, test loss = 0.005628374870866537
Steps = 52500, train loss = 0.003989922348409891
Steps = 52500, test loss = 0.004833171609789133
Steps = 52600, train loss = 0.004557160194963217
Steps = 52600, test loss = 0.004725106526166201
Steps = 52700, train loss = 0.0033623594790697098
Steps = 52700, test loss = 0.00448412261903286
Steps = 52800, train loss = 0.0038901222869753838
Steps = 52800, test loss = 0.00432874308899045
Steps = 52900, train loss = 0.0031615307088941336
Steps = 52900, test loss = 0.004326905123889446
Steps = 53000, train loss = 0.0031586247496306896
Steps = 53000, test loss = 0.004123717080801725
Steps = 53100, train loss = 0.00306274788454175
Steps = 53100, test loss = 0.003842720529064536
Steps = 53200, train loss = 0.0028908320236951113
Steps = 53200, test loss = 0.0034291264601051807
Steps = 53300, train loss = 0.0027896801475435495
Steps = 53300, test loss = 0.0036461090203374624
Steps = 53400, train loss = 0.0026418836787343025
Steps = 53400, test loss = 0.003146884497255087
Steps = 53500, train loss = 0.0025820990558713675
Steps = 53500, test loss = 0.0033745914697647095
Steps = 53600, train loss = 0.0025704684667289257
Steps = 53600, test loss = 0.0033602092880755663
Steps = 53700, train loss = 0.002129704924300313
Steps = 53700, test loss = 0.002897280268371105
Steps = 53800, train loss = 0.0025106847751885653
Steps = 53800, test loss = 0.0027330154553055763
Steps = 53900, train loss = 0.002163591096177697
Steps = 53900, test loss = 0.002825342584401369
Steps = 54000, train loss = 0.0026237296406179667
Steps = 54000, test loss = 0.002852234523743391
Steps = 54100, train loss = 0.0020984148140996695
Steps = 54100, test loss = 0.002693453337997198
Steps = 54200, train loss = 0.002082622377201915
Steps = 54200, test loss = 0.002354284981265664
Steps = 54300, train loss = 0.0020243090111762285
Steps = 54300, test loss = 0.0023253571707755327
Steps = 54400, train loss = 0.0019184320699423552
Steps = 54400, test loss = 0.0020583043806254864
Steps = 54500, train loss = 0.0016941282665356994
Steps = 54500, test loss = 0.0021199595648795366
Steps = 54600, train loss = 0.0016342776361852884
Steps = 54600, test loss = 0.002333652228116989
Steps = 54700, train loss = 0.00166139448992908
Steps = 54700, test loss = 0.001941251684911549
Steps = 54800, train loss = 0.00165956758428365
Steps = 54800, test loss = 0.001984394621104002
Steps = 54900, train loss = 0.0016338939312845469
Steps = 54900, test loss = 0.0019772092346102
Steps = 55000, train loss = 0.0015863911248743534
Steps = 55000, test loss = 0.0017668419750407338
Steps = 55100, train loss = 0.0013360136654227972
Steps = 55100, test loss = 0.0018510055961087346
Steps = 55200, train loss = 0.0014416287885978818
Steps = 55200, test loss = 0.0016769334906712174
Steps = 55300, train loss = 0.001367804710753262
Steps = 55300, test loss = 0.001580437645316124
Steps = 55400, train loss = 0.00118878239300102
Steps = 55400, test loss = 0.0015119875315576792
Steps = 55500, train loss = 0.001416000653989613
Steps = 55500, test loss = 0.0017047111177816987
Steps = 55600, train loss = 0.0011900527169927955
Steps = 55600, test loss = 0.0015440493589267135
Steps = 55700, train loss = 0.0012200146447867155
Steps = 55700, test loss = 0.0014647790230810642
Steps = 55800, train loss = 0.0010262923315167427
Steps = 55800, test loss = 0.001421882538124919
Steps = 55900, train loss = 0.0010666419984772801
Steps = 55900, test loss = 0.001369137316942215
Steps = 56000, train loss = 0.0011407154379412532
Steps = 56000, test loss = 0.0013247181195765734
Steps = 56100, train loss = 0.001002165605314076
Steps = 56100, test loss = 0.0012438117992132902
Steps = 56200, train loss = 0.0010384927736595273
Steps = 56200, test loss = 0.0012926942436024547
Steps = 56300, train loss = 0.0009879624703899026
Steps = 56300, test loss = 0.0011443962575867772
Steps = 56400, train loss = 1.3335275650024414
Steps = 56400, test loss = 1.4100346565246582
Steps = 56500, train loss = 0.8475098609924316
Steps = 56500, test loss = 0.9513847827911377
Steps = 56600, train loss = 0.599725067615509
Steps = 56600, test loss = 0.6541024446487427
Steps = 56700, train loss = 0.5933225750923157
Steps = 56700, test loss = 0.7197479605674744
Steps = 56800, train loss = 0.4857490062713623
Steps = 56800, test loss = 0.4549153447151184
Steps = 56900, train loss = 0.5246585607528687
Steps = 56900, test loss = 0.946174681186676
Steps = 57000, train loss = 0.13071295619010925
Steps = 57000, test loss = 0.18490761518478394
Steps = 57100, train loss = 0.03450893610715866
Steps = 57100, test loss = 0.050051040947437286
Steps = 57200, train loss = 0.7384783625602722
Steps = 57200, test loss = 0.7737323045730591
Steps = 57300, train loss = 0.058492135256528854
Steps = 57300, test loss = 0.08112803846597672
Steps = 57400, train loss = 0.016533350571990013
Steps = 57400, test loss = 0.01914188638329506
Steps = 57500, train loss = 0.010922765359282494
Steps = 57500, test loss = 0.014336556196212769
Steps = 57600, train loss = 0.008939108811318874
Steps = 57600, test loss = 0.008473978377878666
Steps = 57700, train loss = 0.007397472392767668
Steps = 57700, test loss = 0.008861903101205826
Steps = 57800, train loss = 0.005842416547238827
Steps = 57800, test loss = 0.007533357944339514
Steps = 57900, train loss = 0.005703384522348642
Steps = 57900, test loss = 0.006949098780751228
Steps = 58000, train loss = 0.004977857228368521
Steps = 58000, test loss = 0.007465568371117115
Steps = 58100, train loss = 0.0041449409909546375
Steps = 58100, test loss = 0.00742219528183341
Steps = 58200, train loss = 0.004650312475860119
Steps = 58200, test loss = 0.007301484700292349
Steps = 58300, train loss = 0.004373361822217703
Steps = 58300, test loss = 0.005644823424518108
Steps = 58400, train loss = 0.004007645882666111
Steps = 58400, test loss = 0.00532592972740531
Steps = 58500, train loss = 0.003879810916259885
Steps = 58500, test loss = 0.004858079366385937
Steps = 58600, train loss = 0.003357339883223176
Steps = 58600, test loss = 0.0036073143128305674
Steps = 58700, train loss = 0.0037022584583610296
Steps = 58700, test loss = 0.004616660065948963
Steps = 58800, train loss = 0.0034002577885985374
Steps = 58800, test loss = 0.004102074541151524
Steps = 58900, train loss = 0.003483306150883436
Steps = 58900, test loss = 0.003909308463335037
Steps = 59000, train loss = 0.003665032098069787
Steps = 59000, test loss = 0.0035849767737090588
Steps = 59100, train loss = 0.0033060950227081776
Steps = 59100, test loss = 0.004383587744086981
Steps = 59200, train loss = 0.002785944379866123
Steps = 59200, test loss = 0.0035186083987355232
Steps = 59300, train loss = 0.0027906110044568777
Steps = 59300, test loss = 0.0035031293518841267
Steps = 59400, train loss = 0.002748236060142517
Steps = 59400, test loss = 0.0030459812842309475
Steps = 59500, train loss = 0.0024107086937874556
Steps = 59500, test loss = 0.00334203545935452
Steps = 59600, train loss = 0.0023410345893353224
Steps = 59600, test loss = 0.003033976536244154
Steps = 59700, train loss = 0.002487021964043379
Steps = 59700, test loss = 0.0027463629376143217
Steps = 59800, train loss = 0.0019817338325083256
Steps = 59800, test loss = 0.00282931886613369
Steps = 59900, train loss = 0.002557833679020405
Steps = 59900, test loss = 0.0024701529182493687
Steps = 60000, train loss = 0.002203675452619791
Steps = 60000, test loss = 0.002786238444969058
Test accuracy: 1.0 (got 64 right out of 64)
The testing loss never went to almost zero
