LR = 0.001, batch_size = 128, block_size = 9


number of parameters: 0.41M
Steps = 0, train loss = 4.646841526031494
Steps = 0, test loss = 4.651809215545654
Steps = 100, train loss = 4.51133918762207
Steps = 100, test loss = 4.539127349853516
Steps = 200, train loss = 4.491810321807861
Steps = 200, test loss = 4.630437850952148
Steps = 300, train loss = 4.574812412261963
Steps = 300, test loss = 4.5667219161987305
Steps = 400, train loss = 4.509081840515137
Steps = 400, test loss = 4.539008140563965
Steps = 500, train loss = 4.506471633911133
Steps = 500, test loss = 4.5425519943237305
Steps = 600, train loss = 4.5822906494140625
Steps = 600, test loss = 4.565088272094727
Steps = 700, train loss = 4.573373317718506
Steps = 700, test loss = 4.5330424308776855
Steps = 800, train loss = 4.578596115112305
Steps = 800, test loss = 4.577435493469238
Steps = 900, train loss = 4.520779609680176
Steps = 900, test loss = 4.608828544616699
Steps = 1000, train loss = 4.570594310760498
Steps = 1000, test loss = 4.536239147186279
Steps = 1100, train loss = 4.500629901885986
Steps = 1100, test loss = 4.494375705718994
Steps = 1200, train loss = 4.418061256408691
Steps = 1200, test loss = 4.586421966552734
Steps = 1300, train loss = 4.5145111083984375
Steps = 1300, test loss = 4.4581756591796875
Steps = 1400, train loss = 4.515241622924805
Steps = 1400, test loss = 4.585176944732666
Steps = 1500, train loss = 4.527304649353027
Steps = 1500, test loss = 4.61460018157959
Steps = 1600, train loss = 4.558207988739014
Steps = 1600, test loss = 4.5066657066345215
Steps = 1700, train loss = 4.494672775268555
Steps = 1700, test loss = 4.657144069671631
Steps = 1800, train loss = 4.501120567321777
Steps = 1800, test loss = 4.72627067565918
Steps = 1900, train loss = 4.496304512023926
Steps = 1900, test loss = 4.734795570373535
Steps = 2000, train loss = 4.534617900848389
Steps = 2000, test loss = 4.748188018798828
Steps = 2100, train loss = 3.3244121074676514
Steps = 2100, test loss = 3.3690102100372314
Steps = 2200, train loss = 2.54707407951355
Steps = 2200, test loss = 2.6366844177246094
Steps = 2300, train loss = 2.2540292739868164
Steps = 2300, test loss = 2.3272407054901123
Steps = 2400, train loss = 2.220733404159546
Steps = 2400, test loss = 2.320492744445801
Steps = 2500, train loss = 1.7570805549621582
Steps = 2500, test loss = 1.8355759382247925
Steps = 2600, train loss = 1.5405796766281128
Steps = 2600, test loss = 1.6052887439727783
Steps = 2700, train loss = 2.0809743404388428
Steps = 2700, test loss = 2.1554079055786133
Steps = 2800, train loss = 1.6148003339767456
Steps = 2800, test loss = 1.7463093996047974
Steps = 2900, train loss = 1.4157310724258423
Steps = 2900, test loss = 1.5257816314697266
Steps = 3000, train loss = 1.4579695463180542
Steps = 3000, test loss = 1.514872670173645
Steps = 3100, train loss = 1.4459465742111206
Steps = 3100, test loss = 1.4694173336029053
Steps = 3200, train loss = 1.3969817161560059
Steps = 3200, test loss = 1.494829535484314
Steps = 3300, train loss = 1.4294521808624268
Steps = 3300, test loss = 1.4960719347000122
Steps = 3400, train loss = 1.3764207363128662
Steps = 3400, test loss = 1.5160514116287231
Steps = 3500, train loss = 1.5102843046188354
Steps = 3500, test loss = 1.6338841915130615
Steps = 3600, train loss = 1.3823895454406738
Steps = 3600, test loss = 1.4493372440338135
Steps = 3700, train loss = 1.38136625289917
Steps = 3700, test loss = 1.4703986644744873
Steps = 3800, train loss = 1.3698891401290894
Steps = 3800, test loss = 1.551653265953064
Steps = 3900, train loss = 1.378853678703308
Steps = 3900, test loss = 1.5393831729888916
Steps = 4000, train loss = 1.420089840888977
Steps = 4000, test loss = 1.5275218486785889
Steps = 4100, train loss = 1.3933509588241577
Steps = 4100, test loss = 1.5628687143325806
Steps = 4200, train loss = 2.046844244003296
Steps = 4200, test loss = 2.134974241256714
Steps = 4300, train loss = 1.524217128753662
Steps = 4300, test loss = 1.7022590637207031
Steps = 4400, train loss = 1.4431887865066528
Steps = 4400, test loss = 1.53708815574646
Steps = 4500, train loss = 1.3884391784667969
Steps = 4500, test loss = 1.5427266359329224
Steps = 4600, train loss = 1.3897781372070312
Steps = 4600, test loss = 1.5633546113967896
Steps = 4700, train loss = 1.4560561180114746
Steps = 4700, test loss = 1.5293277502059937
Steps = 4800, train loss = 1.3352365493774414
Steps = 4800, test loss = 1.5234637260437012
Steps = 4900, train loss = 1.3890318870544434
Steps = 4900, test loss = 1.5781910419464111
Steps = 5000, train loss = 1.8335678577423096
Steps = 5000, test loss = 2.1327645778656006
Steps = 5100, train loss = 1.4056512117385864
Steps = 5100, test loss = 1.5688854455947876
Steps = 5200, train loss = 1.3939154148101807
Steps = 5200, test loss = 1.585364580154419
Steps = 5300, train loss = 1.3909579515457153
Steps = 5300, test loss = 1.47396719455719
Steps = 5400, train loss = 1.4302072525024414
Steps = 5400, test loss = 1.5727753639221191
Steps = 5500, train loss = 1.373250126838684
Steps = 5500, test loss = 1.5592036247253418
Steps = 5600, train loss = 1.3894745111465454
Steps = 5600, test loss = 1.5552915334701538
Steps = 5700, train loss = 1.3924264907836914
Steps = 5700, test loss = 1.6375995874404907
Steps = 5800, train loss = 1.375014305114746
Steps = 5800, test loss = 1.638356328010559
Steps = 5900, train loss = 1.3653148412704468
Steps = 5900, test loss = 1.6524546146392822
Steps = 6000, train loss = 1.3399474620819092
Steps = 6000, test loss = 1.6620657444000244
Steps = 6100, train loss = 1.3601890802383423
Steps = 6100, test loss = 1.9298251867294312
Steps = 6200, train loss = 1.3835424184799194
Steps = 6200, test loss = 1.6321699619293213
Steps = 6300, train loss = 1.3957797288894653
Steps = 6300, test loss = 1.5416953563690186
Steps = 6400, train loss = 1.773059368133545
Steps = 6400, test loss = 2.035081624984741
Steps = 6500, train loss = 1.4819276332855225
Steps = 6500, test loss = 1.7012907266616821
Steps = 6600, train loss = 1.3252465724945068
Steps = 6600, test loss = 1.613053798675537
Steps = 6700, train loss = 1.3713042736053467
Steps = 6700, test loss = 1.624123215675354
Steps = 6800, train loss = 1.3520963191986084
Steps = 6800, test loss = 1.6093125343322754
Steps = 6900, train loss = 1.377890944480896
Steps = 6900, test loss = 1.5769529342651367
Steps = 7000, train loss = 1.4090882539749146
Steps = 7000, test loss = 1.6787346601486206
Steps = 7100, train loss = 1.3502141237258911
Steps = 7100, test loss = 1.5597954988479614
Steps = 7200, train loss = 1.3473799228668213
Steps = 7200, test loss = 1.6741290092468262
Steps = 7300, train loss = 1.3501449823379517
Steps = 7300, test loss = 1.62246835231781
Steps = 7400, train loss = 1.3854814767837524
Steps = 7400, test loss = 1.7117321491241455
Steps = 7500, train loss = 1.4062309265136719
Steps = 7500, test loss = 1.6816664934158325
Steps = 7600, train loss = 1.4673281908035278
Steps = 7600, test loss = 1.664109468460083
Steps = 7700, train loss = 1.3666191101074219
Steps = 7700, test loss = 1.6399991512298584
Steps = 7800, train loss = 1.2671586275100708
Steps = 7800, test loss = 1.5472869873046875
Steps = 7900, train loss = 1.2797582149505615
Steps = 7900, test loss = 1.4571664333343506
Steps = 8000, train loss = 1.2737807035446167
Steps = 8000, test loss = 1.6547361612319946
Steps = 8100, train loss = 1.2482179403305054
Steps = 8100, test loss = 1.4899492263793945
Steps = 8200, train loss = 1.0395087003707886
Steps = 8200, test loss = 1.2337852716445923
Steps = 8300, train loss = 0.7690927386283875
Steps = 8300, test loss = 1.026223063468933
Steps = 8400, train loss = 0.7422664761543274
Steps = 8400, test loss = 0.8923380970954895
Steps = 8500, train loss = 1.3071001768112183
Steps = 8500, test loss = 1.4827332496643066
Steps = 8600, train loss = 0.684732973575592
Steps = 8600, test loss = 0.9165534377098083
Steps = 8700, train loss = 0.6839532852172852
Steps = 8700, test loss = 0.8409173488616943
Steps = 8800, train loss = 0.6681109666824341
Steps = 8800, test loss = 0.9070266485214233
Steps = 8900, train loss = 0.6817258596420288
Steps = 8900, test loss = 0.813252329826355
Steps = 9000, train loss = 0.7083540558815002
Steps = 9000, test loss = 0.8715806603431702
Steps = 9100, train loss = 0.623825192451477
Steps = 9100, test loss = 1.0006670951843262
Steps = 9200, train loss = 0.688185453414917
Steps = 9200, test loss = 0.9763319492340088
Steps = 9300, train loss = 0.6927036643028259
Steps = 9300, test loss = 0.901772677898407
Steps = 9400, train loss = 0.6299383044242859
Steps = 9400, test loss = 0.9998248815536499
Steps = 9500, train loss = 0.906425416469574
Steps = 9500, test loss = 0.9738573431968689
Steps = 9600, train loss = 0.7320680022239685
Steps = 9600, test loss = 0.974422037601471
Steps = 9700, train loss = 0.6800665855407715
Steps = 9700, test loss = 0.9564272165298462
Steps = 9800, train loss = 0.6919749975204468
Steps = 9800, test loss = 0.9464873671531677
Steps = 9900, train loss = 0.7087581157684326
Steps = 9900, test loss = 0.9634552001953125
Steps = 10000, train loss = 0.6607404351234436
Steps = 10000, test loss = 0.9832347631454468
Steps = 10100, train loss = 0.6846277117729187
Steps = 10100, test loss = 0.9313179850578308
Steps = 10200, train loss = 0.6830347180366516
Steps = 10200, test loss = 0.8946117758750916
Steps = 10300, train loss = 0.6804695129394531
Steps = 10300, test loss = 1.0513898134231567
Steps = 10400, train loss = 0.8919082283973694
Steps = 10400, test loss = 1.0750133991241455
Steps = 10500, train loss = 0.6772029995918274
Steps = 10500, test loss = 0.8866565227508545
Steps = 10600, train loss = 0.6509753465652466
Steps = 10600, test loss = 0.9941242933273315
Steps = 10700, train loss = 0.6545814275741577
Steps = 10700, test loss = 0.9839888215065002
Steps = 10800, train loss = 0.6153133511543274
Steps = 10800, test loss = 1.0113881826400757
Steps = 10900, train loss = 0.6925632953643799
Steps = 10900, test loss = 0.9615257382392883
Steps = 11000, train loss = 0.7118387818336487
Steps = 11000, test loss = 1.0268067121505737
Steps = 11100, train loss = 0.6993809342384338
Steps = 11100, test loss = 1.0908855199813843
Steps = 11200, train loss = 0.6324848532676697
Steps = 11200, test loss = 0.9939255714416504
Steps = 11300, train loss = 0.5718147158622742
Steps = 11300, test loss = 0.9590383768081665
Steps = 11400, train loss = 0.5314443707466125
Steps = 11400, test loss = 0.8958094120025635
Steps = 11500, train loss = 0.9499614834785461
Steps = 11500, test loss = 1.0788745880126953
Steps = 11600, train loss = 0.4952738583087921
Steps = 11600, test loss = 0.8446068167686462
Steps = 11700, train loss = 0.5003878474235535
Steps = 11700, test loss = 0.901390016078949
Steps = 11800, train loss = 0.5047533512115479
Steps = 11800, test loss = 0.8821675181388855
Steps = 11900, train loss = 0.6927962899208069
Steps = 11900, test loss = 0.983957827091217
Steps = 12000, train loss = 0.49955928325653076
Steps = 12000, test loss = 0.9463251233100891
Steps = 12100, train loss = 0.5240302085876465
Steps = 12100, test loss = 0.8593916296958923
Steps = 12200, train loss = 0.5894718766212463
Steps = 12200, test loss = 0.9186347723007202
Steps = 12300, train loss = 0.4961751699447632
Steps = 12300, test loss = 0.9029272794723511
Steps = 12400, train loss = 0.4670120179653168
Steps = 12400, test loss = 0.9584357738494873
Steps = 12500, train loss = 0.4158954322338104
Steps = 12500, test loss = 1.071325421333313
Steps = 12600, train loss = 0.49211668968200684
Steps = 12600, test loss = 0.8522247672080994
Steps = 12700, train loss = 0.4958494305610657
Steps = 12700, test loss = 1.0459990501403809
Steps = 12800, train loss = 0.46214112639427185
Steps = 12800, test loss = 1.0568486452102661
Steps = 12900, train loss = 0.520700216293335
Steps = 12900, test loss = 1.087978482246399
Steps = 13000, train loss = 0.416405588388443
Steps = 13000, test loss = 0.896782398223877
Steps = 13100, train loss = 0.3460374176502228
Steps = 13100, test loss = 0.7461640238761902
Steps = 13200, train loss = 0.3870597779750824
Steps = 13200, test loss = 1.0128426551818848
Steps = 13300, train loss = 0.3335486352443695
Steps = 13300, test loss = 0.7990741729736328
Steps = 13400, train loss = 0.4416733682155609
Steps = 13400, test loss = 0.9039485454559326
Steps = 13500, train loss = 0.39415913820266724
Steps = 13500, test loss = 1.0538721084594727
Steps = 13600, train loss = 0.2734183669090271
Steps = 13600, test loss = 0.8390352129936218
Steps = 13700, train loss = 0.21298380196094513
Steps = 13700, test loss = 1.0195543766021729
Steps = 13800, train loss = 0.279793918132782
Steps = 13800, test loss = 0.7858539819717407
Steps = 13900, train loss = 0.33217909932136536
Steps = 13900, test loss = 0.6738823056221008
Steps = 14000, train loss = 0.31081271171569824
Steps = 14000, test loss = 0.7190242409706116
Steps = 14100, train loss = 0.2366361767053604
Steps = 14100, test loss = 0.5698740482330322
Steps = 14200, train loss = 0.1426447629928589
Steps = 14200, test loss = 0.5613144040107727
Steps = 14300, train loss = 0.11041602492332458
Steps = 14300, test loss = 0.32381248474121094
Steps = 14400, train loss = 0.0804920643568039
Steps = 14400, test loss = 0.5865638852119446
Steps = 14500, train loss = 0.1020994484424591
Steps = 14500, test loss = 0.4200034737586975
Steps = 14600, train loss = 0.07868075370788574
Steps = 14600, test loss = 0.3250007927417755
Steps = 14700, train loss = 0.4476109743118286
Steps = 14700, test loss = 0.8570849299430847
Steps = 14800, train loss = 0.07276012003421783
Steps = 14800, test loss = 0.4681690037250519
Steps = 14900, train loss = 0.0240827314555645
Steps = 14900, test loss = 0.3607213497161865
Steps = 15000, train loss = 0.03789190948009491
Steps = 15000, test loss = 0.3429136574268341
Steps = 15100, train loss = 0.027984654530882835
Steps = 15100, test loss = 0.3205137550830841
Steps = 15200, train loss = 0.03753574565052986
Steps = 15200, test loss = 0.41781002283096313
Steps = 15300, train loss = 0.023347413167357445
Steps = 15300, test loss = 0.3820554316043854
Steps = 15400, train loss = 0.01873939484357834
Steps = 15400, test loss = 0.3323352634906769
Steps = 15500, train loss = 0.017378780990839005
Steps = 15500, test loss = 0.19414079189300537
Steps = 15600, train loss = 0.01461208239197731
Steps = 15600, test loss = 0.21743211150169373
Steps = 15700, train loss = 0.013257953338325024
Steps = 15700, test loss = 0.470892995595932
Steps = 15800, train loss = 0.007108102552592754
Steps = 15800, test loss = 0.6173534989356995
Steps = 15900, train loss = 0.015040089376270771
Steps = 15900, test loss = 0.44618403911590576
Steps = 16000, train loss = 0.005222382489591837
Steps = 16000, test loss = 0.29702678322792053
Steps = 16100, train loss = 0.003549056127667427
Steps = 16100, test loss = 0.24628254771232605
Steps = 16200, train loss = 0.0058933449909091
Steps = 16200, test loss = 0.27210742235183716
Steps = 16300, train loss = 0.0238394346088171
Steps = 16300, test loss = 0.1909741461277008
Steps = 16400, train loss = 0.0034344098530709743
Steps = 16400, test loss = 0.23003099858760834
Steps = 16500, train loss = 0.004090336617082357
Steps = 16500, test loss = 0.24845369160175323
Steps = 16600, train loss = 0.003267627442255616
Steps = 16600, test loss = 0.1575622260570526
Steps = 16700, train loss = 0.004957843106240034
Steps = 16700, test loss = 0.15905681252479553
Steps = 16800, train loss = 0.05380169302225113
Steps = 16800, test loss = 0.44346389174461365
Steps = 16900, train loss = 0.11496636271476746
Steps = 16900, test loss = 0.23277327418327332
Steps = 17000, train loss = 0.03911365568637848
Steps = 17000, test loss = 0.12526214122772217
Steps = 17100, train loss = 0.005623380653560162
Steps = 17100, test loss = 0.06313014775514603
Steps = 17200, train loss = 0.004381792154163122
Steps = 17200, test loss = 0.19546504318714142
Steps = 17300, train loss = 0.0025226834695786238
Steps = 17300, test loss = 0.04557620733976364
Steps = 17400, train loss = 0.003153571393340826
Steps = 17400, test loss = 0.07189039140939713
Steps = 17500, train loss = 0.0018785607535392046
Steps = 17500, test loss = 0.027042901143431664
Steps = 17600, train loss = 0.0017048621084541082
Steps = 17600, test loss = 0.05568525195121765
Steps = 17700, train loss = 0.0015325756976380944
Steps = 17700, test loss = 0.12758277356624603
Steps = 17800, train loss = 0.001206046319566667
Steps = 17800, test loss = 0.057133227586746216
Steps = 17900, train loss = 0.0010731926886364818
Steps = 17900, test loss = 0.044361431151628494
Steps = 18000, train loss = 0.001534028211608529
Steps = 18000, test loss = 0.012025597505271435
Steps = 18100, train loss = 0.0010248940670862794
Steps = 18100, test loss = 0.05074288323521614
Steps = 18200, train loss = 0.0007610246539115906
Steps = 18200, test loss = 0.009041795507073402
Steps = 18300, train loss = 0.0009875805117189884
Steps = 18300, test loss = 0.029636913910508156
Steps = 18400, train loss = 0.0007053644512780011
Steps = 18400, test loss = 0.03610492870211601
Steps = 18500, train loss = 0.0005751938442699611
Steps = 18500, test loss = 0.024572212249040604
Steps = 18600, train loss = 0.0006229462451301515
Steps = 18600, test loss = 0.06376998871564865
Steps = 18700, train loss = 0.0006165792001411319
Steps = 18700, test loss = 0.00983115192502737
Steps = 18800, train loss = 0.0006338668754324317
Steps = 18800, test loss = 0.02103673294186592
Steps = 18900, train loss = 0.0008040620596148074
Steps = 18900, test loss = 0.026799414306879044
Steps = 19000, train loss = 0.0005313260480761528
Steps = 19000, test loss = 0.024818740785121918
Steps = 19100, train loss = 0.00040333415381610394
Steps = 19100, test loss = 0.04521792382001877
Steps = 19200, train loss = 0.00046568052493967116
Steps = 19200, test loss = 0.01473027840256691
Steps = 19300, train loss = 0.0005367270787246525
Steps = 19300, test loss = 0.021446380764245987
Steps = 19400, train loss = 0.0004847478703595698
Steps = 19400, test loss = 0.04885803163051605
Steps = 19500, train loss = 0.0003841163998004049
Steps = 19500, test loss = 0.006074489559978247
Steps = 19600, train loss = 0.0004553691251203418
Steps = 19600, test loss = 0.04614095017313957
Steps = 19700, train loss = 0.0002612326352391392
Steps = 19700, test loss = 0.006642094347625971
Steps = 19800, train loss = 0.00037432622048072517
Steps = 19800, test loss = 0.045588407665491104
Steps = 19900, train loss = 0.00029202914447523654
Steps = 19900, test loss = 0.03784269094467163
Steps = 20000, train loss = 0.000303838838590309
Steps = 20000, test loss = 0.06398700922727585
Steps = 20100, train loss = 0.0002900139952544123
Steps = 20100, test loss = 0.04285213351249695
Steps = 20200, train loss = 0.00022190540039446205
Steps = 20200, test loss = 0.005330679938197136
Steps = 20300, train loss = 0.0002496421802788973
Steps = 20300, test loss = 0.026956409215927124
Steps = 20400, train loss = 0.0002041672560153529
Steps = 20400, test loss = 0.02535581775009632
Steps = 20500, train loss = 0.00019997182243969291
Steps = 20500, test loss = 0.04270095378160477
Steps = 20600, train loss = 0.0001774295960785821
Steps = 20600, test loss = 0.005034959875047207
Steps = 20700, train loss = 0.0001498608326073736
Steps = 20700, test loss = 0.007737994659692049
Steps = 20800, train loss = 0.00026467774296179414
Steps = 20800, test loss = 0.023076726123690605
Steps = 20900, train loss = 0.00014139887935016304
Steps = 20900, test loss = 0.04306649789214134
Steps = 21000, train loss = 0.0001735946862027049
Steps = 21000, test loss = 0.001002267119474709
Steps = 21100, train loss = 0.00017383803788106889
Steps = 21100, test loss = 0.11083836853504181
Steps = 21200, train loss = 0.00015487631026189774
Steps = 21200, test loss = 0.12984254956245422
Steps = 21300, train loss = 0.00012348423479124904
Steps = 21300, test loss = 0.0018260711804032326
Steps = 21400, train loss = 0.00012877583503723145
Steps = 21400, test loss = 0.04073403775691986
Steps = 21500, train loss = 0.00010496013419469818
Steps = 21500, test loss = 0.09895006567239761
Steps = 21600, train loss = 9.818874968914315e-05
Steps = 21600, test loss = 0.1500183790922165
Steps = 21700, train loss = 0.00010509832645766437
Steps = 21700, test loss = 0.0029447057750076056
Steps = 21800, train loss = 9.288246656069532e-05
Steps = 21800, test loss = 0.02058388665318489
Steps = 21900, train loss = 0.00010184066195506603
Steps = 21900, test loss = 0.10380126535892487
Steps = 22000, train loss = 9.160029730992392e-05
Steps = 22000, test loss = 0.015646936371922493
Steps = 22100, train loss = 7.536937482655048e-05
Steps = 22100, test loss = 0.004448581021279097
Steps = 22200, train loss = 7.685030868742615e-05
Steps = 22200, test loss = 0.01493807416409254
Steps = 22300, train loss = 8.130238711601123e-05
Steps = 22300, test loss = 0.009777341037988663
Steps = 22400, train loss = 5.616063572233543e-05
Steps = 22400, test loss = 0.010811855085194111
Steps = 22500, train loss = 7.580666715512052e-05
Steps = 22500, test loss = 0.00796261802315712
Steps = 22600, train loss = 6.878250860609114e-05
Steps = 22600, test loss = 0.024307873100042343
Steps = 22700, train loss = 5.442287147161551e-05
Steps = 22700, test loss = 0.0030515657272189856
Steps = 22800, train loss = 5.1408416766207665e-05
Steps = 22800, test loss = 0.008516419678926468
Steps = 22900, train loss = 5.8825797168537974e-05
Steps = 22900, test loss = 0.006783256307244301
Steps = 23000, train loss = 4.489160710363649e-05
Steps = 23000, test loss = 0.002192071406170726
Steps = 23100, train loss = 5.716269151889719e-05
Steps = 23100, test loss = 0.0018947041826322675
Steps = 23200, train loss = 4.533631363301538e-05
Steps = 23200, test loss = 0.013965334743261337
Steps = 23300, train loss = 3.836081305053085e-05
Steps = 23300, test loss = 0.0034587769769132137
Steps = 23400, train loss = 3.6358163924887776e-05
Steps = 23400, test loss = 0.0028330599889159203
Steps = 23500, train loss = 3.4775752283167094e-05
Steps = 23500, test loss = 0.004507760051637888
Steps = 23600, train loss = 3.436467522988096e-05
Steps = 23600, test loss = 0.0007086174446158111
Steps = 23700, train loss = 2.8901349651277997e-05
Steps = 23700, test loss = 0.041307482868433
Steps = 23800, train loss = 3.499142621876672e-05
Steps = 23800, test loss = 0.000381121295504272
Steps = 23900, train loss = 3.043613105546683e-05
Steps = 23900, test loss = 0.0025588469579815865
Steps = 24000, train loss = 2.8880464014946483e-05
Steps = 24000, test loss = 0.03792320936918259
Steps = 24100, train loss = 2.9524078854592517e-05
Steps = 24100, test loss = 0.004880887921899557
Steps = 24200, train loss = 2.0130972188781016e-05
Steps = 24200, test loss = 0.00015011477808002383
Steps = 24300, train loss = 2.9112481570336968e-05
Steps = 24300, test loss = 0.002657870762050152
Steps = 24400, train loss = 2.3571159545099363e-05
Steps = 24400, test loss = 0.0009967830264940858
Steps = 24500, train loss = 2.6106947188964114e-05
Steps = 24500, test loss = 0.005012098234146833
Steps = 24600, train loss = 2.2855647330288775e-05
Steps = 24600, test loss = 0.002320795552805066
Steps = 24700, train loss = 2.0587654944392852e-05
Steps = 24700, test loss = 0.0030565469060093164
Steps = 24800, train loss = 2.03256440727273e-05
Steps = 24800, test loss = 0.10206381231546402
Steps = 24900, train loss = 1.9928864276153035e-05
Steps = 24900, test loss = 0.00023419468197971582
Steps = 25000, train loss = 1.7405014659743756e-05
Steps = 25000, test loss = 0.00033689563861116767
Steps = 25100, train loss = 2.027623850153759e-05
Steps = 25100, test loss = 0.00615118769928813
Steps = 25200, train loss = 1.5627263564965688e-05
Steps = 25200, test loss = 0.00010236791422357783
Steps = 25300, train loss = 1.2217781659273896e-05
Steps = 25300, test loss = 0.0021980830933898687
Steps = 25400, train loss = 1.4180881407810375e-05
Steps = 25400, test loss = 0.002059054793789983
Steps = 25500, train loss = 9.818782928050496e-06
Steps = 25500, test loss = 0.0007482217624783516
Steps = 25600, train loss = 1.0022779861174058e-05
Steps = 25600, test loss = 0.00018283406097907573
Steps = 25700, train loss = 1.272349436476361e-05
Steps = 25700, test loss = 0.09960320591926575
Steps = 25800, train loss = 1.0765935257950332e-05
Steps = 25800, test loss = 0.00026467861607670784
Steps = 25900, train loss = 1.1062075827794615e-05
Steps = 25900, test loss = 0.000178210306330584
Steps = 26000, train loss = 1.3095928807160817e-05
Steps = 26000, test loss = 0.000665493484120816
Steps = 26100, train loss = 9.66609331953805e-06
Steps = 26100, test loss = 0.0010482731740921736
Steps = 26200, train loss = 1.0052509423985612e-05
Steps = 26200, test loss = 0.00040660781087353826
Steps = 26300, train loss = 8.209526640712284e-06
Steps = 26300, test loss = 0.00012042676098644733
Steps = 26400, train loss = 9.140805559582077e-06
Steps = 26400, test loss = 0.00031233017216436565
Steps = 26500, train loss = 6.963441592233721e-06
Steps = 26500, test loss = 0.00019426232029218227
Steps = 26600, train loss = 7.881697456468828e-06
Steps = 26600, test loss = 0.0009694195468910038
Steps = 26700, train loss = 7.642340278835036e-06
Steps = 26700, test loss = 0.014688942581415176
Steps = 26800, train loss = 7.62278205002076e-06
Steps = 26800, test loss = 0.006243692245334387
Steps = 26900, train loss = 6.901951110194204e-06
Steps = 26900, test loss = 0.00047170292236842215
Steps = 27000, train loss = 5.7285283219243865e-06
Steps = 27000, test loss = 5.913615314057097e-05
Steps = 27100, train loss = 4.757159786095144e-06
Steps = 27100, test loss = 0.00024140262394212186
Steps = 27200, train loss = 5.624224286293611e-06
Steps = 27200, test loss = 0.0003386226308066398
Steps = 27300, train loss = 5.745283488067798e-06
Steps = 27300, test loss = 0.00048203952610492706
Steps = 27400, train loss = 4.674281171901384e-06
Steps = 27400, test loss = 0.0939706563949585
Steps = 27500, train loss = 5.1389897635090165e-06
Steps = 27500, test loss = 0.003934990614652634
Steps = 27600, train loss = 4.188133061688859e-06
Steps = 27600, test loss = 0.0002395928604528308
Steps = 27700, train loss = 3.9832470974943135e-06
Steps = 27700, test loss = 0.0002287082461407408
Steps = 27800, train loss = 4.747845650854288e-06
Steps = 27800, test loss = 4.523891402641311e-05
Steps = 27900, train loss = 2.8414567623258336e-06
Steps = 27900, test loss = 1.8557077055447735e-05
Steps = 28000, train loss = 3.791383505813428e-06
Steps = 28000, test loss = 0.09115330129861832
Steps = 28100, train loss = 3.071490937145427e-06
Steps = 28100, test loss = 0.003483261913061142
Steps = 28200, train loss = 2.9327263746381504e-06
Steps = 28200, test loss = 0.0035735738929361105
Steps = 28300, train loss = 2.9727668788837036e-06
Steps = 28300, test loss = 6.353055505314842e-05
Steps = 28400, train loss = 2.9085101687087445e-06
Steps = 28400, test loss = 0.00019633320334833115
Steps = 28500, train loss = 2.816309688569163e-06
Steps = 28500, test loss = 0.00014085725706536323
Steps = 28600, train loss = 2.9317907319637015e-06
Steps = 28600, test loss = 0.00010579179070191458
Steps = 28700, train loss = 2.662643964868039e-06
Steps = 28700, test loss = 0.08693309128284454
Steps = 28800, train loss = 2.2659003207081696e-06
Steps = 28800, test loss = 0.08798742294311523
Steps = 28900, train loss = 2.157869403163204e-06
Steps = 28900, test loss = 0.08541905879974365
Steps = 29000, train loss = 2.24727637032629e-06
Steps = 29000, test loss = 0.0007693161605857313
Steps = 29100, train loss = 1.9390101897442946e-06
Steps = 29100, test loss = 0.00015238871856126934
Steps = 29200, train loss = 1.7490206118964124e-06
Steps = 29200, test loss = 4.464869562070817e-05
Steps = 29300, train loss = 1.8775419903249713e-06
Steps = 29300, test loss = 0.08317127823829651
Steps = 29400, train loss = 2.0125837636442157e-06
Steps = 29400, test loss = 5.4093889048090205e-05
Steps = 29500, train loss = 2.127135758200893e-06
Steps = 29500, test loss = 6.747173756593838e-05
Steps = 29600, train loss = 1.56461862843571e-06
Steps = 29600, test loss = 2.361632687097881e-05
Steps = 29700, train loss = 1.4556553651345894e-06
Steps = 29700, test loss = 3.809840200119652e-05
Steps = 29800, train loss = 1.5730012137282756e-06
Steps = 29800, test loss = 3.59752812073566e-05
Steps = 29900, train loss = 1.3690423656953499e-06
Steps = 29900, test loss = 2.2504402295453474e-05
Steps = 30000, train loss = 1.3234077869128669e-06
Steps = 30000, test loss = 4.2298783228034154e-05
Steps = 30100, train loss = 1.2116490779590094e-06
Steps = 30100, test loss = 1.466133471694775e-05
Steps = 30200, train loss = 1.1594947864068672e-06
Steps = 30200, test loss = 1.5166735465754755e-05
Steps = 30300, train loss = 9.434290859644534e-07
Steps = 30300, test loss = 0.07782693952322006
Steps = 30400, train loss = 1.0756764368125005e-06
Steps = 30400, test loss = 0.07770941406488419
Steps = 30500, train loss = 1.2097858643755899e-06
Steps = 30500, test loss = 7.019440818112344e-05
Steps = 30600, train loss = 1.0645005659171147e-06
Steps = 30600, test loss = 3.971361002186313e-05
Steps = 30700, train loss = 1.177190029011399e-06
Steps = 30700, test loss = 9.350653272122145e-05
Steps = 30800, train loss = 7.702033713030687e-07
Steps = 30800, test loss = 0.0725739449262619
Steps = 30900, train loss = 9.052446330315433e-07
Steps = 30900, test loss = 1.3345394108910114e-05
Steps = 31000, train loss = 8.624040788163256e-07
Steps = 31000, test loss = 0.0005947841564193368
Steps = 31100, train loss = 9.303900014856481e-07
Steps = 31100, test loss = 0.0013924466911703348
Steps = 31200, train loss = 8.009368457351229e-07
Steps = 31200, test loss = 2.47505940933479e-05
Steps = 31300, train loss = 8.85686972651456e-07
Steps = 31300, test loss = 0.06918685138225555
Steps = 31400, train loss = 7.012852734078479e-07
Steps = 31400, test loss = 1.7504909919807687e-05
Steps = 31500, train loss = 5.941834615441621e-07
Steps = 31500, test loss = 2.390259578533005e-05
Steps = 31600, train loss = 5.792824140371522e-07
Steps = 31600, test loss = 1.7775089872884564e-05
Steps = 31700, train loss = 6.835903150204103e-07
Steps = 31700, test loss = 1.1937400813621935e-05
Steps = 31800, train loss = 5.168839152247529e-07
Steps = 31800, test loss = 3.896263933711452e-06
Steps = 31900, train loss = 5.33647494194156e-07
Steps = 31900, test loss = 0.062231581658124924
Steps = 32000, train loss = 4.665924677738076e-07
Steps = 32000, test loss = 2.323605713172583e-06
Steps = 32100, train loss = 4.3399609239713755e-07
Steps = 32100, test loss = 1.3609580491902307e-05
Steps = 32200, train loss = 5.029140197621018e-07
Steps = 32200, test loss = 1.6833551853778772e-05
Steps = 32300, train loss = 4.0698790826354525e-07
Steps = 32300, test loss = 8.489814717904665e-06
Steps = 32400, train loss = 4.0046862181952747e-07
Steps = 32400, test loss = 0.0001654888183111325
Steps = 32500, train loss = 3.8743007735320134e-07
Steps = 32500, test loss = 9.517335456621367e-06
Steps = 32600, train loss = 4.284081001060258e-07
Steps = 32600, test loss = 5.905960733798565e-06
Steps = 32700, train loss = 3.5017720279029163e-07
Steps = 32700, test loss = 6.714825531162205e-07
Steps = 32800, train loss = 3.2130606086866464e-07
Steps = 32800, test loss = 5.2867776503262576e-06
Steps = 32900, train loss = 2.887099412873795e-07
Steps = 32900, test loss = 0.0546225979924202
Steps = 33000, train loss = 2.7474013108985673e-07
Steps = 33000, test loss = 1.6251308352366323e-06
Steps = 33100, train loss = 3.008171347573807e-07
Steps = 33100, test loss = 0.054301898926496506
Steps = 33200, train loss = 2.793967439629341e-07
Steps = 33200, test loss = 0.00013290808419696987
Steps = 33300, train loss = 2.1606680888908159e-07
Steps = 33300, test loss = 6.98388384989812e-06
Steps = 33400, train loss = 2.3003663329745905e-07
Steps = 33400, test loss = 0.05200770124793053
Steps = 33500, train loss = 2.3003664750831376e-07
Steps = 33500, test loss = 0.00010314824612578377
Steps = 33600, train loss = 2.4959436473181995e-07
Steps = 33600, test loss = 0.05016085132956505
Steps = 33700, train loss = 2.3469326038139116e-07
Steps = 33700, test loss = 1.093364858206769e-06
Steps = 33800, train loss = 1.899897910107029e-07
Steps = 33800, test loss = 1.9519934539857786e-06
Steps = 33900, train loss = 2.0489093799369584e-07
Steps = 33900, test loss = 2.669082505235565e-06
Steps = 34000, train loss = 1.7974524268993264e-07
Steps = 34000, test loss = 3.1476477033720585e-06
Steps = 34100, train loss = 1.9650902061130182e-07
Steps = 34100, test loss = 2.90465027319442e-06
Steps = 34200, train loss = 1.8626448650138627e-07
Steps = 34200, test loss = 3.97555049858056e-06
Steps = 34300, train loss = 1.462176300037754e-07
Steps = 34300, test loss = 0.04224294051527977
Steps = 34400, train loss = 1.2014059791454201e-07
Steps = 34400, test loss = 2.0041516108904034e-06
Steps = 34500, train loss = 1.3038514623531228e-07
Steps = 34500, test loss = 9.084384510060772e-05
Steps = 34600, train loss = 1.508742286659981e-07
Steps = 34600, test loss = 1.4602942428609822e-06
Steps = 34700, train loss = 1.2293456563838845e-07
Steps = 34700, test loss = 9.303811339123058e-07
Steps = 34800, train loss = 1.341104365337742e-07
Steps = 34800, test loss = 1.0682185802579625e-06
Steps = 34900, train loss = 1.294538236606968e-07
Steps = 34900, test loss = 3.4877710277214646e-05
Steps = 35000, train loss = 1.1269002442304554e-07
Steps = 35000, test loss = 3.472472963039763e-05
Steps = 35100, train loss = 1.3690440425762063e-07
Steps = 35100, test loss = 9.769396456249524e-07
Steps = 35200, train loss = 1.0989605669919911e-07
Steps = 35200, test loss = 5.960429234619369e-07
Steps = 35300, train loss = 1.0058283095304432e-07
Steps = 35300, test loss = 6.230519034033932e-07
Steps = 35400, train loss = 8.84756374830431e-08
Steps = 35400, test loss = 5.30851707480906e-07
Steps = 35500, train loss = 9.49948883999241e-08
Steps = 35500, test loss = 6.006970352245844e-07
Steps = 35600, train loss = 1.210719204891575e-07
Steps = 35600, test loss = 6.286332450144982e-07
Steps = 35700, train loss = 7.916241173688832e-08
Steps = 35700, test loss = 9.890455885397387e-07
Steps = 35800, train loss = 8.381902460996571e-08
Steps = 35800, test loss = 0.02483242005109787
Steps = 35900, train loss = 8.195637946073475e-08
Steps = 35900, test loss = 1.3354735983739374e-06
Steps = 36000, train loss = 8.288770203535023e-08
Steps = 36000, test loss = 4.023306701128604e-07
Steps = 36100, train loss = 7.357447628919545e-08
Steps = 36100, test loss = 2.3841832330617763e-07
Steps = 36200, train loss = 8.19563723553074e-08
Steps = 36200, test loss = 1.065549258782994e-05
Steps = 36300, train loss = 6.426125054304066e-08
Steps = 36300, test loss = 1.0827276128111407e-05
Steps = 36400, train loss = 7.916241173688832e-08
Steps = 36400, test loss = 7.692557346672402e-07
Steps = 36500, train loss = 6.519257311765614e-08
Steps = 36500, test loss = 6.677507826680085e-07
Steps = 36600, train loss = 7.357447628919545e-08
Steps = 36600, test loss = 4.712480574653455e-07
Steps = 36700, train loss = 5.774199252073231e-08
Steps = 36700, test loss = 6.899235813762061e-06
Steps = 36800, train loss = 7.54371214384264e-08
Steps = 36800, test loss = 6.377395038725808e-06
Steps = 36900, train loss = 6.891786341611805e-08
Steps = 36900, test loss = 5.904560680392024e-07
Steps = 37000, train loss = 6.332992796842518e-08
Steps = 37000, test loss = 0.014074441976845264
Steps = 37100, train loss = 5.587935092421503e-08
Steps = 37100, test loss = 4.6007221499166917e-07
Steps = 37200, train loss = 5.4948028349599554e-08
Steps = 37200, test loss = 2.6170127398472687e-07
Steps = 37300, train loss = 6.519257311765614e-08
Steps = 37300, test loss = 3.036108751075517e-07
Steps = 37400, train loss = 6.984918599073353e-08
Steps = 37400, test loss = 3.278250630955881e-07
Steps = 37500, train loss = 7.357447628919545e-08
Steps = 37500, test loss = 3.2689393947293865e-07
Steps = 37600, train loss = 6.332992796842518e-08
Steps = 37600, test loss = 2.607700366752397e-07
Steps = 37700, train loss = 5.4948028349599554e-08
Steps = 37700, test loss = 4.0233024378721893e-07
Steps = 37800, train loss = 4.656612517806025e-08
Steps = 37800, test loss = 1.778825122755734e-07
Steps = 37900, train loss = 4.377215745421381e-08
Steps = 37900, test loss = 4.4610101213038433e-07
Steps = 38000, train loss = 5.774199252073231e-08
Steps = 38000, test loss = 2.5238728085241746e-07
Steps = 38100, train loss = 4.656612517806025e-08
Steps = 38100, test loss = 4.852158212997892e-07
Steps = 38200, train loss = 4.8428770327291204e-08
Steps = 38200, test loss = 1.9278368768027576e-07
Steps = 38300, train loss = 5.4948028349599554e-08
Steps = 38300, test loss = 6.798603635616018e-07
Steps = 38400, train loss = 5.029141547652216e-08
Steps = 38400, test loss = 2.393496174590837e-07
Steps = 38500, train loss = 5.029141547652216e-08
Steps = 38500, test loss = 0.0021103969775140285
Steps = 38600, train loss = 4.936009290190668e-08
Steps = 38600, test loss = 1.6484403886352084e-07
Steps = 38700, train loss = 5.215406062575312e-08
Steps = 38700, test loss = 1.8719579486514704e-07
Steps = 38800, train loss = 4.936009290190668e-08
Steps = 38800, test loss = 2.2910519703600585e-07
Steps = 38900, train loss = 5.4016705774984075e-08
Steps = 38900, test loss = 1.4901156930591242e-07
Steps = 39000, train loss = 4.1909512304982854e-08
Steps = 39000, test loss = 3.04541458717722e-07
Steps = 39100, train loss = 4.936009290190668e-08
Steps = 39100, test loss = 0.0010549648432061076
Steps = 39200, train loss = 5.4948028349599554e-08
Steps = 39200, test loss = 0.0005745798698626459
Steps = 39300, train loss = 4.656612517806025e-08
Steps = 39300, test loss = 1.7788255490813754e-07
Steps = 39400, train loss = 5.3085383200368597e-08
Steps = 39400, test loss = 5.206002242630348e-07
Steps = 39500, train loss = 5.681067349883051e-08
Steps = 39500, test loss = 0.0003775915247388184
Steps = 39600, train loss = 5.587935092421503e-08
Steps = 39600, test loss = 2.6356383386882953e-07
Steps = 39700, train loss = 5.215406062575312e-08
Steps = 39700, test loss = 1.9464633282950672e-07
Steps = 39800, train loss = 5.029141547652216e-08
Steps = 39800, test loss = 1.8253909672694135e-07
Steps = 39900, train loss = 5.681067349883051e-08
Steps = 39900, test loss = 1.555307704848019e-07
Steps = 40000, train loss = 5.3085383200368597e-08
Steps = 40000, test loss = 4.768317580783332e-07
Steps = 40100, train loss = 5.029141547652216e-08
Steps = 40100, test loss = 0.00010925663082161918
Steps = 40200, train loss = 4.00468671557519e-08
Steps = 40200, test loss = 1.2293456563838845e-07
Steps = 40300, train loss = 5.4948028349599554e-08
Steps = 40300, test loss = 1.5087421445514337e-07
Steps = 40400, train loss = 4.563480260344477e-08
Steps = 40400, test loss = 1.4528622216403164e-07
Steps = 40500, train loss = 4.7497447752675725e-08
Steps = 40500, test loss = 7.594494672957808e-05
Steps = 40600, train loss = 5.867331864806147e-08
Steps = 40600, test loss = 1.145526695722765e-07
Steps = 40700, train loss = 4.284083487959833e-08
Steps = 40700, test loss = 1.5553078469565662e-07
Steps = 40800, train loss = 5.029141547652216e-08
Steps = 40800, test loss = 1.3504174489753495e-07
Steps = 40900, train loss = 4.377215745421381e-08
Steps = 40900, test loss = 2.715244409046136e-05
Steps = 41000, train loss = 5.215406062575312e-08
Steps = 41000, test loss = 2.3096751533557836e-07
Steps = 41100, train loss = 4.284083487959833e-08
Steps = 41100, test loss = 1.6391273049976007e-07
Steps = 41200, train loss = 6.053596024457875e-08
Steps = 41200, test loss = 2.980224564907985e-07
Steps = 41300, train loss = 6.612389569227162e-08
Steps = 41300, test loss = 1.4808023252044222e-07
Steps = 41400, train loss = 5.587935092421503e-08
Steps = 41400, test loss = 1.1181145055161323e-05
Steps = 41500, train loss = 6.23986053938097e-08
Steps = 41500, test loss = 1.3690440425762063e-07
Steps = 41600, train loss = 6.053596024457875e-08
Steps = 41600, test loss = 1.3597308168300515e-07
Steps = 41700, train loss = 6.798654084150257e-08
Steps = 41700, test loss = 1.9650892113531881e-07
Steps = 41800, train loss = 7.357447628919545e-08
Steps = 41800, test loss = 8.318076652358286e-06
Steps = 41900, train loss = 6.146728281919422e-08
Steps = 41900, test loss = 1.6484398202010198e-07
Steps = 42000, train loss = 7.54371214384264e-08
Steps = 42000, test loss = 1.94646318618652e-07
Steps = 42100, train loss = 6.612389569227162e-08
Steps = 42100, test loss = 2.1047873133284156e-07
Steps = 42200, train loss = 6.70552182668871e-08
Steps = 42200, test loss = 1.555308557499302e-07
Steps = 42300, train loss = 6.426125054304066e-08
Steps = 42300, test loss = 1.5646212148112681e-07
Steps = 42400, train loss = 4.656612517806025e-08
Steps = 42400, test loss = 1.3969835777061235e-07
Steps = 42500, train loss = 7.171183113996449e-08
Steps = 42500, test loss = 1.2386588821300393e-07
Steps = 42600, train loss = 7.357447628919545e-08
Steps = 42600, test loss = 1.2572853336223488e-07
Steps = 42700, train loss = 7.357447628919545e-08
Steps = 42700, test loss = 2.0542647689580917e-06
Steps = 42800, train loss = 5.867331864806147e-08
Steps = 42800, test loss = 1.4901158351676713e-07
Steps = 42900, train loss = 8.00937343115038e-08
Steps = 42900, test loss = 1.817770566958643e-06
Steps = 43000, train loss = 7.171183113996449e-08
Steps = 43000, test loss = 1.7415719355540205e-07
Steps = 43100, train loss = 8.102505688611927e-08
Steps = 43100, test loss = 1.8392679521639366e-06
Steps = 43200, train loss = 7.916241173688832e-08
Steps = 43200, test loss = 1.8533313550506136e-07
Steps = 43300, train loss = 7.729976658765736e-08
Steps = 43300, test loss = 1.145526695722765e-07
Steps = 43400, train loss = 7.450579886381092e-08
Steps = 43400, test loss = 7.413095772790257e-07
Steps = 43500, train loss = 6.798654084150257e-08
Steps = 43500, test loss = 1.3969837198146706e-07
Steps = 43600, train loss = 8.195637946073475e-08
Steps = 43600, test loss = 1.4808026094215165e-07
Steps = 43700, train loss = 8.940696005765858e-08
Steps = 43700, test loss = 1.3038514623531228e-07
Steps = 43800, train loss = 7.078050856534901e-08
Steps = 43800, test loss = 2.607691271805379e-07
Steps = 43900, train loss = 9.778886322919789e-08
Steps = 43900, test loss = 2.6542568321019644e-07
Steps = 44000, train loss = 8.568166975919667e-08
Steps = 44000, test loss = 1.5553084153907548e-07
Steps = 44100, train loss = 8.661299233381214e-08
Steps = 44100, test loss = 1.9837132470001961e-07
Steps = 44200, train loss = 8.475034718458119e-08
Steps = 44200, test loss = 1.3504174489753495e-07
Steps = 44300, train loss = 6.70552182668871e-08
Steps = 44300, test loss = 1.2386588821300393e-07
Steps = 44400, train loss = 6.519257311765614e-08
Steps = 44400, test loss = 7.54371214384264e-08
Steps = 44500, train loss = 6.519257311765614e-08
Steps = 44500, test loss = 1.1455266246684914e-07
Steps = 44600, train loss = 7.078050856534901e-08
Steps = 44600, test loss = 1.210719204891575e-07
Steps = 44700, train loss = 7.729976658765736e-08
Steps = 44700, test loss = 1.0710208897535267e-07
Steps = 44800, train loss = 8.84756374830431e-08
Steps = 44800, test loss = 1.406296661343731e-07
Steps = 44900, train loss = 8.381902460996571e-08
Steps = 44900, test loss = 1.3038513202445756e-07
Steps = 45000, train loss = 8.195637946073475e-08
Steps = 45000, test loss = 9.685754065458241e-08
Steps = 45100, train loss = 6.612389569227162e-08
Steps = 45100, test loss = 7.916241173688832e-08
Steps = 45200, train loss = 7.450579886381092e-08
Steps = 45200, test loss = 1.0710208186992531e-07
Steps = 45300, train loss = 6.798654084150257e-08
Steps = 45300, test loss = 7.264315371457997e-08
Steps = 45400, train loss = 6.053596024457875e-08
Steps = 45400, test loss = 1.3131644038821833e-07
Steps = 45500, train loss = 2.593963861465454
Steps = 45500, test loss = 3.533658742904663
Steps = 45600, train loss = 0.001993010053411126
Steps = 45600, test loss = 0.06119140610098839
Steps = 45700, train loss = 0.00022446968068834394
Steps = 45700, test loss = 0.0005500295665115118
Steps = 45800, train loss = 0.00028427192592062056
Steps = 45800, test loss = 0.00023092109768185765
Steps = 45900, train loss = 0.0001492524315835908
Steps = 45900, test loss = 0.0006937935249879956
Steps = 46000, train loss = 0.00013361212040763348
Steps = 46000, test loss = 0.00012529318337328732
Steps = 46100, train loss = 0.00010283069423167035
Steps = 46100, test loss = 0.0010167527943849564
Steps = 46200, train loss = 0.00012848855112679303
Steps = 46200, test loss = 0.00033748833811841905
Steps = 46300, train loss = 0.00013504072558134794
Steps = 46300, test loss = 8.993130904855207e-05
Steps = 46400, train loss = 7.078021735651419e-05
Steps = 46400, test loss = 0.00023363091167993844
Steps = 46500, train loss = 7.060272037051618e-05
Steps = 46500, test loss = 0.0001514000614406541
Steps = 46600, train loss = 8.130961214192212e-05
Steps = 46600, test loss = 0.0002397915523033589
Steps = 46700, train loss = 8.210336090996861e-05
Steps = 46700, test loss = 0.00011581410944927484
Steps = 46800, train loss = 6.800270784879103e-05
Steps = 46800, test loss = 0.000139118725201115
Steps = 46900, train loss = 6.72688038321212e-05
Steps = 46900, test loss = 0.00010622227273415774
Steps = 47000, train loss = 6.708558066748083e-05
Steps = 47000, test loss = 0.00011106799502158538
Steps = 47100, train loss = 5.739489643019624e-05
Steps = 47100, test loss = 0.00012435216922312975
Steps = 47200, train loss = 4.48062019131612e-05
Steps = 47200, test loss = 0.00036312182783149183
Steps = 47300, train loss = 5.513154610525817e-05
Steps = 47300, test loss = 0.00010548641148488969
Steps = 47400, train loss = 2.7796235372079536e-05
Steps = 47400, test loss = 0.000319145736284554
Steps = 47500, train loss = 3.222259692847729e-05
Steps = 47500, test loss = 0.00020645720360334963
Steps = 47600, train loss = 3.5674736864166334e-05
Steps = 47600, test loss = 0.00010574756015557796
Steps = 47700, train loss = 3.415886021684855e-05
Steps = 47700, test loss = 5.024925121688284e-05
Steps = 47800, train loss = 2.3288483134820126e-05
Steps = 47800, test loss = 9.859364217845723e-05
Steps = 47900, train loss = 2.937763747468125e-05
Steps = 47900, test loss = 0.00021670304704457521
Steps = 48000, train loss = 2.6270565285813063e-05
Steps = 48000, test loss = 0.000189892016351223
Steps = 48100, train loss = 3.261386154918e-05
Steps = 48100, test loss = 9.888692875392735e-05
Steps = 48200, train loss = 1.8966587958857417e-05
Steps = 48200, test loss = 4.8184607294388115e-05
Steps = 48300, train loss = 1.860428528743796e-05
Steps = 48300, test loss = 8.684055501362309e-05
Steps = 48400, train loss = 3.1551116990158334e-05
Steps = 48400, test loss = 4.405489016789943e-05
Steps = 48500, train loss = 3.429550997680053e-05
Steps = 48500, test loss = 3.084018680965528e-05
Steps = 48600, train loss = 2.2574175090994686e-05
Steps = 48600, test loss = 8.262536721304059e-05
Steps = 48700, train loss = 2.2730648197466508e-05
Steps = 48700, test loss = 3.306428334326483e-05
Steps = 48800, train loss = 1.5954950868035667e-05
Steps = 48800, test loss = 3.1385872716782615e-05
Steps = 48900, train loss = 1.9775125110754743e-05
Steps = 48900, test loss = 2.8753636797773652e-05
Steps = 49000, train loss = 1.751280069584027e-05
Steps = 49000, test loss = 0.00011333956354064867
Steps = 49100, train loss = 1.842792335082777e-05
Steps = 49100, test loss = 5.3849664254812524e-05
Steps = 49200, train loss = 1.5114816960704047e-05
Steps = 49200, test loss = 0.00011766773968702182
Steps = 49300, train loss = 1.7594473320059478e-05
Steps = 49300, test loss = 1.897470974654425e-05
Steps = 49400, train loss = 1.2577224879350979e-05
Steps = 49400, test loss = 4.785889541381039e-05
Steps = 49500, train loss = 1.6245414371951483e-05
Steps = 49500, test loss = 1.7090524124796502e-05
Steps = 49600, train loss = 1.675550447544083e-05
Steps = 49600, test loss = 5.779892308055423e-05
Steps = 49700, train loss = 1.0162394573853817e-05
Steps = 49700, test loss = 5.944518488831818e-05
Steps = 49800, train loss = 9.179880180454347e-06
Steps = 49800, test loss = 3.211601870134473e-05
Steps = 49900, train loss = 1.3559607396018691e-05
Steps = 49900, test loss = 1.9610739400377497e-05
Steps = 50000, train loss = 1.2969236195203848e-05
Steps = 50000, test loss = 2.1862530047656037e-05
Steps = 50100, train loss = 8.9945642685052e-06
Steps = 50100, test loss = 3.3527878258610144e-05
Steps = 50200, train loss = 1.2297560715524014e-05
Steps = 50200, test loss = 4.911826181341894e-05
Steps = 50300, train loss = 9.06057539395988e-06
Steps = 50300, test loss = 6.92650573910214e-05
Steps = 50400, train loss = 6.9643492679460905e-06
Steps = 50400, test loss = 2.147824488929473e-05
Steps = 50500, train loss = 1.0552532330621034e-05
Steps = 50500, test loss = 1.574452835484408e-05
Steps = 50600, train loss = 6.454931281041354e-06
Steps = 50600, test loss = 2.842429057636764e-05
Steps = 50700, train loss = 6.984811534493929e-06
Steps = 50700, test loss = 1.7753864085534588e-05
Steps = 50800, train loss = 6.2714493651583325e-06
Steps = 50800, test loss = 2.127379411831498e-05
Steps = 50900, train loss = 7.527767593273893e-06
Steps = 50900, test loss = 6.291933095781133e-05
Steps = 51000, train loss = 6.9569077822961845e-06
Steps = 51000, test loss = 1.7201928130816668e-05
Steps = 51100, train loss = 8.298814464069437e-06
Steps = 51100, test loss = 3.578238101908937e-05
Steps = 51200, train loss = 5.240510745352367e-06
Steps = 51200, test loss = 1.2817285096389242e-05
Steps = 51300, train loss = 4.783236818184378e-06
Steps = 51300, test loss = 1.7887015928863548e-05
Steps = 51400, train loss = 5.533810508495662e-06
Steps = 51400, test loss = 3.212578667444177e-05
Steps = 51500, train loss = 3.612575483202818e-06
Steps = 51500, test loss = 1.7488266166765243e-05
Steps = 51600, train loss = 4.180668838671409e-06
Steps = 51600, test loss = 9.973178748623468e-06
Steps = 51700, train loss = 4.045642526762094e-06
Steps = 51700, test loss = 8.59487772686407e-06
Steps = 51800, train loss = 3.6768433346878737e-06
Steps = 51800, test loss = 2.248995406262111e-05
Steps = 51900, train loss = 4.557835836749291e-06
Steps = 51900, test loss = 7.80982372816652e-06
Steps = 52000, train loss = 3.483125055936398e-06
Steps = 52000, test loss = 1.0791181011882145e-05
Steps = 52100, train loss = 3.5632194794743555e-06
Steps = 52100, test loss = 6.119589215813903e-06
Steps = 52200, train loss = 2.4745138489379315e-06
Steps = 52200, test loss = 1.0415313226985745e-05
Steps = 52300, train loss = 3.46543311025016e-06
Steps = 52300, test loss = 4.85024975205306e-06
Steps = 52400, train loss = 2.1960520371067105e-06
Steps = 52400, test loss = 7.6012570389139e-06
Steps = 52500, train loss = 3.1664760626881616e-06
Steps = 52500, test loss = 1.2945943126396742e-05
Steps = 52600, train loss = 3.0016317396075465e-06
Steps = 52600, test loss = 6.1213422668515705e-06
Steps = 52700, train loss = 2.1904579625697806e-06
Steps = 52700, test loss = 1.0641124390531331e-05
Steps = 52800, train loss = 1.8430823729431722e-06
Steps = 52800, test loss = 5.893165052839322e-06
Steps = 52900, train loss = 2.210948423453374e-06
Steps = 52900, test loss = 4.569007614918519e-06
Steps = 53000, train loss = 2.1532082428166177e-06
Steps = 53000, test loss = 1.0504444617254194e-05
Steps = 53100, train loss = 1.607457420504943e-06
Steps = 53100, test loss = 3.999966338597005e-06
Steps = 53200, train loss = 1.9948854514950654e-06
Steps = 53200, test loss = 5.640691142616561e-06
Steps = 53300, train loss = 1.6102526387840044e-06
Steps = 53300, test loss = 1.0080797437694855e-05
Steps = 53400, train loss = 1.8263182255395805e-06
Steps = 53400, test loss = 4.429132332006702e-06
Steps = 53500, train loss = 1.3764913546765456e-06
Steps = 53500, test loss = 4.684392479248345e-06
Steps = 53600, train loss = 1.847739213189925e-06
Steps = 53600, test loss = 2.298493882335606e-06
Steps = 53700, train loss = 1.3513462135961163e-06
Steps = 53700, test loss = 5.611903361568693e-06
Steps = 53800, train loss = 1.4947687532185228e-06
Steps = 53800, test loss = 2.62350840785075e-06
Steps = 53900, train loss = 1.5776548707435722e-06
Steps = 53900, test loss = 5.210480139794527e-06
Steps = 54000, train loss = 1.2423821544871316e-06
Steps = 54000, test loss = 6.733081136189867e-06
Steps = 54100, train loss = 1.3699719829673995e-06
Steps = 54100, test loss = 3.059276650674292e-06
Steps = 54200, train loss = 1.444476879441936e-06
Steps = 54200, test loss = 3.436472752582631e-06
Steps = 54300, train loss = 9.220077572535956e-07
Steps = 54300, test loss = 6.845232292107539e-06
Steps = 54400, train loss = 1.2274800837985822e-06
Steps = 54400, test loss = 1.9669414541567676e-06
Steps = 54500, train loss = 1.1576316865102854e-06
Steps = 54500, test loss = 1.6065245063145994e-06
Steps = 54600, train loss = 7.553019258921267e-07
Steps = 54600, test loss = 1.3308571169545758e-06
Steps = 54700, train loss = 1.1324859769956674e-06
Steps = 54700, test loss = 2.076838427456096e-06
Steps = 54800, train loss = 7.273619075931492e-07
Steps = 54800, test loss = 1.363450337521499e-06
Steps = 54900, train loss = 6.249165949157032e-07
Steps = 54900, test loss = 1.6791628922874224e-06
Steps = 55000, train loss = 8.009361636140966e-07
Steps = 55000, test loss = 4.93848438054556e-06
Steps = 55100, train loss = 6.295733783190371e-07
Steps = 55100, test loss = 1.2461053984225146e-06
Steps = 55200, train loss = 7.236366741381062e-07
Steps = 55200, test loss = 2.8086585643904982e-06
Steps = 55300, train loss = 7.70202859712299e-07
Steps = 55300, test loss = 1.5403984434669837e-06
Steps = 55400, train loss = 6.156035965432238e-07
Steps = 55400, test loss = 1.2107162774555036e-06
Steps = 55500, train loss = 5.653123480442446e-07
Steps = 55500, test loss = 1.194883566313365e-06
Steps = 55600, train loss = 5.78350579871767e-07
Steps = 55600, test loss = 9.341147801933403e-07
Steps = 55700, train loss = 5.364412913877459e-07
Steps = 55700, test loss = 1.0915048278548056e-06
Steps = 55800, train loss = 5.038450012762041e-07
Steps = 55800, test loss = 1.0998855941579677e-06
Steps = 55900, train loss = 3.818420566403802e-07
Steps = 55900, test loss = 6.277102215790364e-07
Steps = 56000, train loss = 4.5075981347508787e-07
Steps = 56000, test loss = 1.4155849612507154e-06
Steps = 56100, train loss = 4.908064283881686e-07
Steps = 56100, test loss = 7.599576292705024e-07
Steps = 56200, train loss = 3.445892104991799e-07
Steps = 56200, test loss = 9.415643376087246e-07
Steps = 56300, train loss = 3.7625406434926845e-07
Steps = 56300, test loss = 1.1036092928407015e-06
Steps = 56400, train loss = 3.6787227486456686e-07
Steps = 56400, test loss = 1.6083508853625972e-06
Steps = 56500, train loss = 3.930178991140565e-07
Steps = 56500, test loss = 1.5953307865856914e-06
Steps = 56600, train loss = 3.19443500984562e-07
Steps = 56600, test loss = 6.025648531249317e-07
Steps = 56700, train loss = 4.526224302026094e-07
Steps = 56700, test loss = 6.370224809870706e-07
Steps = 56800, train loss = 3.0640495651823585e-07
Steps = 56800, test loss = 4.0698762404645095e-07
Steps = 56900, train loss = 2.570449453287438e-07
Steps = 56900, test loss = 4.4517153696688183e-07
Steps = 57000, train loss = 2.365558060546391e-07
Steps = 57000, test loss = 6.016330758029653e-07
Steps = 57100, train loss = 2.8032792442900245e-07
Steps = 57100, test loss = 8.921917356019549e-07
Steps = 57200, train loss = 2.3469323195968173e-07
Steps = 57200, test loss = 2.04048501473153e-06
Steps = 57300, train loss = 1.9650903482215654e-07
Steps = 57300, test loss = 5.597232757281745e-07
Steps = 57400, train loss = 3.0361093195097055e-07
Steps = 57400, test loss = 9.154803706223902e-07
Steps = 57500, train loss = 2.2910528230113414e-07
Steps = 57500, test loss = 5.196773713578295e-07
Steps = 57600, train loss = 2.2724260873019375e-07
Steps = 57600, test loss = 3.3527584264447796e-07
Steps = 57700, train loss = 2.0023429669890902e-07
Steps = 57700, test loss = 6.565797434632259e-07
Steps = 57800, train loss = 2.1420416373985063e-07
Steps = 57800, test loss = 6.314305096566386e-07
Steps = 57900, train loss = 1.7043194588950428e-07
Steps = 57900, test loss = 9.77881086328125e-07
Steps = 58000, train loss = 1.3504175910838967e-07
Steps = 58000, test loss = 4.0326199268747587e-07
Steps = 58100, train loss = 1.3876704940685158e-07
Steps = 58100, test loss = 4.4330849391371885e-07
Steps = 58200, train loss = 1.6484405307437555e-07
Steps = 58200, test loss = 3.7252843299029337e-07
Steps = 58300, train loss = 1.331791139591587e-07
Steps = 58300, test loss = 5.615854092866357e-07
Steps = 58400, train loss = 1.5832480926292192e-07
Steps = 58400, test loss = 8.996533438221377e-07
Steps = 58500, train loss = 1.1920928244535389e-07
Steps = 58500, test loss = 3.1571781278216804e-07
Steps = 58600, train loss = 1.4901158351676713e-07
Steps = 58600, test loss = 3.58558054358582e-07
Steps = 58700, train loss = 1.3597306747215043e-07
Steps = 58700, test loss = 2.3376182411993796e-07
Steps = 58800, train loss = 1.2852250108608132e-07
Steps = 58800, test loss = 2.738084674547281e-07
Steps = 58900, train loss = 1.164153076160801e-07
Steps = 58900, test loss = 4.4144550770397473e-07
Steps = 59000, train loss = 1.3038513202445756e-07
Steps = 59000, test loss = 6.388780775523628e-07
Steps = 59100, train loss = 9.220092778150502e-08
Steps = 59100, test loss = 3.892920688031154e-07
Steps = 59200, train loss = 1.0710208186992531e-07
Steps = 59200, test loss = 4.0791766764414206e-07
Steps = 59300, train loss = 1.1641530051065274e-07
Steps = 59300, test loss = 2.5611348064558115e-07
Steps = 59400, train loss = 9.313224325069314e-08
Steps = 59400, test loss = 2.0954740875822608e-07
Steps = 59500, train loss = 9.499488129449674e-08
Steps = 59500, test loss = 5.802065174975723e-07
Steps = 59600, train loss = 1.0617076640073719e-07
Steps = 59600, test loss = 3.464513156359317e-07
Steps = 59700, train loss = 9.220092067607766e-08
Steps = 59700, test loss = 3.185117236625956e-07
Steps = 59800, train loss = 7.636844401304188e-08
Steps = 59800, test loss = 3.920858091532864e-07
Steps = 59900, train loss = 1.0989605669919911e-07
Steps = 59900, test loss = 3.408632665014011e-07
Steps = 60000, train loss = 6.519257311765614e-08
Steps = 60000, test loss = 4.3864832832696266e-07
Steps = 60100, train loss = 7.171183113996449e-08
Steps = 60100, test loss = 2.8032783916387416e-07
Steps = 60200, train loss = 1.0523944382612171e-07
Steps = 60200, test loss = 5.196722554501321e-07
Steps = 60300, train loss = 9.872018580381337e-08
Steps = 60300, test loss = 5.532003228836402e-07
Steps = 60400, train loss = 8.754431490842762e-08
Steps = 60400, test loss = 6.062855391064659e-07
Steps = 60500, train loss = 1.0896473412458363e-07
Steps = 60500, test loss = 2.0302815073591773e-07
Steps = 60600, train loss = 7.357447628919545e-08
Steps = 60600, test loss = 1.5646214990283625e-07
Steps = 60700, train loss = 9.499489550535145e-08
Steps = 60700, test loss = 1.1455264825599443e-07
Steps = 60800, train loss = 8.754431490842762e-08
Steps = 60800, test loss = 4.814908720618405e-07
Steps = 60900, train loss = 9.778884191291581e-08
Steps = 60900, test loss = 1.8998973416728404e-07
Steps = 61000, train loss = 9.406357293073597e-08
Steps = 61000, test loss = 1.629814221359993e-07
Steps = 61100, train loss = 1.0896472701915627e-07
Steps = 61100, test loss = 4.3306252450747706e-07
Steps = 61200, train loss = 9.49948883999241e-08
Steps = 61200, test loss = 2.0954740875822608e-07
Steps = 61300, train loss = 9.592621807996693e-08
Steps = 61300, test loss = 4.479639414967096e-07
Steps = 61400, train loss = 1.0523944382612171e-07
Steps = 61400, test loss = 4.3306278030286194e-07
Steps = 61500, train loss = 9.033828263227406e-08
Steps = 61500, test loss = 1.8905838317095913e-07
Steps = 61600, train loss = 1.1175870184843006e-07
Steps = 61600, test loss = 1.5459946212104114e-07
Steps = 61700, train loss = 1.145526695722765e-07
Steps = 61700, test loss = 3.091969631441316e-07
Steps = 61800, train loss = 1.0803341154996815e-07
Steps = 61800, test loss = 2.3376183833079267e-07
Steps = 61900, train loss = 1.247972107876194e-07
Steps = 61900, test loss = 2.030282217901913e-07
Steps = 62000, train loss = 1.0803341154996815e-07
Steps = 62000, test loss = 3.1105952302823425e-07
Steps = 62100, train loss = 1.0617076640073719e-07
Steps = 62100, test loss = 2.2537994937010808e-07
Steps = 62200, train loss = 1.0244547610227528e-07
Steps = 62200, test loss = 2.393495606156648e-07
Steps = 62300, train loss = 1.1827795987073841e-07
Steps = 62300, test loss = 1.6577537564899103e-07
Steps = 62400, train loss = 1.2572853336223488e-07
Steps = 62400, test loss = 1.713633110966839e-07
Steps = 62500, train loss = 1.1641531472150746e-07
Steps = 62500, test loss = 2.1047878817626042e-07
Steps = 62600, train loss = 1.2852250108608132e-07
Steps = 62600, test loss = 3.01747718367551e-07
Steps = 62700, train loss = 9.126960520688954e-08
Steps = 62700, test loss = 1.5273687381522905e-07
Steps = 62800, train loss = 1.0710208897535267e-07
Steps = 62800, test loss = 1.5925611762668268e-07
Steps = 62900, train loss = 9.31322503561205e-08
Steps = 62900, test loss = 1.5273687381522905e-07
Steps = 63000, train loss = 9.872018580381337e-08
Steps = 63000, test loss = 1.5459951896446e-07
Steps = 63100, train loss = 1.0803341154996815e-07
Steps = 63100, test loss = 1.5646216411369096e-07
Steps = 63200, train loss = 9.126960520688954e-08
Steps = 63200, test loss = 1.4435497064368974e-07
Steps = 63300, train loss = 1.0523944382612171e-07
Steps = 63300, test loss = 1.6856932916198275e-07
Steps = 63400, train loss = 1.0430812125150624e-07
Steps = 63400, test loss = 1.294538236606968e-07
Steps = 63500, train loss = 1.0430812125150624e-07
Steps = 63500, test loss = 1.341104365337742e-07
Steps = 63600, train loss = 1.2386588821300393e-07
Steps = 63600, test loss = 1.3876703519599687e-07
Steps = 63700, train loss = 1.210719204891575e-07
Steps = 63700, test loss = 1.4342364806907426e-07
Steps = 63800, train loss = 9.499489550535145e-08
Steps = 63800, test loss = 1.294538236606968e-07
Steps = 63900, train loss = 1.0244547610227528e-07
Steps = 63900, test loss = 1.6298139371428988e-07
Steps = 64000, train loss = 9.406357293073597e-08
Steps = 64000, test loss = 1.9744032897506258e-07
Steps = 64100, train loss = 1.0896473412458363e-07
Steps = 64100, test loss = 1.6111879119762307e-07
Steps = 64200, train loss = 9.592621807996693e-08
Steps = 64200, test loss = 2.9336513307498535e-07
Steps = 64300, train loss = 9.220092778150502e-08
Steps = 64300, test loss = 1.5553082732822077e-07
Steps = 64400, train loss = 9.592621807996693e-08
Steps = 64400, test loss = 1.1548398504146462e-07
Steps = 64500, train loss = 9.220092778150502e-08
Steps = 64500, test loss = 1.3690440425762063e-07
Steps = 64600, train loss = 1.015141535276598e-07
Steps = 64600, test loss = 1.6205008535052912e-07
Steps = 64700, train loss = 9.872018580381337e-08
Steps = 64700, test loss = 1.5739350089916115e-07
Steps = 64800, train loss = 9.126960520688954e-08
Steps = 64800, test loss = 1.2759117851146584e-07
Steps = 64900, train loss = 9.778886322919789e-08
Steps = 64900, test loss = 1.2293456563838845e-07
Steps = 65000, train loss = 9.220092778150502e-08
Steps = 65000, test loss = 1.247972107876194e-07
Steps = 65100, train loss = 8.940696005765858e-08
Steps = 65100, test loss = 9.592621807996693e-08
Steps = 65200, train loss = 9.31322503561205e-08
Steps = 65200, test loss = 1.378357126213814e-07
Steps = 65300, train loss = 8.754431490842762e-08
Steps = 65300, test loss = 1.0244547610227528e-07
Steps = 65400, train loss = 8.754431490842762e-08
Steps = 65400, test loss = 1.1920928244535389e-07
Steps = 65500, train loss = 9.033828263227406e-08
Steps = 65500, test loss = 1.247972107876194e-07
Steps = 65600, train loss = 9.592621807996693e-08
Steps = 65600, test loss = 1.1175868763757535e-07
Steps = 65700, train loss = 8.288770203535023e-08
Steps = 65700, test loss = 9.778886322919789e-08
Steps = 65800, train loss = 9.033828263227406e-08
Steps = 65800, test loss = 2.3096730217275763e-07
Steps = 65900, train loss = 9.872018580381337e-08
Steps = 65900, test loss = 9.499489550535145e-08
Steps = 66000, train loss = 1.0244547610227528e-07
Steps = 66000, test loss = 1.9278338925232674e-07
Steps = 66100, train loss = 7.636844401304188e-08
Steps = 66100, test loss = 1.1455266246684914e-07
Steps = 66200, train loss = 8.102505688611927e-08
Steps = 66200, test loss = 1.1175870184843006e-07
Steps = 66300, train loss = 7.729976658765736e-08
Steps = 66300, test loss = 1.9371475445950637e-07
Steps = 66400, train loss = 7.54371214384264e-08
Steps = 66400, test loss = 1.1175870184843006e-07
Steps = 66500, train loss = 8.940696005765858e-08
Steps = 66500, test loss = 9.126960520688954e-08
Steps = 66600, train loss = 8.288770203535023e-08
Steps = 66600, test loss = 1.0523944382612171e-07
Steps = 66700, train loss = 8.288770203535023e-08
Steps = 66700, test loss = 1.0430812125150624e-07
Steps = 66800, train loss = 7.916241173688832e-08
Steps = 66800, test loss = 1.0523944382612171e-07
Steps = 66900, train loss = 7.823108916227284e-08
Steps = 66900, test loss = 9.499489550535145e-08
Steps = 67000, train loss = 8.00937343115038e-08
Steps = 67000, test loss = 1.0710208897535267e-07
Steps = 67100, train loss = 7.450579886381092e-08
Steps = 67100, test loss = 9.126960520688954e-08
Steps = 67200, train loss = 7.264315371457997e-08
Steps = 67200, test loss = 8.568166975919667e-08
Steps = 67300, train loss = 8.381902460996571e-08
Steps = 67300, test loss = 1.1362134699766102e-07
Steps = 67400, train loss = 8.84756374830431e-08
Steps = 67400, test loss = 1.0058283095304432e-07
Steps = 67500, train loss = 8.195637946073475e-08
Steps = 67500, test loss = 7.823108916227284e-08
Steps = 67600, train loss = 8.475034718458119e-08
Steps = 67600, test loss = 1.015141535276598e-07
Steps = 67700, train loss = 7.823108916227284e-08
Steps = 67700, test loss = 9.685754065458241e-08
Steps = 67800, train loss = 6.984918599073353e-08
Steps = 67800, test loss = 9.31322503561205e-08
Steps = 67900, train loss = 8.00937343115038e-08
Steps = 67900, test loss = 9.685754065458241e-08
Steps = 68000, train loss = 9.033828263227406e-08
Steps = 68000, test loss = 9.313224325069314e-08
Steps = 68100, train loss = 8.940696005765858e-08
Steps = 68100, test loss = 1.0710208897535267e-07
Steps = 68200, train loss = 8.940696005765858e-08
Steps = 68200, test loss = 9.872018580381337e-08
Steps = 68300, train loss = 6.23986053938097e-08
Steps = 68300, test loss = 7.078050856534901e-08
Steps = 68400, train loss = 8.00937343115038e-08
Steps = 68400, test loss = 1.0430812125150624e-07
Steps = 68500, train loss = 7.357447628919545e-08
Steps = 68500, test loss = 8.940696005765858e-08
Steps = 68600, train loss = 6.426125054304066e-08
Steps = 68600, test loss = 1.0430812125150624e-07
Steps = 68700, train loss = 6.332992796842518e-08
Steps = 68700, test loss = 8.102505688611927e-08
Steps = 68800, train loss = 6.146728281919422e-08
Steps = 68800, test loss = 9.499489550535145e-08
Steps = 68900, train loss = 6.984918599073353e-08
Steps = 68900, test loss = 7.729976658765736e-08
Steps = 69000, train loss = 6.519257311765614e-08
Steps = 69000, test loss = 8.84756374830431e-08
Steps = 69100, train loss = 7.54371214384264e-08
Steps = 69100, test loss = 6.891786341611805e-08
Steps = 69200, train loss = 6.891786341611805e-08
Steps = 69200, test loss = 7.450579886381092e-08
Steps = 69300, train loss = 6.332992796842518e-08
Steps = 69300, test loss = 7.729976658765736e-08
Steps = 69400, train loss = 7.54371214384264e-08
Steps = 69400, test loss = 8.754431490842762e-08
Steps = 69500, train loss = 7.450579886381092e-08
Steps = 69500, test loss = 9.685754065458241e-08
Steps = 69600, train loss = 6.798654084150257e-08
Steps = 69600, test loss = 6.798654084150257e-08
Steps = 69700, train loss = 5.9604641222676946e-08
Steps = 69700, test loss = 6.984918599073353e-08
Steps = 69800, train loss = 7.357447628919545e-08
Steps = 69800, test loss = 9.033828263227406e-08
Steps = 69900, train loss = 6.984918599073353e-08
Steps = 69900, test loss = 8.381902460996571e-08
Steps = 70000, train loss = 7.078050856534901e-08
Steps = 70000, test loss = 8.00937343115038e-08
Steps = 70100, train loss = 6.426125054304066e-08
Steps = 70100, test loss = 6.798654084150257e-08
Steps = 70200, train loss = 5.215406062575312e-08
Steps = 70200, test loss = 8.475034718458119e-08
Steps = 70300, train loss = 6.053596024457875e-08
Steps = 70300, test loss = 8.568166975919667e-08
Steps = 70400, train loss = 6.332992796842518e-08
Steps = 70400, test loss = 6.70552182668871e-08
Steps = 70500, train loss = 7.171183113996449e-08
Steps = 70500, test loss = 8.940696005765858e-08
Steps = 70600, train loss = 6.332992796842518e-08
Steps = 70600, test loss = 6.70552182668871e-08
Steps = 70700, train loss = 6.891786341611805e-08
Steps = 70700, test loss = 7.916241173688832e-08
Steps = 70800, train loss = 6.426125054304066e-08
Steps = 70800, test loss = 7.078050856534901e-08
Steps = 70900, train loss = 6.332992796842518e-08
Steps = 70900, test loss = 5.3085383200368597e-08
Steps = 71000, train loss = 5.681067349883051e-08
Steps = 71000, test loss = 5.867331864806147e-08
Steps = 71100, train loss = 6.053596024457875e-08
Steps = 71100, test loss = 9.965150837842884e-08
Steps = 71200, train loss = 5.4016705774984075e-08
Steps = 71200, test loss = 6.23986053938097e-08
Steps = 71300, train loss = 7.54371214384264e-08
Steps = 71300, test loss = 6.426125054304066e-08
Steps = 71400, train loss = 4.563480260344477e-08
Steps = 71400, test loss = 5.867331864806147e-08
Steps = 71500, train loss = 5.215406062575312e-08
Steps = 71500, test loss = 7.636844401304188e-08
Steps = 71600, train loss = 5.4016702222270396e-08
Steps = 71600, test loss = 5.029141547652216e-08
Steps = 71700, train loss = 4.8428770327291204e-08
Steps = 71700, test loss = 6.798654084150257e-08
Steps = 71800, train loss = 4.936009290190668e-08
Steps = 71800, test loss = 6.23986053938097e-08
Steps = 71900, train loss = 6.23986053938097e-08
Steps = 71900, test loss = 7.171183113996449e-08
Steps = 72000, train loss = 4.284083487959833e-08
Steps = 72000, test loss = 8.102505688611927e-08
Steps = 72100, train loss = 6.519257311765614e-08
Steps = 72100, test loss = 8.475034718458119e-08
Steps = 72200, train loss = 4.0978189730367376e-08
Steps = 72200, test loss = 4.8428770327291204e-08
Steps = 72300, train loss = 3.073364140959711e-08
Steps = 72300, test loss = 4.656612517806025e-08
Steps = 72400, train loss = 4.936009290190668e-08
Steps = 72400, test loss = 6.612389569227162e-08
Steps = 72500, train loss = 5.9604641222676946e-08
Steps = 72500, test loss = 6.332992796842518e-08
Steps = 72600, train loss = 6.053596024457875e-08
Steps = 72600, test loss = 5.4016705774984075e-08
Steps = 72700, train loss = 5.587935092421503e-08
Steps = 72700, test loss = 6.89178563106907e-08
Steps = 72800, train loss = 7.729976658765736e-08
Steps = 72800, test loss = 7.916241173688832e-08
Steps = 72900, train loss = 5.9604641222676946e-08
Steps = 72900, test loss = 5.215406062575312e-08
Steps = 73000, train loss = 2.342250347137451
Steps = 73000, test loss = 1.9019516706466675
Steps = 73100, train loss = 0.005579421762377024
Steps = 73100, test loss = 0.011729104444384575
Steps = 73200, train loss = 0.0022661741822957993
Steps = 73200, test loss = 0.004651275463402271
Steps = 73300, train loss = 0.0012377836974337697
Steps = 73300, test loss = 0.004445548634976149
Steps = 73400, train loss = 0.0008499387186020613
Steps = 73400, test loss = 0.0015115546993911266
Steps = 73500, train loss = 0.000774017593357712
Steps = 73500, test loss = 0.00238470989279449
Steps = 73600, train loss = 0.0007732738158665597
Steps = 73600, test loss = 0.0010695692617446184
Steps = 73700, train loss = 0.00044828798854723573
Steps = 73700, test loss = 0.0007767683709971607
Steps = 73800, train loss = 0.00043388063204474747
Steps = 73800, test loss = 0.0007507150294259191
Steps = 73900, train loss = 0.000400614837417379
Steps = 73900, test loss = 0.0008585843606851995
Steps = 74000, train loss = 0.00028722177376039326
Steps = 74000, test loss = 0.0006428640335798264
Steps = 74100, train loss = 0.00026542984414845705
Steps = 74100, test loss = 0.0006782224518246949
Steps = 74200, train loss = 0.0002971162903122604
Steps = 74200, test loss = 0.0005983738810755312
Steps = 74300, train loss = 0.00032530759926885366
Steps = 74300, test loss = 0.0005408579017966986
Steps = 74400, train loss = 0.0001954748877324164
Steps = 74400, test loss = 0.00037782778963446617
Steps = 74500, train loss = 0.0001637930836295709
Steps = 74500, test loss = 0.000330234644934535
Steps = 74600, train loss = 0.00014202481543179601
Steps = 74600, test loss = 0.0016394403064623475
Steps = 74700, train loss = 0.00016277538088615984
Steps = 74700, test loss = 0.0011258714366704226
Steps = 74800, train loss = 0.00010713296796893701
Steps = 74800, test loss = 0.0001804538769647479
Steps = 74900, train loss = 0.00010695433593355119
Steps = 74900, test loss = 0.00016429962124675512
Steps = 75000, train loss = 0.00010297515109414235
Steps = 75000, test loss = 0.0002982433943543583
Steps = 75100, train loss = 0.00010324059257982299
Steps = 75100, test loss = 0.00019098065968137234
Steps = 75200, train loss = 7.727671618340537e-05
Steps = 75200, test loss = 0.00025097173056565225
Steps = 75300, train loss = 6.936445424798876e-05
Steps = 75300, test loss = 0.0007395950960926712
Steps = 75400, train loss = 0.00011111541243735701
Steps = 75400, test loss = 0.00032131923944689333
Steps = 75500, train loss = 6.078609294490889e-05
Steps = 75500, test loss = 0.00012036799307679757
Steps = 75600, train loss = 7.115764310583472e-05
Steps = 75600, test loss = 0.00010606746945995837
Steps = 75700, train loss = 4.740580334328115e-05
Steps = 75700, test loss = 0.0002730674168560654
Steps = 75800, train loss = 5.002701436751522e-05
Steps = 75800, test loss = 0.00016201360267587006
Steps = 75900, train loss = 5.169241558178328e-05
Steps = 75900, test loss = 0.00010902002395596355
Steps = 76000, train loss = 4.645321678253822e-05
Steps = 76000, test loss = 0.00018050979997497052
Steps = 76100, train loss = 4.8114670789800584e-05
Steps = 76100, test loss = 0.00010775766713777557
Steps = 76200, train loss = 4.183715645922348e-05
Steps = 76200, test loss = 0.00012874243839178234
Steps = 76300, train loss = 3.348802056279965e-05
Steps = 76300, test loss = 0.00029574031941592693
Steps = 76400, train loss = 4.3307569285389036e-05
Steps = 76400, test loss = 4.270876888767816e-05
Steps = 76500, train loss = 3.912711326847784e-05
Steps = 76500, test loss = 4.7436518798349425e-05
Steps = 76600, train loss = 3.607296457630582e-05
Steps = 76600, test loss = 6.787007441744208e-05
Steps = 76700, train loss = 3.0958552088122815e-05
Steps = 76700, test loss = 3.254365219618194e-05
Steps = 76800, train loss = 2.7806416255771182e-05
Steps = 76800, test loss = 8.615487604402006e-05
Steps = 76900, train loss = 2.348251291550696e-05
Steps = 76900, test loss = 4.994809933123179e-05
Steps = 77000, train loss = 2.1484138414962217e-05
Steps = 77000, test loss = 8.080008410615847e-05
Steps = 77100, train loss = 2.0236155251041055e-05
Steps = 77100, test loss = 0.0001169578026747331
Steps = 77200, train loss = 1.8257271221955307e-05
Steps = 77200, test loss = 5.042424891144037e-05
Steps = 77300, train loss = 1.8465689208824188e-05
Steps = 77300, test loss = 0.000460106908576563
Steps = 77400, train loss = 1.9147457351209596e-05
Steps = 77400, test loss = 3.1369087082566693e-05
Steps = 77500, train loss = 1.811794936656952e-05
Steps = 77500, test loss = 4.785468627233058e-05
Steps = 77600, train loss = 1.44827890835586e-05
Steps = 77600, test loss = 2.3784637960488908e-05
Steps = 77700, train loss = 1.4834734429314267e-05
Steps = 77700, test loss = 3.425711838644929e-05
Steps = 77800, train loss = 1.5806968804099597e-05
Steps = 77800, test loss = 0.00019200716633349657
Steps = 77900, train loss = 1.4014287444297224e-05
Steps = 77900, test loss = 0.00017456566274631768
Steps = 78000, train loss = 9.469566066400148e-06
Steps = 78000, test loss = 2.379826401011087e-05
Steps = 78100, train loss = 1.0125227163371164e-05
Steps = 78100, test loss = 0.00033106011687777936
Steps = 78200, train loss = 1.0952202501357533e-05
Steps = 78200, test loss = 5.175979822524823e-05
Steps = 78300, train loss = 9.451881851418875e-06
Steps = 78300, test loss = 2.0531411792035215e-05
Steps = 78400, train loss = 9.293567927670665e-06
Steps = 78400, test loss = 0.00024858929100446403
Steps = 78500, train loss = 7.735487088211812e-06
Steps = 78500, test loss = 5.572051304625347e-05
Steps = 78600, train loss = 9.377359674545005e-06
Steps = 78600, test loss = 4.25205726060085e-05
Steps = 78700, train loss = 8.248617632489186e-06
Steps = 78700, test loss = 0.00016890627739485353
Steps = 78800, train loss = 7.042583092697896e-06
Steps = 78800, test loss = 1.178634829557268e-05
Steps = 78900, train loss = 6.101041890360648e-06
Steps = 78900, test loss = 1.781648643373046e-05
Steps = 79000, train loss = 5.174387297302019e-06
Steps = 79000, test loss = 1.2863824849773664e-05
Steps = 79100, train loss = 5.885891823709244e-06
Steps = 79100, test loss = 0.00039059488335624337
Steps = 79200, train loss = 5.559954843192827e-06
Steps = 79200, test loss = 5.383163443184458e-05
Steps = 79300, train loss = 5.239584424998611e-06
Steps = 79300, test loss = 3.3883319701999426e-05
Steps = 79400, train loss = 4.718978289020015e-06
Steps = 79400, test loss = 0.00025525246746838093
Steps = 79500, train loss = 4.227244971843902e-06
Steps = 79500, test loss = 9.035496987053193e-06
Steps = 79600, train loss = 3.891975211445242e-06
Steps = 79600, test loss = 4.9123897042591125e-05
Steps = 79700, train loss = 3.236332076994586e-06
Steps = 79700, test loss = 0.00024369099992327392
Steps = 79800, train loss = 3.757863169084885e-06
Steps = 79800, test loss = 1.252917354577221e-05
Steps = 79900, train loss = 3.3415681173210032e-06
Steps = 79900, test loss = 5.4797942539153155e-06
Steps = 80000, train loss = 3.441213266341947e-06
Steps = 80000, test loss = 5.075641183793778e-06
Test accuracy: 1.0 (got 128 right out of 128)
The time it took to go from (almost) zero (1e-4) training loss to almost zero test loss was 178 iterations
