LR = 0.001, batch_size = 1024, block_size = 9


number of parameters: 0.41M
Steps = 0, train loss = 4.656259536743164
Steps = 0, test loss = 4.623694896697998
Steps = 100, train loss = 4.539562702178955
Steps = 100, test loss = 4.551912784576416
Steps = 200, train loss = 4.403545379638672
Steps = 200, test loss = 4.876275539398193
Steps = 300, train loss = 2.4024617671966553
Steps = 300, test loss = 2.513578414916992
Steps = 400, train loss = 1.669582486152649
Steps = 400, test loss = 1.896114468574524
Steps = 500, train loss = 1.31187903881073
Steps = 500, test loss = 1.6896138191223145
Steps = 600, train loss = 0.9838465452194214
Steps = 600, test loss = 1.273118257522583
Steps = 700, train loss = 0.8425437808036804
Steps = 700, test loss = 1.1495779752731323
Steps = 800, train loss = 0.7547028064727783
Steps = 800, test loss = 1.1052364110946655
Steps = 900, train loss = 1.1641278266906738
Steps = 900, test loss = 1.783884882926941
Steps = 1000, train loss = 0.7210351824760437
Steps = 1000, test loss = 1.102908968925476
Steps = 1100, train loss = 0.6622970104217529
Steps = 1100, test loss = 1.2387351989746094
Steps = 1200, train loss = 0.7234154343605042
Steps = 1200, test loss = 1.263452172279358
Steps = 1300, train loss = 0.6388891339302063
Steps = 1300, test loss = 1.4470479488372803
Steps = 1400, train loss = 0.6228528022766113
Steps = 1400, test loss = 1.5731955766677856
Steps = 1500, train loss = 0.6957706212997437
Steps = 1500, test loss = 1.6639950275421143
Steps = 1600, train loss = 0.5525689125061035
Steps = 1600, test loss = 2.042137861251831
Steps = 1700, train loss = 0.4542568027973175
Steps = 1700, test loss = 2.2698020935058594
Steps = 1800, train loss = 0.3991509675979614
Steps = 1800, test loss = 2.1235222816467285
Steps = 1900, train loss = 0.23075836896896362
Steps = 1900, test loss = 1.732007622718811
Steps = 2000, train loss = 0.09491806477308273
Steps = 2000, test loss = 1.379297137260437
Steps = 2100, train loss = 0.017916163429617882
Steps = 2100, test loss = 0.5424025654792786
Steps = 2200, train loss = 0.010179800912737846
Steps = 2200, test loss = 0.3605653643608093
Steps = 2300, train loss = 0.007214660290628672
Steps = 2300, test loss = 0.2137744128704071
Steps = 2400, train loss = 0.005622996482998133
Steps = 2400, test loss = 0.1833409070968628
Steps = 2500, train loss = 0.004788059275597334
Steps = 2500, test loss = 0.13626472651958466
Steps = 2600, train loss = 0.003926984500139952
Steps = 2600, test loss = 0.11947626620531082
Steps = 2700, train loss = 0.003371370490640402
Steps = 2700, test loss = 0.10694360733032227
Steps = 2800, train loss = 0.002950991503894329
Steps = 2800, test loss = 0.08328776806592941
Steps = 2900, train loss = 0.0026541261468082666
Steps = 2900, test loss = 0.08718955516815186
Steps = 3000, train loss = 0.0023355919402092695
Steps = 3000, test loss = 0.06671895831823349
Steps = 3100, train loss = 0.0021004718728363514
Steps = 3100, test loss = 0.052972160279750824
Steps = 3200, train loss = 0.0018594885477796197
Steps = 3200, test loss = 0.04918697476387024
Steps = 3300, train loss = 0.001748371752910316
Steps = 3300, test loss = 0.05630134791135788
Steps = 3400, train loss = 0.0015563762281090021
Steps = 3400, test loss = 0.046690843999385834
Steps = 3500, train loss = 0.0014360531931743026
Steps = 3500, test loss = 0.051476772874593735
Steps = 3600, train loss = 0.0013402418699115515
Steps = 3600, test loss = 0.0440121628344059
Steps = 3700, train loss = 0.0012715437915176153
Steps = 3700, test loss = 0.04839709401130676
Steps = 3800, train loss = 0.0011744193034246564
Steps = 3800, test loss = 0.02871551178395748
Steps = 3900, train loss = 0.0010670716874301434
Steps = 3900, test loss = 0.032493218779563904
Steps = 4000, train loss = 0.0009923402685672045
Steps = 4000, test loss = 0.03539525717496872
Steps = 4100, train loss = 0.0009479562868364155
Steps = 4100, test loss = 0.030325066298246384
Steps = 4200, train loss = 0.0008528523030690849
Steps = 4200, test loss = 0.025273380801081657
Steps = 4300, train loss = 0.0008066652226261795
Steps = 4300, test loss = 0.021326664835214615
Steps = 4400, train loss = 0.0007202334236353636
Steps = 4400, test loss = 0.017528599128127098
Steps = 4500, train loss = 0.0006850081263110042
Steps = 4500, test loss = 0.025152428075671196
Steps = 4600, train loss = 0.0006582866772077978
Steps = 4600, test loss = 0.014363737776875496
Steps = 4700, train loss = 0.0006171314162202179
Steps = 4700, test loss = 0.019317619502544403
Steps = 4800, train loss = 0.0005567744956351817
Steps = 4800, test loss = 0.018233323469758034
Steps = 4900, train loss = 0.0005246002110652626
Steps = 4900, test loss = 0.01771879568696022
Steps = 5000, train loss = 0.00048390807933174074
Steps = 5000, test loss = 0.013880297541618347
Steps = 5100, train loss = 0.0004644576401915401
Steps = 5100, test loss = 0.01303910929709673
Steps = 5200, train loss = 0.0004477204638533294
Steps = 5200, test loss = 0.015494991093873978
Steps = 5300, train loss = 0.00041265515028499067
Steps = 5300, test loss = 0.015575174242258072
Steps = 5400, train loss = 0.00039132777601480484
Steps = 5400, test loss = 0.011532687582075596
Steps = 5500, train loss = 0.00035814839066006243
Steps = 5500, test loss = 0.00819781981408596
Steps = 5600, train loss = 0.0003363805590197444
Steps = 5600, test loss = 0.010708439163863659
Steps = 5700, train loss = 0.00031796080293133855
Steps = 5700, test loss = 0.008862197399139404
Steps = 5800, train loss = 0.0003114745195489377
Steps = 5800, test loss = 0.009762116707861423
Steps = 5900, train loss = 0.00027764757396653295
Steps = 5900, test loss = 0.008389485068619251
Steps = 6000, train loss = 0.00026259731384925544
Steps = 6000, test loss = 0.005280393175780773
Steps = 6100, train loss = 0.00025034023565240204
Steps = 6100, test loss = 0.009755460545420647
Steps = 6200, train loss = 0.0002305118105141446
Steps = 6200, test loss = 0.007931223139166832
Steps = 6300, train loss = 0.00022317937691695988
Steps = 6300, test loss = 0.007914300076663494
Steps = 6400, train loss = 0.00021106669737491757
Steps = 6400, test loss = 0.005697258282452822
Steps = 6500, train loss = 0.00018787597946356982
Steps = 6500, test loss = 0.006125805899500847
Steps = 6600, train loss = 0.00018780879327096045
Steps = 6600, test loss = 0.0064061651937663555
Steps = 6700, train loss = 0.00017557675892021507
Steps = 6700, test loss = 0.003641638206318021
Steps = 6800, train loss = 0.00016872670676093549
Steps = 6800, test loss = 0.007449669763445854
Steps = 6900, train loss = 0.00015401086420752108
Steps = 6900, test loss = 0.005763465538620949
Steps = 7000, train loss = 0.0001513953902758658
Steps = 7000, test loss = 0.0036506792530417442
Steps = 7100, train loss = 0.00013498333282768726
Steps = 7100, test loss = 0.0031134122982621193
Steps = 7200, train loss = 0.00013184973795432597
Steps = 7200, test loss = 0.0041798073798418045
Steps = 7300, train loss = 0.00012395859812386334
Steps = 7300, test loss = 0.0038019719067960978
Steps = 7400, train loss = 0.0001122869725804776
Steps = 7400, test loss = 0.0029318120796233416
Steps = 7500, train loss = 0.00010801630560308695
Steps = 7500, test loss = 0.0029433679301291704
Steps = 7600, train loss = 0.00010051562276203185
Steps = 7600, test loss = 0.0026260418817400932
Steps = 7700, train loss = 9.385488374391571e-05
Steps = 7700, test loss = 0.002612949348986149
Steps = 7800, train loss = 8.970010094344616e-05
Steps = 7800, test loss = 0.0020583271980285645
Steps = 7900, train loss = 8.475934009766206e-05
Steps = 7900, test loss = 0.0025973564479500055
Steps = 8000, train loss = 8.118541882140562e-05
Steps = 8000, test loss = 0.003161210101097822
Steps = 8100, train loss = 7.66460070735775e-05
Steps = 8100, test loss = 0.0010423451894894242
Steps = 8200, train loss = 7.225685840239748e-05
Steps = 8200, test loss = 0.0019311599899083376
Steps = 8300, train loss = 6.962673796806484e-05
Steps = 8300, test loss = 0.001737816957756877
Steps = 8400, train loss = 6.244082032935694e-05
Steps = 8400, test loss = 0.0018878356786444783
Steps = 8500, train loss = 6.025104084983468e-05
Steps = 8500, test loss = 0.0016196656506508589
Steps = 8600, train loss = 5.7246896176366135e-05
Steps = 8600, test loss = 0.0012575050350278616
Steps = 8700, train loss = 5.415001942310482e-05
Steps = 8700, test loss = 0.0013358078431338072
Steps = 8800, train loss = 5.21213878528215e-05
Steps = 8800, test loss = 0.0016005956567823887
Steps = 8900, train loss = 4.581086977850646e-05
Steps = 8900, test loss = 0.00063461740501225
Steps = 9000, train loss = 4.339588122093119e-05
Steps = 9000, test loss = 0.0011223247274756432
Steps = 9100, train loss = 4.3155621824553236e-05
Steps = 9100, test loss = 0.0010855431901291013
Steps = 9200, train loss = 3.913737236871384e-05
Steps = 9200, test loss = 0.0013080971548333764
Steps = 9300, train loss = 3.786361776292324e-05
Steps = 9300, test loss = 0.0008845914271660149
Steps = 9400, train loss = 3.5472239687805995e-05
Steps = 9400, test loss = 0.000672475784085691
Steps = 9500, train loss = 3.332982669235207e-05
Steps = 9500, test loss = 0.0008767861872911453
Steps = 9600, train loss = 3.0930132197681814e-05
Steps = 9600, test loss = 0.0007601614925079048
Steps = 9700, train loss = 2.969198794744443e-05
Steps = 9700, test loss = 0.001029589562676847
Steps = 9800, train loss = 2.796840635710396e-05
Steps = 9800, test loss = 0.0010033835424110293
Steps = 9900, train loss = 2.5747733161551878e-05
Steps = 9900, test loss = 0.0004622295673470944
Steps = 10000, train loss = 2.458444214425981e-05
Steps = 10000, test loss = 0.0004923756350763142
Steps = 10100, train loss = 2.3823567971703596e-05
Steps = 10100, test loss = 0.0005931154009886086
Steps = 10200, train loss = 2.1904752429691143e-05
Steps = 10200, test loss = 0.00044718250865116715
Steps = 10300, train loss = 2.0824683815590106e-05
Steps = 10300, test loss = 0.0004972954047843814
Steps = 10400, train loss = 1.9231576516176574e-05
Steps = 10400, test loss = 0.0005583729944191873
Steps = 10500, train loss = 1.8566273865872063e-05
Steps = 10500, test loss = 0.0006378514226526022
Steps = 10600, train loss = 1.803963095881045e-05
Steps = 10600, test loss = 0.0004434642905835062
Steps = 10700, train loss = 1.6348849385394715e-05
Steps = 10700, test loss = 0.00027779871015809476
Steps = 10800, train loss = 1.567586514283903e-05
Steps = 10800, test loss = 0.000277168262982741
Steps = 10900, train loss = 1.4802767509536352e-05
Steps = 10900, test loss = 0.00039656893932260573
Steps = 11000, train loss = 1.342990708508296e-05
Steps = 11000, test loss = 0.0003022072487510741
Steps = 11100, train loss = 1.3111982298141811e-05
Steps = 11100, test loss = 0.00022312845976557583
Steps = 11200, train loss = 1.1910944522242062e-05
Steps = 11200, test loss = 0.000296534679364413
Steps = 11300, train loss = 1.1704543794621713e-05
Steps = 11300, test loss = 0.0005481333355419338
Steps = 11400, train loss = 1.0697216566768475e-05
Steps = 11400, test loss = 0.00015901132428552955
Steps = 11500, train loss = 1.00735869636992e-05
Steps = 11500, test loss = 0.000271879747742787
Steps = 11600, train loss = 1.0122712410520762e-05
Steps = 11600, test loss = 0.00026952422922477126
Steps = 11700, train loss = 9.40164682106115e-06
Steps = 11700, test loss = 0.00021118801669217646
Steps = 11800, train loss = 8.824582437227946e-06
Steps = 11800, test loss = 0.00024095337721519172
Steps = 11900, train loss = 8.391869414481334e-06
Steps = 11900, test loss = 0.00013343605678528547
Steps = 12000, train loss = 7.640650437679142e-06
Steps = 12000, test loss = 0.00026477884966880083
Steps = 12100, train loss = 7.292222107935231e-06
Steps = 12100, test loss = 0.0001800208556232974
Steps = 12200, train loss = 7.0383234742621426e-06
Steps = 12200, test loss = 0.00021151186956558377
Steps = 12300, train loss = 6.605145244975574e-06
Steps = 12300, test loss = 0.0001604207354830578
Steps = 12400, train loss = 6.2123631323629525e-06
Steps = 12400, test loss = 0.00011842409730888903
Steps = 12500, train loss = 5.637393314827932e-06
Steps = 12500, test loss = 0.00025713161448948085
Steps = 12600, train loss = 5.533667717827484e-06
Steps = 12600, test loss = 0.00012532690016087145
Steps = 12700, train loss = 5.158462954568677e-06
Steps = 12700, test loss = 0.00013763803872279823
Steps = 12800, train loss = 4.914224518870469e-06
Steps = 12800, test loss = 9.926479106070474e-05
Steps = 12900, train loss = 4.615388661477482e-06
Steps = 12900, test loss = 4.910564894089475e-05
Steps = 13000, train loss = 4.336226083978545e-06
Steps = 13000, test loss = 0.00012540034367702901
Steps = 13100, train loss = 4.0844211071089376e-06
Steps = 13100, test loss = 7.918565097497776e-05
Steps = 13200, train loss = 3.937623205274576e-06
Steps = 13200, test loss = 0.00025574033497832716
Steps = 13300, train loss = 3.5981572636956116e-06
Steps = 13300, test loss = 0.00010767420462798327
Steps = 13400, train loss = 3.3602045732550323e-06
Steps = 13400, test loss = 0.0001859214244177565
Steps = 13500, train loss = 3.3182955121446867e-06
Steps = 13500, test loss = 0.0001276619004784152
Steps = 13600, train loss = 3.012007255165372e-06
Steps = 13600, test loss = 8.8793363829609e-05
Steps = 13700, train loss = 2.8856975404778495e-06
Steps = 13700, test loss = 9.606066305423155e-05
Steps = 13800, train loss = 2.773240566966706e-06
Steps = 13800, test loss = 5.792827869299799e-05
Steps = 13900, train loss = 2.5840670332399895e-06
Steps = 13900, test loss = 0.0001144494308391586
Steps = 14000, train loss = 2.4281873720610747e-06
Steps = 14000, test loss = 8.431550668319687e-05
Steps = 14100, train loss = 2.3661384602746693e-06
Steps = 14100, test loss = 3.1721239793114364e-05
Steps = 14200, train loss = 2.1520506834349362e-06
Steps = 14200, test loss = 5.711059202440083e-05
Steps = 14300, train loss = 1.9883709683199413e-06
Steps = 14300, test loss = 7.346020720433444e-05
Steps = 14400, train loss = 1.9409903870837297e-06
Steps = 14400, test loss = 2.7430764021119103e-05
Steps = 14500, train loss = 1.7957044065042282e-06
Steps = 14500, test loss = 0.00012112231343053281
Steps = 14600, train loss = 1.7129334537457908e-06
Steps = 14600, test loss = 3.900082811014727e-05
Steps = 14700, train loss = 1.586623397997755e-06
Steps = 14700, test loss = 5.992098886054009e-05
Steps = 14800, train loss = 1.5051327864057384e-06
Steps = 14800, test loss = 3.3267177059315145e-05
Steps = 14900, train loss = 1.4058307442610385e-06
Steps = 14900, test loss = 5.0673526857281104e-05
Steps = 15000, train loss = 1.311534447268059e-06
Steps = 15000, test loss = 5.717952808481641e-05
Steps = 15100, train loss = 1.2643863556149881e-06
Steps = 15100, test loss = 4.193589120404795e-05
Steps = 15200, train loss = 1.1746301424864214e-06
Steps = 15200, test loss = 2.657579716469627e-05
Steps = 15300, train loss = 1.1271328048678697e-06
Steps = 15300, test loss = 4.660334889194928e-05
Steps = 15400, train loss = 1.0572837254585465e-06
Steps = 15400, test loss = 3.290437234682031e-05
Steps = 15500, train loss = 1.019565047499782e-06
Steps = 15500, test loss = 4.541080488706939e-05
Steps = 15600, train loss = 9.124631219492585e-07
Steps = 15600, test loss = 2.6563440769677982e-05
Steps = 15700, train loss = 8.55885332384787e-07
Steps = 15700, test loss = 4.6632529119960964e-05
Steps = 15800, train loss = 8.235218729168992e-07
Steps = 15800, test loss = 3.647707853815518e-05
Steps = 15900, train loss = 7.739290026620438e-07
Steps = 15900, test loss = 2.7826039513456635e-05
Steps = 16000, train loss = 7.601919946864655e-07
Steps = 16000, test loss = 2.0030642190249637e-05
Steps = 16100, train loss = 7.189809139163117e-07
Steps = 16100, test loss = 3.7890542444074526e-05
Steps = 16200, train loss = 6.604240638807823e-07
Steps = 16200, test loss = 2.4663726435392164e-05
Steps = 16300, train loss = 6.213085157469322e-07
Steps = 16300, test loss = 2.016607868426945e-05
Steps = 16400, train loss = 5.761393708780815e-07
Steps = 16400, test loss = 2.60119340964593e-05
Steps = 16500, train loss = 5.48548939605098e-07
Steps = 16500, test loss = 1.806661020964384e-05
Steps = 16600, train loss = 5.266628591016342e-07
Steps = 16600, test loss = 1.2510195119830314e-05
Steps = 16700, train loss = 4.981411052540352e-07
Steps = 16700, test loss = 9.977477020584047e-06
Steps = 16800, train loss = 4.575121863581444e-07
Steps = 16800, test loss = 1.6827840227051638e-05
Steps = 16900, train loss = 4.3667384375112306e-07
Steps = 16900, test loss = 1.7708689483697526e-05
Steps = 17000, train loss = 4.1187738020198594e-07
Steps = 17000, test loss = 8.36802882986376e-06
Steps = 17100, train loss = 3.8440336425082933e-07
Steps = 17100, test loss = 2.4243772713816725e-05
Steps = 17200, train loss = 3.7008427966611634e-07
Steps = 17200, test loss = 9.635999049351085e-06
Steps = 17300, train loss = 3.3772082019822847e-07
Steps = 17300, test loss = 1.200933002110105e-05
Steps = 17400, train loss = 3.335298686124588e-07
Steps = 17400, test loss = 1.0695224773371592e-05
Steps = 17500, train loss = 3.107124655343796e-07
Steps = 17500, test loss = 9.229806892108172e-06
Steps = 17600, train loss = 2.9325016726033937e-07
Steps = 17600, test loss = 1.3726765246246941e-05
Steps = 17700, train loss = 2.779997601010109e-07
Steps = 17700, test loss = 6.672034032817464e-06
Steps = 17800, train loss = 2.662418125964905e-07
Steps = 17800, test loss = 6.2770327531325165e-06
Steps = 17900, train loss = 2.4645120788591157e-07
Steps = 17900, test loss = 7.452930731233209e-06
Steps = 18000, train loss = 2.3131723025926476e-07
Steps = 18000, test loss = 1.4554178960679565e-05
Steps = 18100, train loss = 2.2829043189176446e-07
Steps = 18100, test loss = 4.945318778482033e-06
Steps = 18200, train loss = 2.1059530297407036e-07
Steps = 18200, test loss = 1.028823771775933e-05
Steps = 18300, train loss = 1.9546131113656884e-07
Steps = 18300, test loss = 1.2730524758808315e-05
Steps = 18400, train loss = 1.8707940796502953e-07
Steps = 18400, test loss = 4.349220034782775e-06
Steps = 18500, train loss = 1.7904675075897103e-07
Steps = 18500, test loss = 4.050594270665897e-06
Steps = 18600, train loss = 1.6612465003618127e-07
Steps = 18600, test loss = 7.256945536937565e-06
Steps = 18700, train loss = 1.5913973072656518e-07
Steps = 18700, test loss = 1.5888098232608172e-06
Steps = 18800, train loss = 1.5378462592252617e-07
Steps = 18800, test loss = 2.441722244839184e-06
Steps = 18900, train loss = 1.4225950906165963e-07
Steps = 18900, test loss = 3.7829122447874397e-06
Steps = 19000, train loss = 1.3771931151040917e-07
Steps = 19000, test loss = 2.1487005597009556e-06
Steps = 19100, train loss = 1.3131646880992776e-07
Steps = 19100, test loss = 3.626338639151072e-06
Steps = 19200, train loss = 1.2316739628204232e-07
Steps = 19200, test loss = 5.615732334263157e-06
Steps = 19300, train loss = 1.175794679397768e-07
Steps = 19300, test loss = 3.27163570545963e-06
Steps = 19400, train loss = 1.1583323811237278e-07
Steps = 19400, test loss = 3.8853891055623535e-06
Steps = 19500, train loss = 1.0244547610227528e-07
Steps = 19500, test loss = 1.4075728813622845e-06
Steps = 19600, train loss = 1.0442453657333317e-07
Steps = 19600, test loss = 6.796214620408136e-06
Steps = 19700, train loss = 1.0326038335506382e-07
Steps = 19700, test loss = 3.835029474430485e-06
Steps = 19800, train loss = 9.243375842515889e-08
Steps = 19800, test loss = 2.494259206287097e-06
Steps = 19900, train loss = 9.022186731044712e-08
Steps = 19900, test loss = 2.015773134189658e-06
Steps = 20000, train loss = 8.661299233381214e-08
Steps = 20000, test loss = 3.0288429115898907e-06
Steps = 20100, train loss = 8.451751654092732e-08
Steps = 20100, test loss = 3.052982265216997e-06
Steps = 20200, train loss = 8.114147220794621e-08
Steps = 20200, test loss = 5.3630592447007075e-06
Steps = 20300, train loss = 8.195637946073475e-08
Steps = 20300, test loss = 2.79963342109113e-06
Steps = 20400, train loss = 7.869675044958058e-08
Steps = 20400, test loss = 2.328939899598481e-06
Steps = 20500, train loss = 7.264315371457997e-08
Steps = 20500, test loss = 1.2023862154819653e-06
Steps = 20600, train loss = 7.217749242727223e-08
Steps = 20600, test loss = 2.5900828859448666e-06
Steps = 20700, train loss = 7.229390774909916e-08
Steps = 20700, test loss = 9.104542755267175e-07
Steps = 20800, train loss = 6.612389569227162e-08
Steps = 20800, test loss = 3.876478331221733e-06
Steps = 20900, train loss = 6.274785135929051e-08
Steps = 20900, test loss = 3.0229080039134715e-06
Steps = 21000, train loss = 6.43776658648676e-08
Steps = 21000, test loss = 1.2275924063942512e-06
Steps = 21100, train loss = 6.181652878467503e-08
Steps = 21100, test loss = 3.63069284503581e-06
Steps = 21200, train loss = 6.030312960092488e-08
Steps = 21200, test loss = 2.194190074078506e-06
Steps = 21300, train loss = 5.7159919464311315e-08
Steps = 21300, test loss = 2.171511368942447e-06
Steps = 21400, train loss = 5.84404880044076e-08
Steps = 21400, test loss = 1.2562509255076293e-06
Steps = 21500, train loss = 5.7625580751619054e-08
Steps = 21500, test loss = 1.728841880321852e-06
Steps = 21600, train loss = 5.250330659123392e-08
Steps = 21600, test loss = 2.500805976524134e-06
Steps = 21700, train loss = 5.57629356023881e-08
Steps = 21700, test loss = 1.4153321217236225e-06
Steps = 21800, train loss = 5.145556869479151e-08
Steps = 21800, test loss = 2.7880898869625526e-06
Steps = 21900, train loss = 4.924367758007975e-08
Steps = 21900, test loss = 3.6499984616966685e-06
Steps = 22000, train loss = 5.203764530392618e-08
Steps = 22000, test loss = 1.1191150406375527e-06
Steps = 22100, train loss = 4.924367758007975e-08
Steps = 22100, test loss = 2.1453035969898337e-06
Steps = 22200, train loss = 4.947650822373362e-08
Steps = 22200, test loss = 1.3511860288417665e-06
Steps = 22300, train loss = 4.8661600970945074e-08
Steps = 22300, test loss = 1.4740990081918426e-06
Steps = 22400, train loss = 4.1443851017675115e-08
Steps = 22400, test loss = 1.3020727465118398e-06
Steps = 22500, train loss = 4.57512179252717e-08
Steps = 22500, test loss = 4.046552533054637e-07
Steps = 22600, train loss = 4.889443161459894e-08
Steps = 22600, test loss = 2.221485829068115e-06
Steps = 22700, train loss = 4.1443851017675115e-08
Steps = 22700, test loss = 1.4118621720626834e-06
Steps = 22800, train loss = 4.0512528443059637e-08
Steps = 22800, test loss = 1.6271767435682705e-06
Steps = 22900, train loss = 4.027969779940577e-08
Steps = 22900, test loss = 2.1039036255388055e-06
Steps = 23000, train loss = 4.3655742132386877e-08
Steps = 23000, test loss = 2.3812999643268995e-06
Steps = 23100, train loss = 3.725289943190546e-08
Steps = 23100, test loss = 1.407409740750154e-06
Steps = 23200, train loss = 3.189779462786646e-08
Steps = 23200, test loss = 7.336851695072255e-07
Steps = 23300, train loss = 3.550666960450144e-08
Steps = 23300, test loss = 3.215371009446244e-07
Steps = 23400, train loss = 3.667082282277079e-08
Steps = 23400, test loss = 7.79473111833795e-07
Steps = 23500, train loss = 3.387685509892435e-08
Steps = 23500, test loss = 3.551786562638881e-07
Steps = 23600, train loss = 2.852175207124219e-08
Steps = 23600, test loss = 2.2584478642784234e-07
Steps = 23700, train loss = 3.23634559151742e-08
Steps = 23700, test loss = 2.6681985332288605e-07
Steps = 23800, train loss = 3.23634559151742e-08
Steps = 23800, test loss = 1.8684619362829835e-07
Steps = 23900, train loss = 3.5157423639020635e-08
Steps = 23900, test loss = 6.118611963756848e-07
Steps = 24000, train loss = 2.7357598852972842e-08
Steps = 24000, test loss = 1.8649684818683454e-07
Steps = 24100, train loss = 2.4330800485472537e-08
Steps = 24100, test loss = 1.5960526411618048e-07
Steps = 24200, train loss = 2.002343357787595e-08
Steps = 24200, test loss = 4.061651566189539e-07
Steps = 24300, train loss = 2.7357598852972842e-08
Steps = 24300, test loss = 2.0302739756061783e-07
Steps = 24400, train loss = 3.341119381161661e-08
Steps = 24400, test loss = 1.611187201433495e-07
Steps = 24500, train loss = 4.00468671557519e-08
Steps = 24500, test loss = 1.5192169655620091e-07
Steps = 24600, train loss = 2.3632308554510928e-08
Steps = 24600, test loss = 2.902195888054848e-07
Steps = 24700, train loss = 2.4796461772780276e-08
Steps = 24700, test loss = 1.6868561658611725e-07
Steps = 24800, train loss = 3.5157423639020635e-08
Steps = 24800, test loss = 1.6402869107423612e-07
Steps = 24900, train loss = 2.828892142758832e-08
Steps = 24900, test loss = 1.2060618814757618e-07
Steps = 25000, train loss = 3.77185607192132e-08
Steps = 25000, test loss = 1.4039636653251364e-07
Steps = 25100, train loss = 2.176966340527997e-08
Steps = 25100, test loss = 1.2118819370243727e-07
Steps = 25200, train loss = 1.8510034394125796e-08
Steps = 25200, test loss = 1.0058280963676225e-07
Steps = 25300, train loss = 3.073364140959711e-08
Steps = 25300, test loss = 1.392325970073216e-07
Steps = 25400, train loss = 3.306194784613581e-08
Steps = 25400, test loss = 1.3911628116147767e-07
Steps = 25500, train loss = 0.6213308572769165
Steps = 25500, test loss = 0.6672334671020508
Steps = 25600, train loss = 0.04070238396525383
Steps = 25600, test loss = 0.048366744071245193
Steps = 25700, train loss = 0.012258270755410194
Steps = 25700, test loss = 0.01507779024541378
Steps = 25800, train loss = 0.006250787526369095
Steps = 25800, test loss = 0.008160244673490524
Steps = 25900, train loss = 0.003940603695809841
Steps = 25900, test loss = 0.005068974569439888
Steps = 26000, train loss = 0.002774846274405718
Steps = 26000, test loss = 0.003627496538683772
Steps = 26100, train loss = 0.002014102414250374
Steps = 26100, test loss = 0.0026467887219041586
Steps = 26200, train loss = 0.0015934708062559366
Steps = 26200, test loss = 0.002224299358204007
Steps = 26300, train loss = 0.0012361985864117742
Steps = 26300, test loss = 0.0017238615546375513
Steps = 26400, train loss = 0.0010526648256927729
Steps = 26400, test loss = 0.0013987451093271375
Steps = 26500, train loss = 0.0008757651667110622
Steps = 26500, test loss = 0.0011540731647983193
Steps = 26600, train loss = 0.000704744947142899
Steps = 26600, test loss = 0.0009912303648889065
Steps = 26700, train loss = 0.0006257438217289746
Steps = 26700, test loss = 0.0008346575195901096
Steps = 26800, train loss = 0.0005448596202768385
Steps = 26800, test loss = 0.0007341577438637614
Steps = 26900, train loss = 0.00048096844693645835
Steps = 26900, test loss = 0.0006553430575877428
Steps = 27000, train loss = 0.00042218301678076386
Steps = 27000, test loss = 0.000601300795096904
Steps = 27100, train loss = 0.0003722992551047355
Steps = 27100, test loss = 0.0005247253575362265
Steps = 27200, train loss = 0.0003287033177912235
Steps = 27200, test loss = 0.0004383507475722581
Steps = 27300, train loss = 0.00029169031768105924
Steps = 27300, test loss = 0.0003987269592471421
Steps = 27400, train loss = 0.0002607158094178885
Steps = 27400, test loss = 0.00036313108284957707
Steps = 27500, train loss = 0.00024224494700320065
Steps = 27500, test loss = 0.000333791715092957
Steps = 27600, train loss = 0.0002134525857400149
Steps = 27600, test loss = 0.00030366069404408336
Steps = 27700, train loss = 0.00019565543334465474
Steps = 27700, test loss = 0.0002728388935793191
Steps = 27800, train loss = 0.00017954476061277092
Steps = 27800, test loss = 0.00025184318656101823
Steps = 27900, train loss = 0.00016839237650856376
Steps = 27900, test loss = 0.00024241545179393142
Steps = 28000, train loss = 0.00015746665303595364
Steps = 28000, test loss = 0.00021639891201630235
Steps = 28100, train loss = 0.00014173993258737028
Steps = 28100, test loss = 0.00020051067986059934
Steps = 28200, train loss = 0.00012820887786801904
Steps = 28200, test loss = 0.00017859149374999106
Steps = 28300, train loss = 0.00012254233297426254
Steps = 28300, test loss = 0.00017734519497025758
Steps = 28400, train loss = 0.00011619918223004788
Steps = 28400, test loss = 0.00015122104377951473
Steps = 28500, train loss = 0.00010223691060673445
Steps = 28500, test loss = 0.0001409797987435013
Steps = 28600, train loss = 9.783986024558544e-05
Steps = 28600, test loss = 0.00014166116307023913
Steps = 28700, train loss = 8.846851415000856e-05
Steps = 28700, test loss = 0.00013012203271500766
Steps = 28800, train loss = 8.147500921040773e-05
Steps = 28800, test loss = 0.00011882727267220616
Steps = 28900, train loss = 7.696136890444905e-05
Steps = 28900, test loss = 0.0001102046444430016
Steps = 29000, train loss = 7.39631723263301e-05
Steps = 29000, test loss = 0.00010049752745544538
Steps = 29100, train loss = 6.767392187612131e-05
Steps = 29100, test loss = 9.21568862395361e-05
Steps = 29200, train loss = 6.335807120194659e-05
Steps = 29200, test loss = 8.973982039606199e-05
Steps = 29300, train loss = 5.9069210692541674e-05
Steps = 29300, test loss = 8.593664824729785e-05
Steps = 29400, train loss = 5.5361088016070426e-05
Steps = 29400, test loss = 7.949314749566838e-05
Steps = 29500, train loss = 5.3188712627161294e-05
Steps = 29500, test loss = 7.435610314132646e-05
Steps = 29600, train loss = 5.0099224608857185e-05
Steps = 29600, test loss = 6.940579623915255e-05
Steps = 29700, train loss = 4.444706064532511e-05
Steps = 29700, test loss = 6.519164162455127e-05
Steps = 29800, train loss = 4.276181061868556e-05
Steps = 29800, test loss = 6.039515574229881e-05
Steps = 29900, train loss = 3.923716940334998e-05
Steps = 29900, test loss = 5.633316686726175e-05
Steps = 30000, train loss = 3.644844036898576e-05
Steps = 30000, test loss = 5.1878181693609804e-05
Steps = 30100, train loss = 3.590004052966833e-05
Steps = 30100, test loss = 5.1560062274802476e-05
Steps = 30200, train loss = 3.4678894735407084e-05
Steps = 30200, test loss = 4.8951271310215816e-05
Steps = 30300, train loss = 3.223682870157063e-05
Steps = 30300, test loss = 4.513659223448485e-05
Steps = 30400, train loss = 3.007370287377853e-05
Steps = 30400, test loss = 4.223270661896095e-05
Steps = 30500, train loss = 2.8731943530146964e-05
Steps = 30500, test loss = 3.9834143535699695e-05
Steps = 30600, train loss = 2.6121419068658724e-05
Steps = 30600, test loss = 3.809445115621202e-05
Steps = 30700, train loss = 2.5979408746934496e-05
Steps = 30700, test loss = 3.691917299875058e-05
Steps = 30800, train loss = 2.3934046112117358e-05
Steps = 30800, test loss = 3.271737659815699e-05
Steps = 30900, train loss = 2.2767142581869848e-05
Steps = 30900, test loss = 3.1965188100002706e-05
Steps = 31000, train loss = 2.0880215743090957e-05
Steps = 31000, test loss = 3.022911914740689e-05
Steps = 31100, train loss = 1.9963814338552766e-05
Steps = 31100, test loss = 3.023715180461295e-05
Steps = 31200, train loss = 1.9131934095639735e-05
Steps = 31200, test loss = 2.7009235054720193e-05
Steps = 31300, train loss = 1.822717058530543e-05
Steps = 31300, test loss = 2.5629184165154584e-05
Steps = 31400, train loss = 1.699727181403432e-05
Steps = 31400, test loss = 2.438951560179703e-05
Steps = 31500, train loss = 1.6485520973219536e-05
Steps = 31500, test loss = 2.2813888790551573e-05
Steps = 31600, train loss = 1.5286821508198045e-05
Steps = 31600, test loss = 2.147387567674741e-05
Steps = 31700, train loss = 1.424282254447462e-05
Steps = 31700, test loss = 2.098005461448338e-05
Steps = 31800, train loss = 1.3662852325069252e-05
Steps = 31800, test loss = 1.9374387193238363e-05
Steps = 31900, train loss = 1.3186836440581828e-05
Steps = 31900, test loss = 1.922921001096256e-05
Steps = 32000, train loss = 1.21587900139275e-05
Steps = 32000, test loss = 1.7520053006592207e-05
Steps = 32100, train loss = 1.1893484042957425e-05
Steps = 32100, test loss = 1.6815638446132652e-05
Steps = 32200, train loss = 1.1354837624821812e-05
Steps = 32200, test loss = 1.598083872522693e-05
Steps = 32300, train loss = 1.0607811418594792e-05
Steps = 32300, test loss = 1.5359777535195462e-05
Steps = 32400, train loss = 9.99594158201944e-06
Steps = 32400, test loss = 1.4593078049074393e-05
Steps = 32500, train loss = 9.609445442038123e-06
Steps = 32500, test loss = 1.333361433353275e-05
Steps = 32600, train loss = 9.066374332178384e-06
Steps = 32600, test loss = 1.3322545783012174e-05
Steps = 32700, train loss = 8.481162694806699e-06
Steps = 32700, test loss = 1.2472618436731864e-05
Steps = 32800, train loss = 8.209101906686556e-06
Steps = 32800, test loss = 1.124877599067986e-05
Steps = 32900, train loss = 7.96381755208131e-06
Steps = 32900, test loss = 1.1006981367245317e-05
Steps = 33000, train loss = 7.527613888669293e-06
Steps = 33000, test loss = 1.0402669431641698e-05
Steps = 33100, train loss = 7.163819645938929e-06
Steps = 33100, test loss = 1.0274245141772553e-05
Steps = 33200, train loss = 6.571851372427773e-06
Steps = 33200, test loss = 9.451113328395877e-06
Steps = 33300, train loss = 6.324237347143935e-06
Steps = 33300, test loss = 9.283333383791614e-06
Steps = 33400, train loss = 5.875461283721961e-06
Steps = 33400, test loss = 8.769723535806406e-06
Steps = 33500, train loss = 5.7102683967968915e-06
Steps = 33500, test loss = 8.164975952240638e-06
Steps = 33600, train loss = 5.5007221817504615e-06
Steps = 33600, test loss = 7.534709311585175e-06
Steps = 33700, train loss = 5.2429800234676804e-06
Steps = 33700, test loss = 7.341462605836568e-06
Steps = 33800, train loss = 4.867077677772613e-06
Steps = 33800, test loss = 7.087087396939751e-06
Steps = 33900, train loss = 4.632618129107868e-06
Steps = 33900, test loss = 6.55915846436983e-06
Steps = 34000, train loss = 4.490009814617224e-06
Steps = 34000, test loss = 6.361129635479301e-06
Steps = 34100, train loss = 4.25252392233233e-06
Steps = 34100, test loss = 6.079632839828264e-06
Steps = 34200, train loss = 4.082093710167101e-06
Steps = 34200, test loss = 5.732616955356207e-06
Steps = 34300, train loss = 3.860091055685189e-06
Steps = 34300, test loss = 5.768236405856442e-06
Steps = 34400, train loss = 3.7032800719316583e-06
Steps = 34400, test loss = 5.1201609494455624e-06
Steps = 34500, train loss = 3.432382072787732e-06
Steps = 34500, test loss = 4.995476047042757e-06
Steps = 34600, train loss = 3.334826715217787e-06
Steps = 34600, test loss = 4.784759767062496e-06
Steps = 34700, train loss = 3.04495301861607e-06
Steps = 34700, test loss = 4.526558768702671e-06
Steps = 34800, train loss = 2.978829570565722e-06
Steps = 34800, test loss = 4.2826686694752425e-06
Steps = 34900, train loss = 2.8922165711264824e-06
Steps = 34900, test loss = 4.016666935058311e-06
Steps = 35000, train loss = 2.6534503376751672e-06
Steps = 35000, test loss = 3.8136388411658118e-06
Steps = 35100, train loss = 2.5230658593500266e-06
Steps = 35100, test loss = 3.435291318965028e-06
Steps = 35200, train loss = 2.454847162880469e-06
Steps = 35200, test loss = 3.304558276795433e-06
Steps = 35300, train loss = 2.3817381133994786e-06
Steps = 35300, test loss = 3.417130528760026e-06
Steps = 35400, train loss = 2.258570930280257e-06
Steps = 35400, test loss = 3.2078173717309255e-06
Steps = 35500, train loss = 2.163576027669478e-06
Steps = 35500, test loss = 3.0086314382060664e-06
Steps = 35600, train loss = 2.0252750800864305e-06
Steps = 35600, test loss = 2.7761500405176776e-06
Steps = 35700, train loss = 1.9087437976850197e-06
Steps = 35700, test loss = 2.7328439955454087e-06
Steps = 35800, train loss = 1.8564730908110505e-06
Steps = 35800, test loss = 2.5286533400503686e-06
Steps = 35900, train loss = 1.7579862969796523e-06
Steps = 35900, test loss = 2.4510040930181276e-06
Steps = 36000, train loss = 1.7073456319849356e-06
Steps = 36000, test loss = 2.405020268270164e-06
Steps = 36100, train loss = 1.5693940440542065e-06
Steps = 36100, test loss = 2.1910493614996085e-06
Steps = 36200, train loss = 1.5629909739800496e-06
Steps = 36200, test loss = 2.1120038127264706e-06
Steps = 36300, train loss = 1.4801036058997852e-06
Steps = 36300, test loss = 1.953912260432844e-06
Steps = 36400, train loss = 1.394887931382982e-06
Steps = 36400, test loss = 1.8902331930803484e-06
Steps = 36500, train loss = 1.3214296359365107e-06
Steps = 36500, test loss = 1.809324885471142e-06
Steps = 36600, train loss = 1.2201486470075906e-06
Steps = 36600, test loss = 1.716542215035588e-06
Steps = 36700, train loss = 1.187203110930568e-06
Steps = 36700, test loss = 1.5943068092383328e-06
Steps = 36800, train loss = 1.116073349294311e-06
Steps = 36800, test loss = 1.5608954981871648e-06
Steps = 36900, train loss = 1.0812651680680574e-06
Steps = 36900, test loss = 1.4757960116185131e-06
Steps = 37000, train loss = 1.0299261248292169e-06
Steps = 37000, test loss = 1.393257662130054e-06
Steps = 37100, train loss = 1.001287955659791e-06
Steps = 37100, test loss = 1.324572849625838e-06
Steps = 37200, train loss = 9.320209528596024e-07
Steps = 37200, test loss = 1.2691592701230547e-06
Steps = 37300, train loss = 8.832429330141167e-07
Steps = 37300, test loss = 1.2007071745756548e-06
Steps = 37400, train loss = 8.689238484294037e-07
Steps = 37400, test loss = 1.1641527635219973e-06
Steps = 37500, train loss = 8.102505262286286e-07
Steps = 37500, test loss = 1.0874350664380472e-06
Steps = 37600, train loss = 7.543711717516999e-07
Steps = 37600, test loss = 1.0236395837637247e-06
Steps = 37700, train loss = 7.301568416551163e-07
Steps = 37700, test loss = 1.0086218935612123e-06
Steps = 37800, train loss = 7.047783014968445e-07
Steps = 37800, test loss = 9.485518148721894e-07
Steps = 37900, train loss = 6.46803471227031e-07
Steps = 37900, test loss = 9.26898394482123e-07
Steps = 38000, train loss = 6.351619390443375e-07
Steps = 38000, test loss = 8.462228038297326e-07
Steps = 38100, train loss = 6.03962632794719e-07
Steps = 38100, test loss = 7.926718126327614e-07
Steps = 38200, train loss = 5.729961571887543e-07
Steps = 38200, test loss = 7.710185627729516e-07
Steps = 38300, train loss = 5.39584959824424e-07
Steps = 38300, test loss = 7.53323206481582e-07
Steps = 38400, train loss = 5.170003873899987e-07
Steps = 38400, test loss = 7.050110752970795e-07
Steps = 38500, train loss = 4.859174964622071e-07
Steps = 38500, test loss = 6.82659333506308e-07
Steps = 38600, train loss = 4.7183127094285737e-07
Steps = 38600, test loss = 6.537883336932282e-07
Steps = 38700, train loss = 4.4296027112977754e-07
Steps = 38700, test loss = 5.781183745057206e-07
Steps = 38800, train loss = 4.2724420268314134e-07
Steps = 38800, test loss = 5.704350201085617e-07
Steps = 38900, train loss = 3.970926343299652e-07
Steps = 38900, test loss = 5.481996936396172e-07
Steps = 39000, train loss = 3.840541182853485e-07
Steps = 39000, test loss = 5.286419195726921e-07
Steps = 39100, train loss = 3.675231425859238e-07
Steps = 39100, test loss = 4.993052584723046e-07
Steps = 39200, train loss = 3.499444289900566e-07
Steps = 39200, test loss = 4.909232984573464e-07
Steps = 39300, train loss = 3.3760440487640153e-07
Steps = 39300, test loss = 4.718311856777291e-07
Steps = 39400, train loss = 3.2421664286630403e-07
Steps = 39400, test loss = 4.416796741679718e-07
Steps = 39500, train loss = 3.004679172136093e-07
Steps = 39500, test loss = 4.2293683577554475e-07
Steps = 39600, train loss = 2.9581130434053193e-07
Steps = 39600, test loss = 4.2724411741801305e-07
Steps = 39700, train loss = 2.736923931934143e-07
Steps = 39700, test loss = 3.9162108578238986e-07
Steps = 39800, train loss = 2.712476714350487e-07
Steps = 39800, test loss = 3.6356499322209856e-07
Steps = 39900, train loss = 2.5273763526456605e-07
Steps = 39900, test loss = 3.521563201047684e-07
Steps = 40000, train loss = 2.4132893372552644e-07
Steps = 40000, test loss = 3.438908038333466e-07
Steps = 40100, train loss = 2.321321375120533e-07
Steps = 40100, test loss = 3.237509815789963e-07
Steps = 40200, train loss = 2.1280719408878213e-07
Steps = 40200, test loss = 3.1385567922370683e-07
Steps = 40300, train loss = 2.0849982718118554e-07
Steps = 40300, test loss = 2.8219071168678056e-07
Steps = 40400, train loss = 1.9720754096397286e-07
Steps = 40400, test loss = 2.8556675601976167e-07
Steps = 40500, train loss = 1.9185243615993386e-07
Steps = 40500, test loss = 2.803280665375496e-07
Steps = 40600, train loss = 1.8556600878127938e-07
Steps = 40600, test loss = 2.526212199427391e-07
Steps = 40700, train loss = 1.7974524268993264e-07
Steps = 40700, test loss = 2.428423329092766e-07
Steps = 40800, train loss = 1.639127589214695e-07
Steps = 40800, test loss = 2.4342440951841127e-07
Steps = 40900, train loss = 1.5948897669204598e-07
Steps = 40900, test loss = 2.1711456099637871e-07
Steps = 41000, train loss = 1.5681142429002648e-07
Steps = 41000, test loss = 2.1082813361772423e-07
Steps = 41100, train loss = 1.508742428768528e-07
Steps = 41100, test loss = 2.1152662554868584e-07
Steps = 41200, train loss = 1.4388932356723672e-07
Steps = 41200, test loss = 2.0349396834262734e-07
Steps = 41300, train loss = 1.34459682499255e-07
Steps = 41300, test loss = 1.8859280714877968e-07
Steps = 41400, train loss = 1.2957023898252373e-07
Steps = 41400, test loss = 1.835869483102215e-07
Steps = 41500, train loss = 1.260777793277157e-07
Steps = 41500, test loss = 1.7613636771329766e-07
Steps = 41600, train loss = 1.240987188566578e-07
Steps = 41600, test loss = 1.696171096909893e-07
Steps = 41700, train loss = 1.194421059835804e-07
Steps = 41700, test loss = 1.7706769028791314e-07
Steps = 41800, train loss = 1.1164228652660313e-07
Steps = 41800, test loss = 1.6367992827781563e-07
Steps = 41900, train loss = 1.0966322605554524e-07
Steps = 41900, test loss = 1.5180556545146828e-07
Steps = 42000, train loss = 1.072185042971796e-07
Steps = 42000, test loss = 1.5203839609512215e-07
Steps = 42100, train loss = 1.0617076640073719e-07
Steps = 42100, test loss = 1.4505347678550606e-07
Steps = 42200, train loss = 9.906943176929417e-08
Steps = 42200, test loss = 1.4842950690763246e-07
Steps = 42300, train loss = 9.336508099977436e-08
Steps = 42300, test loss = 1.3899988005050545e-07
Steps = 42400, train loss = 8.987262134496632e-08
Steps = 42400, test loss = 1.3725365022310143e-07
Steps = 42500, train loss = 8.626374636833134e-08
Steps = 42500, test loss = 1.3387760589012032e-07
Steps = 42600, train loss = 8.789356087390843e-08
Steps = 42600, test loss = 1.3632232764848595e-07
Steps = 42700, train loss = 8.649657701198521e-08
Steps = 42700, test loss = 1.3341194460281258e-07
Steps = 42800, train loss = 8.195637946073475e-08
Steps = 42800, test loss = 1.408625109888817e-07
Steps = 42900, train loss = 8.102505688611927e-08
Steps = 42900, test loss = 1.456355107620766e-07
Steps = 43000, train loss = 7.764901255313816e-08
Steps = 43000, test loss = 1.274747631896389e-07
Steps = 43100, train loss = 7.892958109323445e-08
Steps = 43100, test loss = 1.2537928739675408e-07
Steps = 43200, train loss = 7.497146015111866e-08
Steps = 43200, test loss = 1.194421059835804e-07
Steps = 43300, train loss = 7.520429079477253e-08
Steps = 43300, test loss = 1.2188682774194604e-07
Steps = 43400, train loss = 7.50878754729456e-08
Steps = 43400, test loss = 1.1932569066175347e-07
Steps = 43500, train loss = 6.961635534707966e-08
Steps = 43500, test loss = 1.145526695722765e-07
Steps = 43600, train loss = 6.577464972679081e-08
Steps = 43600, test loss = 1.1629889939968052e-07
Steps = 43700, train loss = 5.97210529917902e-08
Steps = 43700, test loss = 1.1583323811237278e-07
Steps = 43800, train loss = 6.461049650852146e-08
Steps = 43800, test loss = 1.0442453657333317e-07
Steps = 43900, train loss = 6.612389569227162e-08
Steps = 43900, test loss = 9.91858470911211e-08
Steps = 44000, train loss = 5.506444367142649e-08
Steps = 44000, test loss = 1.194421059835804e-07
Steps = 44100, train loss = 5.7392750107965185e-08
Steps = 44100, test loss = 1.0442453657333317e-07
Steps = 44200, train loss = 5.599576624604197e-08
Steps = 44200, test loss = 1.0838265751544895e-07
Steps = 44300, train loss = 5.7625580751619054e-08
Steps = 44300, test loss = 1.0675284300987187e-07
Steps = 44400, train loss = 6.949994002525273e-08
Steps = 44400, test loss = 9.674112533275547e-08
Steps = 44500, train loss = 5.215406062575312e-08
Steps = 44500, test loss = 9.417998825256291e-08
Steps = 44600, train loss = 6.123445217554035e-08
Steps = 44600, test loss = 1.2048984388002282e-07
Steps = 44700, train loss = 0.03832576796412468
Steps = 44700, test loss = 0.04246656969189644
Steps = 44800, train loss = 0.007366539444774389
Steps = 44800, test loss = 0.008450379595160484
Steps = 44900, train loss = 0.0033442345447838306
Steps = 44900, test loss = 0.003821946680545807
Steps = 45000, train loss = 0.0019648410379886627
Steps = 45000, test loss = 0.0023043639957904816
Steps = 45100, train loss = 0.0013284588931128383
Steps = 45100, test loss = 0.0015929561341181397
Steps = 45200, train loss = 0.0009551956900395453
Steps = 45200, test loss = 0.0011571417562663555
Steps = 45300, train loss = 0.0007445737719535828
Steps = 45300, test loss = 0.0008776222821325064
Steps = 45400, train loss = 0.0005973978550173342
Steps = 45400, test loss = 0.0007139354129321873
Steps = 45500, train loss = 0.0004880904743913561
Steps = 45500, test loss = 0.0005798899219371378
Steps = 45600, train loss = 0.0004004229267593473
Steps = 45600, test loss = 0.00047399583854712546
Steps = 45700, train loss = 0.00033666452509351075
Steps = 45700, test loss = 0.0004106213746126741
Steps = 45800, train loss = 0.0002895295911002904
Steps = 45800, test loss = 0.0003588878025766462
Steps = 45900, train loss = 0.00025119056226685643
Steps = 45900, test loss = 0.00030180890462361276
Steps = 46000, train loss = 0.00021413626382127404
Steps = 46000, test loss = 0.00027117368881590664
Steps = 46100, train loss = 0.00019648786110337824
Steps = 46100, test loss = 0.0002484068681951612
Steps = 46200, train loss = 0.00017206382472068071
Steps = 46200, test loss = 0.00021370631293393672
Steps = 46300, train loss = 0.0001594049099367112
Steps = 46300, test loss = 0.0001925307442434132
Steps = 46400, train loss = 0.00014222894969861954
Steps = 46400, test loss = 0.00016853488341439515
Steps = 46500, train loss = 0.00012586968659888953
Steps = 46500, test loss = 0.00015000456187408417
Steps = 46600, train loss = 0.00011209853255422786
Steps = 46600, test loss = 0.00013991158630233258
Steps = 46700, train loss = 0.00010214597568847239
Steps = 46700, test loss = 0.00012768992746714503
Steps = 46800, train loss = 9.278157813241705e-05
Steps = 46800, test loss = 0.0001161581021733582
Steps = 46900, train loss = 8.689879177836701e-05
Steps = 46900, test loss = 0.00010611653851810843
Steps = 47000, train loss = 7.905508391559124e-05
Steps = 47000, test loss = 9.562534978613257e-05
Steps = 47100, train loss = 7.312279922189191e-05
Steps = 47100, test loss = 8.881427493179217e-05
Steps = 47200, train loss = 6.664251850452274e-05
Steps = 47200, test loss = 8.077928214333951e-05
Steps = 47300, train loss = 6.129130633780733e-05
Steps = 47300, test loss = 7.705326424911618e-05
Steps = 47400, train loss = 5.614426117972471e-05
Steps = 47400, test loss = 7.212895434349775e-05
Steps = 47500, train loss = 5.312925350153819e-05
Steps = 47500, test loss = 6.616579776164144e-05
Steps = 47600, train loss = 4.796551002073102e-05
Steps = 47600, test loss = 6.0269700043136254e-05
Steps = 47700, train loss = 4.6408989874180406e-05
Steps = 47700, test loss = 5.698866880265996e-05
Steps = 47800, train loss = 4.256747706676833e-05
Steps = 47800, test loss = 5.327480903360993e-05
Steps = 47900, train loss = 4.042344880872406e-05
Steps = 47900, test loss = 4.904733941657469e-05
Steps = 48000, train loss = 3.8131904148031026e-05
Steps = 48000, test loss = 4.7350669774459675e-05
Steps = 48100, train loss = 3.462493987171911e-05
Steps = 48100, test loss = 4.388821980683133e-05
Steps = 48200, train loss = 3.280219607404433e-05
Steps = 48200, test loss = 4.130126762902364e-05
Steps = 48300, train loss = 3.0721919756615534e-05
Steps = 48300, test loss = 3.8498779758811e-05
Steps = 48400, train loss = 2.818543725879863e-05
Steps = 48400, test loss = 3.577271127142012e-05
Steps = 48500, train loss = 2.6944953788188286e-05
Steps = 48500, test loss = 3.3541011362103745e-05
Steps = 48600, train loss = 2.6116684239241295e-05
Steps = 48600, test loss = 3.215420656488277e-05
Steps = 48700, train loss = 2.363431667617988e-05
Steps = 48700, test loss = 3.056950299651362e-05
Steps = 48800, train loss = 2.2424552298616618e-05
Steps = 48800, test loss = 2.8101478164899163e-05
Steps = 48900, train loss = 2.1405481675174087e-05
Steps = 48900, test loss = 2.638614023453556e-05
Steps = 49000, train loss = 2.0135774320806377e-05
Steps = 49000, test loss = 2.5296532840002328e-05
Steps = 49100, train loss = 1.9164073819410987e-05
Steps = 49100, test loss = 2.3471553504350595e-05
Steps = 49200, train loss = 1.8053613530355506e-05
Steps = 49200, test loss = 2.2513717340189032e-05
Steps = 49300, train loss = 1.6839776435517706e-05
Steps = 49300, test loss = 2.146821134374477e-05
Steps = 49400, train loss = 1.566574974276591e-05
Steps = 49400, test loss = 1.9553592210286297e-05
Steps = 49500, train loss = 1.5070412700879388e-05
Steps = 49500, test loss = 1.8441727661411278e-05
Steps = 49600, train loss = 1.428311225026846e-05
Steps = 49600, test loss = 1.7748134268913418e-05
Steps = 49700, train loss = 1.3462744391290471e-05
Steps = 49700, test loss = 1.665595300437417e-05
Steps = 49800, train loss = 1.267869993171189e-05
Steps = 49800, test loss = 1.6267013052129187e-05
Steps = 49900, train loss = 1.2109788258385379e-05
Steps = 49900, test loss = 1.4925816685718019e-05
Steps = 50000, train loss = 1.1327836546115577e-05
Steps = 50000, test loss = 1.4059010027267504e-05
Steps = 50100, train loss = 1.0899083463300485e-05
Steps = 50100, test loss = 1.3309073437994812e-05
Steps = 50200, train loss = 1.057521967595676e-05
Steps = 50200, test loss = 1.276495913771214e-05
Steps = 50300, train loss = 9.707702702144161e-06
Steps = 50300, test loss = 1.2205238817841746e-05
Steps = 50400, train loss = 9.146586307906546e-06
Steps = 50400, test loss = 1.1334233022353146e-05
Steps = 50500, train loss = 8.7673088273732e-06
Steps = 50500, test loss = 1.1284873835393228e-05
Steps = 50600, train loss = 8.302467904286459e-06
Steps = 50600, test loss = 1.0148091860173736e-05
Steps = 50700, train loss = 7.868125976528972e-06
Steps = 50700, test loss = 9.745882380229887e-06
Steps = 50800, train loss = 7.538325462519424e-06
Steps = 50800, test loss = 9.539945494907442e-06
Steps = 50900, train loss = 7.1292442953563295e-06
Steps = 50900, test loss = 8.94320874067489e-06
Steps = 51000, train loss = 6.88104955770541e-06
Steps = 51000, test loss = 8.503860954078846e-06
Steps = 51100, train loss = 6.4267997004208155e-06
Steps = 51100, test loss = 7.94938205217477e-06
Steps = 51200, train loss = 6.086056146159535e-06
Steps = 51200, test loss = 7.541931154264603e-06
Steps = 51300, train loss = 5.693972070730524e-06
Steps = 51300, test loss = 7.253690000652568e-06
Steps = 51400, train loss = 5.4571842156292405e-06
Steps = 51400, test loss = 6.9696379796369e-06
Steps = 51500, train loss = 5.247870831226464e-06
Steps = 51500, test loss = 6.427614152926253e-06
Steps = 51600, train loss = 5.105494892632123e-06
Steps = 51600, test loss = 6.193154149514157e-06
Steps = 51700, train loss = 4.7952494242053945e-06
Steps = 51700, test loss = 5.928081009187736e-06
Steps = 51800, train loss = 4.545657247945201e-06
Steps = 51800, test loss = 5.59071031602798e-06
Steps = 51900, train loss = 4.366261237009894e-06
Steps = 51900, test loss = 5.38733502253308e-06
Steps = 52000, train loss = 4.072314823133638e-06
Steps = 52000, test loss = 5.147636784386123e-06
Steps = 52100, train loss = 3.921209099644329e-06
Steps = 52100, test loss = 4.788613750861259e-06
Steps = 52200, train loss = 3.7721977150795283e-06
Steps = 52200, test loss = 4.54972996521974e-06
Steps = 52300, train loss = 3.561952098607435e-06
Steps = 52300, test loss = 4.444142632564763e-06
Steps = 52400, train loss = 3.3833716770459432e-06
Steps = 52400, test loss = 4.164165602560388e-06
Steps = 52500, train loss = 3.218527808712679e-06
Steps = 52500, test loss = 3.945073331124149e-06
Steps = 52600, train loss = 3.0434398468059953e-06
Steps = 52600, test loss = 3.7425111258926336e-06
Steps = 52700, train loss = 2.891983967856504e-06
Steps = 52700, test loss = 3.637971076386748e-06
Steps = 52800, train loss = 2.820039753714809e-06
Steps = 52800, test loss = 3.482207375782309e-06
Steps = 52900, train loss = 2.6598536351229995e-06
Steps = 52900, test loss = 3.3206238185812254e-06
Steps = 53000, train loss = 2.5135200303338934e-06
Steps = 53000, test loss = 3.176268819515826e-06
Steps = 53100, train loss = 2.439131094433833e-06
Steps = 53100, test loss = 2.980226554427645e-06
Steps = 53200, train loss = 2.3419243007083423e-06
Steps = 53200, test loss = 2.8203887723066146e-06
Steps = 53300, train loss = 2.202924406446982e-06
Steps = 53300, test loss = 2.6657903617888223e-06
Steps = 53400, train loss = 2.0796408080059336e-06
Steps = 53400, test loss = 2.561948122092872e-06
Steps = 53500, train loss = 2.0381971808092203e-06
Steps = 53500, test loss = 2.425044385745423e-06
Steps = 53600, train loss = 1.9331907878950005e-06
Steps = 53600, test loss = 2.353448962821858e-06
Steps = 53700, train loss = 1.8192209836342954e-06
Steps = 53700, test loss = 2.222249122496578e-06
Steps = 53800, train loss = 1.7470435977884335e-06
Steps = 53800, test loss = 2.092562681355048e-06
Steps = 53900, train loss = 1.6383118008889141e-06
Steps = 53900, test loss = 2.0768466129084118e-06
Steps = 54000, train loss = 1.6052499631769024e-06
Steps = 54000, test loss = 1.9554258869902696e-06
Steps = 54100, train loss = 1.5099059282874805e-06
Steps = 54100, test loss = 1.8096743588102981e-06
Steps = 54200, train loss = 1.4608953051720164e-06
Steps = 54200, test loss = 1.7877882783068344e-06
Steps = 54300, train loss = 1.3514650163415354e-06
Steps = 54300, test loss = 1.6812688272693777e-06
Steps = 54400, train loss = 1.3151435496183694e-06
Steps = 54400, test loss = 1.6370313460356556e-06
Steps = 54500, train loss = 1.258682118532306e-06
Steps = 54500, test loss = 1.522827687949757e-06
Steps = 54600, train loss = 1.1888329254361452e-06
Steps = 54600, test loss = 1.4364478602146846e-06
Steps = 54700, train loss = 1.1449443491073907e-06
Steps = 54700, test loss = 1.4132813248579623e-06
Steps = 54800, train loss = 1.1045482324334444e-06
Steps = 54800, test loss = 1.3615929219668033e-06
Steps = 54900, train loss = 1.0362125522078713e-06
Steps = 54900, test loss = 1.2762607184413355e-06
Steps = 55000, train loss = 9.962820968212327e-07
Steps = 55000, test loss = 1.178355546471721e-06
Steps = 55100, train loss = 9.457579039917619e-07
Steps = 55100, test loss = 1.1945371625188272e-06
Steps = 55200, train loss = 8.993082474262337e-07
Steps = 55200, test loss = 1.1173539178344072e-06
Steps = 55300, train loss = 8.512287763551285e-07
Steps = 55300, test loss = 1.081963659999019e-06
Steps = 55400, train loss = 8.263158974841645e-07
Steps = 55400, test loss = 1.0207292007180513e-06
Steps = 55500, train loss = 7.885972763688187e-07
Steps = 55500, test loss = 9.675275123299798e-07
Steps = 55600, train loss = 7.653142688468506e-07
Steps = 55600, test loss = 9.200301178680093e-07
Steps = 55700, train loss = 7.097841603354027e-07
Steps = 55700, test loss = 8.842906140671403e-07
Steps = 55800, train loss = 6.969784749344399e-07
Steps = 55800, test loss = 8.336500059158425e-07
Steps = 55900, train loss = 6.435438422158768e-07
Steps = 55900, test loss = 8.064088206083397e-07
Steps = 56000, train loss = 6.267800358727982e-07
Steps = 56000, test loss = 7.668276111871819e-07
Steps = 56100, train loss = 5.94882237692218e-07
Steps = 56100, test loss = 7.444759262398293e-07
Steps = 56200, train loss = 5.702021894649079e-07
Steps = 56200, test loss = 6.998888579801132e-07
Steps = 56300, train loss = 5.302717340782692e-07
Steps = 56300, test loss = 6.703193662360718e-07
Steps = 56400, train loss = 5.151377422407677e-07
Steps = 56400, test loss = 6.39585721273761e-07
Steps = 56500, train loss = 4.917382625535538e-07
Steps = 56500, test loss = 5.883629796699097e-07
Steps = 56600, train loss = 4.668254121042992e-07
Steps = 56600, test loss = 5.874316570952942e-07
Steps = 56700, train loss = 4.54601803312471e-07
Steps = 56700, test loss = 5.452893105939438e-07
Steps = 56800, train loss = 4.300381704069878e-07
Steps = 56800, test loss = 5.170003873899987e-07
Steps = 56900, train loss = 4.2468306560294877e-07
Steps = 56900, test loss = 4.987231818631699e-07
Steps = 57000, train loss = 3.9185394484775316e-07
Steps = 57000, test loss = 4.7509089995401155e-07
Steps = 57100, train loss = 3.749737231828476e-07
Steps = 57100, test loss = 4.58210678289106e-07
Steps = 57200, train loss = 3.585591628052498e-07
Steps = 57200, test loss = 4.2456665028112184e-07
Steps = 57300, train loss = 3.4074761856572877e-07
Steps = 57300, test loss = 4.0919982779996644e-07
Steps = 57400, train loss = 3.15369078407457e-07
Steps = 57400, test loss = 3.946479125715996e-07
Steps = 57500, train loss = 3.1385567922370683e-07
Steps = 57500, test loss = 3.8440336425082933e-07
Steps = 57600, train loss = 3.004679172136093e-07
Steps = 57600, test loss = 3.603053926326538e-07
Steps = 57700, train loss = 2.906890301801468e-07
Steps = 57700, test loss = 3.6007256198899995e-07
Steps = 57800, train loss = 2.776505141355301e-07
Steps = 57800, test loss = 3.4365800161140214e-07
Steps = 57900, train loss = 2.625165222980286e-07
Steps = 57900, test loss = 3.2235399771707307e-07
Steps = 58000, train loss = 2.544838650919701e-07
Steps = 58000, test loss = 3.073364212013985e-07
Steps = 58100, train loss = 2.4004836518543016e-07
Steps = 58100, test loss = 2.949963970877434e-07
Steps = 58200, train loss = 2.3236496815570717e-07
Steps = 58200, test loss = 2.8021165121572267e-07
Steps = 58300, train loss = 2.1618323842176324e-07
Steps = 58300, test loss = 2.703163488604332e-07
Steps = 58400, train loss = 2.080341658938778e-07
Steps = 58400, test loss = 2.519227280117775e-07
Steps = 58500, train loss = 2.050073675263775e-07
Steps = 58500, test loss = 2.3853496600168e-07
Steps = 58600, train loss = 1.9790603289493447e-07
Steps = 58600, test loss = 2.394662885762955e-07
Steps = 58700, train loss = 1.86264500712241e-07
Steps = 58700, test loss = 2.2549646416791802e-07
Steps = 58800, train loss = 1.8137505719550973e-07
Steps = 58800, test loss = 2.1967569807657128e-07
Steps = 58900, train loss = 1.6752163389810448e-07
Steps = 58900, test loss = 2.050073675263775e-07
Steps = 59000, train loss = 1.5599651703723794e-07
Steps = 59000, test loss = 1.9138677487262612e-07
Steps = 59100, train loss = 1.5972180733569985e-07
Steps = 59100, test loss = 1.9243451276906853e-07
Steps = 59200, train loss = 1.5005933562406426e-07
Steps = 59200, test loss = 1.8312128702291375e-07
Steps = 59300, train loss = 1.4272517034896737e-07
Steps = 59300, test loss = 1.8102581123002892e-07
Steps = 59400, train loss = 1.3841780344137078e-07
Steps = 59400, test loss = 1.7182900080570107e-07
Steps = 59500, train loss = 1.3620591232665902e-07
Steps = 59500, test loss = 1.6647389600166207e-07
Steps = 59600, train loss = 1.2852250108608132e-07
Steps = 59600, test loss = 1.5401745656618004e-07
Steps = 59700, train loss = 1.2584494868406182e-07
Steps = 59700, test loss = 1.525040573824299e-07
Steps = 59800, train loss = 1.197913519490612e-07
Steps = 59800, test loss = 1.4365649292358285e-07
Steps = 59900, train loss = 1.1629889939968052e-07
Steps = 59900, test loss = 1.4237592438348656e-07
Steps = 60000, train loss = 1.1303927038852635e-07
Steps = 60000, test loss = 1.3527458975204354e-07
Test accuracy: 1.0 (got 1024 right out of 1024)
The time it took to go from (almost) zero (1e-4) training loss to almost zero test loss was 1056 iterations
