LR = 0.001, batch_size = 512, block_size = 9


number of parameters: 0.41M
Steps = 0, loss = 4.670339107513428
Steps = 100, loss = 3.3685309886932373
Steps = 200, loss = 0.5638266801834106
Steps = 300, loss = 0.024543700739741325
Steps = 400, loss = 0.011816926300525665
Steps = 500, loss = 0.007234976161271334
Steps = 600, loss = 0.005336768925189972
Steps = 700, loss = 0.003956021275371313
Steps = 800, loss = 0.003214187454432249
Steps = 900, loss = 0.0026805633679032326
Steps = 1000, loss = 0.0022038090974092484
Steps = 1100, loss = 0.0018742474494501948
Steps = 1200, loss = 0.0015752090839669108
Steps = 1300, loss = 0.0014087960589677095
Steps = 1400, loss = 0.0012682594824582338
Steps = 1500, loss = 0.0010865217773243785
Steps = 1600, loss = 0.0009990258840844035
Steps = 1700, loss = 0.0009011852089315653
Steps = 1800, loss = 0.0008302502101287246
Steps = 1900, loss = 0.0007524248794652522
Steps = 2000, loss = 0.0006864903843961656
Steps = 2100, loss = 0.0006290099117904902
Steps = 2200, loss = 0.000572955294046551
Steps = 2300, loss = 0.0005358612397685647
Steps = 2400, loss = 0.0004712558293249458
Steps = 2500, loss = 0.0004463707737158984
Steps = 2600, loss = 0.000432335480581969
Steps = 2700, loss = 0.00039199821185320616
Steps = 2800, loss = 0.00036919262493029237
Steps = 2900, loss = 0.0003390837227925658
Steps = 3000, loss = 0.0003177631297148764
Steps = 3100, loss = 0.000299608102068305
Steps = 3200, loss = 0.00027830470935441554
Steps = 3300, loss = 0.00026808236725628376
Steps = 3400, loss = 0.0002451172622386366
Steps = 3500, loss = 0.00023342567146755755
Steps = 3600, loss = 0.00021677048061974347
Steps = 3700, loss = 0.00020782611682079732
Steps = 3800, loss = 0.0001947952841874212
Steps = 3900, loss = 0.00017913704505190253
Steps = 4000, loss = 0.00016938717453740537
Steps = 4100, loss = 0.00016701249114703387
Steps = 4200, loss = 0.00015239452477544546
Steps = 4300, loss = 0.00014798309712205082
Steps = 4400, loss = 0.00014061322144698352
Steps = 4500, loss = 0.0001288978528464213
Steps = 4600, loss = 0.00012164124200353399
Steps = 4700, loss = 0.00011585947504499927
Steps = 4800, loss = 0.00011030083987861872
Steps = 4900, loss = 0.00010209035099251196
Steps = 5000, loss = 9.887688793241978e-05
Steps = 5100, loss = 9.367299935547635e-05
Steps = 5200, loss = 8.900988905224949e-05
Steps = 5300, loss = 8.354655437869951e-05
Steps = 5400, loss = 7.919113704701886e-05
Steps = 5500, loss = 7.564869156340137e-05
Steps = 5600, loss = 7.161989924497902e-05
Steps = 5700, loss = 7.020389602985233e-05
Steps = 5800, loss = 6.353241769829765e-05
Steps = 5900, loss = 6.130879773991182e-05
Steps = 6000, loss = 5.645691999234259e-05
Steps = 6100, loss = 5.465210779220797e-05
Steps = 6200, loss = 5.2254101319704205e-05
Steps = 6300, loss = 4.9852333177113906e-05
Steps = 6400, loss = 4.842471025767736e-05
Steps = 6500, loss = 4.42255986854434e-05
Steps = 6600, loss = 4.186130900052376e-05
Steps = 6700, loss = 4.013564102933742e-05
Steps = 6800, loss = 3.8177851820364594e-05
Steps = 6900, loss = 3.541030309861526e-05
Steps = 7000, loss = 3.531274705892429e-05
Steps = 7100, loss = 3.27179477608297e-05
Steps = 7200, loss = 3.0860257538734004e-05
Steps = 7300, loss = 2.917694473580923e-05
Steps = 7400, loss = 2.8092686989111826e-05
Steps = 7500, loss = 2.6825888198800385e-05
Steps = 7600, loss = 2.5013359845615923e-05
Steps = 7700, loss = 2.3916982172522694e-05
Steps = 7800, loss = 2.2962642105994746e-05
Steps = 7900, loss = 2.137290903192479e-05
Steps = 8000, loss = 2.0349176338640973e-05
Steps = 8100, loss = 1.93650193978101e-05
Steps = 8200, loss = 1.8576674847281538e-05
Steps = 8300, loss = 1.783512379915919e-05
Steps = 8400, loss = 1.667145079409238e-05
Steps = 8500, loss = 1.5470768630621023e-05
Steps = 8600, loss = 1.4956688573874999e-05
Steps = 8700, loss = 1.405029161105631e-05
Steps = 8800, loss = 1.3458910871122498e-05
Steps = 8900, loss = 1.289011379412841e-05
Steps = 9000, loss = 1.2217243238410447e-05
Steps = 9100, loss = 1.1618176358751953e-05
Steps = 9200, loss = 1.137277558882488e-05
Steps = 9300, loss = 1.0453571121615823e-05
Steps = 9400, loss = 9.962070180336013e-06
Steps = 9500, loss = 9.250083166989498e-06
Steps = 9600, loss = 9.15997770789545e-06
Steps = 9700, loss = 8.398396857955959e-06
Steps = 9800, loss = 7.985591764736455e-06
Steps = 9900, loss = 7.724357601546217e-06
Steps = 10000, loss = 7.293623184523312e-06
Steps = 10100, loss = 6.94717391525046e-06
Steps = 10200, loss = 6.57488180877408e-06
Steps = 10300, loss = 6.170924280013423e-06
Steps = 10400, loss = 5.914346274948912e-06
Steps = 10500, loss = 5.6228441280836705e-06
Steps = 10600, loss = 5.299443273543147e-06
Steps = 10700, loss = 5.104797310195863e-06
Steps = 10800, loss = 4.802584498975193e-06
Steps = 10900, loss = 4.679185167333344e-06
Steps = 11000, loss = 4.386285581858829e-06
Steps = 11100, loss = 4.094318228453631e-06
Steps = 11200, loss = 4.00398039346328e-06
Steps = 11300, loss = 3.7390198031062027e-06
Steps = 11400, loss = 3.484769194983528e-06
Steps = 11500, loss = 3.3986220842052717e-06
Steps = 11600, loss = 3.1446047614736017e-06
Steps = 11700, loss = 3.022369128302671e-06
Steps = 11800, loss = 2.8235322133696172e-06
Steps = 11900, loss = 2.705487986531807e-06
Steps = 12000, loss = 2.6018790322268615e-06
Steps = 12100, loss = 2.4444855171168456e-06
Steps = 12200, loss = 2.3234142645378597e-06
Steps = 12300, loss = 2.2093272491474636e-06
Steps = 12400, loss = 2.1171265416342067e-06
Steps = 12500, loss = 2.020967713178834e-06
Steps = 12600, loss = 1.9425035588938044e-06
Steps = 12700, loss = 1.847276507760398e-06
Steps = 12800, loss = 1.6922118675211095e-06
Steps = 12900, loss = 1.6288821598209324e-06
Steps = 13000, loss = 1.555773451400455e-06
Steps = 13100, loss = 1.4500683391815983e-06
Steps = 13200, loss = 1.3660167041962268e-06
Steps = 13300, loss = 1.300824237659981e-06
Steps = 13400, loss = 1.2151427881690324e-06
Steps = 13500, loss = 1.173465989268152e-06
Steps = 13600, loss = 1.108739184019214e-06
Steps = 13700, loss = 1.0402869747849763e-06
Steps = 13800, loss = 9.911597089740098e-07
Steps = 13900, loss = 9.590291938366136e-07
Steps = 14000, loss = 8.956993156061799e-07
Steps = 14100, loss = 8.565837674723298e-07
Steps = 14200, loss = 8.100176955849747e-07
Steps = 14300, loss = 7.669440833524277e-07
Steps = 14400, loss = 7.243360755637696e-07
Steps = 14500, loss = 6.833578822806885e-07
Steps = 14600, loss = 6.479676244453003e-07
Steps = 14700, loss = 6.209592697814514e-07
Steps = 14800, loss = 5.80679568429332e-07
Steps = 14900, loss = 5.483161089614441e-07
Steps = 15000, loss = 5.168839720681717e-07
Steps = 15100, loss = 4.868488190368225e-07
Steps = 15200, loss = 4.6845522660987626e-07
Steps = 15300, loss = 4.444736703135277e-07
Steps = 15400, loss = 4.2724420268314134e-07
Steps = 15500, loss = 4.076864286162163e-07
Steps = 15600, loss = 3.88594315836599e-07
Steps = 15700, loss = 3.65311251471212e-07
Steps = 15800, loss = 3.401655419565941e-07
Steps = 15900, loss = 3.187451227404381e-07
Steps = 16000, loss = 3.087334050633217e-07
Steps = 16100, loss = 2.847518487669731e-07
Steps = 16200, loss = 2.740416391588951e-07
Steps = 16300, loss = 2.5774349410312425e-07
Steps = 16400, loss = 2.391170426108147e-07
Steps = 16500, loss = 2.3352912137397652e-07
Steps = 16600, loss = 2.1886079082378274e-07
Steps = 16700, loss = 2.053566134918583e-07
Steps = 16800, loss = 1.8486751685031777e-07
Steps = 16900, loss = 1.7299315402397042e-07
Steps = 17000, loss = 1.6228294441589242e-07
Steps = 17100, loss = 1.5227122673877602e-07
Steps = 17200, loss = 1.448206461418522e-07
Steps = 17300, loss = 1.4202667841800576e-07
Steps = 17400, loss = 1.394655413378132e-07
Steps = 17500, loss = 1.3201496074088936e-07
Steps = 17600, loss = 1.2898816237338906e-07
Steps = 17700, loss = 1.2549570271858101e-07
Steps = 17800, loss = 1.2083908984550362e-07
Steps = 17900, loss = 1.1734663729612294e-07
Steps = 18000, loss = 1.122243631357378e-07
Steps = 18100, loss = 1.0128132288400593e-07
Steps = 18200, loss = 1.0011716966573658e-07
Steps = 18300, loss = 9.592621807996693e-08
Steps = 18400, loss = 8.940696005765858e-08
Steps = 18500, loss = 8.54488391155428e-08
Steps = 18600, loss = 7.613561336938801e-08
Steps = 18700, loss = 6.565823440496388e-08
Steps = 18800, loss = 6.495974247400227e-08
Steps = 18900, loss = 5.4249536418637945e-08
Steps = 19000, loss = 5.4715197705945684e-08
Steps = 19100, loss = 5.4016705774984075e-08
Steps = 19200, loss = 4.6798955821714117e-08
Steps = 19300, loss = 4.260800423594446e-08
Steps = 19400, loss = 4.027969779940577e-08
Steps = 19500, loss = 3.143213334055872e-08
Steps = 19600, loss = 2.650815725326538
Steps = 19700, loss = 0.058854710310697556
Steps = 19800, loss = 0.014826378785073757
Steps = 19900, loss = 0.0038238337729126215
Validation accuracy: 0.9967447916666666 (got 1531 right out of 1536)
